[INFO ] 2022-01-09 21:41:13 GameServer: ------------------------------------------------=[ Database ]
[INFO ] 2022-01-09 21:41:13 GameServer: -----------------------------------=[ Network Configuration ]
[INFO ] 2022-01-09 21:41:13 IPConfigData: Using automatic network configuration.
[INFO ] 2022-01-09 21:41:13 IPConfigData: Adding new subnet: 127.0.0.0/8 address: 127.0.0.1
[INFO ] 2022-01-09 21:41:13 IPConfigData: Adding new subnet: 192.168.45.0/24 address: 192.168.45.45
[INFO ] 2022-01-09 21:41:13 IPConfigData: Adding new subnet: 0.0.0.0/0 address: 168.205.94.22
[INFO ] 2022-01-09 21:41:14 HikariDataSource: HikariPool-1 - Starting...
[INFO ] 2022-01-09 21:41:14 HikariDataSource: HikariPool-1 - Start completed.
[INFO ] 2022-01-09 21:41:14 IdFactory: Updated characters online status.
[INFO ] 2022-01-09 21:41:14 IdFactory: Cleaned up invalid weddings.
[INFO ] 2022-01-09 21:41:14 IdFactory: Cleaned 0 elements from database in 0s.
[INFO ] 2022-01-09 21:41:14 IdFactory: Cleaned 0 expired timestamps from database.
[INFO ] 2022-01-09 21:41:14 BitSetIDFactory: 102912 Ids available.
[INFO ] 2022-01-09 21:41:14 GameServer: ---------------------------------------------------=[ World ]
[INFO ] 2022-01-09 21:41:14 InstanceManager: Multiverse Instance created.
[INFO ] 2022-01-09 21:41:14 InstanceManager: Universe Instance created.
[INFO ] 2022-01-09 21:41:14 InstanceManager: Loaded 160 instance names.
[INFO ] 2022-01-09 21:41:15 L2World: 128 by 136 world region grid set up.
[INFO ] 2022-01-09 21:41:15 MapRegionManager: Loaded 57 map regions.
[INFO ] 2022-01-09 21:41:15 GlobalVariablesManager: Loaded 7 variables.
[INFO ] 2022-01-09 21:41:15 GameServer: ----------------------------------------------------=[ Data ]
[INFO ] 2022-01-09 21:41:15 CategoryData: Loaded 124 Categories.
[INFO ] 2022-01-09 21:41:15 SecondaryAuthData: Loaded 328 forbidden passwords.
[INFO ] 2022-01-09 21:41:15 GameServer: -------------------------------------------------=[ Effects ]
[INFO ] 2022-01-09 21:41:18 EffectMasterHandler: Loaded 168 effect handlers.
[INFO ] 2022-01-09 21:41:18 GameServer: ------------------------------------=[ Enchant Skill Groups ]
[INFO ] 2022-01-09 21:41:18 EnchantSkillGroupsData: Loaded 4 groups and 90 routes.
[INFO ] 2022-01-09 21:41:18 GameServer: ---------------------------------------------=[ Skill Trees ]
[INFO ] 2022-01-09 21:41:18 SkillTreesData: Loaded 17176 Class Skills for 103 Class Skill Trees.
[INFO ] 2022-01-09 21:41:18 SkillTreesData: Loaded 76 Sub-Class Skills.
[INFO ] 2022-01-09 21:41:18 SkillTreesData: Loaded 77 Transfer Skills for 3 Transfer Skill Trees.
[INFO ] 2022-01-09 21:41:18 SkillTreesData: Loaded 117 Fishing Skills, 8 Dwarven only Fishing Skills.
[INFO ] 2022-01-09 21:41:18 SkillTreesData: Loaded 3 Collect Skills.
[INFO ] 2022-01-09 21:41:18 SkillTreesData: Loaded 74 Pledge Skills, 44 for Pledge and 30 Residential.
[INFO ] 2022-01-09 21:41:18 SkillTreesData: Loaded 18 Sub-Pledge Skills.
[INFO ] 2022-01-09 21:41:18 SkillTreesData: Loaded 32 Transform Skills.
[INFO ] 2022-01-09 21:41:18 SkillTreesData: Loaded 8 Noble Skills.
[INFO ] 2022-01-09 21:41:18 SkillTreesData: Loaded 5 Hero Skills.
[INFO ] 2022-01-09 21:41:18 SkillTreesData: Loaded 46 Game Master Skills.
[INFO ] 2022-01-09 21:41:18 SkillTreesData: Loaded 46 Game Master Aura Skills.
[INFO ] 2022-01-09 21:41:18 GameServer: --------------------------------------------------=[ Skills ]
[INFO ] 2022-01-09 21:41:30 DocumentEngine: Loaded 65976 skill templates from XML files.
[INFO ] 2022-01-09 21:41:30 SummonSkillsTable: Loaded 1891 summon skills.
[INFO ] 2022-01-09 21:41:30 GameServer: ---------------------------------------------------=[ Items ]
[INFO ] 2022-01-09 21:41:31 ItemTable: Highest item Id used 22567.
[INFO ] 2022-01-09 21:41:31 ItemTable: Loaded 11481 Etc items.
[INFO ] 2022-01-09 21:41:31 ItemTable: Loaded 3825 Armor items.
[INFO ] 2022-01-09 21:41:31 ItemTable: Loaded 3893 Weapon items.
[INFO ] 2022-01-09 21:41:31 ItemTable: Loaded 19199 items in total.
[INFO ] 2022-01-09 21:41:31 EnchantItemGroupsData: Loaded 4 item group templates.
[INFO ] 2022-01-09 21:41:31 EnchantItemGroupsData: Loaded 1 scroll group templates.
[WARN ] 2022-01-09 21:41:31 EnchantItemData: Wrong enchant scroll item type: 731 defined in enchant data!
[WARN ] 2022-01-09 21:41:31 EnchantItemData: Wrong enchant scroll item type: 949 defined in enchant data!
[WARN ] 2022-01-09 21:41:31 EnchantItemData: Wrong enchant scroll item type: 953 defined in enchant data!
[WARN ] 2022-01-09 21:41:31 EnchantItemData: Wrong enchant scroll item type: 957 defined in enchant data!
[WARN ] 2022-01-09 21:41:31 EnchantItemData: Wrong enchant scroll item type: 961 defined in enchant data!
[WARN ] 2022-01-09 21:41:31 EnchantItemData: Wrong enchant scroll item type: 732 defined in enchant data!
[WARN ] 2022-01-09 21:41:31 EnchantItemData: Wrong enchant scroll item type: 950 defined in enchant data!
[WARN ] 2022-01-09 21:41:31 EnchantItemData: Wrong enchant scroll item type: 954 defined in enchant data!
[WARN ] 2022-01-09 21:41:31 EnchantItemData: Wrong enchant scroll item type: 958 defined in enchant data!
[WARN ] 2022-01-09 21:41:31 EnchantItemData: Wrong enchant scroll item type: 962 defined in enchant data!
[INFO ] 2022-01-09 21:41:31 EnchantItemData: Loaded 63 enchant scrolls.
[INFO ] 2022-01-09 21:41:31 EnchantItemData: Loaded 20 support items.
[INFO ] 2022-01-09 21:41:31 EnchantItemOptionsData: Loaded 23 items and 1093 options.
[INFO ] 2022-01-09 21:41:32 OptionData: Loaded 24985 item options.
[INFO ] 2022-01-09 21:41:32 EnchantItemHPBonusData: Loaded 6 Enchant HP Bonuses.
[INFO ] 2022-01-09 21:41:32 MerchantPriceConfigTable: Loaded 28 merchant price configs.
[WARN ] 2022-01-09 21:41:32 IXmlReader: BuyListData: Folder C:\opt\l2j\server\game\data\buylists\custom doesn't exist!
[INFO ] 2022-01-09 21:41:32 BuyListData: Loaded 760 buy lists.
[INFO ] 2022-01-09 21:41:33 MultisellData: Loaded 291 multisell lists.
[INFO ] 2022-01-09 21:41:33 RecipeData: Loaded 1000 recipes.
[INFO ] 2022-01-09 21:41:33 ArmorSetsData: Loaded 204 armor sets.
[INFO ] 2022-01-09 21:41:33 FishData: Loaded 278 fish.
[INFO ] 2022-01-09 21:41:33 FishingMonstersData: Loaded 8 fishing monsters.
[INFO ] 2022-01-09 21:41:33 FishingRodsData: Loaded 6 fishing rods.
[INFO ] 2022-01-09 21:41:33 HennaData: Loaded 180 Henna data.
[INFO ] 2022-01-09 21:41:33 GameServer: ----------------------------------------------=[ Characters ]
[INFO ] 2022-01-09 21:41:33 ClassListData: Loaded 107 class data.
[INFO ] 2022-01-09 21:41:33 InitialEquipmentData: Loaded 11 initial equipment data.
[INFO ] 2022-01-09 21:41:33 InitialShortcutData: Loaded 5 initial dlobal shortcuts data.
[INFO ] 2022-01-09 21:41:33 InitialShortcutData: Loaded 4 initial shortcuts data.
[INFO ] 2022-01-09 21:41:33 InitialShortcutData: Loaded 0 macros presets.
[INFO ] 2022-01-09 21:41:33 KarmaData: Loaded 85 karma modifiers.
[INFO ] 2022-01-09 21:41:33 HitConditionBonusData: Loaded Hit Condition bonuses.
[INFO ] 2022-01-09 21:41:33 PlayerTemplateData: Loaded 103 character templates.
[INFO ] 2022-01-09 21:41:33 PlayerTemplateData: Loaded 52530 level up gain records.
[INFO ] 2022-01-09 21:41:33 PlayerCreationPointData: Loaded 62 character creation points.
[INFO ] 2022-01-09 21:41:33 CharNameTable: Loaded 4 char names.
[INFO ] 2022-01-09 21:41:33 AdminData: Loaded 10 access levels.
[INFO ] 2022-01-09 21:41:33 AdminData: Loaded 444 access commands.
[INFO ] 2022-01-09 21:41:33 RaidBossPointsManager: Loaded 1 characters raid points.
[INFO ] 2022-01-09 21:41:33 PetDataTable: Loaded 52 Pets.
[INFO ] 2022-01-09 21:41:33 GameServer: -----------------------------------------------------=[ BBS ]
[INFO ] 2022-01-09 21:41:33 ForumsBBSManager: Loaded 5 forums.
[INFO ] 2022-01-09 21:41:33 GameServer: ---------------------------------------------------=[ Clans ]
[INFO ] 2022-01-09 21:41:33 ClanTable: Restored 1 clans from the database.
[INFO ] 2022-01-09 21:41:33 AuctionManager: Loaded 38 auction(s).
[INFO ] 2022-01-09 21:41:33 ClanHallManager: Loaded 0 clan halls.
[INFO ] 2022-01-09 21:41:33 ClanHallManager: Loaded 38 free clan halls.
[INFO ] 2022-01-09 21:41:33 ClanHallSiegeManager: Loaded 6 conquerable clan halls.
[INFO ] 2022-01-09 21:41:33 GameServer: -------------------------------------------------=[ Geodata ]
[INFO ] 2022-01-09 21:41:33 GeoData: Loading 11_23.l2j...
[INFO ] 2022-01-09 21:41:33 GeoData: Loading 11_24.l2j...
[INFO ] 2022-01-09 21:41:33 GeoData: Loading 11_25.l2j...
[INFO ] 2022-01-09 21:41:33 GeoData: Loading 11_26.l2j...
[INFO ] 2022-01-09 21:41:33 GeoData: Loading 12_23.l2j...
[INFO ] 2022-01-09 21:41:33 GeoData: Loading 12_24.l2j...
[INFO ] 2022-01-09 21:41:34 GeoData: Loading 12_25.l2j...
[INFO ] 2022-01-09 21:41:34 GeoData: Loading 12_26.l2j...
[INFO ] 2022-01-09 21:41:34 GeoData: Loading 13_21.l2j...
[INFO ] 2022-01-09 21:41:34 GeoData: Loading 13_22.l2j...
[INFO ] 2022-01-09 21:41:34 GeoData: Loading 13_23.l2j...
[INFO ] 2022-01-09 21:41:34 GeoData: Loading 13_24.l2j...
[INFO ] 2022-01-09 21:41:34 GeoData: Loading 13_25.l2j...
[INFO ] 2022-01-09 21:41:34 GeoData: Loading 13_26.l2j...
[INFO ] 2022-01-09 21:41:34 GeoData: Loading 14_21.l2j...
[INFO ] 2022-01-09 21:41:34 GeoData: Loading 14_22.l2j...
[INFO ] 2022-01-09 21:41:34 GeoData: Loading 14_23.l2j...
[INFO ] 2022-01-09 21:41:34 GeoData: Loading 14_24.l2j...
[INFO ] 2022-01-09 21:41:34 GeoData: Loading 14_25.l2j...
[INFO ] 2022-01-09 21:41:34 GeoData: Loading 14_26.l2j...
[INFO ] 2022-01-09 21:41:34 GeoData: Loading 15_10.l2j...
[INFO ] 2022-01-09 21:41:34 GeoData: Loading 15_11.l2j...
[INFO ] 2022-01-09 21:41:34 GeoData: Loading 15_12.l2j...
[INFO ] 2022-01-09 21:41:34 GeoData: Loading 15_18.l2j...
[INFO ] 2022-01-09 21:41:34 GeoData: Loading 15_19.l2j...
[INFO ] 2022-01-09 21:41:34 GeoData: Loading 15_20.l2j...
[INFO ] 2022-01-09 21:41:34 GeoData: Loading 15_21.l2j...
[INFO ] 2022-01-09 21:41:34 GeoData: Loading 15_22.l2j...
[INFO ] 2022-01-09 21:41:34 GeoData: Loading 15_23.l2j...
[INFO ] 2022-01-09 21:41:34 GeoData: Loading 15_24.l2j...
[INFO ] 2022-01-09 21:41:34 GeoData: Loading 15_25.l2j...
[INFO ] 2022-01-09 21:41:34 GeoData: Loading 15_26.l2j...
[INFO ] 2022-01-09 21:41:34 GeoData: Loading 16_10.l2j...
[INFO ] 2022-01-09 21:41:34 GeoData: Loading 16_11.l2j...
[INFO ] 2022-01-09 21:41:34 GeoData: Loading 16_12.l2j...
[INFO ] 2022-01-09 21:41:34 GeoData: Loading 16_13.l2j...
[INFO ] 2022-01-09 21:41:34 GeoData: Loading 16_14.l2j...
[INFO ] 2022-01-09 21:41:34 GeoData: Loading 16_15.l2j...
[INFO ] 2022-01-09 21:41:34 GeoData: Loading 16_16.l2j...
[INFO ] 2022-01-09 21:41:34 GeoData: Loading 16_17.l2j...
[INFO ] 2022-01-09 21:41:34 GeoData: Loading 16_18.l2j...
[INFO ] 2022-01-09 21:41:34 GeoData: Loading 16_19.l2j...
[INFO ] 2022-01-09 21:41:34 GeoData: Loading 16_20.l2j...
[INFO ] 2022-01-09 21:41:34 GeoData: Loading 16_21.l2j...
[INFO ] 2022-01-09 21:41:34 GeoData: Loading 16_22.l2j...
[INFO ] 2022-01-09 21:41:34 GeoData: Loading 16_23.l2j...
[INFO ] 2022-01-09 21:41:34 GeoData: Loading 16_24.l2j...
[INFO ] 2022-01-09 21:41:34 GeoData: Loading 16_25.l2j...
[INFO ] 2022-01-09 21:41:34 GeoData: Loading 16_26.l2j...
[INFO ] 2022-01-09 21:41:34 GeoData: Loading 17_10.l2j...
[INFO ] 2022-01-09 21:41:34 GeoData: Loading 17_11.l2j...
[INFO ] 2022-01-09 21:41:34 GeoData: Loading 17_12.l2j...
[INFO ] 2022-01-09 21:41:34 GeoData: Loading 17_13.l2j...
[INFO ] 2022-01-09 21:41:34 GeoData: Loading 17_14.l2j...
[INFO ] 2022-01-09 21:41:34 GeoData: Loading 17_15.l2j...
[INFO ] 2022-01-09 21:41:34 GeoData: Loading 17_16.l2j...
[INFO ] 2022-01-09 21:41:34 GeoData: Loading 17_17.l2j...
[INFO ] 2022-01-09 21:41:34 GeoData: Loading 17_18.l2j...
[INFO ] 2022-01-09 21:41:34 GeoData: Loading 17_19.l2j...
[INFO ] 2022-01-09 21:41:34 GeoData: Loading 17_20.l2j...
[INFO ] 2022-01-09 21:41:34 GeoData: Loading 17_21.l2j...
[INFO ] 2022-01-09 21:41:34 GeoData: Loading 17_22.l2j...
[INFO ] 2022-01-09 21:41:34 GeoData: Loading 17_23.l2j...
[INFO ] 2022-01-09 21:41:34 GeoData: Loading 17_24.l2j...
[INFO ] 2022-01-09 21:41:34 GeoData: Loading 17_25.l2j...
[INFO ] 2022-01-09 21:41:35 GeoData: Loading 17_26.l2j...
[INFO ] 2022-01-09 21:41:35 GeoData: Loading 18_10.l2j...
[INFO ] 2022-01-09 21:41:35 GeoData: Loading 18_11.l2j...
[INFO ] 2022-01-09 21:41:35 GeoData: Loading 18_12.l2j...
[INFO ] 2022-01-09 21:41:35 GeoData: Loading 18_13.l2j...
[INFO ] 2022-01-09 21:41:35 GeoData: Loading 18_14.l2j...
[INFO ] 2022-01-09 21:41:35 GeoData: Loading 18_15.l2j...
[INFO ] 2022-01-09 21:41:35 GeoData: Loading 18_16.l2j...
[INFO ] 2022-01-09 21:41:35 GeoData: Loading 18_17.l2j...
[INFO ] 2022-01-09 21:41:35 GeoData: Loading 18_18.l2j...
[INFO ] 2022-01-09 21:41:35 GeoData: Loading 18_19.l2j...
[INFO ] 2022-01-09 21:41:35 GeoData: Loading 18_20.l2j...
[INFO ] 2022-01-09 21:41:35 GeoData: Loading 18_21.l2j...
[INFO ] 2022-01-09 21:41:35 GeoData: Loading 18_22.l2j...
[INFO ] 2022-01-09 21:41:35 GeoData: Loading 18_23.l2j...
[INFO ] 2022-01-09 21:41:35 GeoData: Loading 18_24.l2j...
[INFO ] 2022-01-09 21:41:35 GeoData: Loading 18_25.l2j...
[INFO ] 2022-01-09 21:41:35 GeoData: Loading 18_26.l2j...
[INFO ] 2022-01-09 21:41:35 GeoData: Loading 19_10.l2j...
[INFO ] 2022-01-09 21:41:35 GeoData: Loading 19_11.l2j...
[INFO ] 2022-01-09 21:41:35 GeoData: Loading 19_12.l2j...
[INFO ] 2022-01-09 21:41:35 GeoData: Loading 19_13.l2j...
[INFO ] 2022-01-09 21:41:35 GeoData: Loading 19_14.l2j...
[INFO ] 2022-01-09 21:41:35 GeoData: Loading 19_15.l2j...
[INFO ] 2022-01-09 21:41:35 GeoData: Loading 19_16.l2j...
[INFO ] 2022-01-09 21:41:35 GeoData: Loading 19_17.l2j...
[INFO ] 2022-01-09 21:41:35 GeoData: Loading 19_18.l2j...
[INFO ] 2022-01-09 21:41:35 GeoData: Loading 19_19.l2j...
[INFO ] 2022-01-09 21:41:35 GeoData: Loading 19_20.l2j...
[INFO ] 2022-01-09 21:41:35 GeoData: Loading 19_21.l2j...
[INFO ] 2022-01-09 21:41:35 GeoData: Loading 19_22.l2j...
[INFO ] 2022-01-09 21:41:35 GeoData: Loading 19_23.l2j...
[INFO ] 2022-01-09 21:41:35 GeoData: Loading 19_24.l2j...
[INFO ] 2022-01-09 21:41:35 GeoData: Loading 19_25.l2j...
[INFO ] 2022-01-09 21:41:35 GeoData: Loading 19_26.l2j...
[INFO ] 2022-01-09 21:41:35 GeoData: Loading 20_10.l2j...
[INFO ] 2022-01-09 21:41:35 GeoData: Loading 20_11.l2j...
[INFO ] 2022-01-09 21:41:35 GeoData: Loading 20_12.l2j...
[INFO ] 2022-01-09 21:41:35 GeoData: Loading 20_13.l2j...
[INFO ] 2022-01-09 21:41:35 GeoData: Loading 20_14.l2j...
[INFO ] 2022-01-09 21:41:35 GeoData: Loading 20_15.l2j...
[INFO ] 2022-01-09 21:41:35 GeoData: Loading 20_16.l2j...
[INFO ] 2022-01-09 21:41:35 GeoData: Loading 20_17.l2j...
[INFO ] 2022-01-09 21:41:35 GeoData: Loading 20_18.l2j...
[INFO ] 2022-01-09 21:41:35 GeoData: Loading 20_19.l2j...
[INFO ] 2022-01-09 21:41:35 GeoData: Loading 20_20.l2j...
[INFO ] 2022-01-09 21:41:35 GeoData: Loading 20_21.l2j...
[INFO ] 2022-01-09 21:41:35 GeoData: Loading 20_22.l2j...
[INFO ] 2022-01-09 21:41:35 GeoData: Loading 20_23.l2j...
[INFO ] 2022-01-09 21:41:35 GeoData: Loading 20_24.l2j...
[INFO ] 2022-01-09 21:41:35 GeoData: Loading 20_25.l2j...
[INFO ] 2022-01-09 21:41:35 GeoData: Loading 20_26.l2j...
[INFO ] 2022-01-09 21:41:35 GeoData: Loading 21_10.l2j...
[INFO ] 2022-01-09 21:41:35 GeoData: Loading 21_11.l2j...
[INFO ] 2022-01-09 21:41:35 GeoData: Loading 21_12.l2j...
[INFO ] 2022-01-09 21:41:35 GeoData: Loading 21_13.l2j...
[INFO ] 2022-01-09 21:41:35 GeoData: Loading 21_14.l2j...
[INFO ] 2022-01-09 21:41:35 GeoData: Loading 21_15.l2j...
[INFO ] 2022-01-09 21:41:35 GeoData: Loading 21_16.l2j...
[INFO ] 2022-01-09 21:41:35 GeoData: Loading 21_17.l2j...
[INFO ] 2022-01-09 21:41:35 GeoData: Loading 21_18.l2j...
[INFO ] 2022-01-09 21:41:35 GeoData: Loading 21_19.l2j...
[INFO ] 2022-01-09 21:41:35 GeoData: Loading 21_20.l2j...
[INFO ] 2022-01-09 21:41:35 GeoData: Loading 21_21.l2j...
[INFO ] 2022-01-09 21:41:35 GeoData: Loading 21_22.l2j...
[INFO ] 2022-01-09 21:41:35 GeoData: Loading 21_23.l2j...
[INFO ] 2022-01-09 21:41:35 GeoData: Loading 21_24.l2j...
[INFO ] 2022-01-09 21:41:35 GeoData: Loading 21_25.l2j...
[INFO ] 2022-01-09 21:41:35 GeoData: Loading 22_10.l2j...
[INFO ] 2022-01-09 21:41:35 GeoData: Loading 22_11.l2j...
[INFO ] 2022-01-09 21:41:35 GeoData: Loading 22_12.l2j...
[INFO ] 2022-01-09 21:41:35 GeoData: Loading 22_13.l2j...
[INFO ] 2022-01-09 21:41:35 GeoData: Loading 22_14.l2j...
[INFO ] 2022-01-09 21:41:35 GeoData: Loading 22_15.l2j...
[INFO ] 2022-01-09 21:41:35 GeoData: Loading 22_16.l2j...
[INFO ] 2022-01-09 21:41:35 GeoData: Loading 22_17.l2j...
[INFO ] 2022-01-09 21:41:35 GeoData: Loading 22_18.l2j...
[INFO ] 2022-01-09 21:41:35 GeoData: Loading 22_19.l2j...
[INFO ] 2022-01-09 21:41:35 GeoData: Loading 22_20.l2j...
[INFO ] 2022-01-09 21:41:35 GeoData: Loading 22_21.l2j...
[INFO ] 2022-01-09 21:41:35 GeoData: Loading 22_22.l2j...
[INFO ] 2022-01-09 21:41:35 GeoData: Loading 22_23.l2j...
[INFO ] 2022-01-09 21:41:35 GeoData: Loading 22_24.l2j...
[INFO ] 2022-01-09 21:41:35 GeoData: Loading 22_25.l2j...
[INFO ] 2022-01-09 21:41:35 GeoData: Loading 22_26.l2j...
[INFO ] 2022-01-09 21:41:35 GeoData: Loading 23_10.l2j...
[INFO ] 2022-01-09 21:41:35 GeoData: Loading 23_11.l2j...
[INFO ] 2022-01-09 21:41:35 GeoData: Loading 23_12.l2j...
[INFO ] 2022-01-09 21:41:35 GeoData: Loading 23_13.l2j...
[INFO ] 2022-01-09 21:41:35 GeoData: Loading 23_14.l2j...
[INFO ] 2022-01-09 21:41:35 GeoData: Loading 23_15.l2j...
[INFO ] 2022-01-09 21:41:35 GeoData: Loading 23_16.l2j...
[INFO ] 2022-01-09 21:41:35 GeoData: Loading 23_17.l2j...
[INFO ] 2022-01-09 21:41:35 GeoData: Loading 23_18.l2j...
[INFO ] 2022-01-09 21:41:35 GeoData: Loading 23_19.l2j...
[INFO ] 2022-01-09 21:41:35 GeoData: Loading 23_20.l2j...
[INFO ] 2022-01-09 21:41:35 GeoData: Loading 23_21.l2j...
[INFO ] 2022-01-09 21:41:35 GeoData: Loading 23_22.l2j...
[INFO ] 2022-01-09 21:41:35 GeoData: Loading 23_23.l2j...
[INFO ] 2022-01-09 21:41:35 GeoData: Loading 23_24.l2j...
[INFO ] 2022-01-09 21:41:35 GeoData: Loading 23_25.l2j...
[INFO ] 2022-01-09 21:41:35 GeoData: Loading 23_26.l2j...
[INFO ] 2022-01-09 21:41:35 GeoData: Loading 24_10.l2j...
[INFO ] 2022-01-09 21:41:35 GeoData: Loading 24_11.l2j...
[INFO ] 2022-01-09 21:41:35 GeoData: Loading 24_12.l2j...
[INFO ] 2022-01-09 21:41:35 GeoData: Loading 24_13.l2j...
[INFO ] 2022-01-09 21:41:35 GeoData: Loading 24_14.l2j...
[INFO ] 2022-01-09 21:41:35 GeoData: Loading 24_15.l2j...
[INFO ] 2022-01-09 21:41:35 GeoData: Loading 24_16.l2j...
[INFO ] 2022-01-09 21:41:35 GeoData: Loading 24_17.l2j...
[INFO ] 2022-01-09 21:41:36 GeoData: Loading 24_18.l2j...
[INFO ] 2022-01-09 21:41:36 GeoData: Loading 24_19.l2j...
[INFO ] 2022-01-09 21:41:36 GeoData: Loading 24_20.l2j...
[INFO ] 2022-01-09 21:41:36 GeoData: Loading 24_21.l2j...
[INFO ] 2022-01-09 21:41:36 GeoData: Loading 24_22.l2j...
[INFO ] 2022-01-09 21:41:36 GeoData: Loading 24_23.l2j...
[INFO ] 2022-01-09 21:41:36 GeoData: Loading 24_24.l2j...
[INFO ] 2022-01-09 21:41:36 GeoData: Loading 24_25.l2j...
[INFO ] 2022-01-09 21:41:36 GeoData: Loading 24_26.l2j...
[INFO ] 2022-01-09 21:41:36 GeoData: Loading 25_10.l2j...
[INFO ] 2022-01-09 21:41:36 GeoData: Loading 25_11.l2j...
[INFO ] 2022-01-09 21:41:36 GeoData: Loading 25_12.l2j...
[INFO ] 2022-01-09 21:41:36 GeoData: Loading 25_14.l2j...
[INFO ] 2022-01-09 21:41:36 GeoData: Loading 25_15.l2j...
[INFO ] 2022-01-09 21:41:36 GeoData: Loading 25_16.l2j...
[INFO ] 2022-01-09 21:41:36 GeoData: Loading 25_17.l2j...
[INFO ] 2022-01-09 21:41:36 GeoData: Loading 25_18.l2j...
[INFO ] 2022-01-09 21:41:36 GeoData: Loading 25_19.l2j...
[INFO ] 2022-01-09 21:41:36 GeoData: Loading 25_20.l2j...
[INFO ] 2022-01-09 21:41:36 GeoData: Loading 25_21.l2j...
[INFO ] 2022-01-09 21:41:36 GeoData: Loading 25_22.l2j...
[INFO ] 2022-01-09 21:41:36 GeoData: Loading 25_23.l2j...
[INFO ] 2022-01-09 21:41:36 GeoData: Loading 25_24.l2j...
[INFO ] 2022-01-09 21:41:36 GeoData: Loading 26_11.l2j...
[INFO ] 2022-01-09 21:41:36 GeoData: Loading 26_12.l2j...
[INFO ] 2022-01-09 21:41:36 GeoData: Loading 26_14.l2j...
[INFO ] 2022-01-09 21:41:36 GeoData: Loading 26_15.l2j...
[INFO ] 2022-01-09 21:41:36 GeoData: Loading 26_16.l2j...
[INFO ] 2022-01-09 21:41:36 GeoData: Loaded 203 regions.
[INFO ] 2022-01-09 21:41:36 GameServer: ----------------------------------------------------=[ NPCs ]
[INFO ] 2022-01-09 21:41:36 SkillLearnData: Loaded 256 skill learn data.
[INFO ] 2022-01-09 21:41:36 NpcData$MinionData: Loaded 128 minions data.
[INFO ] 2022-01-09 21:41:38 NpcData: Loaded 10461 NPCs.
[INFO ] 2022-01-09 21:41:38 NpcData: Loaded 13 custom NPCs.
[INFO ] 2022-01-09 21:41:38 WalkingManager: Loaded 127 walking routes.
[INFO ] 2022-01-09 21:41:38 StaticObjectData: Loaded 51 static object templates.
[INFO ] 2022-01-09 21:41:39 GrandBossManager: Queen Ant (29001) status is 0.
[INFO ] 2022-01-09 21:41:39 GrandBossManager: Core (29006) status is 0.
[INFO ] 2022-01-09 21:41:39 GrandBossManager: Orfen (29014) status is 0.
[INFO ] 2022-01-09 21:41:39 GrandBossManager: Baium (29020) status is 3.
[INFO ] 2022-01-09 21:41:39 GrandBossManager: Next spawn date of Baium is 2022-01-15T02:25:55.049-0300.
[INFO ] 2022-01-09 21:41:39 GrandBossManager: Valakas (29028) status is 0.
[INFO ] 2022-01-09 21:41:39 GrandBossManager: Antharas (29068) status is 0.
[INFO ] 2022-01-09 21:41:39 GrandBossManager: Beleth (29118) status is 0.
[INFO ] 2022-01-09 21:41:39 GrandBossManager: Loaded 7 grand boss instances.
[INFO ] 2022-01-09 21:41:39 DoorData: Loaded 1301 door templates for 22 regions.
[INFO ] 2022-01-09 21:41:42 ZoneManager: Loaded 28 zone classes and 2794 zones.
[INFO ] 2022-01-09 21:41:42 ZoneManager: Loaded 0 NPC spawn territoriers.
[INFO ] 2022-01-09 21:41:42 CastleManager: Loaded 9 castles.
[INFO ] 2022-01-09 21:41:42 NpcBufferTable: Loaded 2 buffers and 64 skills.
[INFO ] 2022-01-09 21:41:42 GrandBossManager: Initialized 12 grand boss zones.
[INFO ] 2022-01-09 21:41:42 GameServer: -----------------------------------------=[ Auction Manager ]
[INFO ] 2022-01-09 21:41:42 ItemAuctionInstance: Loaded 82 item(s) and registered 2 auction(s) for NPC ID 32320.
[INFO ] 2022-01-09 21:41:42 ItemAuctionInstance: Schedule next auction ID 5 on 17:00:00 14.01.22 for NPC ID 32320.
[INFO ] 2022-01-09 21:41:42 ItemAuctionInstance: Loaded 82 item(s) and registered 1 auction(s) for NPC ID 32321.
[INFO ] 2022-01-09 21:41:42 ItemAuctionInstance: Schedule next auction ID 2 on 17:00:00 10.01.22 for NPC ID 32321.
[INFO ] 2022-01-09 21:41:42 ItemAuctionInstance: Loaded 82 item(s) and registered 2 auction(s) for NPC ID 32322.
[INFO ] 2022-01-09 21:41:42 ItemAuctionInstance: Schedule next auction ID 4 on 17:00:00 12.01.22 for NPC ID 32322.
[INFO ] 2022-01-09 21:41:42 ItemAuctionManager: Loaded 3 auction manager instance(s).
[INFO ] 2022-01-09 21:41:42 GameServer: ------------------------------------------------=[ Olympiad ]
[INFO ] 2022-01-09 21:41:42 Olympiad: Loading Olympiad System....
[INFO ] 2022-01-09 21:41:42 Olympiad: Currently in Olympiad Period
[INFO ] 2022-01-09 21:41:42 Olympiad: 32538 minutes until period ends
[INFO ] 2022-01-09 21:41:42 Olympiad: Next weekly change is in 1636 minutes
[INFO ] 2022-01-09 21:41:42 Olympiad: Loaded 0 Nobles
[INFO ] 2022-01-09 21:41:42 Olympiad: Competition Period Starts in 0 days, 0 hours and 0 mins.
[INFO ] 2022-01-09 21:41:42 Olympiad: Event starts/started : Sun Jan 09 18:00:42 ART 2022
[INFO ] 2022-01-09 21:41:42 Hero: Loaded 0 Heroes.
[INFO ] 2022-01-09 21:41:42 Hero: Loaded 0 all time Heroes.
[INFO ] 2022-01-09 21:41:42 GameServer: ---------------------------------------------=[ Seven Signs ]
[INFO ] 2022-01-09 21:41:42 SevenSigns: Currently in the Competition (Quest Event) period.
[INFO ] 2022-01-09 21:41:42 SevenSigns: The Seal of Avarice remains unclaimed.
[INFO ] 2022-01-09 21:41:42 SevenSigns: The Seal of Gnosis remains unclaimed.
[INFO ] 2022-01-09 21:41:42 SevenSigns: The Seal of Strife remains unclaimed.
[INFO ] 2022-01-09 21:41:42 SevenSigns: The competition, if the current trend continues, will end in a tie this week.
[INFO ] 2022-01-09 21:41:42 SevenSigns: Next period change set to 2022-01-10T18:00:42.092-0300.
[INFO ] 2022-01-09 21:41:42 SevenSigns: Next period begins in 0 days, 20 hours and 18 mins.
[INFO ] 2022-01-09 21:41:42 GameServer: ---------------------------------------------------=[ Cache ]
[INFO ] 2022-01-09 21:41:42 HtmCache: Running lazy cache.
[INFO ] 2022-01-09 21:41:42 CrestTable: Loaded 1 crests.
[INFO ] 2022-01-09 21:41:42 TeleportLocationTable: Loaded 1220 teleport location templates.
[INFO ] 2022-01-09 21:41:42 Olympiad: Olympiad Game Started
[INFO ] 2022-01-09 21:41:42 UIData: Loaded 4 keys 5 categories.
[INFO ] 2022-01-09 21:41:42 OlympiadGameManager: Loaded 160 stadiums.
[INFO ] 2022-01-09 21:41:42 AugmentationData: Loaded 33960 augmentations.
[INFO ] 2022-01-09 21:41:42 AugmentationData: Loaded 2754 accessory augmentations.
[INFO ] 2022-01-09 21:41:42 CursedWeaponsManager: Loaded 2 cursed weapon(s).
[INFO ] 2022-01-09 21:41:42 TransformData: Loaded 111 transform templates.
[INFO ] 2022-01-09 21:41:42 BotReportTable: Loaded 0 bot reports.
[INFO ] 2022-01-09 21:41:42 AirShipManager: Loaded 0 private airships.
[INFO ] 2022-01-09 21:41:42 GameServer: ------------------------------------------------=[ Handlers ]
[INFO ] 2022-01-09 21:41:45 MasterHandler: Loaded 8 Voiced Command Handler.
[INFO ] 2022-01-09 21:41:45 MasterHandler: Loaded 10 Action Handler.
[INFO ] 2022-01-09 21:41:45 MasterHandler: Loaded 6 Action Shift Handler.
[INFO ] 2022-01-09 21:41:45 MasterHandler: Loaded 447 Admin Command Handler.
[INFO ] 2022-01-09 21:41:45 MasterHandler: Loaded 48 Bypass Handler.
[INFO ] 2022-01-09 21:41:45 MasterHandler: Loaded 14 Chat Handler.
[INFO ] 2022-01-09 21:41:45 MasterHandler: Loaded 15 Community Board Handler.
[INFO ] 2022-01-09 21:41:45 MasterHandler: Loaded 31 Item Handler.
[INFO ] 2022-01-09 21:41:45 MasterHandler: Loaded 3 Punishment Handler.
[INFO ] 2022-01-09 21:41:45 MasterHandler: Loaded 17 User Command Handler.
[INFO ] 2022-01-09 21:41:45 MasterHandler: Loaded 20 Telnet Handler.
[INFO ] 2022-01-09 21:41:45 GameServer: ------------------------------------------------------=[ AI ]
[INFO ] 2022-01-09 21:41:47 NpcBuffersData: Loaded 33 buffers data.
[INFO ] 2022-01-09 21:41:47 HandysBlockCheckerEvent: Loaded Handy's Block Checker event.
[INFO ] 2022-01-09 21:41:48 AILoader: Loaded 179 AI scripts.
[INFO ] 2022-01-09 21:41:48 GameServer: -----------------------------------------------=[ Instances ]
[INFO ] 2022-01-09 21:41:50 InstanceLoader: Loaded 30 instnaces.
[INFO ] 2022-01-09 21:41:50 GameServer: --------------------------------------------------=[ Gracia ]
[INFO ] 2022-01-09 21:41:50 GraciaLoader: Loaded 28 Gracia scripts.
[INFO ] 2022-01-09 21:41:50 GameServer: -----------------------------------------------=[ Hellbound ]
[INFO ] 2022-01-09 21:41:50 HellboundPointData: Loaded 47 trust point reward data.
[INFO ] 2022-01-09 21:41:50 HellboundSpawns: Loaded 598 Hellbound spawns.
[INFO ] 2022-01-09 21:41:50 HellboundEngine: Level 0.
[INFO ] 2022-01-09 21:41:50 HellboundEngine: Trust 0.
[INFO ] 2022-01-09 21:41:50 HellboundEngine: Status locked.
[INFO ] 2022-01-09 21:41:50 RaidBossSpawnManager: Spawning raid bosses...
[INFO ] 2022-01-09 21:41:51 RaidBossSpawnManager: Loaded 186 bosses.
[INFO ] 2022-01-09 21:41:51 RaidBossSpawnManager: Scheduled 1 boss instances.
[INFO ] 2022-01-09 21:41:51 HellboundLoader: Loaded 34 Hellbound scripts.
[INFO ] 2022-01-09 21:41:51 GameServer: --------------------------------------------------=[ Quests ]
[INFO ] 2022-01-09 21:41:54 Q00350_EnhanceYourWeapon: Loaded 54 soul crystal data.
[INFO ] 2022-01-09 21:41:54 Q00350_EnhanceYourWeapon: Loaded 240 npc leveling data.
[INFO ] 2022-01-09 21:41:55 QuestLoader: Loaded 502 quests.
[INFO ] 2022-01-09 21:41:55 AbstractScript: TerritoryWarSuperClass: Siege date: Sun Jan 09 22:00:00 ART 2022
[INFO ] 2022-01-09 21:41:55 GameServer: -------------------------------------------------=[ Scripts ]
[INFO ] 2022-01-09 21:41:56 ClanHallSiegeEngine: Fortress of the Dead siege scheduled for 2022-01-18T12:00:00.617-0300.
[INFO ] 2022-01-09 21:41:56 DiscordBot: Discord Bot is Disabled.
[INFO ] 2022-01-09 21:41:56 ClanHallSiegeEngine: Beast Farm siege scheduled for 2022-01-18T12:00:00.616-0300.
[INFO ] 2022-01-09 21:41:56 ClanHallSiegeEngine: Rainbow Springs siege scheduled for 2022-01-18T12:00:00.615-0300.
[INFO ] 2022-01-09 21:41:56 TeleporterService: Disabled.
[INFO ] 2022-01-09 21:41:56 BufferService: Disabled.
[INFO ] 2022-01-09 21:41:56 ClanHallSiegeEngine: Bandit Stronghold siege scheduled for 2022-01-18T12:00:00.613-0300.
[INFO ] 2022-01-09 21:41:56 ClanHallSiegeEngine: Devastated Castle siege scheduled for 2022-01-18T12:00:00.611-0300.
[INFO ] 2022-01-09 21:41:56 ClanHallSiegeEngine: Fortress of Resistance siege scheduled for 2022-01-18T12:00:00.431-0300.
[INFO ] 2022-01-09 21:42:04 SpawnTable: Loaded 3761 NPC spawns.
[WARN ] 2022-01-09 21:42:04 SpawnTable: Data missing in NPC table for ID 1000004!
[WARN ] 2022-01-09 21:42:04 SpawnTable: Data missing in NPC table for ID 10004!
[INFO ] 2022-01-09 21:42:04 SpawnTable: Loaded 7 custom NPC spawns.
[INFO ] 2022-01-09 21:42:04 SpawnTable: Loaded 1190 NPC spawns from XML.
[INFO ] 2022-01-09 21:42:04 DayNightSpawnManager: Removed 0 night creatures.
[INFO ] 2022-01-09 21:42:05 DayNightSpawnManager: Spawned 232 day creatures.
[INFO ] 2022-01-09 21:42:05 FourSepulchersManager: Loaded 20 Mysterious-Box spawns.
[INFO ] 2022-01-09 21:42:05 FourSepulchersManager: Loaded 716 Physical type monsters spawns.
[INFO ] 2022-01-09 21:42:05 FourSepulchersManager: Loaded 716 Magical monsters spawns.
[INFO ] 2022-01-09 21:42:05 FourSepulchersManager: Loaded 92 Church of duke monsters spawns.
[INFO ] 2022-01-09 21:42:05 FourSepulchersManager: Loaded 68 Emperor's Grave spawns.
[INFO ] 2022-01-09 21:42:05 FourSepulchersManager: Spawned Conquerors' Sepulcher Manager.
[INFO ] 2022-01-09 21:42:05 FourSepulchersManager: Spawned Emperors' Sepulcher Manager.
[INFO ] 2022-01-09 21:42:05 FourSepulchersManager: Spawned Great Sages' Sepulcher Manager.
[INFO ] 2022-01-09 21:42:05 FourSepulchersManager: Spawned Judges' Sepulcher Manager.
[INFO ] 2022-01-09 21:42:05 FourSepulchersManager: Beginning in attack time.
[INFO ] 2022-01-09 21:42:05 DimensionalRiftManager: Loaded 7 room types with 56 rooms.
[INFO ] 2022-01-09 21:42:05 DimensionalRiftManager: Loaded 462 Dimensional Rift spawns.
[INFO ] 2022-01-09 21:42:05 GameServer: ---------------------------------------------------=[ Siege ]
[INFO ] 2022-01-09 21:42:05 Siege: Siege of Gludio: 2022-01-23T16:00:00.576-0300.
[INFO ] 2022-01-09 21:42:05 Siege: Siege of Dion: 2022-01-23T16:00:00.642-0300.
[INFO ] 2022-01-09 21:42:05 Siege: Siege of Giran: 2022-01-23T16:00:00.653-0300.
[INFO ] 2022-01-09 21:42:05 Siege: Siege of Oren: 2022-01-23T16:00:00.657-0300.
[INFO ] 2022-01-09 21:42:05 Siege: Siege of Aden: 2022-01-23T16:00:00.691-0300.
[INFO ] 2022-01-09 21:42:05 Siege: Siege of Innadril: 2022-01-23T16:00:00.720-0300.
[INFO ] 2022-01-09 21:42:05 Siege: Siege of Goddard: 2022-01-23T16:00:00.719-0300.
[INFO ] 2022-01-09 21:42:05 Siege: Siege of Rune: 2022-01-23T16:00:00.720-0300.
[INFO ] 2022-01-09 21:42:05 Siege: Siege of Schuttgart: 2022-01-23T16:00:00.720-0300.
[INFO ] 2022-01-09 21:42:05 FortManager: Loaded 21 fortress.
[INFO ] 2022-01-09 21:42:05 SiegeScheduleData: Loaded 2 siege schedulers.
[INFO ] 2022-01-09 21:42:05 CastleManorManager: Loaded 258 seeds.
[INFO ] 2022-01-09 21:42:05 CastleManorManager: Manor data loaded.
[INFO ] 2022-01-09 21:42:05 MercTicketManager: Loaded 0 mercenary tickets.
[INFO ] 2022-01-09 21:42:05 AutoSpawnHandler: Loaded 129 handlers.
[INFO ] 2022-01-09 21:42:05 SevenSignsFestival: The first Festival of Darkness cycle begins in 2 minute(s).
[INFO ] 2022-01-09 21:42:05 FaenorEventParser: Event Id Valentines Event has passed... Ignored.
[INFO ] 2022-01-09 21:42:05 FaenorScriptEngine: Loaded Valentines.xml successfully.
[INFO ] 2022-01-09 21:42:05 CoupleManager: CoupleManager: Loaded: 0 couples(s)
[INFO ] 2022-01-09 21:42:05 TaskManager: Loaded 12 tasks.
[INFO ] 2022-01-09 21:42:05 MailManager: Successfully loaded 0 messages.
[INFO ] 2022-01-09 21:42:05 PunishmentManager: Loaded 1 active and 0 expired punishments.
[INFO ] 2022-01-09 21:42:05 GameServer: Free Object Ids remaining 1879002247.
[INFO ] 2022-01-09 21:42:05 TvTManager: Engine is disabled.
[INFO ] 2022-01-09 21:42:06 GameServer: Started, free memory 365 Mb of 2048 Mb
[INFO ] 2022-01-09 21:42:06 LoginServerThread: Connecting to login server on 127.0.0.1:9014
[INFO ] 2022-01-09 21:42:06 LoginServerThread: Registered on login as Server 1: Bartz
[INFO ] 2022-01-09 21:42:06 GameServer: Now listening on *:7777
[INFO ] 2022-01-09 21:42:06 GameServer: ----------------------------------------------------=[ UPnP ]
[INFO ] 2022-01-09 21:42:06 UPnPService: Looking for UPnP Gateway Devices...
[INFO ] 2022-01-09 21:42:13 L2PcInstance: Master access level set for character Void [268481234].
[INFO ] 2022-01-09 21:42:15 UPnPService: No UPnP gateways has been found.
[INFO ] 2022-01-09 21:42:15 GameServer: Telnet server is currently disabled.
[INFO ] 2022-01-09 21:42:15 GameServer: Maximum numbers of connected players 500.
[INFO ] 2022-01-09 21:42:15 GameServer: Server Bartz loaded in 62 seconds.
[WARN ] 2022-01-09 21:42:23 L2GameClientPacket: RequestExTryToPutEnchantTargetItem: Undefined scroll have been used id: 961
[WARN ] 2022-01-09 21:42:39 L2GameClientPacket: RequestExTryToPutEnchantTargetItem: Undefined scroll have been used id: 961
[INFO ] 2022-01-09 21:42:41 L2PcInstance: Master access level set for character Beto Risso [268497202].
[WARN ] 2022-01-09 21:42:50 L2GameClientPacket: RequestExTryToPutEnchantTargetItem: Undefined scroll have been used id: 961
[WARN ] 2022-01-09 21:43:33 L2GameClientPacket: RequestExTryToPutEnchantTargetItem: Undefined scroll have been used id: 961
[WARN ] 2022-01-09 21:43:48 L2GameClientPacket: RequestExTryToPutEnchantTargetItem: Undefined scroll have been used id: 961
[WARN ] 2022-01-09 21:44:39 L2GameClientPacket: RequestExTryToPutEnchantTargetItem: Undefined scroll have been used id: 961
[INFO ] 2022-01-09 21:50:25 GlobalVariablesManager: Stored 7 variables.
[INFO ] 2022-01-09 21:57:05 TaskOlympiadSave: Data updated.
[INFO ] 2022-01-09 22:12:05 TaskSevenSignsUpdate: Data updated successfully.
[INFO ] 2022-01-09 22:20:25 GlobalVariablesManager: Stored 7 variables.
[INFO ] 2022-01-09 22:27:05 TaskOlympiadSave: Data updated.
[INFO ] 2022-01-09 22:42:05 TaskSevenSignsUpdate: Data updated successfully.
[INFO ] 2022-01-09 22:50:25 GlobalVariablesManager: Stored 7 variables.
[INFO ] 2022-01-09 22:57:05 TaskOlympiadSave: Data updated.
[INFO ] 2022-01-09 23:12:05 TaskSevenSignsUpdate: Data updated successfully.
[INFO ] 2022-01-09 23:20:25 GlobalVariablesManager: Stored 7 variables.
[INFO ] 2022-01-09 23:27:05 TaskOlympiadSave: Data updated.
[INFO ] 2022-01-09 23:42:05 TaskSevenSignsUpdate: Data updated successfully.
[INFO ] 2022-01-09 23:50:25 GlobalVariablesManager: Stored 7 variables.
[INFO ] 2022-01-09 23:57:05 TaskOlympiadSave: Data updated.
[INFO ] 2022-01-10 00:00:00 DayNightSpawnManager: Removed 232 day creatures.
[INFO ] 2022-01-10 00:00:00 DayNightSpawnManager: Spawned 553 night creatures.
[INFO ] 2022-01-10 00:00:42 Olympiad: Olympiad Game Ended
[INFO ] 2022-01-10 00:00:42 Olympiad: Competition Period Starts in 0 days, 18 hours and 0 mins.
[INFO ] 2022-01-10 00:00:42 Olympiad: Event starts/started : Mon Jan 10 18:00:42 ART 2022
[INFO ] 2022-01-10 00:10:00 TaskRaidPointsReset: Raid points reset global task launched.
[INFO ] 2022-01-10 00:12:05 TaskSevenSignsUpdate: Data updated successfully.
[INFO ] 2022-01-10 00:20:25 GlobalVariablesManager: Stored 7 variables.
[INFO ] 2022-01-10 00:42:05 TaskSevenSignsUpdate: Data updated successfully.
[INFO ] 2022-01-10 00:50:25 GlobalVariablesManager: Stored 7 variables.
[INFO ] 2022-01-10 01:00:00 DayNightSpawnManager: Removed 553 night creatures.
[INFO ] 2022-01-10 01:00:00 DayNightSpawnManager: Spawned 232 day creatures.
[INFO ] 2022-01-10 01:12:05 TaskSevenSignsUpdate: Data updated successfully.
[INFO ] 2022-01-10 01:20:25 GlobalVariablesManager: Stored 7 variables.
[INFO ] 2022-01-10 01:42:05 TaskSevenSignsUpdate: Data updated successfully.
[INFO ] 2022-01-10 01:50:25 GlobalVariablesManager: Stored 7 variables.
[INFO ] 2022-01-10 02:12:05 TaskSevenSignsUpdate: Data updated successfully.
[INFO ] 2022-01-10 02:20:25 GlobalVariablesManager: Stored 7 variables.
[INFO ] 2022-01-10 02:42:05 TaskSevenSignsUpdate: Data updated successfully.
[INFO ] 2022-01-10 02:50:25 GlobalVariablesManager: Stored 7 variables.
[INFO ] 2022-01-10 03:12:05 TaskSevenSignsUpdate: Data updated successfully.
[INFO ] 2022-01-10 03:20:25 GlobalVariablesManager: Stored 7 variables.
[INFO ] 2022-01-10 03:42:05 TaskSevenSignsUpdate: Data updated successfully.
[INFO ] 2022-01-10 03:50:25 GlobalVariablesManager: Stored 7 variables.
[INFO ] 2022-01-10 04:00:00 DayNightSpawnManager: Removed 232 day creatures.
[INFO ] 2022-01-10 04:00:00 DayNightSpawnManager: Spawned 553 night creatures.
[INFO ] 2022-01-10 04:12:05 TaskSevenSignsUpdate: Data updated successfully.
[INFO ] 2022-01-10 04:20:25 GlobalVariablesManager: Stored 7 variables.
[INFO ] 2022-01-10 04:42:05 TaskSevenSignsUpdate: Data updated successfully.
[INFO ] 2022-01-10 04:50:25 GlobalVariablesManager: Stored 7 variables.
[INFO ] 2022-01-10 05:00:00 DayNightSpawnManager: Removed 553 night creatures.
[INFO ] 2022-01-10 05:00:00 DayNightSpawnManager: Spawned 232 day creatures.
[INFO ] 2022-01-10 05:12:05 TaskSevenSignsUpdate: Data updated successfully.
[INFO ] 2022-01-10 05:20:25 GlobalVariablesManager: Stored 7 variables.
[INFO ] 2022-01-10 05:42:05 TaskSevenSignsUpdate: Data updated successfully.
[INFO ] 2022-01-10 05:50:25 GlobalVariablesManager: Stored 7 variables.
[INFO ] 2022-01-10 06:12:05 TaskSevenSignsUpdate: Data updated successfully.
[INFO ] 2022-01-10 06:20:25 GlobalVariablesManager: Stored 7 variables.
[INFO ] 2022-01-10 06:30:00 TaskBirthday: 0 gifts sent.
[INFO ] 2022-01-10 06:30:00 TaskDailySkillReuseClean: Daily skill reuse cleaned.
[INFO ] 2022-01-10 06:30:00 TaskRecom: Recommendations system reset.
[INFO ] 2022-01-10 06:42:05 TaskSevenSignsUpdate: Data updated successfully.
[INFO ] 2022-01-10 06:50:25 GlobalVariablesManager: Stored 7 variables.
[INFO ] 2022-01-10 07:12:05 TaskSevenSignsUpdate: Data updated successfully.
[INFO ] 2022-01-10 07:20:25 GlobalVariablesManager: Stored 7 variables.
[INFO ] 2022-01-10 07:42:05 TaskSevenSignsUpdate: Data updated successfully.
[INFO ] 2022-01-10 07:50:25 GlobalVariablesManager: Stored 7 variables.
[INFO ] 2022-01-10 08:00:00 DayNightSpawnManager: Removed 232 day creatures.
[INFO ] 2022-01-10 08:00:00 DayNightSpawnManager: Spawned 553 night creatures.
[INFO ] 2022-01-10 08:12:05 TaskSevenSignsUpdate: Data updated successfully.
[INFO ] 2022-01-10 08:20:25 GlobalVariablesManager: Stored 7 variables.
[INFO ] 2022-01-10 08:42:05 TaskSevenSignsUpdate: Data updated successfully.
[INFO ] 2022-01-10 08:50:25 GlobalVariablesManager: Stored 7 variables.
[INFO ] 2022-01-10 09:00:00 DayNightSpawnManager: Removed 553 night creatures.
[INFO ] 2022-01-10 09:00:00 DayNightSpawnManager: Spawned 232 day creatures.
[INFO ] 2022-01-10 09:12:05 TaskSevenSignsUpdate: Data updated successfully.
[INFO ] 2022-01-10 09:20:25 GlobalVariablesManager: Stored 7 variables.
[INFO ] 2022-01-10 09:42:05 TaskSevenSignsUpdate: Data updated successfully.
[INFO ] 2022-01-10 09:50:25 GlobalVariablesManager: Stored 7 variables.
[INFO ] 2022-01-10 10:12:05 TaskSevenSignsUpdate: Data updated successfully.
[INFO ] 2022-01-10 10:20:25 GlobalVariablesManager: Stored 7 variables.
[INFO ] 2022-01-10 10:42:05 TaskSevenSignsUpdate: Data updated successfully.
[INFO ] 2022-01-10 10:50:25 GlobalVariablesManager: Stored 7 variables.
[INFO ] 2022-01-10 11:12:05 TaskSevenSignsUpdate: Data updated successfully.
[INFO ] 2022-01-10 11:20:25 GlobalVariablesManager: Stored 7 variables.
[INFO ] 2022-01-10 11:42:05 TaskSevenSignsUpdate: Data updated successfully.
[INFO ] 2022-01-10 11:50:25 GlobalVariablesManager: Stored 7 variables.
[INFO ] 2022-01-10 12:00:00 DayNightSpawnManager: Removed 232 day creatures.
[INFO ] 2022-01-10 12:00:00 DayNightSpawnManager: Spawned 553 night creatures.
[INFO ] 2022-01-10 12:12:05 TaskSevenSignsUpdate: Data updated successfully.
[INFO ] 2022-01-10 12:20:25 GlobalVariablesManager: Stored 7 variables.
[INFO ] 2022-01-10 12:42:05 TaskSevenSignsUpdate: Data updated successfully.
[INFO ] 2022-01-10 12:50:25 GlobalVariablesManager: Stored 7 variables.
[INFO ] 2022-01-10 13:00:00 DayNightSpawnManager: Removed 553 night creatures.
[INFO ] 2022-01-10 13:00:00 DayNightSpawnManager: Spawned 232 day creatures.
[INFO ] 2022-01-10 13:12:05 TaskSevenSignsUpdate: Data updated successfully.
[INFO ] 2022-01-10 13:20:25 GlobalVariablesManager: Stored 7 variables.
[INFO ] 2022-01-10 13:42:05 TaskSevenSignsUpdate: Data updated successfully.
[INFO ] 2022-01-10 13:50:25 GlobalVariablesManager: Stored 7 variables.
[INFO ] 2022-01-10 14:12:05 TaskSevenSignsUpdate: Data updated successfully.
[INFO ] 2022-01-10 14:20:25 GlobalVariablesManager: Stored 7 variables.
[INFO ] 2022-01-10 14:42:05 TaskSevenSignsUpdate: Data updated successfully.
[INFO ] 2022-01-10 14:50:25 GlobalVariablesManager: Stored 7 variables.
[INFO ] 2022-01-10 15:12:05 TaskSevenSignsUpdate: Data updated successfully.
[INFO ] 2022-01-10 15:20:25 GlobalVariablesManager: Stored 7 variables.
[INFO ] 2022-01-10 15:42:05 TaskSevenSignsUpdate: Data updated successfully.
[INFO ] 2022-01-10 15:50:25 GlobalVariablesManager: Stored 7 variables.
[INFO ] 2022-01-10 16:00:00 DayNightSpawnManager: Removed 232 day creatures.
[INFO ] 2022-01-10 16:00:00 DayNightSpawnManager: Spawned 553 night creatures.
[INFO ] 2022-01-10 16:12:05 TaskSevenSignsUpdate: Data updated successfully.
[INFO ] 2022-01-10 16:20:25 GlobalVariablesManager: Stored 7 variables.
[INFO ] 2022-01-10 16:42:05 TaskSevenSignsUpdate: Data updated successfully.
[INFO ] 2022-01-10 16:50:25 GlobalVariablesManager: Stored 7 variables.
[INFO ] 2022-01-10 16:59:59 ItemAuctionInstance$ScheduleAuctionTask: Auction ID 2 has started for NPC ID 32321.
[INFO ] 2022-01-10 16:59:59 ItemAuctionInstance: Schedule current auction ID 2 for NPC ID 32321.
[INFO ] 2022-01-10 17:00:00 DayNightSpawnManager: Removed 553 night creatures.
[INFO ] 2022-01-10 17:00:00 DayNightSpawnManager: Spawned 232 day creatures.
[INFO ] 2022-01-10 17:12:05 TaskSevenSignsUpdate: Data updated successfully.
[INFO ] 2022-01-10 17:20:25 GlobalVariablesManager: Stored 7 variables.
[INFO ] 2022-01-10 17:42:05 TaskSevenSignsUpdate: Data updated successfully.
[INFO ] 2022-01-10 17:50:25 GlobalVariablesManager: Stored 7 variables.
[INFO ] 2022-01-10 18:00:41 Olympiad: Olympiad Game Started
[INFO ] 2022-01-10 18:00:41 SevenSigns: The Quest Event Results period has begun!
[INFO ] 2022-01-10 18:00:41 SevenSigns: Next period change set to 2022-01-10T18:15:42.092-0300.
[INFO ] 2022-01-10 18:12:05 TaskSevenSignsUpdate: Data updated successfully.
[INFO ] 2022-01-10 18:15:42 SevenSigns: The Seal of Avarice remains unclaimed.
[INFO ] 2022-01-10 18:15:42 SevenSigns: The Seal of Gnosis remains unclaimed.
[INFO ] 2022-01-10 18:15:42 SevenSigns: The Seal of Strife remains unclaimed.
[INFO ] 2022-01-10 18:15:42 SevenSigns: The No Cabal have won the competition with 0 points!
[INFO ] 2022-01-10 18:15:42 SevenSigns: The Seal Validation period has begun!
[INFO ] 2022-01-10 18:15:42 SevenSigns: Next period change set to 2022-01-17T18:00:42.092-0300.
[INFO ] 2022-01-10 18:20:25 GlobalVariablesManager: Stored 7 variables.
[INFO ] 2022-01-10 18:27:05 TaskOlympiadSave: Data updated.
[INFO ] 2022-01-10 18:42:05 TaskSevenSignsUpdate: Data updated successfully.
[WARN ] 2022-01-10 18:47:32 TargetType: Outdated Skill Steal Essence(1245,14) with target type ONE used on null by G-Cerati [268504606]!
[INFO ] 2022-01-10 18:50:25 GlobalVariablesManager: Stored 7 variables.
[INFO ] 2022-01-10 18:57:05 TaskOlympiadSave: Data updated.
[INFO ] 2022-01-10 19:03:23 L2PcInstance: Master access level set for character Beto Risso [268497202].
[INFO ] 2022-01-10 19:12:05 TaskSevenSignsUpdate: Data updated successfully.
[INFO ] 2022-01-10 19:20:25 GlobalVariablesManager: Stored 7 variables.
[INFO ] 2022-01-10 19:27:05 TaskOlympiadSave: Data updated.
[INFO ] 2022-01-10 19:42:05 TaskSevenSignsUpdate: Data updated successfully.
[INFO ] 2022-01-10 19:50:25 GlobalVariablesManager: Stored 7 variables.
[INFO ] 2022-01-10 19:57:05 TaskOlympiadSave: Data updated.
[WARN ] 2022-01-10 19:58:52 TargetType: Outdated Skill Judgment(401,10) with target type ONE used on L2MonsterInstance:Parasitic Leech(22828)[268468859] by Beto Risso [268497202]!
[INFO ] 2022-01-10 20:00:00 DayNightSpawnManager: Removed 232 day creatures.
[INFO ] 2022-01-10 20:00:00 DayNightSpawnManager: Spawned 553 night creatures.
[INFO ] 2022-01-10 20:12:05 TaskSevenSignsUpdate: Data updated successfully.
[INFO ] 2022-01-10 20:20:25 GlobalVariablesManager: Stored 7 variables.
[INFO ] 2022-01-10 20:27:05 TaskOlympiadSave: Data updated.
[INFO ] 2022-01-10 20:42:05 TaskSevenSignsUpdate: Data updated successfully.
[INFO ] 2022-01-10 20:50:25 GlobalVariablesManager: Stored 7 variables.
[INFO ] 2022-01-10 20:57:05 TaskOlympiadSave: Data updated.
[INFO ] 2022-01-10 21:00:00 DayNightSpawnManager: Removed 553 night creatures.
[INFO ] 2022-01-10 21:00:00 DayNightSpawnManager: Spawned 232 day creatures.
[INFO ] 2022-01-10 21:12:05 TaskSevenSignsUpdate: Data updated successfully.
[INFO ] 2022-01-10 21:20:25 GlobalVariablesManager: Stored 7 variables.
[INFO ] 2022-01-10 21:27:05 TaskOlympiadSave: Data updated.
[INFO ] 2022-01-10 21:42:05 TaskSevenSignsUpdate: Data updated successfully.
[INFO ] 2022-01-10 21:50:25 GlobalVariablesManager: Stored 7 variables.
[INFO ] 2022-01-10 21:57:05 TaskOlympiadSave: Data updated.
[INFO ] 2022-01-10 21:59:59 ItemAuctionInstance: Auction ID 2 has finished. There have not been any bid for instance ID 32321.
[INFO ] 2022-01-10 21:59:59 ItemAuctionInstance: Schedule next auction ID 6 on 17:00:00 17.01.22 for NPC ID 32321.
[INFO ] 2022-01-10 22:12:04 TaskSevenSignsUpdate: Data updated successfully.
[INFO ] 2022-01-10 22:20:24 GlobalVariablesManager: Stored 7 variables.
[INFO ] 2022-01-10 22:27:04 TaskOlympiadSave: Data updated.
[INFO ] 2022-01-10 22:42:05 TaskSevenSignsUpdate: Data updated successfully.
[INFO ] 2022-01-10 22:50:25 GlobalVariablesManager: Stored 7 variables.
[INFO ] 2022-01-10 22:57:04 TaskOlympiadSave: Data updated.
[INFO ] 2022-01-10 23:12:04 TaskSevenSignsUpdate: Data updated successfully.
[INFO ] 2022-01-10 23:20:24 GlobalVariablesManager: Stored 7 variables.
[INFO ] 2022-01-10 23:27:04 TaskOlympiadSave: Data updated.
[INFO ] 2022-01-10 23:42:04 TaskSevenSignsUpdate: Data updated successfully.
[INFO ] 2022-01-10 23:50:24 GlobalVariablesManager: Stored 7 variables.
[INFO ] 2022-01-10 23:57:04 TaskOlympiadSave: Data updated.
[INFO ] 2022-01-11 00:00:00 DayNightSpawnManager: Removed 232 day creatures.
[INFO ] 2022-01-11 00:00:00 DayNightSpawnManager: Spawned 553 night creatures.
[INFO ] 2022-01-11 00:00:41 Olympiad: Olympiad Game Ended
[INFO ] 2022-01-11 00:00:41 Olympiad: Competition Period Starts in 0 days, 18 hours and 0 mins.
[INFO ] 2022-01-11 00:00:41 Olympiad: Event starts/started : Tue Jan 11 18:00:41 ART 2022
[INFO ] 2022-01-11 00:12:04 TaskSevenSignsUpdate: Data updated successfully.
[INFO ] 2022-01-11 00:20:24 GlobalVariablesManager: Stored 7 variables.
[INFO ] 2022-01-11 00:42:04 TaskSevenSignsUpdate: Data updated successfully.
[INFO ] 2022-01-11 00:50:24 GlobalVariablesManager: Stored 7 variables.
[INFO ] 2022-01-11 00:58:07 Olympiad: Added weekly points to nobles
[INFO ] 2022-01-11 00:58:07 Olympiad: Reset weekly matches to nobles
[INFO ] 2022-01-11 01:00:00 DayNightSpawnManager: Removed 553 night creatures.
[INFO ] 2022-01-11 01:00:00 DayNightSpawnManager: Spawned 232 day creatures.
[INFO ] 2022-01-11 01:12:04 TaskSevenSignsUpdate: Data updated successfully.
[INFO ] 2022-01-11 01:20:24 GlobalVariablesManager: Stored 7 variables.
[INFO ] 2022-01-11 01:42:04 TaskSevenSignsUpdate: Data updated successfully.
[INFO ] 2022-01-11 01:50:24 GlobalVariablesManager: Stored 7 variables.
[INFO ] 2022-01-11 02:12:04 TaskSevenSignsUpdate: Data updated successfully.
[INFO ] 2022-01-11 02:20:24 GlobalVariablesManager: Stored 7 variables.
[INFO ] 2022-01-11 02:42:04 TaskSevenSignsUpdate: Data updated successfully.
[INFO ] 2022-01-11 02:50:24 GlobalVariablesManager: Stored 7 variables.
[INFO ] 2022-01-11 03:12:04 TaskSevenSignsUpdate: Data updated successfully.
[INFO ] 2022-01-11 03:20:24 GlobalVariablesManager: Stored 7 variables.
[INFO ] 2022-01-11 03:42:04 TaskSevenSignsUpdate: Data updated successfully.
[INFO ] 2022-01-11 03:50:24 GlobalVariablesManager: Stored 7 variables.
[INFO ] 2022-01-11 04:00:00 DayNightSpawnManager: Removed 232 day creatures.
[INFO ] 2022-01-11 04:00:00 DayNightSpawnManager: Spawned 553 night creatures.
[INFO ] 2022-01-11 04:12:04 TaskSevenSignsUpdate: Data updated successfully.
[INFO ] 2022-01-11 04:20:24 GlobalVariablesManager: Stored 7 variables.
[INFO ] 2022-01-11 04:42:04 TaskSevenSignsUpdate: Data updated successfully.
[INFO ] 2022-01-11 04:50:24 GlobalVariablesManager: Stored 7 variables.
[INFO ] 2022-01-11 05:00:00 DayNightSpawnManager: Removed 553 night creatures.
[INFO ] 2022-01-11 05:00:00 DayNightSpawnManager: Spawned 232 day creatures.
[INFO ] 2022-01-11 05:12:04 TaskSevenSignsUpdate: Data updated successfully.
[INFO ] 2022-01-11 05:20:24 GlobalVariablesManager: Stored 7 variables.
[INFO ] 2022-01-11 05:42:04 TaskSevenSignsUpdate: Data updated successfully.
[INFO ] 2022-01-11 05:50:24 GlobalVariablesManager: Stored 7 variables.
[INFO ] 2022-01-11 06:12:04 TaskSevenSignsUpdate: Data updated successfully.
[INFO ] 2022-01-11 06:20:24 GlobalVariablesManager: Stored 7 variables.
[INFO ] 2022-01-11 06:29:59 TaskDailySkillReuseClean: Daily skill reuse cleaned.
[INFO ] 2022-01-11 06:29:59 TaskBirthday: 0 gifts sent.
[INFO ] 2022-01-11 06:29:59 TaskRecom: Recommendations system reset.
[INFO ] 2022-01-11 06:42:04 TaskSevenSignsUpdate: Data updated successfully.
[INFO ] 2022-01-11 06:50:24 GlobalVariablesManager: Stored 7 variables.
[INFO ] 2022-01-11 07:12:04 TaskSevenSignsUpdate: Data updated successfully.
[INFO ] 2022-01-11 07:20:24 GlobalVariablesManager: Stored 7 variables.
[INFO ] 2022-01-11 07:42:04 TaskSevenSignsUpdate: Data updated successfully.
[INFO ] 2022-01-11 07:50:24 GlobalVariablesManager: Stored 7 variables.
[INFO ] 2022-01-11 08:00:00 DayNightSpawnManager: Removed 232 day creatures.
[INFO ] 2022-01-11 08:00:00 DayNightSpawnManager: Spawned 553 night creatures.
[INFO ] 2022-01-11 08:12:04 TaskSevenSignsUpdate: Data updated successfully.
[INFO ] 2022-01-11 08:20:24 GlobalVariablesManager: Stored 7 variables.
[INFO ] 2022-01-11 08:42:04 TaskSevenSignsUpdate: Data updated successfully.
[INFO ] 2022-01-11 08:50:24 GlobalVariablesManager: Stored 7 variables.
[INFO ] 2022-01-11 09:00:00 DayNightSpawnManager: Removed 553 night creatures.
[INFO ] 2022-01-11 09:00:00 DayNightSpawnManager: Spawned 232 day creatures.
[INFO ] 2022-01-11 09:12:04 TaskSevenSignsUpdate: Data updated successfully.
[INFO ] 2022-01-11 09:20:24 GlobalVariablesManager: Stored 7 variables.
[INFO ] 2022-01-11 09:42:04 TaskSevenSignsUpdate: Data updated successfully.
[INFO ] 2022-01-11 09:50:24 GlobalVariablesManager: Stored 7 variables.
[INFO ] 2022-01-11 10:12:04 TaskSevenSignsUpdate: Data updated successfully.
[INFO ] 2022-01-11 10:20:24 GlobalVariablesManager: Stored 7 variables.
[INFO ] 2022-01-11 10:42:04 TaskSevenSignsUpdate: Data updated successfully.
[INFO ] 2022-01-11 10:50:24 GlobalVariablesManager: Stored 7 variables.
[INFO ] 2022-01-11 11:12:04 TaskSevenSignsUpdate: Data updated successfully.
[INFO ] 2022-01-11 11:20:24 GlobalVariablesManager: Stored 7 variables.
[INFO ] 2022-01-11 11:42:04 TaskSevenSignsUpdate: Data updated successfully.
[INFO ] 2022-01-11 11:50:24 GlobalVariablesManager: Stored 7 variables.
[INFO ] 2022-01-11 11:59:36 L2PcInstance: Master access level set for character Beto Risso [268497202].
[INFO ] 2022-01-11 12:00:00 DayNightSpawnManager: Removed 232 day creatures.
[INFO ] 2022-01-11 12:00:00 DayNightSpawnManager: Spawned 553 night creatures.
[INFO ] 2022-01-11 12:12:04 TaskSevenSignsUpdate: Data updated successfully.
[INFO ] 2022-01-11 12:20:24 GlobalVariablesManager: Stored 7 variables.
[INFO ] 2022-01-11 12:42:04 TaskSevenSignsUpdate: Data updated successfully.
[INFO ] 2022-01-11 12:50:24 GlobalVariablesManager: Stored 7 variables.
[INFO ] 2022-01-11 13:00:00 DayNightSpawnManager: Removed 553 night creatures.
[INFO ] 2022-01-11 13:00:00 DayNightSpawnManager: Spawned 232 day creatures.
[INFO ] 2022-01-11 13:12:04 TaskSevenSignsUpdate: Data updated successfully.
[INFO ] 2022-01-11 13:20:24 GlobalVariablesManager: Stored 7 variables.
