[INFO ] 2022-01-04 00:57:43 GameServer: ------------------------------------------------=[ Database ]
[INFO ] 2022-01-04 00:57:43 GameServer: -----------------------------------=[ Network Configuration ]
[INFO ] 2022-01-04 00:57:43 IPConfigData: Using automatic network configuration.
[INFO ] 2022-01-04 00:57:44 IPConfigData: Adding new subnet: 127.0.0.0/8 address: 127.0.0.1
[INFO ] 2022-01-04 00:57:44 IPConfigData: Adding new subnet: 192.168.45.0/24 address: 192.168.45.45
[INFO ] 2022-01-04 00:57:44 IPConfigData: Adding new subnet: 0.0.0.0/0 address: 168.205.94.22
[INFO ] 2022-01-04 00:57:44 HikariDataSource: HikariPool-1 - Starting...
[INFO ] 2022-01-04 00:57:44 HikariDataSource: HikariPool-1 - Start completed.
[INFO ] 2022-01-04 00:57:44 IdFactory: Updated characters online status.
[INFO ] 2022-01-04 00:57:44 IdFactory: Cleaned 0 elements from database in 0s.
[INFO ] 2022-01-04 00:57:44 IdFactory: Cleaned 0 expired timestamps from database.
[INFO ] 2022-01-04 00:57:44 BitSetIDFactory: 102912 Ids available.
[INFO ] 2022-01-04 00:57:44 GameServer: ---------------------------------------------------=[ World ]
[INFO ] 2022-01-04 00:57:44 InstanceManager: Multiverse Instance created.
[INFO ] 2022-01-04 00:57:44 InstanceManager: Universe Instance created.
[INFO ] 2022-01-04 00:57:45 InstanceManager: Loaded 160 instance names.
[INFO ] 2022-01-04 00:57:45 L2World: 128 by 136 world region grid set up.
[INFO ] 2022-01-04 00:57:46 MapRegionManager: Loaded 57 map regions.
[INFO ] 2022-01-04 00:57:46 GlobalVariablesManager: Loaded 0 variables.
[INFO ] 2022-01-04 00:57:46 GameServer: ----------------------------------------------------=[ Data ]
[INFO ] 2022-01-04 00:57:46 CategoryData: Loaded 124 Categories.
[INFO ] 2022-01-04 00:57:46 SecondaryAuthData: Loaded 328 forbidden passwords.
[INFO ] 2022-01-04 00:57:46 GameServer: -------------------------------------------------=[ Effects ]
[INFO ] 2022-01-04 00:57:48 EffectMasterHandler: Loaded 168 effect handlers.
[INFO ] 2022-01-04 00:57:48 GameServer: ------------------------------------=[ Enchant Skill Groups ]
[INFO ] 2022-01-04 00:57:48 EnchantSkillGroupsData: Loaded 4 groups and 90 routes.
[INFO ] 2022-01-04 00:57:48 GameServer: ---------------------------------------------=[ Skill Trees ]
[INFO ] 2022-01-04 00:57:49 SkillTreesData: Loaded 17176 Class Skills for 103 Class Skill Trees.
[INFO ] 2022-01-04 00:57:49 SkillTreesData: Loaded 76 Sub-Class Skills.
[INFO ] 2022-01-04 00:57:49 SkillTreesData: Loaded 77 Transfer Skills for 3 Transfer Skill Trees.
[INFO ] 2022-01-04 00:57:49 SkillTreesData: Loaded 117 Fishing Skills, 8 Dwarven only Fishing Skills.
[INFO ] 2022-01-04 00:57:49 SkillTreesData: Loaded 3 Collect Skills.
[INFO ] 2022-01-04 00:57:49 SkillTreesData: Loaded 74 Pledge Skills, 44 for Pledge and 30 Residential.
[INFO ] 2022-01-04 00:57:49 SkillTreesData: Loaded 18 Sub-Pledge Skills.
[INFO ] 2022-01-04 00:57:49 SkillTreesData: Loaded 32 Transform Skills.
[INFO ] 2022-01-04 00:57:49 SkillTreesData: Loaded 8 Noble Skills.
[INFO ] 2022-01-04 00:57:49 SkillTreesData: Loaded 5 Hero Skills.
[INFO ] 2022-01-04 00:57:49 SkillTreesData: Loaded 46 Game Master Skills.
[INFO ] 2022-01-04 00:57:49 SkillTreesData: Loaded 46 Game Master Aura Skills.
[INFO ] 2022-01-04 00:57:49 GameServer: --------------------------------------------------=[ Skills ]
[INFO ] 2022-01-04 00:57:59 DocumentEngine: Loaded 65973 skill templates from XML files.
[INFO ] 2022-01-04 00:58:00 SummonSkillsTable: Loaded 1891 summon skills.
[INFO ] 2022-01-04 00:58:00 GameServer: ---------------------------------------------------=[ Items ]
[INFO ] 2022-01-04 00:58:00 ItemTable: Highest item Id used 22567.
[INFO ] 2022-01-04 00:58:00 ItemTable: Loaded 11481 Etc items.
[INFO ] 2022-01-04 00:58:00 ItemTable: Loaded 3825 Armor items.
[INFO ] 2022-01-04 00:58:00 ItemTable: Loaded 3893 Weapon items.
[INFO ] 2022-01-04 00:58:00 ItemTable: Loaded 19199 items in total.
[INFO ] 2022-01-04 00:58:00 EnchantItemGroupsData: Loaded 4 item group templates.
[INFO ] 2022-01-04 00:58:00 EnchantItemGroupsData: Loaded 1 scroll group templates.
[INFO ] 2022-01-04 00:58:00 EnchantItemData: Loaded 63 enchant scrolls.
[INFO ] 2022-01-04 00:58:00 EnchantItemData: Loaded 20 support items.
[INFO ] 2022-01-04 00:58:00 EnchantItemOptionsData: Loaded 23 items and 1093 options.
[INFO ] 2022-01-04 00:58:01 OptionData: Loaded 24985 item options.
[INFO ] 2022-01-04 00:58:01 EnchantItemHPBonusData: Loaded 6 Enchant HP Bonuses.
[INFO ] 2022-01-04 00:58:01 MerchantPriceConfigTable: Loaded 28 merchant price configs.
[INFO ] 2022-01-04 00:58:02 BuyListData: Loaded 760 buy lists.
[INFO ] 2022-01-04 00:58:02 MultisellData: Loaded 192 multisell lists.
[INFO ] 2022-01-04 00:58:02 RecipeData: Loaded 1000 recipes.
[INFO ] 2022-01-04 00:58:02 ArmorSetsData: Loaded 204 armor sets.
[INFO ] 2022-01-04 00:58:02 FishData: Loaded 278 fish.
[INFO ] 2022-01-04 00:58:02 FishingMonstersData: Loaded 8 fishing monsters.
[INFO ] 2022-01-04 00:58:02 FishingRodsData: Loaded 6 fishing rods.
[INFO ] 2022-01-04 00:58:02 HennaData: Loaded 180 Henna data.
[INFO ] 2022-01-04 00:58:02 GameServer: ----------------------------------------------=[ Characters ]
[INFO ] 2022-01-04 00:58:02 ClassListData: Loaded 107 class data.
[INFO ] 2022-01-04 00:58:02 InitialEquipmentData: Loaded 11 initial equipment data.
[INFO ] 2022-01-04 00:58:02 InitialShortcutData: Loaded 5 initial dlobal shortcuts data.
[INFO ] 2022-01-04 00:58:02 InitialShortcutData: Loaded 4 initial shortcuts data.
[INFO ] 2022-01-04 00:58:02 InitialShortcutData: Loaded 0 macros presets.
[INFO ] 2022-01-04 00:58:02 KarmaData: Loaded 85 karma modifiers.
[INFO ] 2022-01-04 00:58:02 HitConditionBonusData: Loaded Hit Condition bonuses.
[INFO ] 2022-01-04 00:58:03 PlayerTemplateData: Loaded 103 character templates.
[INFO ] 2022-01-04 00:58:03 PlayerTemplateData: Loaded 52530 level up gain records.
[INFO ] 2022-01-04 00:58:03 PlayerCreationPointData: Loaded 62 character creation points.
[INFO ] 2022-01-04 00:58:03 CharNameTable: Loaded 0 char names.
[INFO ] 2022-01-04 00:58:03 AdminData: Loaded 10 access levels.
[INFO ] 2022-01-04 00:58:03 AdminData: Loaded 444 access commands.
[INFO ] 2022-01-04 00:58:03 RaidBossPointsManager: Loaded 0 characters raid points.
[INFO ] 2022-01-04 00:58:03 PetDataTable: Loaded 52 Pets.
[INFO ] 2022-01-04 00:58:03 GameServer: -----------------------------------------------------=[ BBS ]
[INFO ] 2022-01-04 00:58:03 ForumsBBSManager: Loaded 4 forums.
[INFO ] 2022-01-04 00:58:03 GameServer: ---------------------------------------------------=[ Clans ]
[INFO ] 2022-01-04 00:58:03 ClanTable: Restored 0 clans from the database.
[INFO ] 2022-01-04 00:58:03 AuctionManager: Loaded 0 auction(s).
[INFO ] 2022-01-04 00:58:03 AuctionManager: Created auction for clan hall Id 22.
[INFO ] 2022-01-04 00:58:03 AuctionManager: Created auction for clan hall Id 23.
[INFO ] 2022-01-04 00:58:03 AuctionManager: Created auction for clan hall Id 24.
[INFO ] 2022-01-04 00:58:03 AuctionManager: Created auction for clan hall Id 25.
[INFO ] 2022-01-04 00:58:03 AuctionManager: Created auction for clan hall Id 26.
[INFO ] 2022-01-04 00:58:03 AuctionManager: Created auction for clan hall Id 27.
[INFO ] 2022-01-04 00:58:03 AuctionManager: Created auction for clan hall Id 28.
[INFO ] 2022-01-04 00:58:03 AuctionManager: Created auction for clan hall Id 29.
[INFO ] 2022-01-04 00:58:03 AuctionManager: Created auction for clan hall Id 30.
[INFO ] 2022-01-04 00:58:03 AuctionManager: Created auction for clan hall Id 31.
[INFO ] 2022-01-04 00:58:03 AuctionManager: Created auction for clan hall Id 32.
[INFO ] 2022-01-04 00:58:03 AuctionManager: Created auction for clan hall Id 33.
[INFO ] 2022-01-04 00:58:03 AuctionManager: Created auction for clan hall Id 36.
[INFO ] 2022-01-04 00:58:03 AuctionManager: Created auction for clan hall Id 37.
[INFO ] 2022-01-04 00:58:03 AuctionManager: Created auction for clan hall Id 38.
[INFO ] 2022-01-04 00:58:03 AuctionManager: Created auction for clan hall Id 39.
[INFO ] 2022-01-04 00:58:03 AuctionManager: Created auction for clan hall Id 40.
[INFO ] 2022-01-04 00:58:03 AuctionManager: Created auction for clan hall Id 41.
[INFO ] 2022-01-04 00:58:03 AuctionManager: Created auction for clan hall Id 42.
[INFO ] 2022-01-04 00:58:03 AuctionManager: Created auction for clan hall Id 43.
[INFO ] 2022-01-04 00:58:03 AuctionManager: Created auction for clan hall Id 44.
[INFO ] 2022-01-04 00:58:03 AuctionManager: Created auction for clan hall Id 45.
[INFO ] 2022-01-04 00:58:03 AuctionManager: Created auction for clan hall Id 46.
[INFO ] 2022-01-04 00:58:03 AuctionManager: Created auction for clan hall Id 47.
[INFO ] 2022-01-04 00:58:03 AuctionManager: Created auction for clan hall Id 48.
[INFO ] 2022-01-04 00:58:03 AuctionManager: Created auction for clan hall Id 49.
[INFO ] 2022-01-04 00:58:03 AuctionManager: Created auction for clan hall Id 50.
[INFO ] 2022-01-04 00:58:03 AuctionManager: Created auction for clan hall Id 51.
[INFO ] 2022-01-04 00:58:03 AuctionManager: Created auction for clan hall Id 52.
[INFO ] 2022-01-04 00:58:03 AuctionManager: Created auction for clan hall Id 53.
[INFO ] 2022-01-04 00:58:03 AuctionManager: Created auction for clan hall Id 54.
[INFO ] 2022-01-04 00:58:03 AuctionManager: Created auction for clan hall Id 55.
[INFO ] 2022-01-04 00:58:03 AuctionManager: Created auction for clan hall Id 56.
[INFO ] 2022-01-04 00:58:03 AuctionManager: Created auction for clan hall Id 57.
[INFO ] 2022-01-04 00:58:03 AuctionManager: Created auction for clan hall Id 58.
[INFO ] 2022-01-04 00:58:03 AuctionManager: Created auction for clan hall Id 59.
[INFO ] 2022-01-04 00:58:03 AuctionManager: Created auction for clan hall Id 60.
[INFO ] 2022-01-04 00:58:03 AuctionManager: Created auction for clan hall Id 61.
[INFO ] 2022-01-04 00:58:03 ClanHallManager: Loaded 0 clan halls.
[INFO ] 2022-01-04 00:58:03 ClanHallManager: Loaded 38 free clan halls.
[INFO ] 2022-01-04 00:58:03 ClanHallSiegeManager: Loaded 6 conquerable clan halls.
[INFO ] 2022-01-04 00:58:03 GameServer: -------------------------------------------------=[ Geodata ]
[INFO ] 2022-01-04 00:58:03 GeoData: Loaded 0 regions.
[INFO ] 2022-01-04 00:58:03 GameServer: ----------------------------------------------------=[ NPCs ]
[INFO ] 2022-01-04 00:58:03 SkillLearnData: Loaded 256 skill learn data.
[INFO ] 2022-01-04 00:58:03 NpcData$MinionData: Loaded 128 minions data.
[INFO ] 2022-01-04 00:58:05 NpcData: Loaded 10461 NPCs.
[INFO ] 2022-01-04 00:58:06 WalkingManager: Loaded 127 walking routes.
[INFO ] 2022-01-04 00:58:06 StaticObjectData: Loaded 51 static object templates.
[INFO ] 2022-01-04 00:58:06 GrandBossManager: Queen Ant (29001) status is 0.
[INFO ] 2022-01-04 00:58:06 GrandBossManager: Core (29006) status is 0.
[INFO ] 2022-01-04 00:58:06 GrandBossManager: Orfen (29014) status is 0.
[INFO ] 2022-01-04 00:58:06 GrandBossManager: Baium (29020) status is 0.
[INFO ] 2022-01-04 00:58:06 GrandBossManager: Valakas (29028) status is 0.
[INFO ] 2022-01-04 00:58:06 GrandBossManager: Antharas (29068) status is 0.
[INFO ] 2022-01-04 00:58:06 GrandBossManager: Beleth (29118) status is 0.
[INFO ] 2022-01-04 00:58:06 GrandBossManager: Loaded 7 grand boss instances.
[INFO ] 2022-01-04 00:58:06 DoorData: Loaded 1301 door templates for 22 regions.
[INFO ] 2022-01-04 00:58:08 ZoneManager: Loaded 28 zone classes and 2794 zones.
[INFO ] 2022-01-04 00:58:08 ZoneManager: Loaded 0 NPC spawn territoriers.
[INFO ] 2022-01-04 00:58:08 CastleManager: Loaded 9 castles.
[INFO ] 2022-01-04 00:58:08 NpcBufferTable: Loaded 1 buffers and 10 skills.
[INFO ] 2022-01-04 00:58:08 GrandBossManager: Initialized 12 grand boss zones.
[INFO ] 2022-01-04 00:58:08 GameServer: -----------------------------------------=[ Auction Manager ]
[INFO ] 2022-01-04 00:58:08 ItemAuctionInstance: Loaded 82 item(s) and registered 0 auction(s) for NPC ID 32320.
[INFO ] 2022-01-04 00:58:08 ItemAuctionInstance: Schedule next auction ID 1 on 17:00:00 07.01.22 for NPC ID 32320.
[INFO ] 2022-01-04 00:58:08 ItemAuctionInstance: Loaded 82 item(s) and registered 0 auction(s) for NPC ID 32321.
[INFO ] 2022-01-04 00:58:08 ItemAuctionInstance: Schedule next auction ID 2 on 17:00:00 10.01.22 for NPC ID 32321.
[INFO ] 2022-01-04 00:58:08 ItemAuctionInstance: Loaded 82 item(s) and registered 0 auction(s) for NPC ID 32322.
[INFO ] 2022-01-04 00:58:08 ItemAuctionInstance: Schedule next auction ID 3 on 17:00:00 05.01.22 for NPC ID 32322.
[INFO ] 2022-01-04 00:58:08 ItemAuctionManager: Loaded 3 auction manager instance(s).
[INFO ] 2022-01-04 00:58:08 GameServer: ------------------------------------------------=[ Olympiad ]
[INFO ] 2022-01-04 00:58:08 Olympiad: Failed to load data from database, trying to load from file.
[INFO ] 2022-01-04 00:58:08 Olympiad: Loading Olympiad System....
[INFO ] 2022-01-04 00:58:08 Olympiad: Currently in Olympiad Period
[INFO ] 2022-01-04 00:58:08 Olympiad: 40981 minutes until period ends
[INFO ] 2022-01-04 00:58:08 Olympiad: Next weekly change is in 10079 minutes
[INFO ] 2022-01-04 00:58:08 Olympiad: Loaded 0 Nobles
[INFO ] 2022-01-04 00:58:08 Olympiad: Competition Period Starts in 0 days, 17 hours and 2 mins.
[INFO ] 2022-01-04 00:58:08 Olympiad: Event starts/started : Tue Jan 04 18:00:08 ART 2022
[INFO ] 2022-01-04 00:58:08 Hero: Loaded 0 Heroes.
[INFO ] 2022-01-04 00:58:08 Hero: Loaded 0 all time Heroes.
[INFO ] 2022-01-04 00:58:08 GameServer: ---------------------------------------------=[ Seven Signs ]
[INFO ] 2022-01-04 00:58:08 SevenSigns: Currently in the Competition (Quest Event) period.
[INFO ] 2022-01-04 00:58:08 SevenSigns: The Seal of Avarice remains unclaimed.
[INFO ] 2022-01-04 00:58:08 SevenSigns: The Seal of Gnosis remains unclaimed.
[INFO ] 2022-01-04 00:58:08 SevenSigns: The Seal of Strife remains unclaimed.
[INFO ] 2022-01-04 00:58:08 SevenSigns: The competition, if the current trend continues, will end in a tie this week.
[INFO ] 2022-01-04 00:58:08 SevenSigns: Next period change set to 2022-01-10T18:00:08.462-0300.
[INFO ] 2022-01-04 00:58:08 SevenSigns: Next period begins in 6 days, 17 hours and 2 mins.
[INFO ] 2022-01-04 00:58:08 GameServer: ---------------------------------------------------=[ Cache ]
[INFO ] 2022-01-04 00:58:08 HtmCache: Running lazy cache.
[INFO ] 2022-01-04 00:58:08 CrestTable: Loaded 0 crests.
[INFO ] 2022-01-04 00:58:08 TeleportLocationTable: Loaded 957 teleport location templates.
[INFO ] 2022-01-04 00:58:08 UIData: Loaded 4 keys 5 categories.
[INFO ] 2022-01-04 00:58:08 AugmentationData: Loaded 33960 augmentations.
[INFO ] 2022-01-04 00:58:08 AugmentationData: Loaded 2754 accessory augmentations.
[INFO ] 2022-01-04 00:58:08 CursedWeaponsManager: Loaded 2 cursed weapon(s).
[INFO ] 2022-01-04 00:58:09 TransformData: Loaded 111 transform templates.
[INFO ] 2022-01-04 00:58:09 BotReportTable: Loaded 0 bot reports.
[INFO ] 2022-01-04 00:58:09 AirShipManager: Loaded 0 private airships.
[INFO ] 2022-01-04 00:58:09 GameServer: ------------------------------------------------=[ Handlers ]
[INFO ] 2022-01-04 00:58:11 MasterHandler: Loaded 5 Voiced Command Handler.
[INFO ] 2022-01-04 00:58:11 MasterHandler: Loaded 10 Action Handler.
[INFO ] 2022-01-04 00:58:11 MasterHandler: Loaded 6 Action Shift Handler.
[INFO ] 2022-01-04 00:58:11 MasterHandler: Loaded 447 Admin Command Handler.
[INFO ] 2022-01-04 00:58:11 MasterHandler: Loaded 48 Bypass Handler.
[INFO ] 2022-01-04 00:58:11 MasterHandler: Loaded 14 Chat Handler.
[INFO ] 2022-01-04 00:58:11 MasterHandler: Loaded 15 Community Board Handler.
[INFO ] 2022-01-04 00:58:11 MasterHandler: Loaded 31 Item Handler.
[INFO ] 2022-01-04 00:58:11 MasterHandler: Loaded 3 Punishment Handler.
[INFO ] 2022-01-04 00:58:11 MasterHandler: Loaded 17 User Command Handler.
[INFO ] 2022-01-04 00:58:11 MasterHandler: Loaded 20 Telnet Handler.
[INFO ] 2022-01-04 00:58:11 GameServer: ------------------------------------------------------=[ AI ]
[INFO ] 2022-01-04 00:58:14 NpcBuffersData: Loaded 33 buffers data.
[INFO ] 2022-01-04 00:58:14 HandysBlockCheckerEvent: Loaded Handy's Block Checker event.
[INFO ] 2022-01-04 00:58:14 AILoader: Loaded 179 AI scripts.
[INFO ] 2022-01-04 00:58:14 GameServer: -----------------------------------------------=[ Instances ]
[INFO ] 2022-01-04 00:58:15 InstanceLoader: Loaded 30 instnaces.
[INFO ] 2022-01-04 00:58:15 GameServer: --------------------------------------------------=[ Gracia ]
[INFO ] 2022-01-04 00:58:16 GraciaLoader: Loaded 28 Gracia scripts.
[INFO ] 2022-01-04 00:58:16 GameServer: -----------------------------------------------=[ Hellbound ]
[INFO ] 2022-01-04 00:58:16 HellboundPointData: Loaded 47 trust point reward data.
[INFO ] 2022-01-04 00:58:16 HellboundSpawns: Loaded 598 Hellbound spawns.
[INFO ] 2022-01-04 00:58:16 HellboundEngine: Level 0.
[INFO ] 2022-01-04 00:58:16 HellboundEngine: Trust 0.
[INFO ] 2022-01-04 00:58:16 HellboundEngine: Status locked.
[INFO ] 2022-01-04 00:58:16 RaidBossSpawnManager: Spawning raid bosses...
[INFO ] 2022-01-04 00:58:16 RaidBossSpawnManager: Loaded 188 bosses.
[INFO ] 2022-01-04 00:58:16 RaidBossSpawnManager: Scheduled 0 boss instances.
[INFO ] 2022-01-04 00:58:16 HellboundLoader: Loaded 34 Hellbound scripts.
[INFO ] 2022-01-04 00:58:16 GameServer: --------------------------------------------------=[ Quests ]
[INFO ] 2022-01-04 00:58:21 Q00350_EnhanceYourWeapon: Loaded 54 soul crystal data.
[INFO ] 2022-01-04 00:58:21 Q00350_EnhanceYourWeapon: Loaded 240 npc leveling data.
[INFO ] 2022-01-04 00:58:21 QuestLoader: Loaded 502 quests.
[INFO ] 2022-01-04 00:58:21 AbstractScript: TerritoryWarSuperClass: Siege date: Sun Jan 09 22:00:00 ART 2022
[INFO ] 2022-01-04 00:58:21 GameServer: -------------------------------------------------=[ Scripts ]
[INFO ] 2022-01-04 00:58:22 ClanHallSiegeEngine: Fortress of the Dead siege scheduled for 2022-01-18T12:00:00.617-0300.
[INFO ] 2022-01-04 00:58:22 DiscordBot: Discord Bot is Disabled.
[INFO ] 2022-01-04 00:58:22 ClanHallSiegeEngine: Beast Farm siege scheduled for 2022-01-18T12:00:00.616-0300.
[INFO ] 2022-01-04 00:58:22 ClanHallSiegeEngine: Rainbow Springs siege scheduled for 2022-01-18T12:00:00.615-0300.
[INFO ] 2022-01-04 00:58:22 TeleporterService: Disabled.
[INFO ] 2022-01-04 00:58:22 BufferService: Disabled.
[INFO ] 2022-01-04 00:58:22 ClanHallSiegeEngine: Bandit Stronghold siege scheduled for 2022-01-18T12:00:00.613-0300.
[INFO ] 2022-01-04 00:58:22 ClanHallSiegeEngine: Devastated Castle siege scheduled for 2022-01-18T12:00:00.611-0300.
[INFO ] 2022-01-04 00:58:22 ClanHallSiegeEngine: Fortress of Resistance siege scheduled for 2022-01-18T12:00:00.431-0300.
[INFO ] 2022-01-04 00:58:27 SpawnTable: Loaded 3763 NPC spawns.
[INFO ] 2022-01-04 00:58:27 SpawnTable: Loaded 1190 NPC spawns from XML.
[INFO ] 2022-01-04 00:58:27 DayNightSpawnManager: Removed 0 day creatures.
[INFO ] 2022-01-04 00:58:27 DayNightSpawnManager: Spawned 553 night creatures.
[INFO ] 2022-01-04 00:58:27 DayNightSpawnManager: Spawning Hellman raidboss.
[INFO ] 2022-01-04 00:58:27 FourSepulchersManager: Loaded 20 Mysterious-Box spawns.
[INFO ] 2022-01-04 00:58:27 FourSepulchersManager: Loaded 716 Physical type monsters spawns.
[INFO ] 2022-01-04 00:58:27 FourSepulchersManager: Loaded 716 Magical monsters spawns.
[INFO ] 2022-01-04 00:58:27 FourSepulchersManager: Loaded 92 Church of duke monsters spawns.
[INFO ] 2022-01-04 00:58:27 FourSepulchersManager: Loaded 68 Emperor's Grave spawns.
[INFO ] 2022-01-04 00:58:27 FourSepulchersManager: Spawned Conquerors' Sepulcher Manager.
[INFO ] 2022-01-04 00:58:27 FourSepulchersManager: Spawned Emperors' Sepulcher Manager.
[INFO ] 2022-01-04 00:58:27 FourSepulchersManager: Spawned Great Sages' Sepulcher Manager.
[INFO ] 2022-01-04 00:58:27 FourSepulchersManager: Spawned Judges' Sepulcher Manager.
[INFO ] 2022-01-04 00:58:27 FourSepulchersManager: Beginning in warm-up time.
[INFO ] 2022-01-04 00:58:27 DimensionalRiftManager: Loaded 7 room types with 56 rooms.
[INFO ] 2022-01-04 00:58:27 DimensionalRiftManager: Loaded 462 Dimensional Rift spawns.
[INFO ] 2022-01-04 00:58:27 GameServer: ---------------------------------------------------=[ Siege ]
[INFO ] 2022-01-04 00:58:27 SiegeScheduleData: Loaded 2 siege schedulers.
[INFO ] 2022-01-04 00:58:27 Siege: Siege of Gludio: 2022-01-09T16:00:00.698-0300.
[INFO ] 2022-01-04 00:58:27 Siege: Siege of Dion: 2022-01-09T16:00:00.707-0300.
[INFO ] 2022-01-04 00:58:27 Siege: Siege of Giran: 2022-01-09T16:00:00.710-0300.
[INFO ] 2022-01-04 00:58:27 Siege: Siege of Oren: 2022-01-09T16:00:00.710-0300.
[INFO ] 2022-01-04 00:58:27 Siege: Siege of Aden: 2022-01-09T16:00:00.710-0300.
[INFO ] 2022-01-04 00:58:27 Siege: Siege of Innadril: 2022-01-09T20:00:00.710-0300.
[INFO ] 2022-01-04 00:58:27 Siege: Siege of Goddard: 2022-01-09T20:00:00.710-0300.
[INFO ] 2022-01-04 00:58:27 Siege: Siege of Rune: 2022-01-09T20:00:00.710-0300.
[INFO ] 2022-01-04 00:58:27 Siege: Siege of Schuttgart: 2022-01-09T20:00:00.710-0300.
[INFO ] 2022-01-04 00:58:27 FortManager: Loaded 21 fortress.
[INFO ] 2022-01-04 00:58:27 CastleManorManager: Loaded 258 seeds.
[INFO ] 2022-01-04 00:58:27 CastleManorManager: Manor data loaded.
[INFO ] 2022-01-04 00:58:27 MercTicketManager: Loaded 0 mercenary tickets.
[INFO ] 2022-01-04 00:58:27 AutoSpawnHandler: Loaded 129 handlers.
[INFO ] 2022-01-04 00:58:27 SevenSignsFestival: The first Festival of Darkness cycle begins in 2 minute(s).
[INFO ] 2022-01-04 00:58:27 FaenorEventParser: Event Id Valentines Event has passed... Ignored.
[INFO ] 2022-01-04 00:58:27 FaenorScriptEngine: Loaded Valentines.xml successfully.
[INFO ] 2022-01-04 00:58:27 TaskManager: Loaded 12 tasks.
[INFO ] 2022-01-04 00:58:27 MailManager: Successfully loaded 0 messages.
[INFO ] 2022-01-04 00:58:27 PunishmentManager: Loaded 0 active and 0 expired punishments.
[INFO ] 2022-01-04 00:58:27 GameServer: Free Object Ids remaining 1879002137.
[INFO ] 2022-01-04 00:58:27 TvTManager: Engine is disabled.
[INFO ] 2022-01-04 00:58:28 GameServer: Started, free memory 1569 Mb of 2048 Mb
[INFO ] 2022-01-04 00:58:28 LoginServerThread: Connecting to login server on 127.0.0.1:9014
[INFO ] 2022-01-04 00:58:28 LoginServerThread: Registered on login as Server 1: Bartz
[INFO ] 2022-01-04 00:58:28 GameServer: Now listening on *:7777
[INFO ] 2022-01-04 00:58:28 GameServer: ----------------------------------------------------=[ UPnP ]
[INFO ] 2022-01-04 00:58:28 UPnPService: Looking for UPnP Gateway Devices...
[INFO ] 2022-01-04 00:58:37 UPnPService: No UPnP gateways has been found.
[INFO ] 2022-01-04 00:58:37 GameServer: Telnet server is currently disabled.
[INFO ] 2022-01-04 00:58:37 GameServer: Maximum numbers of connected players 500.
[INFO ] 2022-01-04 00:58:37 GameServer: Server Bartz loaded in 53 seconds.
[INFO ] 2022-01-04 01:00:00 DayNightSpawnManager: Removed 553 night creatures.
[INFO ] 2022-01-04 01:00:00 DayNightSpawnManager: Spawned 232 day creatures.
[INFO ] 2022-01-04 01:00:00 DayNightSpawnManager: Deleting Hellman raidboss.
[WARN ] 2022-01-04 01:04:38 LoginServerThread: LoginServer not avaible, trying to reconnect...
[INFO ] 2022-01-04 01:04:39 Shutdown: UPnP Service: All ports mappings deleted (0ms).
[INFO ] 2022-01-04 01:04:39 Shutdown: All players disconnected and saved(1ms).
[INFO ] 2022-01-04 01:04:39 GameTimeController: Stopping GameTimeController
