[INFO ] 2022-01-17 10:57:59 GameServer: ------------------------------------------------=[ Database ]
[INFO ] 2022-01-17 10:57:59 GameServer: -----------------------------------=[ Network Configuration ]
[INFO ] 2022-01-17 10:57:59 IPConfigData: Using automatic network configuration.
[INFO ] 2022-01-17 10:58:00 IPConfigData: Adding new subnet: 127.0.0.0/8 address: 127.0.0.1
[INFO ] 2022-01-17 10:58:00 IPConfigData: Adding new subnet: 192.168.45.0/24 address: 192.168.45.45
[INFO ] 2022-01-17 10:58:00 IPConfigData: Adding new subnet: 0.0.0.0/0 address: 168.205.94.22
[INFO ] 2022-01-17 10:58:00 HikariDataSource: HikariPool-1 - Starting...
[INFO ] 2022-01-17 10:58:00 HikariDataSource: HikariPool-1 - Start completed.
[INFO ] 2022-01-17 10:58:00 IdFactory: Updated characters online status.
[INFO ] 2022-01-17 10:58:00 IdFactory: Cleaned up invalid weddings.
[INFO ] 2022-01-17 10:58:00 IdFactory: Cleaned 0 elements from database in 0s.
[INFO ] 2022-01-17 10:58:00 IdFactory: Cleaned 0 expired timestamps from database.
[INFO ] 2022-01-17 10:58:00 BitSetIDFactory: 205824 Ids available.
[INFO ] 2022-01-17 10:58:00 GameServer: ---------------------------------------------------=[ World ]
[INFO ] 2022-01-17 10:58:00 InstanceManager: Multiverse Instance created.
[INFO ] 2022-01-17 10:58:00 InstanceManager: Universe Instance created.
[INFO ] 2022-01-17 10:58:00 InstanceManager: Loaded 160 instance names.
[INFO ] 2022-01-17 10:58:01 L2World: 128 by 136 world region grid set up.
[INFO ] 2022-01-17 10:58:01 MapRegionManager: Loaded 57 map regions.
[INFO ] 2022-01-17 10:58:01 GlobalVariablesManager: Loaded 7 variables.
[INFO ] 2022-01-17 10:58:01 GameServer: ----------------------------------------------------=[ Data ]
[INFO ] 2022-01-17 10:58:01 CategoryData: Loaded 124 Categories.
[INFO ] 2022-01-17 10:58:01 SecondaryAuthData: Loaded 328 forbidden passwords.
[INFO ] 2022-01-17 10:58:01 GameServer: -------------------------------------------------=[ Effects ]
[INFO ] 2022-01-17 10:58:04 EffectMasterHandler: Loaded 168 effect handlers.
[INFO ] 2022-01-17 10:58:04 GameServer: ------------------------------------=[ Enchant Skill Groups ]
[INFO ] 2022-01-17 10:58:04 EnchantSkillGroupsData: Loaded 4 groups and 90 routes.
[INFO ] 2022-01-17 10:58:04 GameServer: ---------------------------------------------=[ Skill Trees ]
[INFO ] 2022-01-17 10:58:04 SkillTreesData: Loaded 17176 Class Skills for 103 Class Skill Trees.
[INFO ] 2022-01-17 10:58:04 SkillTreesData: Loaded 76 Sub-Class Skills.
[INFO ] 2022-01-17 10:58:04 SkillTreesData: Loaded 77 Transfer Skills for 3 Transfer Skill Trees.
[INFO ] 2022-01-17 10:58:04 SkillTreesData: Loaded 117 Fishing Skills, 8 Dwarven only Fishing Skills.
[INFO ] 2022-01-17 10:58:04 SkillTreesData: Loaded 3 Collect Skills.
[INFO ] 2022-01-17 10:58:04 SkillTreesData: Loaded 74 Pledge Skills, 44 for Pledge and 30 Residential.
[INFO ] 2022-01-17 10:58:04 SkillTreesData: Loaded 18 Sub-Pledge Skills.
[INFO ] 2022-01-17 10:58:04 SkillTreesData: Loaded 32 Transform Skills.
[INFO ] 2022-01-17 10:58:04 SkillTreesData: Loaded 8 Noble Skills.
[INFO ] 2022-01-17 10:58:04 SkillTreesData: Loaded 5 Hero Skills.
[INFO ] 2022-01-17 10:58:04 SkillTreesData: Loaded 46 Game Master Skills.
[INFO ] 2022-01-17 10:58:04 SkillTreesData: Loaded 46 Game Master Aura Skills.
[INFO ] 2022-01-17 10:58:04 GameServer: --------------------------------------------------=[ Skills ]
[INFO ] 2022-01-17 10:58:16 DocumentEngine: Loaded 65976 skill templates from XML files.
[INFO ] 2022-01-17 10:58:17 SummonSkillsTable: Loaded 1891 summon skills.
[INFO ] 2022-01-17 10:58:17 GameServer: ---------------------------------------------------=[ Items ]
[INFO ] 2022-01-17 10:58:17 ItemTable: Highest item Id used 22567.
[INFO ] 2022-01-17 10:58:17 ItemTable: Loaded 11481 Etc items.
[INFO ] 2022-01-17 10:58:17 ItemTable: Loaded 3825 Armor items.
[INFO ] 2022-01-17 10:58:17 ItemTable: Loaded 3893 Weapon items.
[INFO ] 2022-01-17 10:58:17 ItemTable: Loaded 19199 items in total.
[INFO ] 2022-01-17 10:58:17 EnchantItemGroupsData: Loaded 4 item group templates.
[INFO ] 2022-01-17 10:58:17 EnchantItemGroupsData: Loaded 1 scroll group templates.
[WARN ] 2022-01-17 10:58:17 EnchantItemData: Wrong enchant scroll item type: 731 defined in enchant data!
[WARN ] 2022-01-17 10:58:17 EnchantItemData: Wrong enchant scroll item type: 949 defined in enchant data!
[WARN ] 2022-01-17 10:58:17 EnchantItemData: Wrong enchant scroll item type: 953 defined in enchant data!
[WARN ] 2022-01-17 10:58:17 EnchantItemData: Wrong enchant scroll item type: 957 defined in enchant data!
[WARN ] 2022-01-17 10:58:17 EnchantItemData: Wrong enchant scroll item type: 961 defined in enchant data!
[WARN ] 2022-01-17 10:58:17 EnchantItemData: Wrong enchant scroll item type: 732 defined in enchant data!
[WARN ] 2022-01-17 10:58:17 EnchantItemData: Wrong enchant scroll item type: 950 defined in enchant data!
[WARN ] 2022-01-17 10:58:17 EnchantItemData: Wrong enchant scroll item type: 954 defined in enchant data!
[WARN ] 2022-01-17 10:58:17 EnchantItemData: Wrong enchant scroll item type: 958 defined in enchant data!
[WARN ] 2022-01-17 10:58:17 EnchantItemData: Wrong enchant scroll item type: 962 defined in enchant data!
[INFO ] 2022-01-17 10:58:17 EnchantItemData: Loaded 63 enchant scrolls.
[INFO ] 2022-01-17 10:58:17 EnchantItemData: Loaded 20 support items.
[INFO ] 2022-01-17 10:58:17 EnchantItemOptionsData: Loaded 23 items and 1093 options.
[INFO ] 2022-01-17 10:58:18 OptionData: Loaded 24985 item options.
[INFO ] 2022-01-17 10:58:18 EnchantItemHPBonusData: Loaded 6 Enchant HP Bonuses.
[INFO ] 2022-01-17 10:58:18 MerchantPriceConfigTable: Loaded 28 merchant price configs.
[WARN ] 2022-01-17 10:58:19 IXmlReader: BuyListData: Folder C:\opt\l2j\server\game\data\buylists\custom doesn't exist!
[INFO ] 2022-01-17 10:58:19 BuyListData: Loaded 760 buy lists.
[INFO ] 2022-01-17 10:58:19 MultisellData: Loaded 308 multisell lists.
[INFO ] 2022-01-17 10:58:19 RecipeData: Loaded 1000 recipes.
[INFO ] 2022-01-17 10:58:19 ArmorSetsData: Loaded 204 armor sets.
[INFO ] 2022-01-17 10:58:19 FishData: Loaded 278 fish.
[INFO ] 2022-01-17 10:58:19 FishingMonstersData: Loaded 8 fishing monsters.
[INFO ] 2022-01-17 10:58:19 FishingRodsData: Loaded 6 fishing rods.
[INFO ] 2022-01-17 10:58:19 HennaData: Loaded 180 Henna data.
[INFO ] 2022-01-17 10:58:19 GameServer: ----------------------------------------------=[ Characters ]
[INFO ] 2022-01-17 10:58:19 ClassListData: Loaded 107 class data.
[INFO ] 2022-01-17 10:58:19 InitialEquipmentData: Loaded 11 initial equipment data.
[INFO ] 2022-01-17 10:58:19 InitialShortcutData: Loaded 5 initial dlobal shortcuts data.
[INFO ] 2022-01-17 10:58:19 InitialShortcutData: Loaded 4 initial shortcuts data.
[INFO ] 2022-01-17 10:58:19 InitialShortcutData: Loaded 0 macros presets.
[INFO ] 2022-01-17 10:58:19 KarmaData: Loaded 85 karma modifiers.
[INFO ] 2022-01-17 10:58:19 HitConditionBonusData: Loaded Hit Condition bonuses.
[INFO ] 2022-01-17 10:58:19 PlayerTemplateData: Loaded 103 character templates.
[INFO ] 2022-01-17 10:58:19 PlayerTemplateData: Loaded 52530 level up gain records.
[INFO ] 2022-01-17 10:58:19 PlayerCreationPointData: Loaded 62 character creation points.
[INFO ] 2022-01-17 10:58:19 CharNameTable: Loaded 5 char names.
[INFO ] 2022-01-17 10:58:19 AdminData: Loaded 10 access levels.
[INFO ] 2022-01-17 10:58:19 AdminData: Loaded 444 access commands.
[INFO ] 2022-01-17 10:58:20 RaidBossPointsManager: Loaded 0 characters raid points.
[INFO ] 2022-01-17 10:58:20 PetDataTable: Loaded 52 Pets.
[INFO ] 2022-01-17 10:58:20 GameServer: -----------------------------------------------------=[ BBS ]
[INFO ] 2022-01-17 10:58:20 ForumsBBSManager: Loaded 5 forums.
[INFO ] 2022-01-17 10:58:20 GameServer: ---------------------------------------------------=[ Clans ]
[INFO ] 2022-01-17 10:58:20 ClanTable: Restored 1 clans from the database.
[INFO ] 2022-01-17 10:58:20 AuctionManager: Loaded 38 auction(s).
[INFO ] 2022-01-17 10:58:20 ClanHallManager: Loaded 0 clan halls.
[INFO ] 2022-01-17 10:58:20 ClanHallManager: Loaded 38 free clan halls.
[INFO ] 2022-01-17 10:58:20 ClanHallSiegeManager: Loaded 6 conquerable clan halls.
[INFO ] 2022-01-17 10:58:20 GameServer: -------------------------------------------------=[ Geodata ]
[INFO ] 2022-01-17 10:58:20 GeoData: Loading 11_23.l2j...
[INFO ] 2022-01-17 10:58:20 GeoData: Loading 11_24.l2j...
[INFO ] 2022-01-17 10:58:20 GeoData: Loading 11_25.l2j...
[INFO ] 2022-01-17 10:58:20 GeoData: Loading 11_26.l2j...
[INFO ] 2022-01-17 10:58:20 GeoData: Loading 12_23.l2j...
[INFO ] 2022-01-17 10:58:20 GeoData: Loading 12_24.l2j...
[INFO ] 2022-01-17 10:58:20 GeoData: Loading 12_25.l2j...
[INFO ] 2022-01-17 10:58:20 GeoData: Loading 12_26.l2j...
[INFO ] 2022-01-17 10:58:20 GeoData: Loading 13_21.l2j...
[INFO ] 2022-01-17 10:58:20 GeoData: Loading 13_22.l2j...
[INFO ] 2022-01-17 10:58:20 GeoData: Loading 13_23.l2j...
[INFO ] 2022-01-17 10:58:20 GeoData: Loading 13_24.l2j...
[INFO ] 2022-01-17 10:58:20 GeoData: Loading 13_25.l2j...
[INFO ] 2022-01-17 10:58:20 GeoData: Loading 13_26.l2j...
[INFO ] 2022-01-17 10:58:20 GeoData: Loading 14_21.l2j...
[INFO ] 2022-01-17 10:58:20 GeoData: Loading 14_22.l2j...
[INFO ] 2022-01-17 10:58:20 GeoData: Loading 14_23.l2j...
[INFO ] 2022-01-17 10:58:20 GeoData: Loading 14_24.l2j...
[INFO ] 2022-01-17 10:58:20 GeoData: Loading 14_25.l2j...
[INFO ] 2022-01-17 10:58:20 GeoData: Loading 14_26.l2j...
[INFO ] 2022-01-17 10:58:20 GeoData: Loading 15_10.l2j...
[INFO ] 2022-01-17 10:58:20 GeoData: Loading 15_11.l2j...
[INFO ] 2022-01-17 10:58:20 GeoData: Loading 15_12.l2j...
[INFO ] 2022-01-17 10:58:20 GeoData: Loading 15_18.l2j...
[INFO ] 2022-01-17 10:58:20 GeoData: Loading 15_19.l2j...
[INFO ] 2022-01-17 10:58:20 GeoData: Loading 15_20.l2j...
[INFO ] 2022-01-17 10:58:20 GeoData: Loading 15_21.l2j...
[INFO ] 2022-01-17 10:58:20 GeoData: Loading 15_22.l2j...
[INFO ] 2022-01-17 10:58:20 GeoData: Loading 15_23.l2j...
[INFO ] 2022-01-17 10:58:20 GeoData: Loading 15_24.l2j...
[INFO ] 2022-01-17 10:58:20 GeoData: Loading 15_25.l2j...
[INFO ] 2022-01-17 10:58:20 GeoData: Loading 15_26.l2j...
[INFO ] 2022-01-17 10:58:20 GeoData: Loading 16_10.l2j...
[INFO ] 2022-01-17 10:58:20 GeoData: Loading 16_11.l2j...
[INFO ] 2022-01-17 10:58:20 GeoData: Loading 16_12.l2j...
[INFO ] 2022-01-17 10:58:20 GeoData: Loading 16_13.l2j...
[INFO ] 2022-01-17 10:58:20 GeoData: Loading 16_14.l2j...
[INFO ] 2022-01-17 10:58:20 GeoData: Loading 16_15.l2j...
[INFO ] 2022-01-17 10:58:20 GeoData: Loading 16_16.l2j...
[INFO ] 2022-01-17 10:58:20 GeoData: Loading 16_17.l2j...
[INFO ] 2022-01-17 10:58:20 GeoData: Loading 16_18.l2j...
[INFO ] 2022-01-17 10:58:20 GeoData: Loading 16_19.l2j...
[INFO ] 2022-01-17 10:58:20 GeoData: Loading 16_20.l2j...
[INFO ] 2022-01-17 10:58:20 GeoData: Loading 16_21.l2j...
[INFO ] 2022-01-17 10:58:20 GeoData: Loading 16_22.l2j...
[INFO ] 2022-01-17 10:58:20 GeoData: Loading 16_23.l2j...
[INFO ] 2022-01-17 10:58:20 GeoData: Loading 16_24.l2j...
[INFO ] 2022-01-17 10:58:20 GeoData: Loading 16_25.l2j...
[INFO ] 2022-01-17 10:58:20 GeoData: Loading 16_26.l2j...
[INFO ] 2022-01-17 10:58:20 GeoData: Loading 17_10.l2j...
[INFO ] 2022-01-17 10:58:20 GeoData: Loading 17_11.l2j...
[INFO ] 2022-01-17 10:58:20 GeoData: Loading 17_12.l2j...
[INFO ] 2022-01-17 10:58:20 GeoData: Loading 17_13.l2j...
[INFO ] 2022-01-17 10:58:20 GeoData: Loading 17_14.l2j...
[INFO ] 2022-01-17 10:58:20 GeoData: Loading 17_15.l2j...
[INFO ] 2022-01-17 10:58:20 GeoData: Loading 17_16.l2j...
[INFO ] 2022-01-17 10:58:20 GeoData: Loading 17_17.l2j...
[INFO ] 2022-01-17 10:58:20 GeoData: Loading 17_18.l2j...
[INFO ] 2022-01-17 10:58:20 GeoData: Loading 17_19.l2j...
[INFO ] 2022-01-17 10:58:21 GeoData: Loading 17_20.l2j...
[INFO ] 2022-01-17 10:58:21 GeoData: Loading 17_21.l2j...
[INFO ] 2022-01-17 10:58:21 GeoData: Loading 17_22.l2j...
[INFO ] 2022-01-17 10:58:21 GeoData: Loading 17_23.l2j...
[INFO ] 2022-01-17 10:58:21 GeoData: Loading 17_24.l2j...
[INFO ] 2022-01-17 10:58:21 GeoData: Loading 17_25.l2j...
[INFO ] 2022-01-17 10:58:21 GeoData: Loading 17_26.l2j...
[INFO ] 2022-01-17 10:58:21 GeoData: Loading 18_10.l2j...
[INFO ] 2022-01-17 10:58:21 GeoData: Loading 18_11.l2j...
[INFO ] 2022-01-17 10:58:21 GeoData: Loading 18_12.l2j...
[INFO ] 2022-01-17 10:58:21 GeoData: Loading 18_13.l2j...
[INFO ] 2022-01-17 10:58:21 GeoData: Loading 18_14.l2j...
[INFO ] 2022-01-17 10:58:21 GeoData: Loading 18_15.l2j...
[INFO ] 2022-01-17 10:58:21 GeoData: Loading 18_16.l2j...
[INFO ] 2022-01-17 10:58:21 GeoData: Loading 18_17.l2j...
[INFO ] 2022-01-17 10:58:21 GeoData: Loading 18_18.l2j...
[INFO ] 2022-01-17 10:58:21 GeoData: Loading 18_19.l2j...
[INFO ] 2022-01-17 10:58:21 GeoData: Loading 18_20.l2j...
[INFO ] 2022-01-17 10:58:21 GeoData: Loading 18_21.l2j...
[INFO ] 2022-01-17 10:58:21 GeoData: Loading 18_22.l2j...
[INFO ] 2022-01-17 10:58:21 GeoData: Loading 18_23.l2j...
[INFO ] 2022-01-17 10:58:21 GeoData: Loading 18_24.l2j...
[INFO ] 2022-01-17 10:58:21 GeoData: Loading 18_25.l2j...
[INFO ] 2022-01-17 10:58:21 GeoData: Loading 18_26.l2j...
[INFO ] 2022-01-17 10:58:21 GeoData: Loading 19_10.l2j...
[INFO ] 2022-01-17 10:58:21 GeoData: Loading 19_11.l2j...
[INFO ] 2022-01-17 10:58:21 GeoData: Loading 19_12.l2j...
[INFO ] 2022-01-17 10:58:21 GeoData: Loading 19_13.l2j...
[INFO ] 2022-01-17 10:58:21 GeoData: Loading 19_14.l2j...
[INFO ] 2022-01-17 10:58:21 GeoData: Loading 19_15.l2j...
[INFO ] 2022-01-17 10:58:21 GeoData: Loading 19_16.l2j...
[INFO ] 2022-01-17 10:58:21 GeoData: Loading 19_17.l2j...
[INFO ] 2022-01-17 10:58:21 GeoData: Loading 19_18.l2j...
[INFO ] 2022-01-17 10:58:21 GeoData: Loading 19_19.l2j...
[INFO ] 2022-01-17 10:58:21 GeoData: Loading 19_20.l2j...
[INFO ] 2022-01-17 10:58:21 GeoData: Loading 19_21.l2j...
[INFO ] 2022-01-17 10:58:21 GeoData: Loading 19_22.l2j...
[INFO ] 2022-01-17 10:58:21 GeoData: Loading 19_23.l2j...
[INFO ] 2022-01-17 10:58:21 GeoData: Loading 19_24.l2j...
[INFO ] 2022-01-17 10:58:21 GeoData: Loading 19_25.l2j...
[INFO ] 2022-01-17 10:58:21 GeoData: Loading 19_26.l2j...
[INFO ] 2022-01-17 10:58:21 GeoData: Loading 20_10.l2j...
[INFO ] 2022-01-17 10:58:21 GeoData: Loading 20_11.l2j...
[INFO ] 2022-01-17 10:58:21 GeoData: Loading 20_12.l2j...
[INFO ] 2022-01-17 10:58:21 GeoData: Loading 20_13.l2j...
[INFO ] 2022-01-17 10:58:21 GeoData: Loading 20_14.l2j...
[INFO ] 2022-01-17 10:58:21 GeoData: Loading 20_15.l2j...
[INFO ] 2022-01-17 10:58:21 GeoData: Loading 20_16.l2j...
[INFO ] 2022-01-17 10:58:21 GeoData: Loading 20_17.l2j...
[INFO ] 2022-01-17 10:58:21 GeoData: Loading 20_18.l2j...
[INFO ] 2022-01-17 10:58:21 GeoData: Loading 20_19.l2j...
[INFO ] 2022-01-17 10:58:21 GeoData: Loading 20_20.l2j...
[INFO ] 2022-01-17 10:58:21 GeoData: Loading 20_21.l2j...
[INFO ] 2022-01-17 10:58:21 GeoData: Loading 20_22.l2j...
[INFO ] 2022-01-17 10:58:21 GeoData: Loading 20_23.l2j...
[INFO ] 2022-01-17 10:58:21 GeoData: Loading 20_24.l2j...
[INFO ] 2022-01-17 10:58:21 GeoData: Loading 20_25.l2j...
[INFO ] 2022-01-17 10:58:21 GeoData: Loading 20_26.l2j...
[INFO ] 2022-01-17 10:58:21 GeoData: Loading 21_10.l2j...
[INFO ] 2022-01-17 10:58:21 GeoData: Loading 21_11.l2j...
[INFO ] 2022-01-17 10:58:21 GeoData: Loading 21_12.l2j...
[INFO ] 2022-01-17 10:58:21 GeoData: Loading 21_13.l2j...
[INFO ] 2022-01-17 10:58:21 GeoData: Loading 21_14.l2j...
[INFO ] 2022-01-17 10:58:21 GeoData: Loading 21_15.l2j...
[INFO ] 2022-01-17 10:58:21 GeoData: Loading 21_16.l2j...
[INFO ] 2022-01-17 10:58:21 GeoData: Loading 21_17.l2j...
[INFO ] 2022-01-17 10:58:21 GeoData: Loading 21_18.l2j...
[INFO ] 2022-01-17 10:58:21 GeoData: Loading 21_19.l2j...
[INFO ] 2022-01-17 10:58:21 GeoData: Loading 21_20.l2j...
[INFO ] 2022-01-17 10:58:21 GeoData: Loading 21_21.l2j...
[INFO ] 2022-01-17 10:58:21 GeoData: Loading 21_22.l2j...
[INFO ] 2022-01-17 10:58:21 GeoData: Loading 21_23.l2j...
[INFO ] 2022-01-17 10:58:21 GeoData: Loading 21_24.l2j...
[INFO ] 2022-01-17 10:58:21 GeoData: Loading 21_25.l2j...
[INFO ] 2022-01-17 10:58:21 GeoData: Loading 22_10.l2j...
[INFO ] 2022-01-17 10:58:21 GeoData: Loading 22_11.l2j...
[INFO ] 2022-01-17 10:58:21 GeoData: Loading 22_12.l2j...
[INFO ] 2022-01-17 10:58:21 GeoData: Loading 22_13.l2j...
[INFO ] 2022-01-17 10:58:21 GeoData: Loading 22_14.l2j...
[INFO ] 2022-01-17 10:58:21 GeoData: Loading 22_15.l2j...
[INFO ] 2022-01-17 10:58:21 GeoData: Loading 22_16.l2j...
[INFO ] 2022-01-17 10:58:21 GeoData: Loading 22_17.l2j...
[INFO ] 2022-01-17 10:58:21 GeoData: Loading 22_18.l2j...
[INFO ] 2022-01-17 10:58:21 GeoData: Loading 22_19.l2j...
[INFO ] 2022-01-17 10:58:21 GeoData: Loading 22_20.l2j...
[INFO ] 2022-01-17 10:58:21 GeoData: Loading 22_21.l2j...
[INFO ] 2022-01-17 10:58:21 GeoData: Loading 22_22.l2j...
[INFO ] 2022-01-17 10:58:21 GeoData: Loading 22_23.l2j...
[INFO ] 2022-01-17 10:58:21 GeoData: Loading 22_24.l2j...
[INFO ] 2022-01-17 10:58:21 GeoData: Loading 22_25.l2j...
[INFO ] 2022-01-17 10:58:21 GeoData: Loading 22_26.l2j...
[INFO ] 2022-01-17 10:58:21 GeoData: Loading 23_10.l2j...
[INFO ] 2022-01-17 10:58:21 GeoData: Loading 23_11.l2j...
[INFO ] 2022-01-17 10:58:21 GeoData: Loading 23_12.l2j...
[INFO ] 2022-01-17 10:58:21 GeoData: Loading 23_13.l2j...
[INFO ] 2022-01-17 10:58:21 GeoData: Loading 23_14.l2j...
[INFO ] 2022-01-17 10:58:21 GeoData: Loading 23_15.l2j...
[INFO ] 2022-01-17 10:58:21 GeoData: Loading 23_16.l2j...
[INFO ] 2022-01-17 10:58:21 GeoData: Loading 23_17.l2j...
[INFO ] 2022-01-17 10:58:21 GeoData: Loading 23_18.l2j...
[INFO ] 2022-01-17 10:58:21 GeoData: Loading 23_19.l2j...
[INFO ] 2022-01-17 10:58:21 GeoData: Loading 23_20.l2j...
[INFO ] 2022-01-17 10:58:21 GeoData: Loading 23_21.l2j...
[INFO ] 2022-01-17 10:58:21 GeoData: Loading 23_22.l2j...
[INFO ] 2022-01-17 10:58:21 GeoData: Loading 23_23.l2j...
[INFO ] 2022-01-17 10:58:21 GeoData: Loading 23_24.l2j...
[INFO ] 2022-01-17 10:58:21 GeoData: Loading 23_25.l2j...
[INFO ] 2022-01-17 10:58:21 GeoData: Loading 23_26.l2j...
[INFO ] 2022-01-17 10:58:21 GeoData: Loading 24_10.l2j...
[INFO ] 2022-01-17 10:58:21 GeoData: Loading 24_11.l2j...
[INFO ] 2022-01-17 10:58:21 GeoData: Loading 24_12.l2j...
[INFO ] 2022-01-17 10:58:21 GeoData: Loading 24_13.l2j...
[INFO ] 2022-01-17 10:58:22 GeoData: Loading 24_14.l2j...
[INFO ] 2022-01-17 10:58:22 GeoData: Loading 24_15.l2j...
[INFO ] 2022-01-17 10:58:22 GeoData: Loading 24_16.l2j...
[INFO ] 2022-01-17 10:58:22 GeoData: Loading 24_17.l2j...
[INFO ] 2022-01-17 10:58:22 GeoData: Loading 24_18.l2j...
[INFO ] 2022-01-17 10:58:22 GeoData: Loading 24_19.l2j...
[INFO ] 2022-01-17 10:58:22 GeoData: Loading 24_20.l2j...
[INFO ] 2022-01-17 10:58:22 GeoData: Loading 24_21.l2j...
[INFO ] 2022-01-17 10:58:22 GeoData: Loading 24_22.l2j...
[INFO ] 2022-01-17 10:58:22 GeoData: Loading 24_23.l2j...
[INFO ] 2022-01-17 10:58:22 GeoData: Loading 24_24.l2j...
[INFO ] 2022-01-17 10:58:22 GeoData: Loading 24_25.l2j...
[INFO ] 2022-01-17 10:58:22 GeoData: Loading 24_26.l2j...
[INFO ] 2022-01-17 10:58:22 GeoData: Loading 25_10.l2j...
[INFO ] 2022-01-17 10:58:22 GeoData: Loading 25_11.l2j...
[INFO ] 2022-01-17 10:58:22 GeoData: Loading 25_12.l2j...
[INFO ] 2022-01-17 10:58:22 GeoData: Loading 25_14.l2j...
[INFO ] 2022-01-17 10:58:22 GeoData: Loading 25_15.l2j...
[INFO ] 2022-01-17 10:58:22 GeoData: Loading 25_16.l2j...
[INFO ] 2022-01-17 10:58:22 GeoData: Loading 25_17.l2j...
[INFO ] 2022-01-17 10:58:22 GeoData: Loading 25_18.l2j...
[INFO ] 2022-01-17 10:58:22 GeoData: Loading 25_19.l2j...
[INFO ] 2022-01-17 10:58:22 GeoData: Loading 25_20.l2j...
[INFO ] 2022-01-17 10:58:22 GeoData: Loading 25_21.l2j...
[INFO ] 2022-01-17 10:58:22 GeoData: Loading 25_22.l2j...
[INFO ] 2022-01-17 10:58:22 GeoData: Loading 25_23.l2j...
[INFO ] 2022-01-17 10:58:22 GeoData: Loading 25_24.l2j...
[INFO ] 2022-01-17 10:58:22 GeoData: Loading 26_11.l2j...
[INFO ] 2022-01-17 10:58:22 GeoData: Loading 26_12.l2j...
[INFO ] 2022-01-17 10:58:22 GeoData: Loading 26_14.l2j...
[INFO ] 2022-01-17 10:58:22 GeoData: Loading 26_15.l2j...
[INFO ] 2022-01-17 10:58:22 GeoData: Loading 26_16.l2j...
[INFO ] 2022-01-17 10:58:22 GeoData: Loaded 203 regions.
[INFO ] 2022-01-17 10:58:22 GameServer: ----------------------------------------------------=[ NPCs ]
[INFO ] 2022-01-17 10:58:22 SkillLearnData: Loaded 256 skill learn data.
[INFO ] 2022-01-17 10:58:22 NpcData$MinionData: Loaded 128 minions data.
[INFO ] 2022-01-17 10:58:25 NpcData: Loaded 10461 NPCs.
[INFO ] 2022-01-17 10:58:25 NpcData: Loaded 14 custom NPCs.
[INFO ] 2022-01-17 10:58:25 WalkingManager: Loaded 127 walking routes.
[INFO ] 2022-01-17 10:58:25 StaticObjectData: Loaded 51 static object templates.
[INFO ] 2022-01-17 10:58:25 GrandBossManager: Queen Ant (29001) status is 0.
[INFO ] 2022-01-17 10:58:25 GrandBossManager: Core (29006) status is 0.
[INFO ] 2022-01-17 10:58:25 GrandBossManager: Orfen (29014) status is 0.
[INFO ] 2022-01-17 10:58:25 GrandBossManager: Baium (29020) status is 0.
[INFO ] 2022-01-17 10:58:25 GrandBossManager: Valakas (29028) status is 0.
[INFO ] 2022-01-17 10:58:25 GrandBossManager: Antharas (29068) status is 0.
[INFO ] 2022-01-17 10:58:25 GrandBossManager: Beleth (29118) status is 0.
[INFO ] 2022-01-17 10:58:25 GrandBossManager: Loaded 7 grand boss instances.
[INFO ] 2022-01-17 10:58:26 DoorData: Loaded 1301 door templates for 22 regions.
[INFO ] 2022-01-17 10:58:28 ZoneManager: Loaded 28 zone classes and 2794 zones.
[INFO ] 2022-01-17 10:58:28 ZoneManager: Loaded 0 NPC spawn territoriers.
[INFO ] 2022-01-17 10:58:28 CastleManager: Loaded 9 castles.
[INFO ] 2022-01-17 10:58:28 NpcBufferTable: Loaded 2 buffers and 64 skills.
[INFO ] 2022-01-17 10:58:28 GrandBossManager: Initialized 12 grand boss zones.
[INFO ] 2022-01-17 10:58:28 GameServer: -----------------------------------------=[ Auction Manager ]
[INFO ] 2022-01-17 10:58:28 ItemAuctionInstance: Loaded 82 item(s) and registered 3 auction(s) for NPC ID 32320.
[INFO ] 2022-01-17 10:58:28 ItemAuctionInstance: Schedule next auction ID 8 on 17:00:00 21.01.22 for NPC ID 32320.
[INFO ] 2022-01-17 10:58:28 ItemAuctionInstance: Loaded 82 item(s) and registered 2 auction(s) for NPC ID 32321.
[INFO ] 2022-01-17 10:58:28 ItemAuctionInstance: Schedule next auction ID 6 on 17:00:00 17.01.22 for NPC ID 32321.
[INFO ] 2022-01-17 10:58:28 ItemAuctionInstance: Loaded 82 item(s) and registered 3 auction(s) for NPC ID 32322.
[INFO ] 2022-01-17 10:58:28 ItemAuctionInstance: Schedule next auction ID 7 on 17:00:00 19.01.22 for NPC ID 32322.
[INFO ] 2022-01-17 10:58:28 ItemAuctionManager: Loaded 3 auction manager instance(s).
[INFO ] 2022-01-17 10:58:28 GameServer: ------------------------------------------------=[ Olympiad ]
[INFO ] 2022-01-17 10:58:28 Olympiad: Loading Olympiad System....
[INFO ] 2022-01-17 10:58:28 Olympiad: Currently in Olympiad Period
[INFO ] 2022-01-17 10:58:28 Olympiad: 21661 minutes until period ends
[INFO ] 2022-01-17 10:58:28 Olympiad: Next weekly change is in 1896 minutes
[INFO ] 2022-01-17 10:58:28 Olympiad: Loaded 0 Nobles
[INFO ] 2022-01-17 10:58:28 Olympiad: Competition Period Starts in 0 days, 7 hours and 2 mins.
[INFO ] 2022-01-17 10:58:28 Olympiad: Event starts/started : Mon Jan 17 18:00:28 ART 2022
[INFO ] 2022-01-17 10:58:28 Hero: Loaded 0 Heroes.
[INFO ] 2022-01-17 10:58:28 Hero: Loaded 0 all time Heroes.
[INFO ] 2022-01-17 10:58:28 GameServer: ---------------------------------------------=[ Seven Signs ]
[INFO ] 2022-01-17 10:58:28 SevenSigns: Currently in the Seal Validation period.
[INFO ] 2022-01-17 10:58:28 SevenSigns: The Seal of Avarice remains unclaimed.
[INFO ] 2022-01-17 10:58:28 SevenSigns: The Seal of Gnosis remains unclaimed.
[INFO ] 2022-01-17 10:58:28 SevenSigns: The Seal of Strife remains unclaimed.
[INFO ] 2022-01-17 10:58:28 SevenSigns: The competition ended with a tie last week.
[INFO ] 2022-01-17 10:58:28 SevenSigns: Next period change set to 2022-01-17T18:00:28.700-0300.
[INFO ] 2022-01-17 10:58:28 SevenSigns: Next period begins in 0 days, 7 hours and 2 mins.
[INFO ] 2022-01-17 10:58:28 GameServer: ---------------------------------------------------=[ Cache ]
[INFO ] 2022-01-17 10:58:28 HtmCache: Running lazy cache.
[INFO ] 2022-01-17 10:58:28 CrestTable: Loaded 1 crests.
[INFO ] 2022-01-17 10:58:28 TeleportLocationTable: Loaded 1220 teleport location templates.
[INFO ] 2022-01-17 10:58:28 UIData: Loaded 4 keys 5 categories.
[INFO ] 2022-01-17 10:58:28 AugmentationData: Loaded 33960 augmentations.
[INFO ] 2022-01-17 10:58:28 AugmentationData: Loaded 2754 accessory augmentations.
[INFO ] 2022-01-17 10:58:28 CursedWeaponsManager: Loaded 2 cursed weapon(s).
[INFO ] 2022-01-17 10:58:29 TransformData: Loaded 111 transform templates.
[INFO ] 2022-01-17 10:58:29 BotReportTable: Loaded 0 bot reports.
[INFO ] 2022-01-17 10:58:29 AirShipManager: Loaded 0 private airships.
[INFO ] 2022-01-17 10:58:29 GameServer: ------------------------------------------------=[ Handlers ]
[INFO ] 2022-01-17 10:58:32 MasterHandler: Loaded 8 Voiced Command Handler.
[INFO ] 2022-01-17 10:58:32 MasterHandler: Loaded 10 Action Handler.
[INFO ] 2022-01-17 10:58:32 MasterHandler: Loaded 6 Action Shift Handler.
[INFO ] 2022-01-17 10:58:32 MasterHandler: Loaded 447 Admin Command Handler.
[INFO ] 2022-01-17 10:58:32 MasterHandler: Loaded 48 Bypass Handler.
[INFO ] 2022-01-17 10:58:32 MasterHandler: Loaded 14 Chat Handler.
[INFO ] 2022-01-17 10:58:32 MasterHandler: Loaded 15 Community Board Handler.
[INFO ] 2022-01-17 10:58:32 MasterHandler: Loaded 31 Item Handler.
[INFO ] 2022-01-17 10:58:32 MasterHandler: Loaded 3 Punishment Handler.
[INFO ] 2022-01-17 10:58:32 MasterHandler: Loaded 17 User Command Handler.
[INFO ] 2022-01-17 10:58:32 MasterHandler: Loaded 20 Telnet Handler.
[INFO ] 2022-01-17 10:58:32 GameServer: ------------------------------------------------------=[ AI ]
[INFO ] 2022-01-17 10:58:34 NpcBuffersData: Loaded 33 buffers data.
[INFO ] 2022-01-17 10:58:34 HandysBlockCheckerEvent: Loaded Handy's Block Checker event.
[INFO ] 2022-01-17 10:58:34 AILoader: Loaded 179 AI scripts.
[INFO ] 2022-01-17 10:58:34 GameServer: -----------------------------------------------=[ Instances ]
[INFO ] 2022-01-17 10:58:35 InstanceLoader: Loaded 30 instnaces.
[INFO ] 2022-01-17 10:58:35 GameServer: --------------------------------------------------=[ Gracia ]
[INFO ] 2022-01-17 10:58:36 GraciaLoader: Loaded 28 Gracia scripts.
[INFO ] 2022-01-17 10:58:36 GameServer: -----------------------------------------------=[ Hellbound ]
[INFO ] 2022-01-17 10:58:36 HellboundPointData: Loaded 47 trust point reward data.
[INFO ] 2022-01-17 10:58:36 HellboundSpawns: Loaded 598 Hellbound spawns.
[INFO ] 2022-01-17 10:58:36 HellboundEngine: Level 0.
[INFO ] 2022-01-17 10:58:36 HellboundEngine: Trust 0.
[INFO ] 2022-01-17 10:58:36 HellboundEngine: Status locked.
[INFO ] 2022-01-17 10:58:36 RaidBossSpawnManager: Spawning raid bosses...
[INFO ] 2022-01-17 10:58:36 RaidBossSpawnManager: Loaded 187 bosses.
[INFO ] 2022-01-17 10:58:36 RaidBossSpawnManager: Scheduled 0 boss instances.
[INFO ] 2022-01-17 10:58:36 HellboundLoader: Loaded 34 Hellbound scripts.
[INFO ] 2022-01-17 10:58:36 GameServer: --------------------------------------------------=[ Quests ]
[INFO ] 2022-01-17 10:58:40 Q00350_EnhanceYourWeapon: Loaded 54 soul crystal data.
[INFO ] 2022-01-17 10:58:40 Q00350_EnhanceYourWeapon: Loaded 240 npc leveling data.
[INFO ] 2022-01-17 10:58:40 QuestLoader: Loaded 502 quests.
[INFO ] 2022-01-17 10:58:41 AbstractScript: TerritoryWarSuperClass: Siege date: Sun Jan 23 22:00:00 ART 2022
[INFO ] 2022-01-17 10:58:41 GameServer: -------------------------------------------------=[ Scripts ]
[INFO ] 2022-01-17 10:58:42 ClanHallSiegeEngine: Fortress of the Dead siege scheduled for 2022-01-18T12:00:00.617-0300.
[INFO ] 2022-01-17 10:58:42 DiscordBot: Discord Bot is Disabled.
[INFO ] 2022-01-17 10:58:42 ClanHallSiegeEngine: Beast Farm siege scheduled for 2022-01-18T12:00:00.616-0300.
[INFO ] 2022-01-17 10:58:42 ClanHallSiegeEngine: Rainbow Springs siege scheduled for 2022-01-18T12:00:00.615-0300.
[INFO ] 2022-01-17 10:58:42 TeleporterService: Disabled.
[INFO ] 2022-01-17 10:58:42 BufferService: Loading...
[INFO ] 2022-01-17 10:58:42 ClanHallSiegeEngine: Bandit Stronghold siege scheduled for 2022-01-18T12:00:00.613-0300.
[INFO ] 2022-01-17 10:58:42 ClanHallSiegeEngine: Devastated Castle siege scheduled for 2022-01-18T12:00:00.611-0300.
[INFO ] 2022-01-17 10:58:42 ClanHallSiegeEngine: Fortress of Resistance siege scheduled for 2022-01-18T12:00:00.431-0300.
[INFO ] 2022-01-17 10:58:51 SpawnTable: Loaded 3761 NPC spawns.
[WARN ] 2022-01-17 10:58:51 SpawnTable: Data missing in NPC table for ID 1000004!
[INFO ] 2022-01-17 10:58:51 SpawnTable: Loaded 8 custom NPC spawns.
[INFO ] 2022-01-17 10:58:51 SpawnTable: Loaded 1190 NPC spawns from XML.
[INFO ] 2022-01-17 10:58:51 DayNightSpawnManager: Removed 0 night creatures.
[INFO ] 2022-01-17 10:58:51 DayNightSpawnManager: Spawned 232 day creatures.
[INFO ] 2022-01-17 10:58:51 FourSepulchersManager: Loaded 20 Mysterious-Box spawns.
[INFO ] 2022-01-17 10:58:51 FourSepulchersManager: Loaded 716 Physical type monsters spawns.
[INFO ] 2022-01-17 10:58:51 FourSepulchersManager: Loaded 716 Magical monsters spawns.
[INFO ] 2022-01-17 10:58:51 FourSepulchersManager: Loaded 92 Church of duke monsters spawns.
[INFO ] 2022-01-17 10:58:51 FourSepulchersManager: Loaded 68 Emperor's Grave spawns.
[INFO ] 2022-01-17 10:58:51 FourSepulchersManager: Spawned Conquerors' Sepulcher Manager.
[INFO ] 2022-01-17 10:58:51 FourSepulchersManager: Spawned Emperors' Sepulcher Manager.
[INFO ] 2022-01-17 10:58:51 FourSepulchersManager: Spawned Great Sages' Sepulcher Manager.
[INFO ] 2022-01-17 10:58:51 FourSepulchersManager: Spawned Judges' Sepulcher Manager.
[INFO ] 2022-01-17 10:58:51 FourSepulchersManager: Beginning in warm-up time.
[INFO ] 2022-01-17 10:58:51 DimensionalRiftManager: Loaded 7 room types with 56 rooms.
[INFO ] 2022-01-17 10:58:51 DimensionalRiftManager: Loaded 462 Dimensional Rift spawns.
[INFO ] 2022-01-17 10:58:51 GameServer: ---------------------------------------------------=[ Siege ]
[INFO ] 2022-01-17 10:58:51 Siege: Siege of Gludio: 2022-01-23T16:00:00.576-0300.
[INFO ] 2022-01-17 10:58:51 Siege: Siege of Dion: 2022-01-23T16:00:00.642-0300.
[INFO ] 2022-01-17 10:58:51 Siege: Siege of Giran: 2022-01-23T16:00:00.653-0300.
[INFO ] 2022-01-17 10:58:51 Siege: Siege of Oren: 2022-01-23T16:00:00.657-0300.
[INFO ] 2022-01-17 10:58:51 Siege: Siege of Aden: 2022-01-23T16:00:00.691-0300.
[INFO ] 2022-01-17 10:58:51 Siege: Siege of Innadril: 2022-01-23T16:00:00.720-0300.
[INFO ] 2022-01-17 10:58:51 Siege: Siege of Goddard: 2022-01-23T16:00:00.719-0300.
[INFO ] 2022-01-17 10:58:51 Siege: Siege of Rune: 2022-01-23T16:00:00.720-0300.
[INFO ] 2022-01-17 10:58:51 Siege: Siege of Schuttgart: 2022-01-23T16:00:00.720-0300.
[INFO ] 2022-01-17 10:58:52 FortManager: Loaded 21 fortress.
[INFO ] 2022-01-17 10:58:52 SiegeScheduleData: Loaded 2 siege schedulers.
[INFO ] 2022-01-17 10:58:52 CastleManorManager: Loaded 258 seeds.
[INFO ] 2022-01-17 10:58:52 CastleManorManager: Manor data loaded.
[INFO ] 2022-01-17 10:58:52 MercTicketManager: Loaded 0 mercenary tickets.
[INFO ] 2022-01-17 10:58:52 AutoSpawnHandler: Loaded 129 handlers.
[INFO ] 2022-01-17 10:58:52 SevenSignsFestival: Initialization bypassed due to Seal Validation in effect.
[INFO ] 2022-01-17 10:58:52 FaenorEventParser: Event Id Valentines Event has passed... Ignored.
[INFO ] 2022-01-17 10:58:52 FaenorScriptEngine: Loaded Valentines.xml successfully.
[INFO ] 2022-01-17 10:58:52 CoupleManager: CoupleManager: Loaded: 0 couples(s)
[INFO ] 2022-01-17 10:58:52 TaskManager: Loaded 12 tasks.
[INFO ] 2022-01-17 10:58:52 MailManager: Successfully loaded 0 messages.
[INFO ] 2022-01-17 10:58:52 PunishmentManager: Loaded 1 active and 0 expired punishments.
[INFO ] 2022-01-17 10:58:52 GameServer: Free Object Ids remaining 1879002185.
[INFO ] 2022-01-17 10:58:52 TvTManager: Started.
[INFO ] 2022-01-17 10:58:53 GameServer: Started, free memory 364 Mb of 2048 Mb
[INFO ] 2022-01-17 10:58:53 LoginServerThread: Connecting to login server on 127.0.0.1:9014
[INFO ] 2022-01-17 10:58:53 LoginServerThread: Registered on login as Server 1: Bartz
[INFO ] 2022-01-17 10:58:53 GameServer: Now listening on *:7777
[INFO ] 2022-01-17 10:58:53 GameServer: ----------------------------------------------------=[ UPnP ]
[INFO ] 2022-01-17 10:58:53 UPnPService: Looking for UPnP Gateway Devices...
[INFO ] 2022-01-17 10:59:02 UPnPService: No UPnP gateways has been found.
[INFO ] 2022-01-17 10:59:02 GameServer: Telnet server is currently disabled.
[INFO ] 2022-01-17 10:59:02 GameServer: Maximum numbers of connected players 500.
[INFO ] 2022-01-17 10:59:02 GameServer: Server Bartz loaded in 62 seconds.
[INFO ] 2022-01-17 10:59:05 L2PcInstance: Master access level set for character Beto Risso [268497202].
[WARN ] 2022-01-17 11:02:14 Shutdown: GM: Beto Risso(268497202) issued shutdown command. restarting in 1 seconds!
[WARN ] 2022-01-17 11:02:15 Shutdown: GM shutdown countdown is over. restarting NOW!
