[INFO ] 2022-01-04 22:04:10 GameServer: ------------------------------------------------=[ Database ]
[INFO ] 2022-01-04 22:04:10 GameServer: -----------------------------------=[ Network Configuration ]
[INFO ] 2022-01-04 22:04:10 IPConfigData: Using automatic network configuration.
[INFO ] 2022-01-04 22:04:11 IPConfigData: Adding new subnet: 127.0.0.0/8 address: 127.0.0.1
[INFO ] 2022-01-04 22:04:11 IPConfigData: Adding new subnet: 192.168.45.0/24 address: 192.168.45.45
[INFO ] 2022-01-04 22:04:11 IPConfigData: Adding new subnet: 0.0.0.0/0 address: 168.205.94.22
[INFO ] 2022-01-04 22:04:11 HikariDataSource: HikariPool-1 - Starting...
[INFO ] 2022-01-04 22:04:11 HikariDataSource: HikariPool-1 - Start completed.
[INFO ] 2022-01-04 22:04:11 IdFactory: Updated characters online status.
[INFO ] 2022-01-04 22:04:11 IdFactory: Cleaned up invalid weddings.
[INFO ] 2022-01-04 22:04:11 IdFactory: Cleaned 0 elements from database in 0s.
[INFO ] 2022-01-04 22:04:11 IdFactory: Cleaned 0 expired timestamps from database.
[INFO ] 2022-01-04 22:04:11 BitSetIDFactory: 102912 Ids available.
[INFO ] 2022-01-04 22:04:11 GameServer: ---------------------------------------------------=[ World ]
[INFO ] 2022-01-04 22:04:11 InstanceManager: Multiverse Instance created.
[INFO ] 2022-01-04 22:04:11 InstanceManager: Universe Instance created.
[INFO ] 2022-01-04 22:04:11 InstanceManager: Loaded 160 instance names.
[INFO ] 2022-01-04 22:04:12 L2World: 128 by 136 world region grid set up.
[INFO ] 2022-01-04 22:04:12 MapRegionManager: Loaded 57 map regions.
[INFO ] 2022-01-04 22:04:12 GlobalVariablesManager: Loaded 7 variables.
[INFO ] 2022-01-04 22:04:12 GameServer: ----------------------------------------------------=[ Data ]
[INFO ] 2022-01-04 22:04:12 CategoryData: Loaded 124 Categories.
[INFO ] 2022-01-04 22:04:12 SecondaryAuthData: Loaded 328 forbidden passwords.
[INFO ] 2022-01-04 22:04:12 GameServer: -------------------------------------------------=[ Effects ]
[INFO ] 2022-01-04 22:04:15 EffectMasterHandler: Loaded 168 effect handlers.
[INFO ] 2022-01-04 22:04:15 GameServer: ------------------------------------=[ Enchant Skill Groups ]
[INFO ] 2022-01-04 22:04:15 EnchantSkillGroupsData: Loaded 4 groups and 90 routes.
[INFO ] 2022-01-04 22:04:15 GameServer: ---------------------------------------------=[ Skill Trees ]
[INFO ] 2022-01-04 22:04:15 SkillTreesData: Loaded 17176 Class Skills for 103 Class Skill Trees.
[INFO ] 2022-01-04 22:04:15 SkillTreesData: Loaded 76 Sub-Class Skills.
[INFO ] 2022-01-04 22:04:15 SkillTreesData: Loaded 77 Transfer Skills for 3 Transfer Skill Trees.
[INFO ] 2022-01-04 22:04:15 SkillTreesData: Loaded 117 Fishing Skills, 8 Dwarven only Fishing Skills.
[INFO ] 2022-01-04 22:04:15 SkillTreesData: Loaded 3 Collect Skills.
[INFO ] 2022-01-04 22:04:15 SkillTreesData: Loaded 74 Pledge Skills, 44 for Pledge and 30 Residential.
[INFO ] 2022-01-04 22:04:15 SkillTreesData: Loaded 18 Sub-Pledge Skills.
[INFO ] 2022-01-04 22:04:15 SkillTreesData: Loaded 32 Transform Skills.
[INFO ] 2022-01-04 22:04:15 SkillTreesData: Loaded 8 Noble Skills.
[INFO ] 2022-01-04 22:04:15 SkillTreesData: Loaded 5 Hero Skills.
[INFO ] 2022-01-04 22:04:15 SkillTreesData: Loaded 46 Game Master Skills.
[INFO ] 2022-01-04 22:04:15 SkillTreesData: Loaded 46 Game Master Aura Skills.
[INFO ] 2022-01-04 22:04:15 GameServer: --------------------------------------------------=[ Skills ]
[INFO ] 2022-01-04 22:04:26 DocumentEngine: Loaded 65976 skill templates from XML files.
[INFO ] 2022-01-04 22:04:26 SummonSkillsTable: Loaded 1891 summon skills.
[INFO ] 2022-01-04 22:04:26 GameServer: ---------------------------------------------------=[ Items ]
[INFO ] 2022-01-04 22:04:27 ItemTable: Highest item Id used 22567.
[INFO ] 2022-01-04 22:04:27 ItemTable: Loaded 11481 Etc items.
[INFO ] 2022-01-04 22:04:27 ItemTable: Loaded 3825 Armor items.
[INFO ] 2022-01-04 22:04:27 ItemTable: Loaded 3893 Weapon items.
[INFO ] 2022-01-04 22:04:27 ItemTable: Loaded 19199 items in total.
[INFO ] 2022-01-04 22:04:27 EnchantItemGroupsData: Loaded 4 item group templates.
[INFO ] 2022-01-04 22:04:27 EnchantItemGroupsData: Loaded 1 scroll group templates.
[INFO ] 2022-01-04 22:04:27 EnchantItemData: Loaded 63 enchant scrolls.
[INFO ] 2022-01-04 22:04:27 EnchantItemData: Loaded 20 support items.
[INFO ] 2022-01-04 22:04:27 EnchantItemOptionsData: Loaded 23 items and 1093 options.
[INFO ] 2022-01-04 22:04:27 OptionData: Loaded 24985 item options.
[INFO ] 2022-01-04 22:04:27 EnchantItemHPBonusData: Loaded 6 Enchant HP Bonuses.
[INFO ] 2022-01-04 22:04:27 MerchantPriceConfigTable: Loaded 28 merchant price configs.
[WARN ] 2022-01-04 22:04:28 IXmlReader: BuyListData: Folder C:\opt\l2j\server\game\data\buylists\custom doesn't exist!
[INFO ] 2022-01-04 22:04:28 BuyListData: Loaded 760 buy lists.
[INFO ] 2022-01-04 22:04:28 MultisellData: Loaded 290 multisell lists.
[INFO ] 2022-01-04 22:04:28 RecipeData: Loaded 1000 recipes.
[INFO ] 2022-01-04 22:04:28 ArmorSetsData: Loaded 204 armor sets.
[INFO ] 2022-01-04 22:04:28 FishData: Loaded 278 fish.
[INFO ] 2022-01-04 22:04:28 FishingMonstersData: Loaded 8 fishing monsters.
[INFO ] 2022-01-04 22:04:28 FishingRodsData: Loaded 6 fishing rods.
[INFO ] 2022-01-04 22:04:28 HennaData: Loaded 180 Henna data.
[INFO ] 2022-01-04 22:04:28 GameServer: ----------------------------------------------=[ Characters ]
[INFO ] 2022-01-04 22:04:28 ClassListData: Loaded 107 class data.
[INFO ] 2022-01-04 22:04:28 InitialEquipmentData: Loaded 11 initial equipment data.
[INFO ] 2022-01-04 22:04:28 InitialShortcutData: Loaded 5 initial dlobal shortcuts data.
[INFO ] 2022-01-04 22:04:28 InitialShortcutData: Loaded 4 initial shortcuts data.
[INFO ] 2022-01-04 22:04:28 InitialShortcutData: Loaded 0 macros presets.
[INFO ] 2022-01-04 22:04:28 KarmaData: Loaded 85 karma modifiers.
[INFO ] 2022-01-04 22:04:28 HitConditionBonusData: Loaded Hit Condition bonuses.
[INFO ] 2022-01-04 22:04:29 PlayerTemplateData: Loaded 103 character templates.
[INFO ] 2022-01-04 22:04:29 PlayerTemplateData: Loaded 52530 level up gain records.
[INFO ] 2022-01-04 22:04:29 PlayerCreationPointData: Loaded 62 character creation points.
[INFO ] 2022-01-04 22:04:29 CharNameTable: Loaded 2 char names.
[INFO ] 2022-01-04 22:04:29 AdminData: Loaded 10 access levels.
[INFO ] 2022-01-04 22:04:29 AdminData: Loaded 444 access commands.
[INFO ] 2022-01-04 22:04:29 RaidBossPointsManager: Loaded 1 characters raid points.
[INFO ] 2022-01-04 22:04:29 PetDataTable: Loaded 52 Pets.
[INFO ] 2022-01-04 22:04:29 GameServer: -----------------------------------------------------=[ BBS ]
[INFO ] 2022-01-04 22:04:29 ForumsBBSManager: Loaded 4 forums.
[INFO ] 2022-01-04 22:04:29 GameServer: ---------------------------------------------------=[ Clans ]
[INFO ] 2022-01-04 22:04:29 ClanTable: Restored 0 clans from the database.
[INFO ] 2022-01-04 22:04:29 AuctionManager: Loaded 38 auction(s).
[INFO ] 2022-01-04 22:04:29 ClanHallManager: Loaded 0 clan halls.
[INFO ] 2022-01-04 22:04:29 ClanHallManager: Loaded 38 free clan halls.
[INFO ] 2022-01-04 22:04:29 ClanHallSiegeManager: Loaded 6 conquerable clan halls.
[INFO ] 2022-01-04 22:04:29 GameServer: -------------------------------------------------=[ Geodata ]
[INFO ] 2022-01-04 22:04:29 GeoData: Loading 11_23.l2j...
[INFO ] 2022-01-04 22:04:29 GeoData: Loading 11_24.l2j...
[INFO ] 2022-01-04 22:04:29 GeoData: Loading 11_25.l2j...
[INFO ] 2022-01-04 22:04:29 GeoData: Loading 11_26.l2j...
[INFO ] 2022-01-04 22:04:29 GeoData: Loading 12_23.l2j...
[INFO ] 2022-01-04 22:04:29 GeoData: Loading 12_24.l2j...
[INFO ] 2022-01-04 22:04:29 GeoData: Loading 12_25.l2j...
[INFO ] 2022-01-04 22:04:29 GeoData: Loading 12_26.l2j...
[INFO ] 2022-01-04 22:04:29 GeoData: Loading 13_21.l2j...
[INFO ] 2022-01-04 22:04:29 GeoData: Loading 13_22.l2j...
[INFO ] 2022-01-04 22:04:29 GeoData: Loading 13_23.l2j...
[INFO ] 2022-01-04 22:04:29 GeoData: Loading 13_24.l2j...
[INFO ] 2022-01-04 22:04:30 GeoData: Loading 13_25.l2j...
[INFO ] 2022-01-04 22:04:30 GeoData: Loading 13_26.l2j...
[INFO ] 2022-01-04 22:04:30 GeoData: Loading 14_21.l2j...
[INFO ] 2022-01-04 22:04:30 GeoData: Loading 14_22.l2j...
[INFO ] 2022-01-04 22:04:30 GeoData: Loading 14_23.l2j...
[INFO ] 2022-01-04 22:04:30 GeoData: Loading 14_24.l2j...
[INFO ] 2022-01-04 22:04:30 GeoData: Loading 14_25.l2j...
[INFO ] 2022-01-04 22:04:30 GeoData: Loading 14_26.l2j...
[INFO ] 2022-01-04 22:04:30 GeoData: Loading 15_10.l2j...
[INFO ] 2022-01-04 22:04:30 GeoData: Loading 15_11.l2j...
[INFO ] 2022-01-04 22:04:30 GeoData: Loading 15_12.l2j...
[INFO ] 2022-01-04 22:04:30 GeoData: Loading 15_18.l2j...
[INFO ] 2022-01-04 22:04:30 GeoData: Loading 15_19.l2j...
[INFO ] 2022-01-04 22:04:30 GeoData: Loading 15_20.l2j...
[INFO ] 2022-01-04 22:04:30 GeoData: Loading 15_21.l2j...
[INFO ] 2022-01-04 22:04:30 GeoData: Loading 15_22.l2j...
[INFO ] 2022-01-04 22:04:30 GeoData: Loading 15_23.l2j...
[INFO ] 2022-01-04 22:04:30 GeoData: Loading 15_24.l2j...
[INFO ] 2022-01-04 22:04:30 GeoData: Loading 15_25.l2j...
[INFO ] 2022-01-04 22:04:30 GeoData: Loading 15_26.l2j...
[INFO ] 2022-01-04 22:04:30 GeoData: Loading 16_10.l2j...
[INFO ] 2022-01-04 22:04:30 GeoData: Loading 16_11.l2j...
[INFO ] 2022-01-04 22:04:30 GeoData: Loading 16_12.l2j...
[INFO ] 2022-01-04 22:04:30 GeoData: Loading 16_13.l2j...
[INFO ] 2022-01-04 22:04:30 GeoData: Loading 16_14.l2j...
[INFO ] 2022-01-04 22:04:30 GeoData: Loading 16_15.l2j...
[INFO ] 2022-01-04 22:04:30 GeoData: Loading 16_16.l2j...
[INFO ] 2022-01-04 22:04:30 GeoData: Loading 16_17.l2j...
[INFO ] 2022-01-04 22:04:30 GeoData: Loading 16_18.l2j...
[INFO ] 2022-01-04 22:04:30 GeoData: Loading 16_19.l2j...
[INFO ] 2022-01-04 22:04:30 GeoData: Loading 16_20.l2j...
[INFO ] 2022-01-04 22:04:30 GeoData: Loading 16_21.l2j...
[INFO ] 2022-01-04 22:04:30 GeoData: Loading 16_22.l2j...
[INFO ] 2022-01-04 22:04:30 GeoData: Loading 16_23.l2j...
[INFO ] 2022-01-04 22:04:30 GeoData: Loading 16_24.l2j...
[INFO ] 2022-01-04 22:04:30 GeoData: Loading 16_25.l2j...
[INFO ] 2022-01-04 22:04:30 GeoData: Loading 16_26.l2j...
[INFO ] 2022-01-04 22:04:30 GeoData: Loading 17_10.l2j...
[INFO ] 2022-01-04 22:04:30 GeoData: Loading 17_11.l2j...
[INFO ] 2022-01-04 22:04:30 GeoData: Loading 17_12.l2j...
[INFO ] 2022-01-04 22:04:30 GeoData: Loading 17_13.l2j...
[INFO ] 2022-01-04 22:04:30 GeoData: Loading 17_14.l2j...
[INFO ] 2022-01-04 22:04:30 GeoData: Loading 17_15.l2j...
[INFO ] 2022-01-04 22:04:30 GeoData: Loading 17_16.l2j...
[INFO ] 2022-01-04 22:04:30 GeoData: Loading 17_17.l2j...
[INFO ] 2022-01-04 22:04:30 GeoData: Loading 17_18.l2j...
[INFO ] 2022-01-04 22:04:30 GeoData: Loading 17_19.l2j...
[INFO ] 2022-01-04 22:04:30 GeoData: Loading 17_20.l2j...
[INFO ] 2022-01-04 22:04:30 GeoData: Loading 17_21.l2j...
[INFO ] 2022-01-04 22:04:30 GeoData: Loading 17_22.l2j...
[INFO ] 2022-01-04 22:04:30 GeoData: Loading 17_23.l2j...
[INFO ] 2022-01-04 22:04:30 GeoData: Loading 17_24.l2j...
[INFO ] 2022-01-04 22:04:30 GeoData: Loading 17_25.l2j...
[INFO ] 2022-01-04 22:04:30 GeoData: Loading 17_26.l2j...
[INFO ] 2022-01-04 22:04:30 GeoData: Loading 18_10.l2j...
[INFO ] 2022-01-04 22:04:30 GeoData: Loading 18_11.l2j...
[INFO ] 2022-01-04 22:04:30 GeoData: Loading 18_12.l2j...
[INFO ] 2022-01-04 22:04:30 GeoData: Loading 18_13.l2j...
[INFO ] 2022-01-04 22:04:30 GeoData: Loading 18_14.l2j...
[INFO ] 2022-01-04 22:04:30 GeoData: Loading 18_15.l2j...
[INFO ] 2022-01-04 22:04:31 GeoData: Loading 18_16.l2j...
[INFO ] 2022-01-04 22:04:31 GeoData: Loading 18_17.l2j...
[INFO ] 2022-01-04 22:04:31 GeoData: Loading 18_18.l2j...
[INFO ] 2022-01-04 22:04:31 GeoData: Loading 18_19.l2j...
[INFO ] 2022-01-04 22:04:31 GeoData: Loading 18_20.l2j...
[INFO ] 2022-01-04 22:04:31 GeoData: Loading 18_21.l2j...
[INFO ] 2022-01-04 22:04:31 GeoData: Loading 18_22.l2j...
[INFO ] 2022-01-04 22:04:31 GeoData: Loading 18_23.l2j...
[INFO ] 2022-01-04 22:04:31 GeoData: Loading 18_24.l2j...
[INFO ] 2022-01-04 22:04:31 GeoData: Loading 18_25.l2j...
[INFO ] 2022-01-04 22:04:31 GeoData: Loading 18_26.l2j...
[INFO ] 2022-01-04 22:04:31 GeoData: Loading 19_10.l2j...
[INFO ] 2022-01-04 22:04:31 GeoData: Loading 19_11.l2j...
[INFO ] 2022-01-04 22:04:31 GeoData: Loading 19_12.l2j...
[INFO ] 2022-01-04 22:04:31 GeoData: Loading 19_13.l2j...
[INFO ] 2022-01-04 22:04:31 GeoData: Loading 19_14.l2j...
[INFO ] 2022-01-04 22:04:31 GeoData: Loading 19_15.l2j...
[INFO ] 2022-01-04 22:04:31 GeoData: Loading 19_16.l2j...
[INFO ] 2022-01-04 22:04:31 GeoData: Loading 19_17.l2j...
[INFO ] 2022-01-04 22:04:31 GeoData: Loading 19_18.l2j...
[INFO ] 2022-01-04 22:04:31 GeoData: Loading 19_19.l2j...
[INFO ] 2022-01-04 22:04:31 GeoData: Loading 19_20.l2j...
[INFO ] 2022-01-04 22:04:31 GeoData: Loading 19_21.l2j...
[INFO ] 2022-01-04 22:04:31 GeoData: Loading 19_22.l2j...
[INFO ] 2022-01-04 22:04:31 GeoData: Loading 19_23.l2j...
[INFO ] 2022-01-04 22:04:31 GeoData: Loading 19_24.l2j...
[INFO ] 2022-01-04 22:04:31 GeoData: Loading 19_25.l2j...
[INFO ] 2022-01-04 22:04:31 GeoData: Loading 19_26.l2j...
[INFO ] 2022-01-04 22:04:31 GeoData: Loading 20_10.l2j...
[INFO ] 2022-01-04 22:04:31 GeoData: Loading 20_11.l2j...
[INFO ] 2022-01-04 22:04:31 GeoData: Loading 20_12.l2j...
[INFO ] 2022-01-04 22:04:31 GeoData: Loading 20_13.l2j...
[INFO ] 2022-01-04 22:04:31 GeoData: Loading 20_14.l2j...
[INFO ] 2022-01-04 22:04:31 GeoData: Loading 20_15.l2j...
[INFO ] 2022-01-04 22:04:31 GeoData: Loading 20_16.l2j...
[INFO ] 2022-01-04 22:04:31 GeoData: Loading 20_17.l2j...
[INFO ] 2022-01-04 22:04:32 GeoData: Loading 20_18.l2j...
[INFO ] 2022-01-04 22:04:32 GeoData: Loading 20_19.l2j...
[INFO ] 2022-01-04 22:04:32 GeoData: Loading 20_20.l2j...
[INFO ] 2022-01-04 22:04:32 GeoData: Loading 20_21.l2j...
[INFO ] 2022-01-04 22:04:32 GeoData: Loading 20_22.l2j...
[INFO ] 2022-01-04 22:04:32 GeoData: Loading 20_23.l2j...
[INFO ] 2022-01-04 22:04:32 GeoData: Loading 20_24.l2j...
[INFO ] 2022-01-04 22:04:32 GeoData: Loading 20_25.l2j...
[INFO ] 2022-01-04 22:04:32 GeoData: Loading 20_26.l2j...
[INFO ] 2022-01-04 22:04:32 GeoData: Loading 21_10.l2j...
[INFO ] 2022-01-04 22:04:32 GeoData: Loading 21_11.l2j...
[INFO ] 2022-01-04 22:04:32 GeoData: Loading 21_12.l2j...
[INFO ] 2022-01-04 22:04:32 GeoData: Loading 21_13.l2j...
[INFO ] 2022-01-04 22:04:32 GeoData: Loading 21_14.l2j...
[INFO ] 2022-01-04 22:04:32 GeoData: Loading 21_15.l2j...
[INFO ] 2022-01-04 22:04:32 GeoData: Loading 21_16.l2j...
[INFO ] 2022-01-04 22:04:32 GeoData: Loading 21_17.l2j...
[INFO ] 2022-01-04 22:04:32 GeoData: Loading 21_18.l2j...
[INFO ] 2022-01-04 22:04:32 GeoData: Loading 21_19.l2j...
[INFO ] 2022-01-04 22:04:32 GeoData: Loading 21_20.l2j...
[INFO ] 2022-01-04 22:04:32 GeoData: Loading 21_21.l2j...
[INFO ] 2022-01-04 22:04:32 GeoData: Loading 21_22.l2j...
[INFO ] 2022-01-04 22:04:32 GeoData: Loading 21_23.l2j...
[INFO ] 2022-01-04 22:04:32 GeoData: Loading 21_24.l2j...
[INFO ] 2022-01-04 22:04:32 GeoData: Loading 21_25.l2j...
[INFO ] 2022-01-04 22:04:32 GeoData: Loading 22_10.l2j...
[INFO ] 2022-01-04 22:04:32 GeoData: Loading 22_11.l2j...
[INFO ] 2022-01-04 22:04:32 GeoData: Loading 22_12.l2j...
[INFO ] 2022-01-04 22:04:32 GeoData: Loading 22_13.l2j...
[INFO ] 2022-01-04 22:04:32 GeoData: Loading 22_14.l2j...
[INFO ] 2022-01-04 22:04:32 GeoData: Loading 22_15.l2j...
[INFO ] 2022-01-04 22:04:32 GeoData: Loading 22_16.l2j...
[INFO ] 2022-01-04 22:04:33 GeoData: Loading 22_17.l2j...
[INFO ] 2022-01-04 22:04:33 GeoData: Loading 22_18.l2j...
[INFO ] 2022-01-04 22:04:33 GeoData: Loading 22_19.l2j...
[INFO ] 2022-01-04 22:04:33 GeoData: Loading 22_20.l2j...
[INFO ] 2022-01-04 22:04:33 GeoData: Loading 22_21.l2j...
[INFO ] 2022-01-04 22:04:33 GeoData: Loading 22_22.l2j...
[INFO ] 2022-01-04 22:04:33 GeoData: Loading 22_23.l2j...
[INFO ] 2022-01-04 22:04:33 GeoData: Loading 22_24.l2j...
[INFO ] 2022-01-04 22:04:33 GeoData: Loading 22_25.l2j...
[INFO ] 2022-01-04 22:04:33 GeoData: Loading 22_26.l2j...
[INFO ] 2022-01-04 22:04:33 GeoData: Loading 23_10.l2j...
[INFO ] 2022-01-04 22:04:33 GeoData: Loading 23_11.l2j...
[INFO ] 2022-01-04 22:04:33 GeoData: Loading 23_12.l2j...
[INFO ] 2022-01-04 22:04:33 GeoData: Loading 23_13.l2j...
[INFO ] 2022-01-04 22:04:33 GeoData: Loading 23_14.l2j...
[INFO ] 2022-01-04 22:04:33 GeoData: Loading 23_15.l2j...
[INFO ] 2022-01-04 22:04:33 GeoData: Loading 23_16.l2j...
[INFO ] 2022-01-04 22:04:33 GeoData: Loading 23_17.l2j...
[INFO ] 2022-01-04 22:04:33 GeoData: Loading 23_18.l2j...
[INFO ] 2022-01-04 22:04:33 GeoData: Loading 23_19.l2j...
[INFO ] 2022-01-04 22:04:33 GeoData: Loading 23_20.l2j...
[INFO ] 2022-01-04 22:04:33 GeoData: Loading 23_21.l2j...
[INFO ] 2022-01-04 22:04:33 GeoData: Loading 23_22.l2j...
[INFO ] 2022-01-04 22:04:33 GeoData: Loading 23_23.l2j...
[INFO ] 2022-01-04 22:04:33 GeoData: Loading 23_24.l2j...
[INFO ] 2022-01-04 22:04:33 GeoData: Loading 23_25.l2j...
[INFO ] 2022-01-04 22:04:33 GeoData: Loading 23_26.l2j...
[INFO ] 2022-01-04 22:04:34 GeoData: Loading 24_10.l2j...
[INFO ] 2022-01-04 22:04:34 GeoData: Loading 24_11.l2j...
[INFO ] 2022-01-04 22:04:34 GeoData: Loading 24_12.l2j...
[INFO ] 2022-01-04 22:04:34 GeoData: Loading 24_13.l2j...
[INFO ] 2022-01-04 22:04:34 GeoData: Loading 24_14.l2j...
[INFO ] 2022-01-04 22:04:34 GeoData: Loading 24_15.l2j...
[INFO ] 2022-01-04 22:04:34 GeoData: Loading 24_16.l2j...
[INFO ] 2022-01-04 22:04:34 GeoData: Loading 24_17.l2j...
[INFO ] 2022-01-04 22:04:34 GeoData: Loading 24_18.l2j...
[INFO ] 2022-01-04 22:04:34 GeoData: Loading 24_19.l2j...
[INFO ] 2022-01-04 22:04:34 GeoData: Loading 24_20.l2j...
[INFO ] 2022-01-04 22:04:34 GeoData: Loading 24_21.l2j...
[INFO ] 2022-01-04 22:04:34 GeoData: Loading 24_22.l2j...
[INFO ] 2022-01-04 22:04:34 GeoData: Loading 24_23.l2j...
[INFO ] 2022-01-04 22:04:34 GeoData: Loading 24_24.l2j...
[INFO ] 2022-01-04 22:04:34 GeoData: Loading 24_25.l2j...
[INFO ] 2022-01-04 22:04:34 GeoData: Loading 24_26.l2j...
[INFO ] 2022-01-04 22:04:34 GeoData: Loading 25_10.l2j...
[INFO ] 2022-01-04 22:04:34 GeoData: Loading 25_11.l2j...
[INFO ] 2022-01-04 22:04:34 GeoData: Loading 25_12.l2j...
[INFO ] 2022-01-04 22:04:34 GeoData: Loading 25_14.l2j...
[INFO ] 2022-01-04 22:04:34 GeoData: Loading 25_15.l2j...
[INFO ] 2022-01-04 22:04:34 GeoData: Loading 25_16.l2j...
[INFO ] 2022-01-04 22:04:34 GeoData: Loading 25_17.l2j...
[INFO ] 2022-01-04 22:04:34 GeoData: Loading 25_18.l2j...
[INFO ] 2022-01-04 22:04:34 GeoData: Loading 25_19.l2j...
[INFO ] 2022-01-04 22:04:34 GeoData: Loading 25_20.l2j...
[INFO ] 2022-01-04 22:04:34 GeoData: Loading 25_21.l2j...
[INFO ] 2022-01-04 22:04:34 GeoData: Loading 25_22.l2j...
[INFO ] 2022-01-04 22:04:34 GeoData: Loading 25_23.l2j...
[INFO ] 2022-01-04 22:04:34 GeoData: Loading 25_24.l2j...
[INFO ] 2022-01-04 22:04:34 GeoData: Loading 26_11.l2j...
[INFO ] 2022-01-04 22:04:34 GeoData: Loading 26_12.l2j...
[INFO ] 2022-01-04 22:04:34 GeoData: Loading 26_14.l2j...
[INFO ] 2022-01-04 22:04:35 GeoData: Loading 26_15.l2j...
[INFO ] 2022-01-04 22:04:35 GeoData: Loading 26_16.l2j...
[INFO ] 2022-01-04 22:04:35 GeoData: Loaded 203 regions.
[INFO ] 2022-01-04 22:04:35 GameServer: ----------------------------------------------------=[ NPCs ]
[INFO ] 2022-01-04 22:04:35 SkillLearnData: Loaded 256 skill learn data.
[INFO ] 2022-01-04 22:04:35 NpcData$MinionData: Loaded 128 minions data.
[INFO ] 2022-01-04 22:04:37 NpcData: Loaded 10461 NPCs.
[INFO ] 2022-01-04 22:04:37 NpcData: Loaded 3 custom NPCs.
[INFO ] 2022-01-04 22:04:37 WalkingManager: Loaded 127 walking routes.
[INFO ] 2022-01-04 22:04:37 StaticObjectData: Loaded 51 static object templates.
[INFO ] 2022-01-04 22:04:38 GrandBossManager: Queen Ant (29001) status is 1.
[INFO ] 2022-01-04 22:04:38 GrandBossManager: Next spawn date of Queen Ant is 2022-01-05T14:45:31.624-0300.
[INFO ] 2022-01-04 22:04:38 GrandBossManager: Core (29006) status is 0.
[INFO ] 2022-01-04 22:04:38 GrandBossManager: Orfen (29014) status is 0.
[INFO ] 2022-01-04 22:04:38 GrandBossManager: Baium (29020) status is 0.
[INFO ] 2022-01-04 22:04:38 GrandBossManager: Valakas (29028) status is 0.
[INFO ] 2022-01-04 22:04:38 GrandBossManager: Antharas (29068) status is 0.
[INFO ] 2022-01-04 22:04:38 GrandBossManager: Beleth (29118) status is 0.
[INFO ] 2022-01-04 22:04:38 GrandBossManager: Loaded 7 grand boss instances.
[INFO ] 2022-01-04 22:04:38 DoorData: Loaded 1301 door templates for 22 regions.
[INFO ] 2022-01-04 22:04:41 ZoneManager: Loaded 28 zone classes and 2794 zones.
[INFO ] 2022-01-04 22:04:41 ZoneManager: Loaded 0 NPC spawn territoriers.
[INFO ] 2022-01-04 22:04:41 CastleManager: Loaded 9 castles.
[INFO ] 2022-01-04 22:04:41 NpcBufferTable: Loaded 2 buffers and 64 skills.
[INFO ] 2022-01-04 22:04:41 GrandBossManager: Initialized 12 grand boss zones.
[INFO ] 2022-01-04 22:04:41 GameServer: -----------------------------------------=[ Auction Manager ]
[INFO ] 2022-01-04 22:04:41 ItemAuctionInstance: Loaded 82 item(s) and registered 1 auction(s) for NPC ID 32320.
[INFO ] 2022-01-04 22:04:41 ItemAuctionInstance: Schedule next auction ID 1 on 17:00:00 07.01.22 for NPC ID 32320.
[INFO ] 2022-01-04 22:04:41 ItemAuctionInstance: Loaded 82 item(s) and registered 1 auction(s) for NPC ID 32321.
[INFO ] 2022-01-04 22:04:41 ItemAuctionInstance: Schedule next auction ID 2 on 17:00:00 10.01.22 for NPC ID 32321.
[INFO ] 2022-01-04 22:04:41 ItemAuctionInstance: Loaded 82 item(s) and registered 1 auction(s) for NPC ID 32322.
[INFO ] 2022-01-04 22:04:41 ItemAuctionInstance: Schedule next auction ID 3 on 17:00:00 05.01.22 for NPC ID 32322.
[INFO ] 2022-01-04 22:04:41 ItemAuctionManager: Loaded 3 auction manager instance(s).
[INFO ] 2022-01-04 22:04:41 GameServer: ------------------------------------------------=[ Olympiad ]
[INFO ] 2022-01-04 22:04:41 Olympiad: Loading Olympiad System....
[INFO ] 2022-01-04 22:04:41 Olympiad: Currently in Olympiad Period
[INFO ] 2022-01-04 22:04:41 Olympiad: 39715 minutes until period ends
[INFO ] 2022-01-04 22:04:41 Olympiad: Next weekly change is in 8813 minutes
[INFO ] 2022-01-04 22:04:41 Olympiad: Loaded 0 Nobles
[INFO ] 2022-01-04 22:04:41 Olympiad: Competition Period Starts in 0 days, 0 hours and 0 mins.
[INFO ] 2022-01-04 22:04:41 Olympiad: Event starts/started : Tue Jan 04 18:00:41 ART 2022
[INFO ] 2022-01-04 22:04:41 Hero: Loaded 0 Heroes.
[INFO ] 2022-01-04 22:04:41 Hero: Loaded 0 all time Heroes.
[INFO ] 2022-01-04 22:04:41 GameServer: ---------------------------------------------=[ Seven Signs ]
[INFO ] 2022-01-04 22:04:41 SevenSigns: Currently in the Competition (Quest Event) period.
[INFO ] 2022-01-04 22:04:41 SevenSigns: The Seal of Avarice remains unclaimed.
[INFO ] 2022-01-04 22:04:41 SevenSigns: The Seal of Gnosis remains unclaimed.
[INFO ] 2022-01-04 22:04:41 SevenSigns: The Seal of Strife remains unclaimed.
[INFO ] 2022-01-04 22:04:41 SevenSigns: The competition, if the current trend continues, will end in a tie this week.
[INFO ] 2022-01-04 22:04:41 SevenSigns: Next period change set to 2022-01-10T18:00:41.184-0300.
[INFO ] 2022-01-04 22:04:41 Olympiad: Olympiad Game Started
[INFO ] 2022-01-04 22:04:41 SevenSigns: Next period begins in 5 days, 19 hours and 55 mins.
[INFO ] 2022-01-04 22:04:41 GameServer: ---------------------------------------------------=[ Cache ]
[INFO ] 2022-01-04 22:04:41 OlympiadGameManager: Loaded 160 stadiums.
[INFO ] 2022-01-04 22:04:41 HtmCache: Running lazy cache.
[INFO ] 2022-01-04 22:04:41 CrestTable: Loaded 0 crests.
[INFO ] 2022-01-04 22:04:41 TeleportLocationTable: Loaded 957 teleport location templates.
[INFO ] 2022-01-04 22:04:41 UIData: Loaded 4 keys 5 categories.
[INFO ] 2022-01-04 22:04:41 AugmentationData: Loaded 33960 augmentations.
[INFO ] 2022-01-04 22:04:41 AugmentationData: Loaded 2754 accessory augmentations.
[INFO ] 2022-01-04 22:04:41 CursedWeaponsManager: Loaded 2 cursed weapon(s).
[INFO ] 2022-01-04 22:04:41 TransformData: Loaded 111 transform templates.
[INFO ] 2022-01-04 22:04:41 BotReportTable: Loaded 0 bot reports.
[INFO ] 2022-01-04 22:04:41 AirShipManager: Loaded 0 private airships.
[INFO ] 2022-01-04 22:04:41 GameServer: ------------------------------------------------=[ Handlers ]
[INFO ] 2022-01-04 22:04:44 MasterHandler: Loaded 8 Voiced Command Handler.
[INFO ] 2022-01-04 22:04:44 MasterHandler: Loaded 10 Action Handler.
[INFO ] 2022-01-04 22:04:44 MasterHandler: Loaded 6 Action Shift Handler.
[INFO ] 2022-01-04 22:04:44 MasterHandler: Loaded 447 Admin Command Handler.
[INFO ] 2022-01-04 22:04:44 MasterHandler: Loaded 48 Bypass Handler.
[INFO ] 2022-01-04 22:04:44 MasterHandler: Loaded 14 Chat Handler.
[INFO ] 2022-01-04 22:04:44 MasterHandler: Loaded 15 Community Board Handler.
[INFO ] 2022-01-04 22:04:44 MasterHandler: Loaded 31 Item Handler.
[INFO ] 2022-01-04 22:04:44 MasterHandler: Loaded 3 Punishment Handler.
[INFO ] 2022-01-04 22:04:44 MasterHandler: Loaded 17 User Command Handler.
[INFO ] 2022-01-04 22:04:44 MasterHandler: Loaded 20 Telnet Handler.
[INFO ] 2022-01-04 22:04:44 GameServer: ------------------------------------------------------=[ AI ]
[INFO ] 2022-01-04 22:04:47 NpcBuffersData: Loaded 33 buffers data.
[INFO ] 2022-01-04 22:04:47 HandysBlockCheckerEvent: Loaded Handy's Block Checker event.
[INFO ] 2022-01-04 22:04:47 AILoader: Loaded 179 AI scripts.
[INFO ] 2022-01-04 22:04:47 GameServer: -----------------------------------------------=[ Instances ]
[INFO ] 2022-01-04 22:04:49 InstanceLoader: Loaded 30 instnaces.
[INFO ] 2022-01-04 22:04:49 GameServer: --------------------------------------------------=[ Gracia ]
[INFO ] 2022-01-04 22:04:50 GraciaLoader: Loaded 28 Gracia scripts.
[INFO ] 2022-01-04 22:04:50 GameServer: -----------------------------------------------=[ Hellbound ]
[INFO ] 2022-01-04 22:04:50 HellboundPointData: Loaded 47 trust point reward data.
[INFO ] 2022-01-04 22:04:50 HellboundSpawns: Loaded 598 Hellbound spawns.
[INFO ] 2022-01-04 22:04:50 HellboundEngine: Level 0.
[INFO ] 2022-01-04 22:04:50 HellboundEngine: Trust 0.
[INFO ] 2022-01-04 22:04:50 HellboundEngine: Status locked.
[INFO ] 2022-01-04 22:04:50 RaidBossSpawnManager: Spawning raid bosses...
[INFO ] 2022-01-04 22:04:50 RaidBossSpawnManager: Loaded 185 bosses.
[INFO ] 2022-01-04 22:04:50 RaidBossSpawnManager: Scheduled 2 boss instances.
[INFO ] 2022-01-04 22:04:50 HellboundLoader: Loaded 34 Hellbound scripts.
[INFO ] 2022-01-04 22:04:50 GameServer: --------------------------------------------------=[ Quests ]
[INFO ] 2022-01-04 22:04:55 Q00350_EnhanceYourWeapon: Loaded 54 soul crystal data.
[INFO ] 2022-01-04 22:04:55 Q00350_EnhanceYourWeapon: Loaded 240 npc leveling data.
[INFO ] 2022-01-04 22:04:55 QuestLoader: Loaded 502 quests.
[INFO ] 2022-01-04 22:04:55 AbstractScript: TerritoryWarSuperClass: Siege date: Sun Jan 09 22:00:00 ART 2022
[INFO ] 2022-01-04 22:04:55 GameServer: -------------------------------------------------=[ Scripts ]
[INFO ] 2022-01-04 22:04:57 ClanHallSiegeEngine: Fortress of the Dead siege scheduled for 2022-01-18T12:00:00.617-0300.
[INFO ] 2022-01-04 22:04:57 DiscordBot: Discord Bot is Disabled.
[INFO ] 2022-01-04 22:04:57 ClanHallSiegeEngine: Beast Farm siege scheduled for 2022-01-18T12:00:00.616-0300.
[INFO ] 2022-01-04 22:04:57 ClanHallSiegeEngine: Rainbow Springs siege scheduled for 2022-01-18T12:00:00.615-0300.
[INFO ] 2022-01-04 22:04:57 TeleporterService: Disabled.
[INFO ] 2022-01-04 22:04:57 BufferService: Disabled.
[INFO ] 2022-01-04 22:04:57 ClanHallSiegeEngine: Bandit Stronghold siege scheduled for 2022-01-18T12:00:00.613-0300.
[INFO ] 2022-01-04 22:04:57 ClanHallSiegeEngine: Devastated Castle siege scheduled for 2022-01-18T12:00:00.611-0300.
[INFO ] 2022-01-04 22:04:57 ClanHallSiegeEngine: Fortress of Resistance siege scheduled for 2022-01-18T12:00:00.431-0300.
[INFO ] 2022-01-04 22:05:06 SpawnTable: Loaded 3762 NPC spawns.
[INFO ] 2022-01-04 22:05:06 SpawnTable: Loaded 0 custom NPC spawns.
[INFO ] 2022-01-04 22:05:06 SpawnTable: Loaded 1190 NPC spawns from XML.
[INFO ] 2022-01-04 22:05:06 DayNightSpawnManager: Removed 0 night creatures.
[INFO ] 2022-01-04 22:05:06 DayNightSpawnManager: Spawned 232 day creatures.
[INFO ] 2022-01-04 22:05:06 FourSepulchersManager: Loaded 20 Mysterious-Box spawns.
[INFO ] 2022-01-04 22:05:06 FourSepulchersManager: Loaded 716 Physical type monsters spawns.
[INFO ] 2022-01-04 22:05:06 FourSepulchersManager: Loaded 716 Magical monsters spawns.
[INFO ] 2022-01-04 22:05:06 FourSepulchersManager: Loaded 92 Church of duke monsters spawns.
[INFO ] 2022-01-04 22:05:06 FourSepulchersManager: Loaded 68 Emperor's Grave spawns.
[INFO ] 2022-01-04 22:05:06 FourSepulchersManager: Spawned Conquerors' Sepulcher Manager.
[INFO ] 2022-01-04 22:05:06 FourSepulchersManager: Spawned Emperors' Sepulcher Manager.
[INFO ] 2022-01-04 22:05:06 FourSepulchersManager: Spawned Great Sages' Sepulcher Manager.
[INFO ] 2022-01-04 22:05:06 FourSepulchersManager: Spawned Judges' Sepulcher Manager.
[INFO ] 2022-01-04 22:05:06 FourSepulchersManager: Beginning in attack time.
[INFO ] 2022-01-04 22:05:06 DimensionalRiftManager: Loaded 7 room types with 56 rooms.
[INFO ] 2022-01-04 22:05:06 DimensionalRiftManager: Loaded 462 Dimensional Rift spawns.
[INFO ] 2022-01-04 22:05:06 GameServer: ---------------------------------------------------=[ Siege ]
[INFO ] 2022-01-04 22:05:06 Siege: Siege of Gludio: 2022-01-09T16:00:00.698-0300.
[INFO ] 2022-01-04 22:05:06 Siege: Siege of Dion: 2022-01-09T16:00:00.707-0300.
[INFO ] 2022-01-04 22:05:06 Siege: Siege of Giran: 2022-01-09T16:00:00.710-0300.
[INFO ] 2022-01-04 22:05:06 Siege: Siege of Oren: 2022-01-09T16:00:00.710-0300.
[INFO ] 2022-01-04 22:05:06 Siege: Siege of Aden: 2022-01-09T16:00:00.710-0300.
[INFO ] 2022-01-04 22:05:06 Siege: Siege of Innadril: 2022-01-09T20:00:00.710-0300.
[INFO ] 2022-01-04 22:05:06 Siege: Siege of Goddard: 2022-01-09T20:00:00.710-0300.
[INFO ] 2022-01-04 22:05:06 Siege: Siege of Rune: 2022-01-09T20:00:00.710-0300.
[INFO ] 2022-01-04 22:05:06 Siege: Siege of Schuttgart: 2022-01-09T20:00:00.710-0300.
[INFO ] 2022-01-04 22:05:06 FortManager: Loaded 21 fortress.
[INFO ] 2022-01-04 22:05:07 SiegeScheduleData: Loaded 2 siege schedulers.
[INFO ] 2022-01-04 22:05:07 CastleManorManager: Loaded 258 seeds.
[INFO ] 2022-01-04 22:05:07 CastleManorManager: Manor data loaded.
[INFO ] 2022-01-04 22:05:07 MercTicketManager: Loaded 0 mercenary tickets.
[INFO ] 2022-01-04 22:05:07 AutoSpawnHandler: Loaded 129 handlers.
[INFO ] 2022-01-04 22:05:07 SevenSignsFestival: The first Festival of Darkness cycle begins in 2 minute(s).
[INFO ] 2022-01-04 22:05:07 FaenorEventParser: Event Id Valentines Event has passed... Ignored.
[INFO ] 2022-01-04 22:05:07 FaenorScriptEngine: Loaded Valentines.xml successfully.
[INFO ] 2022-01-04 22:05:07 CoupleManager: CoupleManager: Loaded: 0 couples(s)
[INFO ] 2022-01-04 22:05:07 TaskManager: Loaded 12 tasks.
[INFO ] 2022-01-04 22:05:07 MailManager: Successfully loaded 0 messages.
[INFO ] 2022-01-04 22:05:07 PunishmentManager: Loaded 0 active and 0 expired punishments.
[INFO ] 2022-01-04 22:05:07 GameServer: Free Object Ids remaining 1879002396.
[INFO ] 2022-01-04 22:05:07 TvTManager: Engine is disabled.
[INFO ] 2022-01-04 22:05:07 GameServer: Started, free memory 365 Mb of 2048 Mb
[INFO ] 2022-01-04 22:05:08 LoginServerThread: Connecting to login server on 127.0.0.1:9014
[INFO ] 2022-01-04 22:05:08 LoginServerThread: Registered on login as Server 1: Bartz
[INFO ] 2022-01-04 22:05:08 GameServer: Now listening on *:7777
[INFO ] 2022-01-04 22:05:08 GameServer: ----------------------------------------------------=[ UPnP ]
[INFO ] 2022-01-04 22:05:08 UPnPService: Looking for UPnP Gateway Devices...
[INFO ] 2022-01-04 22:05:17 UPnPService: No UPnP gateways has been found.
[INFO ] 2022-01-04 22:05:17 GameServer: Telnet server is currently disabled.
[INFO ] 2022-01-04 22:05:17 GameServer: Maximum numbers of connected players 500.
[INFO ] 2022-01-04 22:05:17 GameServer: Server Bartz loaded in 66 seconds.
[INFO ] 2022-01-04 22:05:27 L2PcInstance: Master access level set for character Void [268481234].
[INFO ] 2022-01-04 22:06:27 L2PcInstance: Master access level set for character FighterLethal [268497202].
[INFO ] 2022-01-04 22:13:27 GlobalVariablesManager: Stored 7 variables.
[INFO ] 2022-01-04 22:20:07 TaskOlympiadSave: Data updated.
[INFO ] 2022-01-04 22:28:10 HtmCache: Running lazy cache.
[WARN ] 2022-01-04 22:29:25 TargetType: Outdated Skill Fury of Darkness(23323,1) with target type ENEMY used on L2MerchantInstance:Nicole(10002)[268481193] by Void [268481234]!
[WARN ] 2022-01-04 22:29:32 TargetType: Outdated Skill Fury of Darkness(23323,1) with target type TARGET used on L2MerchantInstance:Nicole(10002)[268481193] by Void [268481234]!
[INFO ] 2022-01-04 22:35:07 TaskSevenSignsUpdate: Data updated successfully.
[INFO ] 2022-01-04 22:43:27 GlobalVariablesManager: Stored 7 variables.
[INFO ] 2022-01-04 22:50:07 TaskOlympiadSave: Data updated.
[INFO ] 2022-01-04 23:05:07 TaskSevenSignsUpdate: Data updated successfully.
[INFO ] 2022-01-04 23:13:27 GlobalVariablesManager: Stored 7 variables.
[INFO ] 2022-01-04 23:20:07 TaskOlympiadSave: Data updated.
[WARN ] 2022-01-04 23:31:08 TargetType: Outdated Skill PvP Weapon - Attack Chance(5684,1) with target type ENEMY used on FighterLethal [268497202] by Void [268481234]!
[WARN ] 2022-01-04 23:31:12 TargetType: Outdated Skill PvP Weapon - Attack Chance(5684,1) with target type TARGET used on FighterLethal [268497202] by Void [268481234]!
[WARN ] 2022-01-04 23:31:14 TargetType: Outdated Skill PvP Weapon - Attack Chance(5684,1) with target type TARGET used on FighterLethal [268497202] by Void [268481234]!
[WARN ] 2022-01-04 23:32:03 TargetType: Outdated Skill PvP Weapon - Ignore Shield Defense(5683,1) with target type ENEMY used on FighterLethal [268497202] by Void [268481234]!
[WARN ] 2022-01-04 23:32:04 TargetType: Outdated Skill PvP Weapon - Ignore Shield Defense(5683,1) with target type TARGET used on FighterLethal [268497202] by Void [268481234]!
[WARN ] 2022-01-04 23:32:04 TargetType: Outdated Skill PvP Weapon - Ignore Shield Defense(5683,1) with target type TARGET used on FighterLethal [268497202] by Void [268481234]!
[WARN ] 2022-01-04 23:33:35 TargetType: Outdated Skill PvP Weapon - Cancel(5682,1) with target type ENEMY used on FighterLethal [268497202] by Void [268481234]!
[WARN ] 2022-01-04 23:34:35 TargetType: Outdated Skill PvP Weapon - Ignore Shield Defense(5683,1) with target type TARGET used on FighterLethal [268497202] by Void [268481234]!
[INFO ] 2022-01-04 23:35:07 TaskSevenSignsUpdate: Data updated successfully.
[WARN ] 2022-01-04 23:35:29 TargetType: Outdated Skill PvP Armor - Mirage(5694,1) with target type ENEMY used on FighterLethal [268497202] by Void [268481234]!
[WARN ] 2022-01-04 23:35:44 TargetType: Outdated Skill PvP Weapon - Attack Chance(5684,1) with target type TARGET used on FighterLethal [268497202] by Void [268481234]!
[WARN ] 2022-01-04 23:35:48 TargetType: Outdated Skill Expose Weak Point(5565,1) with target type ENEMY_ONLY used on FighterLethal [268497202] by Void [268481234]!
[WARN ] 2022-01-04 23:35:49 TargetType: Outdated Skill PvP Armor - Mirage(5694,1) with target type TARGET used on FighterLethal [268497202] by Void [268481234]!
[WARN ] 2022-01-04 23:35:50 TargetType: Outdated Skill PvP Armor - Mirage(5694,1) with target type TARGET used on FighterLethal [268497202] by Void [268481234]!
[WARN ] 2022-01-04 23:35:50 TargetType: Outdated Skill PvP Armor - Mirage(5694,1) with target type TARGET used on FighterLethal [268497202] by Void [268481234]!
[WARN ] 2022-01-04 23:35:50 TargetType: Outdated Skill PvP Armor - Mirage(5694,1) with target type TARGET used on FighterLethal [268497202] by Void [268481234]!
[WARN ] 2022-01-04 23:35:52 TargetType: Outdated Skill PvP Armor - Mirage(5694,1) with target type TARGET used on FighterLethal [268497202] by Void [268481234]!
[WARN ] 2022-01-04 23:35:52 TargetType: Outdated Skill Expose Weak Point(5565,1) with target type TARGET used on FighterLethal [268497202] by Void [268481234]!
[WARN ] 2022-01-04 23:35:52 TargetType: Outdated Skill PvP Armor - Mirage(5694,1) with target type TARGET used on FighterLethal [268497202] by Void [268481234]!
[WARN ] 2022-01-04 23:35:53 TargetType: Outdated Skill PvP Armor - Mirage(5694,1) with target type TARGET used on FighterLethal [268497202] by Void [268481234]!
[WARN ] 2022-01-04 23:35:53 TargetType: Outdated Skill PvP Armor - Mirage(5694,1) with target type TARGET used on FighterLethal [268497202] by Void [268481234]!
[WARN ] 2022-01-04 23:35:54 TargetType: Outdated Skill PvP Armor - Mirage(5694,1) with target type TARGET used on FighterLethal [268497202] by Void [268481234]!
[WARN ] 2022-01-04 23:37:37 TargetType: Outdated Skill PvP Armor - Mirage(5694,1) with target type TARGET used on FighterLethal [268497202] by Void [268481234]!
[WARN ] 2022-01-04 23:37:38 TargetType: Outdated Skill PvP Armor - Mirage(5694,1) with target type TARGET used on FighterLethal [268497202] by Void [268481234]!
[WARN ] 2022-01-04 23:37:38 TargetType: Outdated Skill PvP Armor - Mirage(5694,1) with target type TARGET used on FighterLethal [268497202] by Void [268481234]!
[WARN ] 2022-01-04 23:37:38 TargetType: Outdated Skill Critical Blow(409,10) with target type ONE used on Void [268481234] by FighterLethal [268497202]!
[WARN ] 2022-01-04 23:37:51 TargetType: Outdated Skill PvP Armor - Mirage(5694,1) with target type TARGET used on FighterLethal [268497202] by Void [268481234]!
[WARN ] 2022-01-04 23:37:52 TargetType: Outdated Skill PvP Armor - Mirage(5694,1) with target type TARGET used on FighterLethal [268497202] by Void [268481234]!
[WARN ] 2022-01-04 23:37:54 TargetType: Outdated Skill PvP Armor - Mirage(5694,1) with target type TARGET used on FighterLethal [268497202] by Void [268481234]!
[WARN ] 2022-01-04 23:37:56 TargetType: Outdated Skill PvP Armor - Mirage(5694,1) with target type TARGET used on FighterLethal [268497202] by Void [268481234]!
[WARN ] 2022-01-04 23:37:56 TargetType: Outdated Skill PvP Armor - Mirage(5694,1) with target type TARGET used on FighterLethal [268497202] by Void [268481234]!
[WARN ] 2022-01-04 23:37:57 TargetType: Outdated Skill Expose Weak Point(5565,1) with target type TARGET used on FighterLethal [268497202] by Void [268481234]!
[WARN ] 2022-01-04 23:37:58 TargetType: Outdated Skill Triple Thrust(504,37) with target type ONE used on FighterLethal [268497202] by Void [268481234]!
[WARN ] 2022-01-04 23:37:58 TargetType: Outdated Skill PvP Armor - Mirage(5694,1) with target type TARGET used on FighterLethal [268497202] by Void [268481234]!
[WARN ] 2022-01-04 23:37:58 TargetType: Outdated Skill PvP Armor - Mirage(5694,1) with target type TARGET used on FighterLethal [268497202] by Void [268481234]!
[WARN ] 2022-01-04 23:37:59 TargetType: Outdated Skill PvP Armor - Mirage(5694,1) with target type TARGET used on FighterLethal [268497202] by Void [268481234]!
[WARN ] 2022-01-04 23:38:00 TargetType: Outdated Skill PvP Armor - Mirage(5694,1) with target type TARGET used on FighterLethal [268497202] by Void [268481234]!
[WARN ] 2022-01-04 23:38:00 TargetType: Outdated Skill PvP Armor - Mirage(5694,1) with target type TARGET used on FighterLethal [268497202] by Void [268481234]!
[WARN ] 2022-01-04 23:38:03 TargetType: Outdated Skill Expose Weak Point(5565,1) with target type TARGET used on FighterLethal [268497202] by Void [268481234]!
[WARN ] 2022-01-04 23:38:03 TargetType: Outdated Skill PvP Armor - Mirage(5694,1) with target type TARGET used on FighterLethal [268497202] by Void [268481234]!
[WARN ] 2022-01-04 23:38:04 TargetType: Outdated Skill PvP Armor - Mirage(5694,1) with target type TARGET used on FighterLethal [268497202] by Void [268481234]!
[WARN ] 2022-01-04 23:38:05 TargetType: Outdated Skill PvP Armor - Mirage(5694,1) with target type TARGET used on FighterLethal [268497202] by Void [268481234]!
[WARN ] 2022-01-04 23:38:05 TargetType: Outdated Skill PvP Armor - Mirage(5694,1) with target type TARGET used on FighterLethal [268497202] by Void [268481234]!
[WARN ] 2022-01-04 23:38:05 TargetType: Outdated Skill PvP Armor - Mirage(5694,1) with target type TARGET used on FighterLethal [268497202] by Void [268481234]!
[WARN ] 2022-01-04 23:38:06 TargetType: Outdated Skill PvP Armor - Mirage(5694,1) with target type TARGET used on FighterLethal [268497202] by Void [268481234]!
[WARN ] 2022-01-04 23:38:06 TargetType: Outdated Skill Shining Edge(505,28) with target type ONE used on FighterLethal [268497202] by Void [268481234]!
[WARN ] 2022-01-04 23:38:06 TargetType: Outdated Skill PvP Armor - Mirage(5694,1) with target type TARGET used on FighterLethal [268497202] by Void [268481234]!
[WARN ] 2022-01-04 23:38:07 TargetType: Outdated Skill Checkmate(506,4) with target type ONE used on FighterLethal [268497202] by Void [268481234]!
[WARN ] 2022-01-04 23:38:07 TargetType: Outdated Skill PvP Armor - Mirage(5694,1) with target type TARGET used on FighterLethal [268497202] by Void [268481234]!
[WARN ] 2022-01-04 23:38:08 TargetType: Outdated Skill PvP Armor - Mirage(5694,1) with target type TARGET used on FighterLethal [268497202] by Void [268481234]!
[WARN ] 2022-01-04 23:38:08 TargetType: Outdated Skill Crushing Pain(497,16) with target type ONE used on FighterLethal [268497202] by Void [268481234]!
[WARN ] 2022-01-04 23:38:08 TargetType: Outdated Skill PvP Armor - Mirage(5694,1) with target type TARGET used on FighterLethal [268497202] by Void [268481234]!
[WARN ] 2022-01-04 23:38:10 TargetType: Outdated Skill Shoulder Charge(494,37) with target type ONE used on FighterLethal [268497202] by Void [268481234]!
[WARN ] 2022-01-04 23:38:10 TargetType: Outdated Skill PvP Armor - Mirage(5694,1) with target type TARGET used on FighterLethal [268497202] by Void [268481234]!
[WARN ] 2022-01-04 23:38:10 TargetType: Outdated Skill Expose Weak Point(5565,1) with target type TARGET used on FighterLethal [268497202] by Void [268481234]!
[WARN ] 2022-01-04 23:38:10 TargetType: Outdated Skill PvP Armor - Mirage(5694,1) with target type TARGET used on FighterLethal [268497202] by Void [268481234]!
[WARN ] 2022-01-04 23:38:11 TargetType: Outdated Skill PvP Armor - Mirage(5694,1) with target type TARGET used on FighterLethal [268497202] by Void [268481234]!
[WARN ] 2022-01-04 23:38:12 TargetType: Outdated Skill PvP Armor - Mirage(5694,1) with target type TARGET used on FighterLethal [268497202] by Void [268481234]!
[WARN ] 2022-01-04 23:38:24 TargetType: Outdated Skill PvP Weapon - Attack Chance(5684,1) with target type TARGET used on FighterLethal [268497202] by Void [268481234]!
[WARN ] 2022-01-04 23:42:51 TargetType: Outdated Skill Expose Weak Point(5565,1) with target type TARGET used on FighterLethal [268497202] by Void [268481234]!
[WARN ] 2022-01-04 23:42:58 TargetType: Outdated Skill Expose Weak Point(5565,1) with target type TARGET used on FighterLethal [268497202] by Void [268481234]!
[WARN ] 2022-01-04 23:43:03 TargetType: Outdated Skill Expose Weak Point(5565,1) with target type TARGET used on FighterLethal [268497202] by Void [268481234]!
[WARN ] 2022-01-04 23:43:05 TargetType: Outdated Skill PvP Weapon - Attack Chance(5684,1) with target type TARGET used on FighterLethal [268497202] by Void [268481234]!
[WARN ] 2022-01-04 23:43:05 TargetType: Outdated Skill Expose Weak Point(5565,1) with target type TARGET used on FighterLethal [268497202] by Void [268481234]!
[WARN ] 2022-01-04 23:43:09 TargetType: Outdated Skill PvP Weapon - Attack Chance(5684,1) with target type TARGET used on FighterLethal [268497202] by Void [268481234]!
[WARN ] 2022-01-04 23:43:09 TargetType: Outdated Skill Expose Weak Point(5565,1) with target type TARGET used on FighterLethal [268497202] by Void [268481234]!
[INFO ] 2022-01-04 23:43:27 GlobalVariablesManager: Stored 7 variables.
[WARN ] 2022-01-04 23:43:58 TargetType: Outdated Skill Expose Weak Point(5565,1) with target type TARGET used on FighterLethal [268497202] by Void [268481234]!
[WARN ] 2022-01-04 23:45:27 TargetType: Outdated Skill PvP Weapon - Attack Chance(5684,1) with target type TARGET used on FighterLethal [268497202] by Void [268481234]!
[WARN ] 2022-01-04 23:45:34 TargetType: Outdated Skill PvP Armor - Mirage(5694,1) with target type TARGET used on FighterLethal [268497202] by Void [268481234]!
[WARN ] 2022-01-04 23:45:34 TargetType: Outdated Skill PvP Armor - Mirage(5694,1) with target type TARGET used on FighterLethal [268497202] by Void [268481234]!
[WARN ] 2022-01-04 23:45:45 TargetType: Outdated Skill PvP Weapon - Attack Chance(5684,1) with target type TARGET used on FighterLethal [268497202] by Void [268481234]!
[WARN ] 2022-01-04 23:45:56 TargetType: Outdated Skill Expose Weak Point(5565,1) with target type TARGET used on FighterLethal [268497202] by Void [268481234]!
[WARN ] 2022-01-04 23:46:04 TargetType: Outdated Skill PvP Armor - Mirage(5694,1) with target type TARGET used on FighterLethal [268497202] by Void [268481234]!
[WARN ] 2022-01-04 23:46:12 TargetType: Outdated Skill PvP Armor - Mirage(5694,1) with target type TARGET used on FighterLethal [268497202] by Void [268481234]!
[WARN ] 2022-01-04 23:46:34 TargetType: Outdated Skill Expose Weak Point(5565,1) with target type TARGET used on FighterLethal [268497202] by Void [268481234]!
[WARN ] 2022-01-04 23:46:34 TargetType: Outdated Skill PvP Armor - Mirage(5694,1) with target type TARGET used on FighterLethal [268497202] by Void [268481234]!
[WARN ] 2022-01-04 23:47:04 TargetType: Outdated Skill PvP Armor - Mirage(5694,1) with target type TARGET used on FighterLethal [268497202] by Void [268481234]!
[WARN ] 2022-01-04 23:47:04 TargetType: Outdated Skill PvP Armor - Mirage(5694,1) with target type TARGET used on FighterLethal [268497202] by Void [268481234]!
[WARN ] 2022-01-04 23:47:08 TargetType: Outdated Skill Expose Weak Point(5565,1) with target type TARGET used on FighterLethal [268497202] by Void [268481234]!
[WARN ] 2022-01-04 23:47:08 TargetType: Outdated Skill PvP Armor - Mirage(5694,1) with target type TARGET used on FighterLethal [268497202] by Void [268481234]!
[WARN ] 2022-01-04 23:47:15 TargetType: Outdated Skill PvP Armor - Mirage(5694,1) with target type TARGET used on FighterLethal [268497202] by Void [268481234]!
[WARN ] 2022-01-04 23:47:17 TargetType: Outdated Skill PvP Weapon - Attack Chance(5684,1) with target type TARGET used on FighterLethal [268497202] by Void [268481234]!
[WARN ] 2022-01-04 23:47:17 TargetType: Outdated Skill Expose Weak Point(5565,1) with target type TARGET used on FighterLethal [268497202] by Void [268481234]!
[WARN ] 2022-01-04 23:47:25 TargetType: Outdated Skill PvP Armor - Mirage(5694,1) with target type TARGET used on FighterLethal [268497202] by Void [268481234]!
[WARN ] 2022-01-04 23:47:26 TargetType: Outdated Skill Expose Weak Point(5565,1) with target type TARGET used on FighterLethal [268497202] by Void [268481234]!
[WARN ] 2022-01-04 23:47:42 TargetType: Outdated Skill PvP Weapon - Attack Chance(5684,1) with target type TARGET used on FighterLethal [268497202] by Void [268481234]!
[WARN ] 2022-01-04 23:47:56 TargetType: Outdated Skill PvP Weapon - Attack Chance(5684,1) with target type TARGET used on FighterLethal [268497202] by Void [268481234]!
[WARN ] 2022-01-04 23:48:11 TargetType: Outdated Skill PvP Weapon - Attack Chance(5684,1) with target type TARGET used on FighterLethal [268497202] by Void [268481234]!
[WARN ] 2022-01-04 23:48:13 TargetType: Outdated Skill PvP Armor - Mirage(5694,1) with target type TARGET used on FighterLethal [268497202] by Void [268481234]!
[WARN ] 2022-01-04 23:48:14 TargetType: Outdated Skill PvP Weapon - Attack Chance(5684,1) with target type TARGET used on FighterLethal [268497202] by Void [268481234]!
[WARN ] 2022-01-04 23:48:14 TargetType: Outdated Skill Greedy Throat(23320,1) with target type ENEMY used on Void [268481234] by FighterLethal [268497202]!
[WARN ] 2022-01-04 23:48:15 TargetType: Outdated Skill PvP Armor - Mirage(5694,1) with target type TARGET used on FighterLethal [268497202] by Void [268481234]!
[WARN ] 2022-01-04 23:48:17 TargetType: Outdated Skill PvP Armor - Mirage(5694,1) with target type TARGET used on FighterLethal [268497202] by Void [268481234]!
[WARN ] 2022-01-04 23:48:18 TargetType: Outdated Skill PvP Weapon - Attack Chance(5684,1) with target type TARGET used on FighterLethal [268497202] by Void [268481234]!
[WARN ] 2022-01-04 23:48:19 TargetType: Outdated Skill Greedy Throat(23320,1) with target type TARGET used on Void [268481234] by FighterLethal [268497202]!
[WARN ] 2022-01-04 23:48:19 TargetType: Outdated Skill PvP Armor - Mirage(5694,1) with target type TARGET used on FighterLethal [268497202] by Void [268481234]!
[WARN ] 2022-01-04 23:48:21 TargetType: Outdated Skill PvP Armor - Mirage(5694,1) with target type TARGET used on FighterLethal [268497202] by Void [268481234]!
[WARN ] 2022-01-04 23:48:22 TargetType: Outdated Skill Expose Weak Point(5565,1) with target type TARGET used on FighterLethal [268497202] by Void [268481234]!
[WARN ] 2022-01-04 23:48:22 TargetType: Outdated Skill PvP Armor - Mirage(5694,1) with target type TARGET used on FighterLethal [268497202] by Void [268481234]!
[WARN ] 2022-01-04 23:48:23 TargetType: Outdated Skill PvP Armor - Mirage(5694,1) with target type TARGET used on FighterLethal [268497202] by Void [268481234]!
[WARN ] 2022-01-04 23:48:23 TargetType: Outdated Skill PvP Armor - Mirage(5694,1) with target type TARGET used on FighterLethal [268497202] by Void [268481234]!
[WARN ] 2022-01-04 23:48:41 TargetType: Outdated Skill PvP Armor - Mirage(5694,1) with target type TARGET used on FighterLethal [268497202] by Void [268481234]!
[WARN ] 2022-01-04 23:48:41 TargetType: Outdated Skill PvP Armor - Mirage(5694,1) with target type TARGET used on FighterLethal [268497202] by Void [268481234]!
[WARN ] 2022-01-04 23:48:50 TargetType: Outdated Skill PvP Armor - Mirage(5694,1) with target type TARGET used on FighterLethal [268497202] by Void [268481234]!
[INFO ] 2022-01-04 23:50:07 TaskOlympiadSave: Data updated.
[INFO ] 2022-01-04 23:51:20 L2PcInstance: Master access level set for character FighterLethal [268497202].
[INFO ] 2022-01-05 00:00:00 DayNightSpawnManager: Removed 232 day creatures.
[INFO ] 2022-01-05 00:00:00 DayNightSpawnManager: Spawned 553 night creatures.
[INFO ] 2022-01-05 00:00:41 Olympiad: Olympiad Game Ended
[INFO ] 2022-01-05 00:00:41 Olympiad: Competition Period Starts in 0 days, 18 hours and 0 mins.
[INFO ] 2022-01-05 00:00:41 Olympiad: Event starts/started : Wed Jan 05 18:00:41 ART 2022
[INFO ] 2022-01-05 00:05:07 TaskSevenSignsUpdate: Data updated successfully.
[INFO ] 2022-01-05 00:07:12 L2PcInstance: Master access level set for character FighterLethal [268497202].
[INFO ] 2022-01-05 00:13:27 GlobalVariablesManager: Stored 7 variables.
[INFO ] 2022-01-05 00:35:07 TaskSevenSignsUpdate: Data updated successfully.
[INFO ] 2022-01-05 00:43:27 GlobalVariablesManager: Stored 7 variables.
[INFO ] 2022-01-05 01:00:00 DayNightSpawnManager: Removed 553 night creatures.
[INFO ] 2022-01-05 01:00:00 DayNightSpawnManager: Spawned 232 day creatures.
[INFO ] 2022-01-05 01:05:07 TaskSevenSignsUpdate: Data updated successfully.
[INFO ] 2022-01-05 01:13:27 GlobalVariablesManager: Stored 7 variables.
[INFO ] 2022-01-05 01:35:07 TaskSevenSignsUpdate: Data updated successfully.
[INFO ] 2022-01-05 01:43:27 GlobalVariablesManager: Stored 7 variables.
[INFO ] 2022-01-05 02:05:07 TaskSevenSignsUpdate: Data updated successfully.
[INFO ] 2022-01-05 02:13:27 GlobalVariablesManager: Stored 7 variables.
[INFO ] 2022-01-05 02:35:07 TaskSevenSignsUpdate: Data updated successfully.
[INFO ] 2022-01-05 02:43:27 GlobalVariablesManager: Stored 7 variables.
[INFO ] 2022-01-05 03:05:07 TaskSevenSignsUpdate: Data updated successfully.
[INFO ] 2022-01-05 03:13:27 GlobalVariablesManager: Stored 7 variables.
[INFO ] 2022-01-05 03:35:07 TaskSevenSignsUpdate: Data updated successfully.
[INFO ] 2022-01-05 03:43:27 GlobalVariablesManager: Stored 7 variables.
[INFO ] 2022-01-05 04:00:00 DayNightSpawnManager: Removed 232 day creatures.
[INFO ] 2022-01-05 04:00:00 DayNightSpawnManager: Spawned 553 night creatures.
[INFO ] 2022-01-05 04:05:07 TaskSevenSignsUpdate: Data updated successfully.
[INFO ] 2022-01-05 04:13:27 GlobalVariablesManager: Stored 7 variables.
[INFO ] 2022-01-05 04:35:06 TaskSevenSignsUpdate: Data updated successfully.
[INFO ] 2022-01-05 04:43:26 GlobalVariablesManager: Stored 7 variables.
[INFO ] 2022-01-05 05:00:00 DayNightSpawnManager: Removed 553 night creatures.
[INFO ] 2022-01-05 05:00:00 DayNightSpawnManager: Spawned 232 day creatures.
[INFO ] 2022-01-05 05:05:06 TaskSevenSignsUpdate: Data updated successfully.
[INFO ] 2022-01-05 05:13:26 GlobalVariablesManager: Stored 7 variables.
[INFO ] 2022-01-05 05:35:06 TaskSevenSignsUpdate: Data updated successfully.
[INFO ] 2022-01-05 05:43:26 GlobalVariablesManager: Stored 7 variables.
[INFO ] 2022-01-05 06:05:06 TaskSevenSignsUpdate: Data updated successfully.
[INFO ] 2022-01-05 06:13:26 GlobalVariablesManager: Stored 7 variables.
[INFO ] 2022-01-05 06:29:59 TaskDailySkillReuseClean: Daily skill reuse cleaned.
[INFO ] 2022-01-05 06:29:59 TaskBirthday: 0 gifts sent.
[INFO ] 2022-01-05 06:29:59 TaskRecom: Recommendations system reset.
[INFO ] 2022-01-05 06:35:06 TaskSevenSignsUpdate: Data updated successfully.
[INFO ] 2022-01-05 06:43:26 GlobalVariablesManager: Stored 7 variables.
[INFO ] 2022-01-05 07:05:06 TaskSevenSignsUpdate: Data updated successfully.
[INFO ] 2022-01-05 07:13:26 GlobalVariablesManager: Stored 7 variables.
[INFO ] 2022-01-05 07:35:06 TaskSevenSignsUpdate: Data updated successfully.
[INFO ] 2022-01-05 07:43:26 GlobalVariablesManager: Stored 7 variables.
[INFO ] 2022-01-05 08:00:00 DayNightSpawnManager: Removed 232 day creatures.
[INFO ] 2022-01-05 08:00:00 DayNightSpawnManager: Spawned 553 night creatures.
[INFO ] 2022-01-05 08:05:06 TaskSevenSignsUpdate: Data updated successfully.
[INFO ] 2022-01-05 08:13:26 GlobalVariablesManager: Stored 7 variables.
[INFO ] 2022-01-05 08:35:06 TaskSevenSignsUpdate: Data updated successfully.
[INFO ] 2022-01-05 08:43:26 GlobalVariablesManager: Stored 7 variables.
[INFO ] 2022-01-05 09:00:00 DayNightSpawnManager: Removed 553 night creatures.
[INFO ] 2022-01-05 09:00:00 DayNightSpawnManager: Spawned 232 day creatures.
[INFO ] 2022-01-05 09:05:06 TaskSevenSignsUpdate: Data updated successfully.
[INFO ] 2022-01-05 09:13:26 GlobalVariablesManager: Stored 7 variables.
[INFO ] 2022-01-05 09:35:06 TaskSevenSignsUpdate: Data updated successfully.
[INFO ] 2022-01-05 09:43:26 GlobalVariablesManager: Stored 7 variables.
[INFO ] 2022-01-05 10:05:06 TaskSevenSignsUpdate: Data updated successfully.
[INFO ] 2022-01-05 10:13:26 GlobalVariablesManager: Stored 7 variables.
[INFO ] 2022-01-05 10:35:06 TaskSevenSignsUpdate: Data updated successfully.
[INFO ] 2022-01-05 10:43:26 GlobalVariablesManager: Stored 7 variables.
[INFO ] 2022-01-05 11:05:06 TaskSevenSignsUpdate: Data updated successfully.
[INFO ] 2022-01-05 11:13:26 GlobalVariablesManager: Stored 7 variables.
[INFO ] 2022-01-05 11:35:06 TaskSevenSignsUpdate: Data updated successfully.
[INFO ] 2022-01-05 11:43:26 GlobalVariablesManager: Stored 7 variables.
[INFO ] 2022-01-05 12:00:00 DayNightSpawnManager: Removed 232 day creatures.
[INFO ] 2022-01-05 12:00:00 DayNightSpawnManager: Spawned 553 night creatures.
[INFO ] 2022-01-05 12:05:06 TaskSevenSignsUpdate: Data updated successfully.
[INFO ] 2022-01-05 12:13:26 GlobalVariablesManager: Stored 7 variables.
[INFO ] 2022-01-05 12:35:06 TaskSevenSignsUpdate: Data updated successfully.
[INFO ] 2022-01-05 12:43:26 GlobalVariablesManager: Stored 7 variables.
[INFO ] 2022-01-05 13:00:00 DayNightSpawnManager: Removed 553 night creatures.
[INFO ] 2022-01-05 13:00:00 DayNightSpawnManager: Spawned 232 day creatures.
[INFO ] 2022-01-05 13:05:09 TaskSevenSignsUpdate: Data updated successfully.
[INFO ] 2022-01-05 13:13:26 GlobalVariablesManager: Stored 7 variables.
[INFO ] 2022-01-05 13:35:06 TaskSevenSignsUpdate: Data updated successfully.
[INFO ] 2022-01-05 13:43:26 GlobalVariablesManager: Stored 7 variables.
[INFO ] 2022-01-05 14:05:06 TaskSevenSignsUpdate: Data updated successfully.
[INFO ] 2022-01-05 14:13:26 GlobalVariablesManager: Stored 7 variables.
[INFO ] 2022-01-05 14:35:06 TaskSevenSignsUpdate: Data updated successfully.
[INFO ] 2022-01-05 14:43:26 GlobalVariablesManager: Stored 7 variables.
[INFO ] 2022-01-05 14:45:31 GrandBossManager: Updated Queen Ant (29001) status to 0.
[INFO ] 2022-01-05 15:05:06 TaskSevenSignsUpdate: Data updated successfully.
[INFO ] 2022-01-05 15:13:26 GlobalVariablesManager: Stored 7 variables.
[INFO ] 2022-01-05 15:35:06 TaskSevenSignsUpdate: Data updated successfully.
[INFO ] 2022-01-05 15:43:26 GlobalVariablesManager: Stored 7 variables.
[INFO ] 2022-01-05 16:00:00 DayNightSpawnManager: Removed 232 day creatures.
[INFO ] 2022-01-05 16:00:00 DayNightSpawnManager: Spawned 553 night creatures.
[INFO ] 2022-01-05 16:05:06 TaskSevenSignsUpdate: Data updated successfully.
[INFO ] 2022-01-05 16:13:26 GlobalVariablesManager: Stored 7 variables.
[INFO ] 2022-01-05 16:35:06 TaskSevenSignsUpdate: Data updated successfully.
[INFO ] 2022-01-05 16:43:26 GlobalVariablesManager: Stored 7 variables.
[INFO ] 2022-01-05 16:59:59 ItemAuctionInstance$ScheduleAuctionTask: Auction ID 3 has started for NPC ID 32322.
[INFO ] 2022-01-05 16:59:59 ItemAuctionInstance: Schedule current auction ID 3 for NPC ID 32322.
[INFO ] 2022-01-05 17:00:00 DayNightSpawnManager: Removed 553 night creatures.
[INFO ] 2022-01-05 17:00:00 DayNightSpawnManager: Spawned 232 day creatures.
[INFO ] 2022-01-05 17:05:06 TaskSevenSignsUpdate: Data updated successfully.
[INFO ] 2022-01-05 17:13:26 GlobalVariablesManager: Stored 7 variables.
[INFO ] 2022-01-05 17:35:06 TaskSevenSignsUpdate: Data updated successfully.
[INFO ] 2022-01-05 17:43:26 GlobalVariablesManager: Stored 7 variables.
[INFO ] 2022-01-05 18:00:40 Olympiad: Olympiad Game Started
[INFO ] 2022-01-05 18:05:06 TaskSevenSignsUpdate: Data updated successfully.
[INFO ] 2022-01-05 18:13:26 GlobalVariablesManager: Stored 7 variables.
[INFO ] 2022-01-05 18:20:06 TaskOlympiadSave: Data updated.
[INFO ] 2022-01-05 18:35:06 TaskSevenSignsUpdate: Data updated successfully.
[INFO ] 2022-01-05 18:43:26 GlobalVariablesManager: Stored 7 variables.
[INFO ] 2022-01-05 18:50:06 TaskOlympiadSave: Data updated.
[INFO ] 2022-01-05 18:52:18 Shutdown: UPnP Service: All ports mappings deleted (0ms).
[INFO ] 2022-01-05 18:52:18 Shutdown: All players disconnected and saved(2ms).
[INFO ] 2022-01-05 18:52:18 GameTimeController: Stopping GameTimeController
[INFO ] 2022-01-05 18:52:18 Shutdown: Game Time Controller: Timer stopped(1ms).
