[INFO ] 2022-01-14 13:49:38 GameServer: ------------------------------------------------=[ Database ]
[INFO ] 2022-01-14 13:49:38 GameServer: -----------------------------------=[ Network Configuration ]
[INFO ] 2022-01-14 13:49:38 IPConfigData: Using automatic network configuration.
[INFO ] 2022-01-14 13:49:38 IPConfigData: Adding new subnet: 127.0.0.0/8 address: 127.0.0.1
[INFO ] 2022-01-14 13:49:39 IPConfigData: Adding new subnet: 192.168.45.0/24 address: 192.168.45.45
[INFO ] 2022-01-14 13:49:39 IPConfigData: Adding new subnet: 0.0.0.0/0 address: 168.205.94.22
[INFO ] 2022-01-14 13:49:39 HikariDataSource: HikariPool-1 - Starting...
[INFO ] 2022-01-14 13:49:39 HikariDataSource: HikariPool-1 - Start completed.
[INFO ] 2022-01-14 13:49:39 IdFactory: Updated characters online status.
[INFO ] 2022-01-14 13:49:39 IdFactory: Cleaned up invalid weddings.
[INFO ] 2022-01-14 13:49:39 IdFactory: Cleaned 0 elements from database in 0s.
[INFO ] 2022-01-14 13:49:39 IdFactory: Cleaned 0 expired timestamps from database.
[INFO ] 2022-01-14 13:49:39 BitSetIDFactory: 102912 Ids available.
[INFO ] 2022-01-14 13:49:39 GameServer: ---------------------------------------------------=[ World ]
[INFO ] 2022-01-14 13:49:39 InstanceManager: Multiverse Instance created.
[INFO ] 2022-01-14 13:49:39 InstanceManager: Universe Instance created.
[INFO ] 2022-01-14 13:49:40 InstanceManager: Loaded 160 instance names.
[INFO ] 2022-01-14 13:49:40 L2World: 128 by 136 world region grid set up.
[INFO ] 2022-01-14 13:49:41 MapRegionManager: Loaded 57 map regions.
[INFO ] 2022-01-14 13:49:41 GlobalVariablesManager: Loaded 7 variables.
[INFO ] 2022-01-14 13:49:41 GameServer: ----------------------------------------------------=[ Data ]
[INFO ] 2022-01-14 13:49:41 CategoryData: Loaded 124 Categories.
[INFO ] 2022-01-14 13:49:41 SecondaryAuthData: Loaded 328 forbidden passwords.
[INFO ] 2022-01-14 13:49:41 GameServer: -------------------------------------------------=[ Effects ]
[INFO ] 2022-01-14 13:49:44 EffectMasterHandler: Loaded 168 effect handlers.
[INFO ] 2022-01-14 13:49:44 GameServer: ------------------------------------=[ Enchant Skill Groups ]
[INFO ] 2022-01-14 13:49:44 EnchantSkillGroupsData: Loaded 4 groups and 90 routes.
[INFO ] 2022-01-14 13:49:44 GameServer: ---------------------------------------------=[ Skill Trees ]
[INFO ] 2022-01-14 13:49:45 SkillTreesData: Loaded 17176 Class Skills for 103 Class Skill Trees.
[INFO ] 2022-01-14 13:49:45 SkillTreesData: Loaded 76 Sub-Class Skills.
[INFO ] 2022-01-14 13:49:45 SkillTreesData: Loaded 77 Transfer Skills for 3 Transfer Skill Trees.
[INFO ] 2022-01-14 13:49:45 SkillTreesData: Loaded 117 Fishing Skills, 8 Dwarven only Fishing Skills.
[INFO ] 2022-01-14 13:49:45 SkillTreesData: Loaded 3 Collect Skills.
[INFO ] 2022-01-14 13:49:45 SkillTreesData: Loaded 74 Pledge Skills, 44 for Pledge and 30 Residential.
[INFO ] 2022-01-14 13:49:45 SkillTreesData: Loaded 18 Sub-Pledge Skills.
[INFO ] 2022-01-14 13:49:45 SkillTreesData: Loaded 32 Transform Skills.
[INFO ] 2022-01-14 13:49:45 SkillTreesData: Loaded 8 Noble Skills.
[INFO ] 2022-01-14 13:49:45 SkillTreesData: Loaded 5 Hero Skills.
[INFO ] 2022-01-14 13:49:45 SkillTreesData: Loaded 46 Game Master Skills.
[INFO ] 2022-01-14 13:49:45 SkillTreesData: Loaded 46 Game Master Aura Skills.
[INFO ] 2022-01-14 13:49:45 GameServer: --------------------------------------------------=[ Skills ]
[INFO ] 2022-01-14 13:49:57 DocumentEngine: Loaded 65976 skill templates from XML files.
[INFO ] 2022-01-14 13:49:57 SummonSkillsTable: Loaded 1891 summon skills.
[INFO ] 2022-01-14 13:49:57 GameServer: ---------------------------------------------------=[ Items ]
[INFO ] 2022-01-14 13:49:58 ItemTable: Highest item Id used 22567.
[INFO ] 2022-01-14 13:49:58 ItemTable: Loaded 11481 Etc items.
[INFO ] 2022-01-14 13:49:58 ItemTable: Loaded 3825 Armor items.
[INFO ] 2022-01-14 13:49:58 ItemTable: Loaded 3893 Weapon items.
[INFO ] 2022-01-14 13:49:58 ItemTable: Loaded 19199 items in total.
[INFO ] 2022-01-14 13:49:58 EnchantItemGroupsData: Loaded 4 item group templates.
[INFO ] 2022-01-14 13:49:58 EnchantItemGroupsData: Loaded 1 scroll group templates.
[WARN ] 2022-01-14 13:49:58 EnchantItemData: Wrong enchant scroll item type: 731 defined in enchant data!
[WARN ] 2022-01-14 13:49:58 EnchantItemData: Wrong enchant scroll item type: 949 defined in enchant data!
[WARN ] 2022-01-14 13:49:58 EnchantItemData: Wrong enchant scroll item type: 953 defined in enchant data!
[WARN ] 2022-01-14 13:49:58 EnchantItemData: Wrong enchant scroll item type: 957 defined in enchant data!
[WARN ] 2022-01-14 13:49:58 EnchantItemData: Wrong enchant scroll item type: 961 defined in enchant data!
[WARN ] 2022-01-14 13:49:58 EnchantItemData: Wrong enchant scroll item type: 732 defined in enchant data!
[WARN ] 2022-01-14 13:49:58 EnchantItemData: Wrong enchant scroll item type: 950 defined in enchant data!
[WARN ] 2022-01-14 13:49:58 EnchantItemData: Wrong enchant scroll item type: 954 defined in enchant data!
[WARN ] 2022-01-14 13:49:58 EnchantItemData: Wrong enchant scroll item type: 958 defined in enchant data!
[WARN ] 2022-01-14 13:49:58 EnchantItemData: Wrong enchant scroll item type: 962 defined in enchant data!
[INFO ] 2022-01-14 13:49:58 EnchantItemData: Loaded 63 enchant scrolls.
[INFO ] 2022-01-14 13:49:58 EnchantItemData: Loaded 20 support items.
[INFO ] 2022-01-14 13:49:58 EnchantItemOptionsData: Loaded 23 items and 1093 options.
[INFO ] 2022-01-14 13:49:59 OptionData: Loaded 24985 item options.
[INFO ] 2022-01-14 13:49:59 EnchantItemHPBonusData: Loaded 6 Enchant HP Bonuses.
[INFO ] 2022-01-14 13:49:59 MerchantPriceConfigTable: Loaded 28 merchant price configs.
[WARN ] 2022-01-14 13:50:00 IXmlReader: BuyListData: Folder C:\opt\l2j\server\game\data\buylists\custom doesn't exist!
[INFO ] 2022-01-14 13:50:00 BuyListData: Loaded 760 buy lists.
[INFO ] 2022-01-14 13:50:01 MultisellData: Loaded 308 multisell lists.
[INFO ] 2022-01-14 13:50:01 RecipeData: Loaded 1000 recipes.
[INFO ] 2022-01-14 13:50:01 ArmorSetsData: Loaded 204 armor sets.
[INFO ] 2022-01-14 13:50:01 FishData: Loaded 278 fish.
[INFO ] 2022-01-14 13:50:01 FishingMonstersData: Loaded 8 fishing monsters.
[INFO ] 2022-01-14 13:50:01 FishingRodsData: Loaded 6 fishing rods.
[INFO ] 2022-01-14 13:50:01 HennaData: Loaded 180 Henna data.
[INFO ] 2022-01-14 13:50:01 GameServer: ----------------------------------------------=[ Characters ]
[INFO ] 2022-01-14 13:50:01 ClassListData: Loaded 107 class data.
[INFO ] 2022-01-14 13:50:01 InitialEquipmentData: Loaded 11 initial equipment data.
[INFO ] 2022-01-14 13:50:01 InitialShortcutData: Loaded 5 initial dlobal shortcuts data.
[INFO ] 2022-01-14 13:50:01 InitialShortcutData: Loaded 4 initial shortcuts data.
[INFO ] 2022-01-14 13:50:01 InitialShortcutData: Loaded 0 macros presets.
[INFO ] 2022-01-14 13:50:01 KarmaData: Loaded 85 karma modifiers.
[INFO ] 2022-01-14 13:50:01 HitConditionBonusData: Loaded Hit Condition bonuses.
[INFO ] 2022-01-14 13:50:02 PlayerTemplateData: Loaded 103 character templates.
[INFO ] 2022-01-14 13:50:02 PlayerTemplateData: Loaded 52530 level up gain records.
[INFO ] 2022-01-14 13:50:02 PlayerCreationPointData: Loaded 62 character creation points.
[INFO ] 2022-01-14 13:50:02 CharNameTable: Loaded 4 char names.
[INFO ] 2022-01-14 13:50:02 AdminData: Loaded 10 access levels.
[INFO ] 2022-01-14 13:50:02 AdminData: Loaded 444 access commands.
[INFO ] 2022-01-14 13:50:02 RaidBossPointsManager: Loaded 1 characters raid points.
[INFO ] 2022-01-14 13:50:02 PetDataTable: Loaded 52 Pets.
[INFO ] 2022-01-14 13:50:02 GameServer: -----------------------------------------------------=[ BBS ]
[INFO ] 2022-01-14 13:50:02 ForumsBBSManager: Loaded 5 forums.
[INFO ] 2022-01-14 13:50:02 GameServer: ---------------------------------------------------=[ Clans ]
[INFO ] 2022-01-14 13:50:02 ClanTable: Restored 1 clans from the database.
[INFO ] 2022-01-14 13:50:02 AuctionManager: Loaded 38 auction(s).
[INFO ] 2022-01-14 13:50:02 ClanHallManager: Loaded 0 clan halls.
[INFO ] 2022-01-14 13:50:02 ClanHallManager: Loaded 38 free clan halls.
[INFO ] 2022-01-14 13:50:02 ClanHallSiegeManager: Loaded 6 conquerable clan halls.
[INFO ] 2022-01-14 13:50:02 GameServer: -------------------------------------------------=[ Geodata ]
[INFO ] 2022-01-14 13:50:02 GeoData: Loading 11_23.l2j...
[INFO ] 2022-01-14 13:50:02 GeoData: Loading 11_24.l2j...
[INFO ] 2022-01-14 13:50:03 GeoData: Loading 11_25.l2j...
[INFO ] 2022-01-14 13:50:03 GeoData: Loading 11_26.l2j...
[INFO ] 2022-01-14 13:50:03 GeoData: Loading 12_23.l2j...
[INFO ] 2022-01-14 13:50:03 GeoData: Loading 12_24.l2j...
[INFO ] 2022-01-14 13:50:03 GeoData: Loading 12_25.l2j...
[INFO ] 2022-01-14 13:50:03 GeoData: Loading 12_26.l2j...
[INFO ] 2022-01-14 13:50:03 GeoData: Loading 13_21.l2j...
[INFO ] 2022-01-14 13:50:03 GeoData: Loading 13_22.l2j...
[INFO ] 2022-01-14 13:50:03 GeoData: Loading 13_23.l2j...
[INFO ] 2022-01-14 13:50:03 GeoData: Loading 13_24.l2j...
[INFO ] 2022-01-14 13:50:03 GeoData: Loading 13_25.l2j...
[INFO ] 2022-01-14 13:50:03 GeoData: Loading 13_26.l2j...
[INFO ] 2022-01-14 13:50:03 GeoData: Loading 14_21.l2j...
[INFO ] 2022-01-14 13:50:03 GeoData: Loading 14_22.l2j...
[INFO ] 2022-01-14 13:50:03 GeoData: Loading 14_23.l2j...
[INFO ] 2022-01-14 13:50:03 GeoData: Loading 14_24.l2j...
[INFO ] 2022-01-14 13:50:03 GeoData: Loading 14_25.l2j...
[INFO ] 2022-01-14 13:50:03 GeoData: Loading 14_26.l2j...
[INFO ] 2022-01-14 13:50:03 GeoData: Loading 15_10.l2j...
[INFO ] 2022-01-14 13:50:03 GeoData: Loading 15_11.l2j...
[INFO ] 2022-01-14 13:50:03 GeoData: Loading 15_12.l2j...
[INFO ] 2022-01-14 13:50:03 GeoData: Loading 15_18.l2j...
[INFO ] 2022-01-14 13:50:03 GeoData: Loading 15_19.l2j...
[INFO ] 2022-01-14 13:50:03 GeoData: Loading 15_20.l2j...
[INFO ] 2022-01-14 13:50:03 GeoData: Loading 15_21.l2j...
[INFO ] 2022-01-14 13:50:03 GeoData: Loading 15_22.l2j...
[INFO ] 2022-01-14 13:50:03 GeoData: Loading 15_23.l2j...
[INFO ] 2022-01-14 13:50:03 GeoData: Loading 15_24.l2j...
[INFO ] 2022-01-14 13:50:03 GeoData: Loading 15_25.l2j...
[INFO ] 2022-01-14 13:50:03 GeoData: Loading 15_26.l2j...
[INFO ] 2022-01-14 13:50:03 GeoData: Loading 16_10.l2j...
[INFO ] 2022-01-14 13:50:03 GeoData: Loading 16_11.l2j...
[INFO ] 2022-01-14 13:50:03 GeoData: Loading 16_12.l2j...
[INFO ] 2022-01-14 13:50:03 GeoData: Loading 16_13.l2j...
[INFO ] 2022-01-14 13:50:03 GeoData: Loading 16_14.l2j...
[INFO ] 2022-01-14 13:50:03 GeoData: Loading 16_15.l2j...
[INFO ] 2022-01-14 13:50:03 GeoData: Loading 16_16.l2j...
[INFO ] 2022-01-14 13:50:03 GeoData: Loading 16_17.l2j...
[INFO ] 2022-01-14 13:50:03 GeoData: Loading 16_18.l2j...
[INFO ] 2022-01-14 13:50:03 GeoData: Loading 16_19.l2j...
[INFO ] 2022-01-14 13:50:03 GeoData: Loading 16_20.l2j...
[INFO ] 2022-01-14 13:50:03 GeoData: Loading 16_21.l2j...
[INFO ] 2022-01-14 13:50:03 GeoData: Loading 16_22.l2j...
[INFO ] 2022-01-14 13:50:03 GeoData: Loading 16_23.l2j...
[INFO ] 2022-01-14 13:50:03 GeoData: Loading 16_24.l2j...
[INFO ] 2022-01-14 13:50:04 GeoData: Loading 16_25.l2j...
[INFO ] 2022-01-14 13:50:04 GeoData: Loading 16_26.l2j...
[INFO ] 2022-01-14 13:50:04 GeoData: Loading 17_10.l2j...
[INFO ] 2022-01-14 13:50:04 GeoData: Loading 17_11.l2j...
[INFO ] 2022-01-14 13:50:04 GeoData: Loading 17_12.l2j...
[INFO ] 2022-01-14 13:50:04 GeoData: Loading 17_13.l2j...
[INFO ] 2022-01-14 13:50:04 GeoData: Loading 17_14.l2j...
[INFO ] 2022-01-14 13:50:04 GeoData: Loading 17_15.l2j...
[INFO ] 2022-01-14 13:50:04 GeoData: Loading 17_16.l2j...
[INFO ] 2022-01-14 13:50:04 GeoData: Loading 17_17.l2j...
[INFO ] 2022-01-14 13:50:04 GeoData: Loading 17_18.l2j...
[INFO ] 2022-01-14 13:50:04 GeoData: Loading 17_19.l2j...
[INFO ] 2022-01-14 13:50:04 GeoData: Loading 17_20.l2j...
[INFO ] 2022-01-14 13:50:04 GeoData: Loading 17_21.l2j...
[INFO ] 2022-01-14 13:50:04 GeoData: Loading 17_22.l2j...
[INFO ] 2022-01-14 13:50:04 GeoData: Loading 17_23.l2j...
[INFO ] 2022-01-14 13:50:04 GeoData: Loading 17_24.l2j...
[INFO ] 2022-01-14 13:50:04 GeoData: Loading 17_25.l2j...
[INFO ] 2022-01-14 13:50:04 GeoData: Loading 17_26.l2j...
[INFO ] 2022-01-14 13:50:04 GeoData: Loading 18_10.l2j...
[INFO ] 2022-01-14 13:50:04 GeoData: Loading 18_11.l2j...
[INFO ] 2022-01-14 13:50:04 GeoData: Loading 18_12.l2j...
[INFO ] 2022-01-14 13:50:04 GeoData: Loading 18_13.l2j...
[INFO ] 2022-01-14 13:50:04 GeoData: Loading 18_14.l2j...
[INFO ] 2022-01-14 13:50:04 GeoData: Loading 18_15.l2j...
[INFO ] 2022-01-14 13:50:04 GeoData: Loading 18_16.l2j...
[INFO ] 2022-01-14 13:50:04 GeoData: Loading 18_17.l2j...
[INFO ] 2022-01-14 13:50:04 GeoData: Loading 18_18.l2j...
[INFO ] 2022-01-14 13:50:04 GeoData: Loading 18_19.l2j...
[INFO ] 2022-01-14 13:50:04 GeoData: Loading 18_20.l2j...
[INFO ] 2022-01-14 13:50:04 GeoData: Loading 18_21.l2j...
[INFO ] 2022-01-14 13:50:04 GeoData: Loading 18_22.l2j...
[INFO ] 2022-01-14 13:50:04 GeoData: Loading 18_23.l2j...
[INFO ] 2022-01-14 13:50:04 GeoData: Loading 18_24.l2j...
[INFO ] 2022-01-14 13:50:04 GeoData: Loading 18_25.l2j...
[INFO ] 2022-01-14 13:50:04 GeoData: Loading 18_26.l2j...
[INFO ] 2022-01-14 13:50:04 GeoData: Loading 19_10.l2j...
[INFO ] 2022-01-14 13:50:04 GeoData: Loading 19_11.l2j...
[INFO ] 2022-01-14 13:50:04 GeoData: Loading 19_12.l2j...
[INFO ] 2022-01-14 13:50:04 GeoData: Loading 19_13.l2j...
[INFO ] 2022-01-14 13:50:04 GeoData: Loading 19_14.l2j...
[INFO ] 2022-01-14 13:50:05 GeoData: Loading 19_15.l2j...
[INFO ] 2022-01-14 13:50:05 GeoData: Loading 19_16.l2j...
[INFO ] 2022-01-14 13:50:05 GeoData: Loading 19_17.l2j...
[INFO ] 2022-01-14 13:50:05 GeoData: Loading 19_18.l2j...
[INFO ] 2022-01-14 13:50:05 GeoData: Loading 19_19.l2j...
[INFO ] 2022-01-14 13:50:05 GeoData: Loading 19_20.l2j...
[INFO ] 2022-01-14 13:50:05 GeoData: Loading 19_21.l2j...
[INFO ] 2022-01-14 13:50:05 GeoData: Loading 19_22.l2j...
[INFO ] 2022-01-14 13:50:05 GeoData: Loading 19_23.l2j...
[INFO ] 2022-01-14 13:50:05 GeoData: Loading 19_24.l2j...
[INFO ] 2022-01-14 13:50:05 GeoData: Loading 19_25.l2j...
[INFO ] 2022-01-14 13:50:05 GeoData: Loading 19_26.l2j...
[INFO ] 2022-01-14 13:50:05 GeoData: Loading 20_10.l2j...
[INFO ] 2022-01-14 13:50:05 GeoData: Loading 20_11.l2j...
[INFO ] 2022-01-14 13:50:05 GeoData: Loading 20_12.l2j...
[INFO ] 2022-01-14 13:50:05 GeoData: Loading 20_13.l2j...
[INFO ] 2022-01-14 13:50:05 GeoData: Loading 20_14.l2j...
[INFO ] 2022-01-14 13:50:05 GeoData: Loading 20_15.l2j...
[INFO ] 2022-01-14 13:50:05 GeoData: Loading 20_16.l2j...
[INFO ] 2022-01-14 13:50:05 GeoData: Loading 20_17.l2j...
[INFO ] 2022-01-14 13:50:05 GeoData: Loading 20_18.l2j...
[INFO ] 2022-01-14 13:50:05 GeoData: Loading 20_19.l2j...
[INFO ] 2022-01-14 13:50:05 GeoData: Loading 20_20.l2j...
[INFO ] 2022-01-14 13:50:05 GeoData: Loading 20_21.l2j...
[INFO ] 2022-01-14 13:50:06 GeoData: Loading 20_22.l2j...
[INFO ] 2022-01-14 13:50:06 GeoData: Loading 20_23.l2j...
[INFO ] 2022-01-14 13:50:06 GeoData: Loading 20_24.l2j...
[INFO ] 2022-01-14 13:50:06 GeoData: Loading 20_25.l2j...
[INFO ] 2022-01-14 13:50:06 GeoData: Loading 20_26.l2j...
[INFO ] 2022-01-14 13:50:06 GeoData: Loading 21_10.l2j...
[INFO ] 2022-01-14 13:50:06 GeoData: Loading 21_11.l2j...
[INFO ] 2022-01-14 13:50:06 GeoData: Loading 21_12.l2j...
[INFO ] 2022-01-14 13:50:06 GeoData: Loading 21_13.l2j...
[INFO ] 2022-01-14 13:50:06 GeoData: Loading 21_14.l2j...
[INFO ] 2022-01-14 13:50:06 GeoData: Loading 21_15.l2j...
[INFO ] 2022-01-14 13:50:06 GeoData: Loading 21_16.l2j...
[INFO ] 2022-01-14 13:50:06 GeoData: Loading 21_17.l2j...
[INFO ] 2022-01-14 13:50:06 GeoData: Loading 21_18.l2j...
[INFO ] 2022-01-14 13:50:06 GeoData: Loading 21_19.l2j...
[INFO ] 2022-01-14 13:50:06 GeoData: Loading 21_20.l2j...
[INFO ] 2022-01-14 13:50:06 GeoData: Loading 21_21.l2j...
[INFO ] 2022-01-14 13:50:06 GeoData: Loading 21_22.l2j...
[INFO ] 2022-01-14 13:50:06 GeoData: Loading 21_23.l2j...
[INFO ] 2022-01-14 13:50:06 GeoData: Loading 21_24.l2j...
[INFO ] 2022-01-14 13:50:07 GeoData: Loading 21_25.l2j...
[INFO ] 2022-01-14 13:50:07 GeoData: Loading 22_10.l2j...
[INFO ] 2022-01-14 13:50:07 GeoData: Loading 22_11.l2j...
[INFO ] 2022-01-14 13:50:07 GeoData: Loading 22_12.l2j...
[INFO ] 2022-01-14 13:50:07 GeoData: Loading 22_13.l2j...
[INFO ] 2022-01-14 13:50:07 GeoData: Loading 22_14.l2j...
[INFO ] 2022-01-14 13:50:07 GeoData: Loading 22_15.l2j...
[INFO ] 2022-01-14 13:50:07 GeoData: Loading 22_16.l2j...
[INFO ] 2022-01-14 13:50:07 GeoData: Loading 22_17.l2j...
[INFO ] 2022-01-14 13:50:07 GeoData: Loading 22_18.l2j...
[INFO ] 2022-01-14 13:50:07 GeoData: Loading 22_19.l2j...
[INFO ] 2022-01-14 13:50:07 GeoData: Loading 22_20.l2j...
[INFO ] 2022-01-14 13:50:07 GeoData: Loading 22_21.l2j...
[INFO ] 2022-01-14 13:50:07 GeoData: Loading 22_22.l2j...
[INFO ] 2022-01-14 13:50:07 GeoData: Loading 22_23.l2j...
[INFO ] 2022-01-14 13:50:07 GeoData: Loading 22_24.l2j...
[INFO ] 2022-01-14 13:50:07 GeoData: Loading 22_25.l2j...
[INFO ] 2022-01-14 13:50:07 GeoData: Loading 22_26.l2j...
[INFO ] 2022-01-14 13:50:07 GeoData: Loading 23_10.l2j...
[INFO ] 2022-01-14 13:50:07 GeoData: Loading 23_11.l2j...
[INFO ] 2022-01-14 13:50:07 GeoData: Loading 23_12.l2j...
[INFO ] 2022-01-14 13:50:07 GeoData: Loading 23_13.l2j...
[INFO ] 2022-01-14 13:50:07 GeoData: Loading 23_14.l2j...
[INFO ] 2022-01-14 13:50:08 GeoData: Loading 23_15.l2j...
[INFO ] 2022-01-14 13:50:08 GeoData: Loading 23_16.l2j...
[INFO ] 2022-01-14 13:50:08 GeoData: Loading 23_17.l2j...
[INFO ] 2022-01-14 13:50:08 GeoData: Loading 23_18.l2j...
[INFO ] 2022-01-14 13:50:08 GeoData: Loading 23_19.l2j...
[INFO ] 2022-01-14 13:50:08 GeoData: Loading 23_20.l2j...
[INFO ] 2022-01-14 13:50:08 GeoData: Loading 23_21.l2j...
[INFO ] 2022-01-14 13:50:08 GeoData: Loading 23_22.l2j...
[INFO ] 2022-01-14 13:50:08 GeoData: Loading 23_23.l2j...
[INFO ] 2022-01-14 13:50:08 GeoData: Loading 23_24.l2j...
[INFO ] 2022-01-14 13:50:08 GeoData: Loading 23_25.l2j...
[INFO ] 2022-01-14 13:50:08 GeoData: Loading 23_26.l2j...
[INFO ] 2022-01-14 13:50:08 GeoData: Loading 24_10.l2j...
[INFO ] 2022-01-14 13:50:08 GeoData: Loading 24_11.l2j...
[INFO ] 2022-01-14 13:50:08 GeoData: Loading 24_12.l2j...
[INFO ] 2022-01-14 13:50:08 GeoData: Loading 24_13.l2j...
[INFO ] 2022-01-14 13:50:08 GeoData: Loading 24_14.l2j...
[INFO ] 2022-01-14 13:50:08 GeoData: Loading 24_15.l2j...
[INFO ] 2022-01-14 13:50:08 GeoData: Loading 24_16.l2j...
[INFO ] 2022-01-14 13:50:08 GeoData: Loading 24_17.l2j...
[INFO ] 2022-01-14 13:50:09 GeoData: Loading 24_18.l2j...
[INFO ] 2022-01-14 13:50:09 GeoData: Loading 24_19.l2j...
[INFO ] 2022-01-14 13:50:09 GeoData: Loading 24_20.l2j...
[INFO ] 2022-01-14 13:50:09 GeoData: Loading 24_21.l2j...
[INFO ] 2022-01-14 13:50:09 GeoData: Loading 24_22.l2j...
[INFO ] 2022-01-14 13:50:09 GeoData: Loading 24_23.l2j...
[INFO ] 2022-01-14 13:50:09 GeoData: Loading 24_24.l2j...
[INFO ] 2022-01-14 13:50:09 GeoData: Loading 24_25.l2j...
[INFO ] 2022-01-14 13:50:09 GeoData: Loading 24_26.l2j...
[INFO ] 2022-01-14 13:50:09 GeoData: Loading 25_10.l2j...
[INFO ] 2022-01-14 13:50:09 GeoData: Loading 25_11.l2j...
[INFO ] 2022-01-14 13:50:09 GeoData: Loading 25_12.l2j...
[INFO ] 2022-01-14 13:50:09 GeoData: Loading 25_14.l2j...
[INFO ] 2022-01-14 13:50:09 GeoData: Loading 25_15.l2j...
[INFO ] 2022-01-14 13:50:09 GeoData: Loading 25_16.l2j...
[INFO ] 2022-01-14 13:50:09 GeoData: Loading 25_17.l2j...
[INFO ] 2022-01-14 13:50:09 GeoData: Loading 25_18.l2j...
[INFO ] 2022-01-14 13:50:09 GeoData: Loading 25_19.l2j...
[INFO ] 2022-01-14 13:50:09 GeoData: Loading 25_20.l2j...
[INFO ] 2022-01-14 13:50:09 GeoData: Loading 25_21.l2j...
[INFO ] 2022-01-14 13:50:09 GeoData: Loading 25_22.l2j...
[INFO ] 2022-01-14 13:50:09 GeoData: Loading 25_23.l2j...
[INFO ] 2022-01-14 13:50:09 GeoData: Loading 25_24.l2j...
[INFO ] 2022-01-14 13:50:09 GeoData: Loading 26_11.l2j...
[INFO ] 2022-01-14 13:50:09 GeoData: Loading 26_12.l2j...
[INFO ] 2022-01-14 13:50:09 GeoData: Loading 26_14.l2j...
[INFO ] 2022-01-14 13:50:09 GeoData: Loading 26_15.l2j...
[INFO ] 2022-01-14 13:50:09 GeoData: Loading 26_16.l2j...
[INFO ] 2022-01-14 13:50:09 GeoData: Loaded 203 regions.
[INFO ] 2022-01-14 13:50:09 GameServer: ----------------------------------------------------=[ NPCs ]
[INFO ] 2022-01-14 13:50:09 SkillLearnData: Loaded 256 skill learn data.
[INFO ] 2022-01-14 13:50:09 NpcData$MinionData: Loaded 128 minions data.
[INFO ] 2022-01-14 13:50:13 NpcData: Loaded 10461 NPCs.
[INFO ] 2022-01-14 13:50:13 NpcData: Loaded 14 custom NPCs.
[INFO ] 2022-01-14 13:50:13 WalkingManager: Loaded 127 walking routes.
[INFO ] 2022-01-14 13:50:13 StaticObjectData: Loaded 51 static object templates.
[INFO ] 2022-01-14 13:50:15 GrandBossManager: Queen Ant (29001) status is 0.
[INFO ] 2022-01-14 13:50:15 GrandBossManager: Core (29006) status is 0.
[INFO ] 2022-01-14 13:50:15 GrandBossManager: Orfen (29014) status is 0.
[INFO ] 2022-01-14 13:50:15 GrandBossManager: Baium (29020) status is 3.
[INFO ] 2022-01-14 13:50:15 GrandBossManager: Next spawn date of Baium is 2022-01-15T02:25:55.049-0300.
[INFO ] 2022-01-14 13:50:15 GrandBossManager: Valakas (29028) status is 0.
[INFO ] 2022-01-14 13:50:15 GrandBossManager: Antharas (29068) status is 0.
[INFO ] 2022-01-14 13:50:15 GrandBossManager: Beleth (29118) status is 0.
[INFO ] 2022-01-14 13:50:15 GrandBossManager: Loaded 7 grand boss instances.
[INFO ] 2022-01-14 13:50:15 DoorData: Loaded 1301 door templates for 22 regions.
[INFO ] 2022-01-14 13:50:16 ZoneManager: Loaded 28 zone classes and 2794 zones.
[INFO ] 2022-01-14 13:50:16 ZoneManager: Loaded 0 NPC spawn territoriers.
[INFO ] 2022-01-14 13:50:16 CastleManager: Loaded 9 castles.
[INFO ] 2022-01-14 13:50:16 NpcBufferTable: Loaded 2 buffers and 64 skills.
[INFO ] 2022-01-14 13:50:16 GrandBossManager: Initialized 12 grand boss zones.
[INFO ] 2022-01-14 13:50:16 GameServer: -----------------------------------------=[ Auction Manager ]
[INFO ] 2022-01-14 13:50:16 ItemAuctionInstance: Loaded 82 item(s) and registered 2 auction(s) for NPC ID 32320.
[INFO ] 2022-01-14 13:50:16 ItemAuctionInstance: Schedule next auction ID 5 on 17:00:00 14.01.22 for NPC ID 32320.
[INFO ] 2022-01-14 13:50:16 ItemAuctionInstance: Loaded 82 item(s) and registered 2 auction(s) for NPC ID 32321.
[INFO ] 2022-01-14 13:50:16 ItemAuctionInstance: Schedule next auction ID 6 on 17:00:00 17.01.22 for NPC ID 32321.
[INFO ] 2022-01-14 13:50:16 ItemAuctionInstance: Loaded 82 item(s) and registered 3 auction(s) for NPC ID 32322.
[INFO ] 2022-01-14 13:50:16 ItemAuctionInstance: Schedule next auction ID 7 on 17:00:00 19.01.22 for NPC ID 32322.
[INFO ] 2022-01-14 13:50:16 ItemAuctionManager: Loaded 3 auction manager instance(s).
[INFO ] 2022-01-14 13:50:16 GameServer: ------------------------------------------------=[ Olympiad ]
[INFO ] 2022-01-14 13:50:16 Olympiad: Loading Olympiad System....
[INFO ] 2022-01-14 13:50:16 Olympiad: Currently in Olympiad Period
[INFO ] 2022-01-14 13:50:16 Olympiad: 25809 minutes until period ends
[INFO ] 2022-01-14 13:50:16 Olympiad: Next weekly change is in 6044 minutes
[INFO ] 2022-01-14 13:50:16 Olympiad: Loaded 0 Nobles
[INFO ] 2022-01-14 13:50:16 Olympiad: Competition Period Starts in 0 days, 4 hours and 10 mins.
[INFO ] 2022-01-14 13:50:16 Olympiad: Event starts/started : Fri Jan 14 18:00:16 ART 2022
[INFO ] 2022-01-14 13:50:16 Hero: Loaded 0 Heroes.
[INFO ] 2022-01-14 13:50:16 Hero: Loaded 0 all time Heroes.
[INFO ] 2022-01-14 13:50:16 GameServer: ---------------------------------------------=[ Seven Signs ]
[INFO ] 2022-01-14 13:50:16 SevenSigns: Currently in the Seal Validation period.
[INFO ] 2022-01-14 13:50:16 SevenSigns: The Seal of Avarice remains unclaimed.
[INFO ] 2022-01-14 13:50:16 SevenSigns: The Seal of Gnosis remains unclaimed.
[INFO ] 2022-01-14 13:50:16 SevenSigns: The Seal of Strife remains unclaimed.
[INFO ] 2022-01-14 13:50:16 SevenSigns: The competition ended with a tie last week.
[INFO ] 2022-01-14 13:50:16 SevenSigns: Next period change set to 2022-01-17T18:00:16.778-0300.
[INFO ] 2022-01-14 13:50:16 SevenSigns: Next period begins in 3 days, 4 hours and 10 mins.
[INFO ] 2022-01-14 13:50:16 GameServer: ---------------------------------------------------=[ Cache ]
[INFO ] 2022-01-14 13:50:16 HtmCache: Running lazy cache.
[INFO ] 2022-01-14 13:50:16 CrestTable: Loaded 1 crests.
[INFO ] 2022-01-14 13:50:16 TeleportLocationTable: Loaded 1220 teleport location templates.
[INFO ] 2022-01-14 13:50:16 UIData: Loaded 4 keys 5 categories.
[INFO ] 2022-01-14 13:50:16 AugmentationData: Loaded 33960 augmentations.
[INFO ] 2022-01-14 13:50:16 AugmentationData: Loaded 2754 accessory augmentations.
[INFO ] 2022-01-14 13:50:16 CursedWeaponsManager: Loaded 2 cursed weapon(s).
[INFO ] 2022-01-14 13:50:17 TransformData: Loaded 111 transform templates.
[INFO ] 2022-01-14 13:50:17 BotReportTable: Loaded 0 bot reports.
[INFO ] 2022-01-14 13:50:17 AirShipManager: Loaded 0 private airships.
[INFO ] 2022-01-14 13:50:17 GameServer: ------------------------------------------------=[ Handlers ]
[INFO ] 2022-01-14 13:50:20 MasterHandler: Loaded 8 Voiced Command Handler.
[INFO ] 2022-01-14 13:50:20 MasterHandler: Loaded 10 Action Handler.
[INFO ] 2022-01-14 13:50:20 MasterHandler: Loaded 6 Action Shift Handler.
[INFO ] 2022-01-14 13:50:20 MasterHandler: Loaded 447 Admin Command Handler.
[INFO ] 2022-01-14 13:50:20 MasterHandler: Loaded 48 Bypass Handler.
[INFO ] 2022-01-14 13:50:20 MasterHandler: Loaded 14 Chat Handler.
[INFO ] 2022-01-14 13:50:20 MasterHandler: Loaded 15 Community Board Handler.
[INFO ] 2022-01-14 13:50:20 MasterHandler: Loaded 31 Item Handler.
[INFO ] 2022-01-14 13:50:20 MasterHandler: Loaded 3 Punishment Handler.
[INFO ] 2022-01-14 13:50:20 MasterHandler: Loaded 17 User Command Handler.
[INFO ] 2022-01-14 13:50:20 MasterHandler: Loaded 20 Telnet Handler.
[INFO ] 2022-01-14 13:50:20 GameServer: ------------------------------------------------------=[ AI ]
[INFO ] 2022-01-14 13:50:23 NpcBuffersData: Loaded 33 buffers data.
[INFO ] 2022-01-14 13:50:23 HandysBlockCheckerEvent: Loaded Handy's Block Checker event.
[INFO ] 2022-01-14 13:50:23 AILoader: Loaded 179 AI scripts.
[INFO ] 2022-01-14 13:50:23 GameServer: -----------------------------------------------=[ Instances ]
[INFO ] 2022-01-14 13:50:25 InstanceLoader: Loaded 30 instnaces.
[INFO ] 2022-01-14 13:50:25 GameServer: --------------------------------------------------=[ Gracia ]
[INFO ] 2022-01-14 13:50:26 GraciaLoader: Loaded 28 Gracia scripts.
[INFO ] 2022-01-14 13:50:26 GameServer: -----------------------------------------------=[ Hellbound ]
[INFO ] 2022-01-14 13:50:26 HellboundPointData: Loaded 47 trust point reward data.
[INFO ] 2022-01-14 13:50:26 HellboundSpawns: Loaded 598 Hellbound spawns.
[INFO ] 2022-01-14 13:50:26 HellboundEngine: Level 0.
[INFO ] 2022-01-14 13:50:26 HellboundEngine: Trust 0.
[INFO ] 2022-01-14 13:50:26 HellboundEngine: Status locked.
[INFO ] 2022-01-14 13:50:27 RaidBossSpawnManager: Spawning raid bosses...
[INFO ] 2022-01-14 13:50:27 RaidBossSpawnManager: Loaded 187 bosses.
[INFO ] 2022-01-14 13:50:27 RaidBossSpawnManager: Scheduled 0 boss instances.
[INFO ] 2022-01-14 13:50:27 HellboundLoader: Loaded 34 Hellbound scripts.
[INFO ] 2022-01-14 13:50:27 GameServer: --------------------------------------------------=[ Quests ]
[INFO ] 2022-01-14 13:50:32 Q00350_EnhanceYourWeapon: Loaded 54 soul crystal data.
[INFO ] 2022-01-14 13:50:32 Q00350_EnhanceYourWeapon: Loaded 240 npc leveling data.
[INFO ] 2022-01-14 13:50:32 QuestLoader: Loaded 502 quests.
[INFO ] 2022-01-14 13:50:32 AbstractScript: TerritoryWarSuperClass: Siege date: Sun Jan 16 22:00:00 ART 2022
[INFO ] 2022-01-14 13:50:32 GameServer: -------------------------------------------------=[ Scripts ]
[INFO ] 2022-01-14 13:50:34 ClanHallSiegeEngine: Fortress of the Dead siege scheduled for 2022-01-18T12:00:00.617-0300.
[INFO ] 2022-01-14 13:50:34 DiscordBot: Discord Bot is Disabled.
[INFO ] 2022-01-14 13:50:34 ClanHallSiegeEngine: Beast Farm siege scheduled for 2022-01-18T12:00:00.616-0300.
[INFO ] 2022-01-14 13:50:34 ClanHallSiegeEngine: Rainbow Springs siege scheduled for 2022-01-18T12:00:00.615-0300.
[INFO ] 2022-01-14 13:50:34 TeleporterService: Disabled.
[INFO ] 2022-01-14 13:50:34 BufferService: Loading...
[INFO ] 2022-01-14 13:50:34 ClanHallSiegeEngine: Bandit Stronghold siege scheduled for 2022-01-18T12:00:00.613-0300.
[INFO ] 2022-01-14 13:50:34 ClanHallSiegeEngine: Devastated Castle siege scheduled for 2022-01-18T12:00:00.611-0300.
[INFO ] 2022-01-14 13:50:34 ClanHallSiegeEngine: Fortress of Resistance siege scheduled for 2022-01-18T12:00:00.431-0300.
[INFO ] 2022-01-14 13:50:42 SpawnTable: Loaded 3761 NPC spawns.
[WARN ] 2022-01-14 13:50:42 SpawnTable: Data missing in NPC table for ID 1000004!
[INFO ] 2022-01-14 13:50:42 SpawnTable: Loaded 8 custom NPC spawns.
[INFO ] 2022-01-14 13:50:43 SpawnTable: Loaded 1190 NPC spawns from XML.
[INFO ] 2022-01-14 13:50:43 DayNightSpawnManager: Removed 0 night creatures.
[INFO ] 2022-01-14 13:50:43 DayNightSpawnManager: Spawned 232 day creatures.
[INFO ] 2022-01-14 13:50:43 FourSepulchersManager: Loaded 20 Mysterious-Box spawns.
[INFO ] 2022-01-14 13:50:43 FourSepulchersManager: Loaded 716 Physical type monsters spawns.
[INFO ] 2022-01-14 13:50:43 FourSepulchersManager: Loaded 716 Magical monsters spawns.
[INFO ] 2022-01-14 13:50:43 FourSepulchersManager: Loaded 92 Church of duke monsters spawns.
[INFO ] 2022-01-14 13:50:43 FourSepulchersManager: Loaded 68 Emperor's Grave spawns.
[INFO ] 2022-01-14 13:50:43 FourSepulchersManager: Spawned Conquerors' Sepulcher Manager.
[INFO ] 2022-01-14 13:50:43 FourSepulchersManager: Spawned Emperors' Sepulcher Manager.
[INFO ] 2022-01-14 13:50:43 FourSepulchersManager: Spawned Great Sages' Sepulcher Manager.
[INFO ] 2022-01-14 13:50:43 FourSepulchersManager: Spawned Judges' Sepulcher Manager.
[INFO ] 2022-01-14 13:50:43 FourSepulchersManager: Beginning in cooldown time.
[INFO ] 2022-01-14 13:50:43 DimensionalRiftManager: Loaded 7 room types with 56 rooms.
[INFO ] 2022-01-14 13:50:43 DimensionalRiftManager: Loaded 462 Dimensional Rift spawns.
[INFO ] 2022-01-14 13:50:43 GameServer: ---------------------------------------------------=[ Siege ]
[INFO ] 2022-01-14 13:50:43 Siege: Siege of Gludio: 2022-01-23T16:00:00.576-0300.
[INFO ] 2022-01-14 13:50:43 Siege: Siege of Dion: 2022-01-23T16:00:00.642-0300.
[INFO ] 2022-01-14 13:50:43 Siege: Siege of Giran: 2022-01-23T16:00:00.653-0300.
[INFO ] 2022-01-14 13:50:43 Siege: Siege of Oren: 2022-01-23T16:00:00.657-0300.
[INFO ] 2022-01-14 13:50:43 Siege: Siege of Aden: 2022-01-23T16:00:00.691-0300.
[INFO ] 2022-01-14 13:50:43 Siege: Siege of Innadril: 2022-01-23T16:00:00.720-0300.
[INFO ] 2022-01-14 13:50:43 Siege: Siege of Goddard: 2022-01-23T16:00:00.719-0300.
[INFO ] 2022-01-14 13:50:43 Siege: Siege of Rune: 2022-01-23T16:00:00.720-0300.
[INFO ] 2022-01-14 13:50:43 Siege: Siege of Schuttgart: 2022-01-23T16:00:00.720-0300.
[INFO ] 2022-01-14 13:50:43 FortManager: Loaded 21 fortress.
[INFO ] 2022-01-14 13:50:43 SiegeScheduleData: Loaded 2 siege schedulers.
[INFO ] 2022-01-14 13:50:43 CastleManorManager: Loaded 258 seeds.
[INFO ] 2022-01-14 13:50:43 CastleManorManager: Manor data loaded.
[INFO ] 2022-01-14 13:50:43 MercTicketManager: Loaded 0 mercenary tickets.
[INFO ] 2022-01-14 13:50:43 AutoSpawnHandler: Loaded 129 handlers.
[INFO ] 2022-01-14 13:50:43 SevenSignsFestival: Initialization bypassed due to Seal Validation in effect.
[INFO ] 2022-01-14 13:50:43 FaenorEventParser: Event Id Valentines Event has passed... Ignored.
[INFO ] 2022-01-14 13:50:43 FaenorScriptEngine: Loaded Valentines.xml successfully.
[INFO ] 2022-01-14 13:50:43 CoupleManager: CoupleManager: Loaded: 0 couples(s)
[INFO ] 2022-01-14 13:50:43 TaskManager: Loaded 12 tasks.
[INFO ] 2022-01-14 13:50:43 MailManager: Successfully loaded 0 messages.
[INFO ] 2022-01-14 13:50:43 PunishmentManager: Loaded 1 active and 0 expired punishments.
[INFO ] 2022-01-14 13:50:43 GameServer: Free Object Ids remaining 1879002256.
[INFO ] 2022-01-14 13:50:43 TvTManager: Engine is disabled.
[INFO ] 2022-01-14 13:50:44 GameServer: Started, free memory 366 Mb of 2048 Mb
[INFO ] 2022-01-14 13:50:44 LoginServerThread: Connecting to login server on 127.0.0.1:9014
[INFO ] 2022-01-14 13:50:44 LoginServerThread: Registered on login as Server 1: Bartz
[INFO ] 2022-01-14 13:50:44 GameServer: Now listening on *:7777
[INFO ] 2022-01-14 13:50:44 GameServer: ----------------------------------------------------=[ UPnP ]
[INFO ] 2022-01-14 13:50:44 UPnPService: Looking for UPnP Gateway Devices...
[INFO ] 2022-01-14 13:50:53 UPnPService: No UPnP gateways has been found.
[INFO ] 2022-01-14 13:50:53 GameServer: Telnet server is currently disabled.
[INFO ] 2022-01-14 13:50:53 GameServer: Maximum numbers of connected players 500.
[INFO ] 2022-01-14 13:50:53 GameServer: Server Bartz loaded in 75 seconds.
[INFO ] 2022-01-14 13:50:58 L2PcInstance: Master access level set for character Beto Risso [268497202].
[INFO ] 2022-01-14 13:59:03 GlobalVariablesManager: Stored 7 variables.
[WARN ] 2022-01-14 14:17:54 L2GameClientPacket: No handler registered for admin command 'admin_spanw'
[INFO ] 2022-01-14 14:20:43 TaskSevenSignsUpdate: Data updated successfully.
[INFO ] 2022-01-14 14:24:27 RaidBossSpawnManager: Updated Typhoon respawn time to 2022-01-16T13:51:17.956-0300.
[WARN ] 2022-01-14 14:26:18 Shutdown: GM: Beto Risso(268497202) issued shutdown command. restarting in 1 seconds!
[WARN ] 2022-01-14 14:26:19 Shutdown: GM shutdown countdown is over. restarting NOW!
[INFO ] 2022-01-14 14:26:19 Shutdown: UPnP Service: All ports mappings deleted (0ms).
