[INFO ] 2022-01-08 16:08:52 GameServer: ------------------------------------------------=[ Database ]
[INFO ] 2022-01-08 16:08:52 GameServer: -----------------------------------=[ Network Configuration ]
[INFO ] 2022-01-08 16:08:52 IPConfigData: Using automatic network configuration.
[INFO ] 2022-01-08 16:08:52 IPConfigData: Adding new subnet: 127.0.0.0/8 address: 127.0.0.1
[INFO ] 2022-01-08 16:08:52 IPConfigData: Adding new subnet: 192.168.45.0/24 address: 192.168.45.45
[INFO ] 2022-01-08 16:08:52 IPConfigData: Adding new subnet: 0.0.0.0/0 address: 168.205.94.22
[INFO ] 2022-01-08 16:08:53 HikariDataSource: HikariPool-1 - Starting...
[INFO ] 2022-01-08 16:08:53 HikariDataSource: HikariPool-1 - Start completed.
[INFO ] 2022-01-08 16:08:53 IdFactory: Updated characters online status.
[INFO ] 2022-01-08 16:08:53 IdFactory: Cleaned up invalid weddings.
[INFO ] 2022-01-08 16:08:53 IdFactory: Cleaned 0 elements from database in 0s.
[INFO ] 2022-01-08 16:08:53 IdFactory: Cleaned 1 expired timestamps from database.
[INFO ] 2022-01-08 16:08:53 BitSetIDFactory: 102912 Ids available.
[INFO ] 2022-01-08 16:08:53 GameServer: ---------------------------------------------------=[ World ]
[INFO ] 2022-01-08 16:08:53 InstanceManager: Multiverse Instance created.
[INFO ] 2022-01-08 16:08:53 InstanceManager: Universe Instance created.
[INFO ] 2022-01-08 16:08:53 InstanceManager: Loaded 160 instance names.
[INFO ] 2022-01-08 16:08:54 L2World: 128 by 136 world region grid set up.
[INFO ] 2022-01-08 16:08:54 MapRegionManager: Loaded 57 map regions.
[INFO ] 2022-01-08 16:08:54 GlobalVariablesManager: Loaded 7 variables.
[INFO ] 2022-01-08 16:08:54 GameServer: ----------------------------------------------------=[ Data ]
[INFO ] 2022-01-08 16:08:54 CategoryData: Loaded 124 Categories.
[INFO ] 2022-01-08 16:08:54 SecondaryAuthData: Loaded 328 forbidden passwords.
[INFO ] 2022-01-08 16:08:54 GameServer: -------------------------------------------------=[ Effects ]
[INFO ] 2022-01-08 16:08:56 EffectMasterHandler: Loaded 168 effect handlers.
[INFO ] 2022-01-08 16:08:56 GameServer: ------------------------------------=[ Enchant Skill Groups ]
[INFO ] 2022-01-08 16:08:56 EnchantSkillGroupsData: Loaded 4 groups and 90 routes.
[INFO ] 2022-01-08 16:08:56 GameServer: ---------------------------------------------=[ Skill Trees ]
[INFO ] 2022-01-08 16:08:57 SkillTreesData: Loaded 17176 Class Skills for 103 Class Skill Trees.
[INFO ] 2022-01-08 16:08:57 SkillTreesData: Loaded 76 Sub-Class Skills.
[INFO ] 2022-01-08 16:08:57 SkillTreesData: Loaded 77 Transfer Skills for 3 Transfer Skill Trees.
[INFO ] 2022-01-08 16:08:57 SkillTreesData: Loaded 117 Fishing Skills, 8 Dwarven only Fishing Skills.
[INFO ] 2022-01-08 16:08:57 SkillTreesData: Loaded 3 Collect Skills.
[INFO ] 2022-01-08 16:08:57 SkillTreesData: Loaded 74 Pledge Skills, 44 for Pledge and 30 Residential.
[INFO ] 2022-01-08 16:08:57 SkillTreesData: Loaded 18 Sub-Pledge Skills.
[INFO ] 2022-01-08 16:08:57 SkillTreesData: Loaded 32 Transform Skills.
[INFO ] 2022-01-08 16:08:57 SkillTreesData: Loaded 8 Noble Skills.
[INFO ] 2022-01-08 16:08:57 SkillTreesData: Loaded 5 Hero Skills.
[INFO ] 2022-01-08 16:08:57 SkillTreesData: Loaded 46 Game Master Skills.
[INFO ] 2022-01-08 16:08:57 SkillTreesData: Loaded 46 Game Master Aura Skills.
[INFO ] 2022-01-08 16:08:57 GameServer: --------------------------------------------------=[ Skills ]
[INFO ] 2022-01-08 16:09:09 DocumentEngine: Loaded 65976 skill templates from XML files.
[INFO ] 2022-01-08 16:09:09 SummonSkillsTable: Loaded 1891 summon skills.
[INFO ] 2022-01-08 16:09:09 GameServer: ---------------------------------------------------=[ Items ]
[INFO ] 2022-01-08 16:09:10 ItemTable: Highest item Id used 22567.
[INFO ] 2022-01-08 16:09:10 ItemTable: Loaded 11481 Etc items.
[INFO ] 2022-01-08 16:09:10 ItemTable: Loaded 3825 Armor items.
[INFO ] 2022-01-08 16:09:10 ItemTable: Loaded 3893 Weapon items.
[INFO ] 2022-01-08 16:09:10 ItemTable: Loaded 19199 items in total.
[INFO ] 2022-01-08 16:09:10 EnchantItemGroupsData: Loaded 4 item group templates.
[INFO ] 2022-01-08 16:09:10 EnchantItemGroupsData: Loaded 1 scroll group templates.
[INFO ] 2022-01-08 16:09:10 EnchantItemData: Loaded 63 enchant scrolls.
[INFO ] 2022-01-08 16:09:10 EnchantItemData: Loaded 20 support items.
[INFO ] 2022-01-08 16:09:10 EnchantItemOptionsData: Loaded 23 items and 1093 options.
[INFO ] 2022-01-08 16:09:10 OptionData: Loaded 24985 item options.
[INFO ] 2022-01-08 16:09:10 EnchantItemHPBonusData: Loaded 6 Enchant HP Bonuses.
[INFO ] 2022-01-08 16:09:10 MerchantPriceConfigTable: Loaded 28 merchant price configs.
[WARN ] 2022-01-08 16:09:11 IXmlReader: BuyListData: Folder C:\opt\l2j\server\game\data\buylists\custom doesn't exist!
[INFO ] 2022-01-08 16:09:11 BuyListData: Loaded 760 buy lists.
[INFO ] 2022-01-08 16:09:12 MultisellData: Loaded 291 multisell lists.
[INFO ] 2022-01-08 16:09:12 RecipeData: Loaded 1000 recipes.
[INFO ] 2022-01-08 16:09:12 ArmorSetsData: Loaded 204 armor sets.
[INFO ] 2022-01-08 16:09:12 FishData: Loaded 278 fish.
[INFO ] 2022-01-08 16:09:12 FishingMonstersData: Loaded 8 fishing monsters.
[INFO ] 2022-01-08 16:09:12 FishingRodsData: Loaded 6 fishing rods.
[INFO ] 2022-01-08 16:09:12 HennaData: Loaded 180 Henna data.
[INFO ] 2022-01-08 16:09:12 GameServer: ----------------------------------------------=[ Characters ]
[INFO ] 2022-01-08 16:09:12 ClassListData: Loaded 107 class data.
[INFO ] 2022-01-08 16:09:12 InitialEquipmentData: Loaded 11 initial equipment data.
[INFO ] 2022-01-08 16:09:12 InitialShortcutData: Loaded 5 initial dlobal shortcuts data.
[INFO ] 2022-01-08 16:09:12 InitialShortcutData: Loaded 4 initial shortcuts data.
[INFO ] 2022-01-08 16:09:12 InitialShortcutData: Loaded 0 macros presets.
[INFO ] 2022-01-08 16:09:12 KarmaData: Loaded 85 karma modifiers.
[INFO ] 2022-01-08 16:09:12 HitConditionBonusData: Loaded Hit Condition bonuses.
[INFO ] 2022-01-08 16:09:12 PlayerTemplateData: Loaded 103 character templates.
[INFO ] 2022-01-08 16:09:12 PlayerTemplateData: Loaded 52530 level up gain records.
[INFO ] 2022-01-08 16:09:12 PlayerCreationPointData: Loaded 62 character creation points.
[INFO ] 2022-01-08 16:09:12 CharNameTable: Loaded 4 char names.
[INFO ] 2022-01-08 16:09:12 AdminData: Loaded 10 access levels.
[INFO ] 2022-01-08 16:09:12 AdminData: Loaded 444 access commands.
[INFO ] 2022-01-08 16:09:12 RaidBossPointsManager: Loaded 1 characters raid points.
[INFO ] 2022-01-08 16:09:12 PetDataTable: Loaded 52 Pets.
[INFO ] 2022-01-08 16:09:12 GameServer: -----------------------------------------------------=[ BBS ]
[INFO ] 2022-01-08 16:09:12 ForumsBBSManager: Loaded 5 forums.
[INFO ] 2022-01-08 16:09:12 GameServer: ---------------------------------------------------=[ Clans ]
[INFO ] 2022-01-08 16:09:12 ClanTable: Restored 1 clans from the database.
[INFO ] 2022-01-08 16:09:12 AuctionManager: Loaded 38 auction(s).
[INFO ] 2022-01-08 16:09:12 ClanHallManager: Loaded 0 clan halls.
[INFO ] 2022-01-08 16:09:12 ClanHallManager: Loaded 38 free clan halls.
[INFO ] 2022-01-08 16:09:12 ClanHallSiegeManager: Loaded 6 conquerable clan halls.
[INFO ] 2022-01-08 16:09:12 GameServer: -------------------------------------------------=[ Geodata ]
[INFO ] 2022-01-08 16:09:12 GeoData: Loading 11_23.l2j...
[INFO ] 2022-01-08 16:09:13 GeoData: Loading 11_24.l2j...
[INFO ] 2022-01-08 16:09:13 GeoData: Loading 11_25.l2j...
[INFO ] 2022-01-08 16:09:13 GeoData: Loading 11_26.l2j...
[INFO ] 2022-01-08 16:09:13 GeoData: Loading 12_23.l2j...
[INFO ] 2022-01-08 16:09:13 GeoData: Loading 12_24.l2j...
[INFO ] 2022-01-08 16:09:13 GeoData: Loading 12_25.l2j...
[INFO ] 2022-01-08 16:09:13 GeoData: Loading 12_26.l2j...
[INFO ] 2022-01-08 16:09:13 GeoData: Loading 13_21.l2j...
[INFO ] 2022-01-08 16:09:13 GeoData: Loading 13_22.l2j...
[INFO ] 2022-01-08 16:09:13 GeoData: Loading 13_23.l2j...
[INFO ] 2022-01-08 16:09:13 GeoData: Loading 13_24.l2j...
[INFO ] 2022-01-08 16:09:13 GeoData: Loading 13_25.l2j...
[INFO ] 2022-01-08 16:09:13 GeoData: Loading 13_26.l2j...
[INFO ] 2022-01-08 16:09:13 GeoData: Loading 14_21.l2j...
[INFO ] 2022-01-08 16:09:13 GeoData: Loading 14_22.l2j...
[INFO ] 2022-01-08 16:09:13 GeoData: Loading 14_23.l2j...
[INFO ] 2022-01-08 16:09:13 GeoData: Loading 14_24.l2j...
[INFO ] 2022-01-08 16:09:13 GeoData: Loading 14_25.l2j...
[INFO ] 2022-01-08 16:09:13 GeoData: Loading 14_26.l2j...
[INFO ] 2022-01-08 16:09:13 GeoData: Loading 15_10.l2j...
[INFO ] 2022-01-08 16:09:13 GeoData: Loading 15_11.l2j...
[INFO ] 2022-01-08 16:09:13 GeoData: Loading 15_12.l2j...
[INFO ] 2022-01-08 16:09:13 GeoData: Loading 15_18.l2j...
[INFO ] 2022-01-08 16:09:13 GeoData: Loading 15_19.l2j...
[INFO ] 2022-01-08 16:09:13 GeoData: Loading 15_20.l2j...
[INFO ] 2022-01-08 16:09:13 GeoData: Loading 15_21.l2j...
[INFO ] 2022-01-08 16:09:13 GeoData: Loading 15_22.l2j...
[INFO ] 2022-01-08 16:09:13 GeoData: Loading 15_23.l2j...
[INFO ] 2022-01-08 16:09:13 GeoData: Loading 15_24.l2j...
[INFO ] 2022-01-08 16:09:13 GeoData: Loading 15_25.l2j...
[INFO ] 2022-01-08 16:09:13 GeoData: Loading 15_26.l2j...
[INFO ] 2022-01-08 16:09:13 GeoData: Loading 16_10.l2j...
[INFO ] 2022-01-08 16:09:13 GeoData: Loading 16_11.l2j...
[INFO ] 2022-01-08 16:09:13 GeoData: Loading 16_12.l2j...
[INFO ] 2022-01-08 16:09:13 GeoData: Loading 16_13.l2j...
[INFO ] 2022-01-08 16:09:13 GeoData: Loading 16_14.l2j...
[INFO ] 2022-01-08 16:09:13 GeoData: Loading 16_15.l2j...
[INFO ] 2022-01-08 16:09:13 GeoData: Loading 16_16.l2j...
[INFO ] 2022-01-08 16:09:13 GeoData: Loading 16_17.l2j...
[INFO ] 2022-01-08 16:09:13 GeoData: Loading 16_18.l2j...
[INFO ] 2022-01-08 16:09:13 GeoData: Loading 16_19.l2j...
[INFO ] 2022-01-08 16:09:13 GeoData: Loading 16_20.l2j...
[INFO ] 2022-01-08 16:09:13 GeoData: Loading 16_21.l2j...
[INFO ] 2022-01-08 16:09:13 GeoData: Loading 16_22.l2j...
[INFO ] 2022-01-08 16:09:13 GeoData: Loading 16_23.l2j...
[INFO ] 2022-01-08 16:09:13 GeoData: Loading 16_24.l2j...
[INFO ] 2022-01-08 16:09:13 GeoData: Loading 16_25.l2j...
[INFO ] 2022-01-08 16:09:13 GeoData: Loading 16_26.l2j...
[INFO ] 2022-01-08 16:09:13 GeoData: Loading 17_10.l2j...
[INFO ] 2022-01-08 16:09:13 GeoData: Loading 17_11.l2j...
[INFO ] 2022-01-08 16:09:13 GeoData: Loading 17_12.l2j...
[INFO ] 2022-01-08 16:09:13 GeoData: Loading 17_13.l2j...
[INFO ] 2022-01-08 16:09:13 GeoData: Loading 17_14.l2j...
[INFO ] 2022-01-08 16:09:13 GeoData: Loading 17_15.l2j...
[INFO ] 2022-01-08 16:09:13 GeoData: Loading 17_16.l2j...
[INFO ] 2022-01-08 16:09:13 GeoData: Loading 17_17.l2j...
[INFO ] 2022-01-08 16:09:13 GeoData: Loading 17_18.l2j...
[INFO ] 2022-01-08 16:09:13 GeoData: Loading 17_19.l2j...
[INFO ] 2022-01-08 16:09:13 GeoData: Loading 17_20.l2j...
[INFO ] 2022-01-08 16:09:13 GeoData: Loading 17_21.l2j...
[INFO ] 2022-01-08 16:09:13 GeoData: Loading 17_22.l2j...
[INFO ] 2022-01-08 16:09:13 GeoData: Loading 17_23.l2j...
[INFO ] 2022-01-08 16:09:13 GeoData: Loading 17_24.l2j...
[INFO ] 2022-01-08 16:09:13 GeoData: Loading 17_25.l2j...
[INFO ] 2022-01-08 16:09:13 GeoData: Loading 17_26.l2j...
[INFO ] 2022-01-08 16:09:13 GeoData: Loading 18_10.l2j...
[INFO ] 2022-01-08 16:09:13 GeoData: Loading 18_11.l2j...
[INFO ] 2022-01-08 16:09:13 GeoData: Loading 18_12.l2j...
[INFO ] 2022-01-08 16:09:13 GeoData: Loading 18_13.l2j...
[INFO ] 2022-01-08 16:09:13 GeoData: Loading 18_14.l2j...
[INFO ] 2022-01-08 16:09:13 GeoData: Loading 18_15.l2j...
[INFO ] 2022-01-08 16:09:13 GeoData: Loading 18_16.l2j...
[INFO ] 2022-01-08 16:09:13 GeoData: Loading 18_17.l2j...
[INFO ] 2022-01-08 16:09:13 GeoData: Loading 18_18.l2j...
[INFO ] 2022-01-08 16:09:13 GeoData: Loading 18_19.l2j...
[INFO ] 2022-01-08 16:09:13 GeoData: Loading 18_20.l2j...
[INFO ] 2022-01-08 16:09:13 GeoData: Loading 18_21.l2j...
[INFO ] 2022-01-08 16:09:13 GeoData: Loading 18_22.l2j...
[INFO ] 2022-01-08 16:09:13 GeoData: Loading 18_23.l2j...
[INFO ] 2022-01-08 16:09:13 GeoData: Loading 18_24.l2j...
[INFO ] 2022-01-08 16:09:13 GeoData: Loading 18_25.l2j...
[INFO ] 2022-01-08 16:09:13 GeoData: Loading 18_26.l2j...
[INFO ] 2022-01-08 16:09:13 GeoData: Loading 19_10.l2j...
[INFO ] 2022-01-08 16:09:13 GeoData: Loading 19_11.l2j...
[INFO ] 2022-01-08 16:09:13 GeoData: Loading 19_12.l2j...
[INFO ] 2022-01-08 16:09:13 GeoData: Loading 19_13.l2j...
[INFO ] 2022-01-08 16:09:13 GeoData: Loading 19_14.l2j...
[INFO ] 2022-01-08 16:09:13 GeoData: Loading 19_15.l2j...
[INFO ] 2022-01-08 16:09:13 GeoData: Loading 19_16.l2j...
[INFO ] 2022-01-08 16:09:13 GeoData: Loading 19_17.l2j...
[INFO ] 2022-01-08 16:09:13 GeoData: Loading 19_18.l2j...
[INFO ] 2022-01-08 16:09:13 GeoData: Loading 19_19.l2j...
[INFO ] 2022-01-08 16:09:13 GeoData: Loading 19_20.l2j...
[INFO ] 2022-01-08 16:09:13 GeoData: Loading 19_21.l2j...
[INFO ] 2022-01-08 16:09:13 GeoData: Loading 19_22.l2j...
[INFO ] 2022-01-08 16:09:14 GeoData: Loading 19_23.l2j...
[INFO ] 2022-01-08 16:09:14 GeoData: Loading 19_24.l2j...
[INFO ] 2022-01-08 16:09:14 GeoData: Loading 19_25.l2j...
[INFO ] 2022-01-08 16:09:14 GeoData: Loading 19_26.l2j...
[INFO ] 2022-01-08 16:09:14 GeoData: Loading 20_10.l2j...
[INFO ] 2022-01-08 16:09:14 GeoData: Loading 20_11.l2j...
[INFO ] 2022-01-08 16:09:14 GeoData: Loading 20_12.l2j...
[INFO ] 2022-01-08 16:09:14 GeoData: Loading 20_13.l2j...
[INFO ] 2022-01-08 16:09:14 GeoData: Loading 20_14.l2j...
[INFO ] 2022-01-08 16:09:14 GeoData: Loading 20_15.l2j...
[INFO ] 2022-01-08 16:09:14 GeoData: Loading 20_16.l2j...
[INFO ] 2022-01-08 16:09:14 GeoData: Loading 20_17.l2j...
[INFO ] 2022-01-08 16:09:14 GeoData: Loading 20_18.l2j...
[INFO ] 2022-01-08 16:09:14 GeoData: Loading 20_19.l2j...
[INFO ] 2022-01-08 16:09:14 GeoData: Loading 20_20.l2j...
[INFO ] 2022-01-08 16:09:14 GeoData: Loading 20_21.l2j...
[INFO ] 2022-01-08 16:09:14 GeoData: Loading 20_22.l2j...
[INFO ] 2022-01-08 16:09:14 GeoData: Loading 20_23.l2j...
[INFO ] 2022-01-08 16:09:14 GeoData: Loading 20_24.l2j...
[INFO ] 2022-01-08 16:09:14 GeoData: Loading 20_25.l2j...
[INFO ] 2022-01-08 16:09:14 GeoData: Loading 20_26.l2j...
[INFO ] 2022-01-08 16:09:14 GeoData: Loading 21_10.l2j...
[INFO ] 2022-01-08 16:09:14 GeoData: Loading 21_11.l2j...
[INFO ] 2022-01-08 16:09:14 GeoData: Loading 21_12.l2j...
[INFO ] 2022-01-08 16:09:14 GeoData: Loading 21_13.l2j...
[INFO ] 2022-01-08 16:09:14 GeoData: Loading 21_14.l2j...
[INFO ] 2022-01-08 16:09:14 GeoData: Loading 21_15.l2j...
[INFO ] 2022-01-08 16:09:14 GeoData: Loading 21_16.l2j...
[INFO ] 2022-01-08 16:09:14 GeoData: Loading 21_17.l2j...
[INFO ] 2022-01-08 16:09:14 GeoData: Loading 21_18.l2j...
[INFO ] 2022-01-08 16:09:14 GeoData: Loading 21_19.l2j...
[INFO ] 2022-01-08 16:09:14 GeoData: Loading 21_20.l2j...
[INFO ] 2022-01-08 16:09:14 GeoData: Loading 21_21.l2j...
[INFO ] 2022-01-08 16:09:14 GeoData: Loading 21_22.l2j...
[INFO ] 2022-01-08 16:09:14 GeoData: Loading 21_23.l2j...
[INFO ] 2022-01-08 16:09:14 GeoData: Loading 21_24.l2j...
[INFO ] 2022-01-08 16:09:14 GeoData: Loading 21_25.l2j...
[INFO ] 2022-01-08 16:09:14 GeoData: Loading 22_10.l2j...
[INFO ] 2022-01-08 16:09:14 GeoData: Loading 22_11.l2j...
[INFO ] 2022-01-08 16:09:14 GeoData: Loading 22_12.l2j...
[INFO ] 2022-01-08 16:09:14 GeoData: Loading 22_13.l2j...
[INFO ] 2022-01-08 16:09:14 GeoData: Loading 22_14.l2j...
[INFO ] 2022-01-08 16:09:14 GeoData: Loading 22_15.l2j...
[INFO ] 2022-01-08 16:09:14 GeoData: Loading 22_16.l2j...
[INFO ] 2022-01-08 16:09:14 GeoData: Loading 22_17.l2j...
[INFO ] 2022-01-08 16:09:14 GeoData: Loading 22_18.l2j...
[INFO ] 2022-01-08 16:09:14 GeoData: Loading 22_19.l2j...
[INFO ] 2022-01-08 16:09:14 GeoData: Loading 22_20.l2j...
[INFO ] 2022-01-08 16:09:14 GeoData: Loading 22_21.l2j...
[INFO ] 2022-01-08 16:09:14 GeoData: Loading 22_22.l2j...
[INFO ] 2022-01-08 16:09:14 GeoData: Loading 22_23.l2j...
[INFO ] 2022-01-08 16:09:14 GeoData: Loading 22_24.l2j...
[INFO ] 2022-01-08 16:09:14 GeoData: Loading 22_25.l2j...
[INFO ] 2022-01-08 16:09:14 GeoData: Loading 22_26.l2j...
[INFO ] 2022-01-08 16:09:14 GeoData: Loading 23_10.l2j...
[INFO ] 2022-01-08 16:09:14 GeoData: Loading 23_11.l2j...
[INFO ] 2022-01-08 16:09:14 GeoData: Loading 23_12.l2j...
[INFO ] 2022-01-08 16:09:14 GeoData: Loading 23_13.l2j...
[INFO ] 2022-01-08 16:09:14 GeoData: Loading 23_14.l2j...
[INFO ] 2022-01-08 16:09:14 GeoData: Loading 23_15.l2j...
[INFO ] 2022-01-08 16:09:14 GeoData: Loading 23_16.l2j...
[INFO ] 2022-01-08 16:09:14 GeoData: Loading 23_17.l2j...
[INFO ] 2022-01-08 16:09:14 GeoData: Loading 23_18.l2j...
[INFO ] 2022-01-08 16:09:15 GeoData: Loading 23_19.l2j...
[INFO ] 2022-01-08 16:09:15 GeoData: Loading 23_20.l2j...
[INFO ] 2022-01-08 16:09:15 GeoData: Loading 23_21.l2j...
[INFO ] 2022-01-08 16:09:15 GeoData: Loading 23_22.l2j...
[INFO ] 2022-01-08 16:09:15 GeoData: Loading 23_23.l2j...
[INFO ] 2022-01-08 16:09:15 GeoData: Loading 23_24.l2j...
[INFO ] 2022-01-08 16:09:15 GeoData: Loading 23_25.l2j...
[INFO ] 2022-01-08 16:09:15 GeoData: Loading 23_26.l2j...
[INFO ] 2022-01-08 16:09:15 GeoData: Loading 24_10.l2j...
[INFO ] 2022-01-08 16:09:15 GeoData: Loading 24_11.l2j...
[INFO ] 2022-01-08 16:09:15 GeoData: Loading 24_12.l2j...
[INFO ] 2022-01-08 16:09:15 GeoData: Loading 24_13.l2j...
[INFO ] 2022-01-08 16:09:15 GeoData: Loading 24_14.l2j...
[INFO ] 2022-01-08 16:09:15 GeoData: Loading 24_15.l2j...
[INFO ] 2022-01-08 16:09:15 GeoData: Loading 24_16.l2j...
[INFO ] 2022-01-08 16:09:15 GeoData: Loading 24_17.l2j...
[INFO ] 2022-01-08 16:09:15 GeoData: Loading 24_18.l2j...
[INFO ] 2022-01-08 16:09:15 GeoData: Loading 24_19.l2j...
[INFO ] 2022-01-08 16:09:15 GeoData: Loading 24_20.l2j...
[INFO ] 2022-01-08 16:09:15 GeoData: Loading 24_21.l2j...
[INFO ] 2022-01-08 16:09:15 GeoData: Loading 24_22.l2j...
[INFO ] 2022-01-08 16:09:15 GeoData: Loading 24_23.l2j...
[INFO ] 2022-01-08 16:09:15 GeoData: Loading 24_24.l2j...
[INFO ] 2022-01-08 16:09:15 GeoData: Loading 24_25.l2j...
[INFO ] 2022-01-08 16:09:15 GeoData: Loading 24_26.l2j...
[INFO ] 2022-01-08 16:09:15 GeoData: Loading 25_10.l2j...
[INFO ] 2022-01-08 16:09:15 GeoData: Loading 25_11.l2j...
[INFO ] 2022-01-08 16:09:15 GeoData: Loading 25_12.l2j...
[INFO ] 2022-01-08 16:09:15 GeoData: Loading 25_14.l2j...
[INFO ] 2022-01-08 16:09:15 GeoData: Loading 25_15.l2j...
[INFO ] 2022-01-08 16:09:15 GeoData: Loading 25_16.l2j...
[INFO ] 2022-01-08 16:09:15 GeoData: Loading 25_17.l2j...
[INFO ] 2022-01-08 16:09:15 GeoData: Loading 25_18.l2j...
[INFO ] 2022-01-08 16:09:15 GeoData: Loading 25_19.l2j...
[INFO ] 2022-01-08 16:09:15 GeoData: Loading 25_20.l2j...
[INFO ] 2022-01-08 16:09:15 GeoData: Loading 25_21.l2j...
[INFO ] 2022-01-08 16:09:15 GeoData: Loading 25_22.l2j...
[INFO ] 2022-01-08 16:09:15 GeoData: Loading 25_23.l2j...
[INFO ] 2022-01-08 16:09:15 GeoData: Loading 25_24.l2j...
[INFO ] 2022-01-08 16:09:15 GeoData: Loading 26_11.l2j...
[INFO ] 2022-01-08 16:09:15 GeoData: Loading 26_12.l2j...
[INFO ] 2022-01-08 16:09:15 GeoData: Loading 26_14.l2j...
[INFO ] 2022-01-08 16:09:15 GeoData: Loading 26_15.l2j...
[INFO ] 2022-01-08 16:09:15 GeoData: Loading 26_16.l2j...
[INFO ] 2022-01-08 16:09:15 GeoData: Loaded 203 regions.
[INFO ] 2022-01-08 16:09:15 GameServer: ----------------------------------------------------=[ NPCs ]
[INFO ] 2022-01-08 16:09:15 SkillLearnData: Loaded 256 skill learn data.
[INFO ] 2022-01-08 16:09:15 NpcData$MinionData: Loaded 128 minions data.
[INFO ] 2022-01-08 16:09:18 NpcData: Loaded 10461 NPCs.
[INFO ] 2022-01-08 16:09:18 NpcData: Loaded 13 custom NPCs.
[INFO ] 2022-01-08 16:09:18 WalkingManager: Loaded 127 walking routes.
[INFO ] 2022-01-08 16:09:18 StaticObjectData: Loaded 51 static object templates.
[INFO ] 2022-01-08 16:09:18 GrandBossManager: Queen Ant (29001) status is 1.
[INFO ] 2022-01-08 16:09:18 GrandBossManager: Next spawn date of Queen Ant is 2022-01-08T20:32:56.694-0300.
[INFO ] 2022-01-08 16:09:18 GrandBossManager: Core (29006) status is 1.
[INFO ] 2022-01-08 16:09:18 GrandBossManager: Next spawn date of Core is 2022-01-09T04:37:55.023-0300.
[INFO ] 2022-01-08 16:09:18 GrandBossManager: Orfen (29014) status is 0.
[INFO ] 2022-01-08 16:09:18 GrandBossManager: Baium (29020) status is 3.
[INFO ] 2022-01-08 16:09:18 GrandBossManager: Next spawn date of Baium is 2022-01-15T02:25:55.049-0300.
[INFO ] 2022-01-08 16:09:18 GrandBossManager: Valakas (29028) status is 0.
[INFO ] 2022-01-08 16:09:18 GrandBossManager: Antharas (29068) status is 0.
[INFO ] 2022-01-08 16:09:18 GrandBossManager: Beleth (29118) status is 0.
[INFO ] 2022-01-08 16:09:18 GrandBossManager: Loaded 7 grand boss instances.
[INFO ] 2022-01-08 16:09:19 DoorData: Loaded 1301 door templates for 22 regions.
[INFO ] 2022-01-08 16:09:21 ZoneManager: Loaded 28 zone classes and 2794 zones.
[INFO ] 2022-01-08 16:09:21 ZoneManager: Loaded 0 NPC spawn territoriers.
[INFO ] 2022-01-08 16:09:21 CastleManager: Loaded 9 castles.
[INFO ] 2022-01-08 16:09:21 NpcBufferTable: Loaded 2 buffers and 64 skills.
[INFO ] 2022-01-08 16:09:21 GrandBossManager: Initialized 12 grand boss zones.
[INFO ] 2022-01-08 16:09:21 GameServer: -----------------------------------------=[ Auction Manager ]
[INFO ] 2022-01-08 16:09:21 ItemAuctionInstance: Loaded 82 item(s) and registered 2 auction(s) for NPC ID 32320.
[INFO ] 2022-01-08 16:09:21 ItemAuctionInstance: Schedule next auction ID 5 on 17:00:00 14.01.22 for NPC ID 32320.
[INFO ] 2022-01-08 16:09:21 ItemAuctionInstance: Loaded 82 item(s) and registered 1 auction(s) for NPC ID 32321.
[INFO ] 2022-01-08 16:09:21 ItemAuctionInstance: Schedule next auction ID 2 on 17:00:00 10.01.22 for NPC ID 32321.
[INFO ] 2022-01-08 16:09:21 ItemAuctionInstance: Loaded 82 item(s) and registered 2 auction(s) for NPC ID 32322.
[INFO ] 2022-01-08 16:09:21 ItemAuctionInstance: Schedule next auction ID 4 on 17:00:00 12.01.22 for NPC ID 32322.
[INFO ] 2022-01-08 16:09:21 ItemAuctionManager: Loaded 3 auction manager instance(s).
[INFO ] 2022-01-08 16:09:21 GameServer: ------------------------------------------------=[ Olympiad ]
[INFO ] 2022-01-08 16:09:21 Olympiad: Loading Olympiad System....
[INFO ] 2022-01-08 16:09:21 Olympiad: Currently in Olympiad Period
[INFO ] 2022-01-08 16:09:21 Olympiad: 34310 minutes until period ends
[INFO ] 2022-01-08 16:09:21 Olympiad: Next weekly change is in 3408 minutes
[INFO ] 2022-01-08 16:09:21 Olympiad: Loaded 0 Nobles
[INFO ] 2022-01-08 16:09:21 Olympiad: Competition Period Starts in 0 days, 1 hours and 51 mins.
[INFO ] 2022-01-08 16:09:21 Olympiad: Event starts/started : Sat Jan 08 18:00:21 ART 2022
[INFO ] 2022-01-08 16:09:21 Hero: Loaded 0 Heroes.
[INFO ] 2022-01-08 16:09:21 Hero: Loaded 0 all time Heroes.
[INFO ] 2022-01-08 16:09:21 GameServer: ---------------------------------------------=[ Seven Signs ]
[INFO ] 2022-01-08 16:09:21 SevenSigns: Currently in the Competition (Quest Event) period.
[INFO ] 2022-01-08 16:09:21 SevenSigns: The Seal of Avarice remains unclaimed.
[INFO ] 2022-01-08 16:09:21 SevenSigns: The Seal of Gnosis remains unclaimed.
[INFO ] 2022-01-08 16:09:21 SevenSigns: The Seal of Strife remains unclaimed.
[INFO ] 2022-01-08 16:09:21 SevenSigns: The competition, if the current trend continues, will end in a tie this week.
[INFO ] 2022-01-08 16:09:21 SevenSigns: Next period change set to 2022-01-10T18:00:21.540-0300.
[INFO ] 2022-01-08 16:09:21 SevenSigns: Next period begins in 2 days, 1 hours and 50 mins.
[INFO ] 2022-01-08 16:09:21 GameServer: ---------------------------------------------------=[ Cache ]
[INFO ] 2022-01-08 16:09:21 HtmCache: Running lazy cache.
[INFO ] 2022-01-08 16:09:21 CrestTable: Loaded 1 crests.
[INFO ] 2022-01-08 16:09:21 TeleportLocationTable: Loaded 1220 teleport location templates.
[INFO ] 2022-01-08 16:09:21 UIData: Loaded 4 keys 5 categories.
[INFO ] 2022-01-08 16:09:21 AugmentationData: Loaded 33960 augmentations.
[INFO ] 2022-01-08 16:09:21 AugmentationData: Loaded 2754 accessory augmentations.
[INFO ] 2022-01-08 16:09:21 CursedWeaponsManager: Loaded 2 cursed weapon(s).
[INFO ] 2022-01-08 16:09:22 TransformData: Loaded 111 transform templates.
[INFO ] 2022-01-08 16:09:22 BotReportTable: Loaded 0 bot reports.
[INFO ] 2022-01-08 16:09:22 AirShipManager: Loaded 0 private airships.
[INFO ] 2022-01-08 16:09:22 GameServer: ------------------------------------------------=[ Handlers ]
[INFO ] 2022-01-08 16:09:24 MasterHandler: Loaded 8 Voiced Command Handler.
[INFO ] 2022-01-08 16:09:24 MasterHandler: Loaded 10 Action Handler.
[INFO ] 2022-01-08 16:09:24 MasterHandler: Loaded 6 Action Shift Handler.
[INFO ] 2022-01-08 16:09:24 MasterHandler: Loaded 447 Admin Command Handler.
[INFO ] 2022-01-08 16:09:24 MasterHandler: Loaded 48 Bypass Handler.
[INFO ] 2022-01-08 16:09:24 MasterHandler: Loaded 14 Chat Handler.
[INFO ] 2022-01-08 16:09:24 MasterHandler: Loaded 15 Community Board Handler.
[INFO ] 2022-01-08 16:09:24 MasterHandler: Loaded 31 Item Handler.
[INFO ] 2022-01-08 16:09:24 MasterHandler: Loaded 3 Punishment Handler.
[INFO ] 2022-01-08 16:09:24 MasterHandler: Loaded 17 User Command Handler.
[INFO ] 2022-01-08 16:09:24 MasterHandler: Loaded 20 Telnet Handler.
[INFO ] 2022-01-08 16:09:24 GameServer: ------------------------------------------------------=[ AI ]
[INFO ] 2022-01-08 16:09:27 NpcBuffersData: Loaded 33 buffers data.
[INFO ] 2022-01-08 16:09:27 HandysBlockCheckerEvent: Loaded Handy's Block Checker event.
[INFO ] 2022-01-08 16:09:27 AILoader: Loaded 179 AI scripts.
[INFO ] 2022-01-08 16:09:27 GameServer: -----------------------------------------------=[ Instances ]
[INFO ] 2022-01-08 16:09:29 InstanceLoader: Loaded 30 instnaces.
[INFO ] 2022-01-08 16:09:29 GameServer: --------------------------------------------------=[ Gracia ]
[INFO ] 2022-01-08 16:09:29 GraciaLoader: Loaded 28 Gracia scripts.
[INFO ] 2022-01-08 16:09:29 GameServer: -----------------------------------------------=[ Hellbound ]
[INFO ] 2022-01-08 16:09:29 HellboundPointData: Loaded 47 trust point reward data.
[INFO ] 2022-01-08 16:09:29 HellboundSpawns: Loaded 598 Hellbound spawns.
[INFO ] 2022-01-08 16:09:29 HellboundEngine: Level 0.
[INFO ] 2022-01-08 16:09:29 HellboundEngine: Trust 0.
[INFO ] 2022-01-08 16:09:29 HellboundEngine: Status locked.
[INFO ] 2022-01-08 16:09:29 RaidBossSpawnManager: Spawning raid bosses...
[INFO ] 2022-01-08 16:09:30 RaidBossSpawnManager: Loaded 186 bosses.
[INFO ] 2022-01-08 16:09:30 RaidBossSpawnManager: Scheduled 2 boss instances.
[INFO ] 2022-01-08 16:09:30 HellboundLoader: Loaded 34 Hellbound scripts.
[INFO ] 2022-01-08 16:09:30 GameServer: --------------------------------------------------=[ Quests ]
[INFO ] 2022-01-08 16:09:33 Q00350_EnhanceYourWeapon: Loaded 54 soul crystal data.
[INFO ] 2022-01-08 16:09:33 Q00350_EnhanceYourWeapon: Loaded 240 npc leveling data.
[INFO ] 2022-01-08 16:09:33 QuestLoader: Loaded 502 quests.
[INFO ] 2022-01-08 16:09:34 AbstractScript: TerritoryWarSuperClass: Siege date: Sun Jan 09 22:00:00 ART 2022
[INFO ] 2022-01-08 16:09:34 GameServer: -------------------------------------------------=[ Scripts ]
[INFO ] 2022-01-08 16:09:34 ClanHallSiegeEngine: Fortress of the Dead siege scheduled for 2022-01-18T12:00:00.617-0300.
[INFO ] 2022-01-08 16:09:34 DiscordBot: Discord Bot is Disabled.
[INFO ] 2022-01-08 16:09:34 ClanHallSiegeEngine: Beast Farm siege scheduled for 2022-01-18T12:00:00.616-0300.
[INFO ] 2022-01-08 16:09:34 ClanHallSiegeEngine: Rainbow Springs siege scheduled for 2022-01-18T12:00:00.615-0300.
[INFO ] 2022-01-08 16:09:34 TeleporterService: Disabled.
[INFO ] 2022-01-08 16:09:34 BufferService: Disabled.
[INFO ] 2022-01-08 16:09:34 ClanHallSiegeEngine: Bandit Stronghold siege scheduled for 2022-01-18T12:00:00.613-0300.
[INFO ] 2022-01-08 16:09:34 ClanHallSiegeEngine: Devastated Castle siege scheduled for 2022-01-18T12:00:00.611-0300.
[INFO ] 2022-01-08 16:09:34 ClanHallSiegeEngine: Fortress of Resistance siege scheduled for 2022-01-18T12:00:00.431-0300.
[INFO ] 2022-01-08 16:09:43 SpawnTable: Loaded 3761 NPC spawns.
[WARN ] 2022-01-08 16:09:43 SpawnTable: Data missing in NPC table for ID 1000004!
[WARN ] 2022-01-08 16:09:43 SpawnTable: Data missing in NPC table for ID 10004!
[INFO ] 2022-01-08 16:09:43 SpawnTable: Loaded 9 custom NPC spawns.
[INFO ] 2022-01-08 16:09:44 SpawnTable: Loaded 1190 NPC spawns from XML.
[INFO ] 2022-01-08 16:09:44 DayNightSpawnManager: Removed 0 day creatures.
[INFO ] 2022-01-08 16:09:44 DayNightSpawnManager: Spawned 553 night creatures.
[INFO ] 2022-01-08 16:09:44 DayNightSpawnManager: Spawning Hellman raidboss.
[INFO ] 2022-01-08 16:09:44 FourSepulchersManager: Loaded 20 Mysterious-Box spawns.
[INFO ] 2022-01-08 16:09:44 FourSepulchersManager: Loaded 716 Physical type monsters spawns.
[INFO ] 2022-01-08 16:09:44 FourSepulchersManager: Loaded 716 Magical monsters spawns.
[INFO ] 2022-01-08 16:09:44 FourSepulchersManager: Loaded 92 Church of duke monsters spawns.
[INFO ] 2022-01-08 16:09:44 FourSepulchersManager: Loaded 68 Emperor's Grave spawns.
[INFO ] 2022-01-08 16:09:44 FourSepulchersManager: Spawned Conquerors' Sepulcher Manager.
[INFO ] 2022-01-08 16:09:44 FourSepulchersManager: Spawned Emperors' Sepulcher Manager.
[INFO ] 2022-01-08 16:09:44 FourSepulchersManager: Spawned Great Sages' Sepulcher Manager.
[INFO ] 2022-01-08 16:09:44 FourSepulchersManager: Spawned Judges' Sepulcher Manager.
[INFO ] 2022-01-08 16:09:44 FourSepulchersManager: Beginning in attack time.
[INFO ] 2022-01-08 16:09:44 DimensionalRiftManager: Loaded 7 room types with 56 rooms.
[INFO ] 2022-01-08 16:09:44 DimensionalRiftManager: Loaded 462 Dimensional Rift spawns.
[INFO ] 2022-01-08 16:09:44 GameServer: ---------------------------------------------------=[ Siege ]
[INFO ] 2022-01-08 16:09:44 Siege: Siege of Gludio: 2022-01-09T16:00:00.698-0300.
[INFO ] 2022-01-08 16:09:44 Siege: Siege of Dion: 2022-01-09T16:00:00.707-0300.
[INFO ] 2022-01-08 16:09:44 Siege: Siege of Giran: 2022-01-09T16:00:00.710-0300.
[INFO ] 2022-01-08 16:09:44 Siege: Siege of Oren: 2022-01-09T16:00:00.710-0300.
[INFO ] 2022-01-08 16:09:44 Siege: Siege of Aden: 2022-01-09T16:00:00.710-0300.
[INFO ] 2022-01-08 16:09:44 Siege: Siege of Innadril: 2022-01-09T20:00:00.710-0300.
[INFO ] 2022-01-08 16:09:44 Siege: Siege of Goddard: 2022-01-09T20:00:00.710-0300.
[INFO ] 2022-01-08 16:09:44 Siege: Siege of Rune: 2022-01-09T20:00:00.710-0300.
[INFO ] 2022-01-08 16:09:44 Siege: Siege of Schuttgart: 2022-01-09T20:00:00.710-0300.
[INFO ] 2022-01-08 16:09:44 FortManager: Loaded 21 fortress.
[INFO ] 2022-01-08 16:09:44 SiegeScheduleData: Loaded 2 siege schedulers.
[INFO ] 2022-01-08 16:09:44 CastleManorManager: Loaded 258 seeds.
[INFO ] 2022-01-08 16:09:44 CastleManorManager: Manor data loaded.
[INFO ] 2022-01-08 16:09:44 MercTicketManager: Loaded 0 mercenary tickets.
[INFO ] 2022-01-08 16:09:44 AutoSpawnHandler: Loaded 129 handlers.
[INFO ] 2022-01-08 16:09:44 SevenSignsFestival: The first Festival of Darkness cycle begins in 2 minute(s).
[INFO ] 2022-01-08 16:09:44 FaenorEventParser: Event Id Valentines Event has passed... Ignored.
[INFO ] 2022-01-08 16:09:44 FaenorScriptEngine: Loaded Valentines.xml successfully.
[INFO ] 2022-01-08 16:09:44 CoupleManager: CoupleManager: Loaded: 0 couples(s)
[INFO ] 2022-01-08 16:09:44 TaskManager: Loaded 12 tasks.
[INFO ] 2022-01-08 16:09:44 MailManager: Successfully loaded 0 messages.
[INFO ] 2022-01-08 16:09:44 PunishmentManager: Loaded 1 active and 0 expired punishments.
[INFO ] 2022-01-08 16:09:44 GameServer: Free Object Ids remaining 1879002057.
[INFO ] 2022-01-08 16:09:44 TvTManager: Engine is disabled.
[INFO ] 2022-01-08 16:09:45 GameServer: Started, free memory 364 Mb of 2048 Mb
[INFO ] 2022-01-08 16:09:45 LoginServerThread: Connecting to login server on 127.0.0.1:9014
[INFO ] 2022-01-08 16:09:45 LoginServerThread: Registered on login as Server 1: Bartz
[INFO ] 2022-01-08 16:09:45 GameServer: Now listening on *:7777
[INFO ] 2022-01-08 16:09:45 GameServer: ----------------------------------------------------=[ UPnP ]
[INFO ] 2022-01-08 16:09:45 UPnPService: Looking for UPnP Gateway Devices...
[INFO ] 2022-01-08 16:09:54 UPnPService: No UPnP gateways has been found.
[INFO ] 2022-01-08 16:09:54 GameServer: Telnet server is currently disabled.
[INFO ] 2022-01-08 16:09:54 GameServer: Maximum numbers of connected players 500.
[INFO ] 2022-01-08 16:09:54 GameServer: Server Bartz loaded in 62 seconds.
[INFO ] 2022-01-08 16:10:07 L2PcInstance: Master access level set for character Void [268481234].
[INFO ] 2022-01-08 16:16:45 L2PcInstance: Master access level set for character Beto Risso [268497202].
[INFO ] 2022-01-08 16:18:04 GlobalVariablesManager: Stored 7 variables.
[WARN ] 2022-01-08 16:19:02 TargetType: Outdated Skill Demonic Desire(23322,1) with target type ENEMY used on Beto Risso [268497202] by Void [268481234]!
[WARN ] 2022-01-08 16:19:07 TargetType: Outdated Skill PvP Weapon - Decrease Range(5687,1) with target type ENEMY used on Beto Risso [268497202] by Void [268481234]!
[WARN ] 2022-01-08 16:20:00 TargetType: Outdated Skill Demonic Desire(23322,1) with target type TARGET used on Beto Risso [268497202] by Void [268481234]!
[WARN ] 2022-01-08 16:20:00 TargetType: Outdated Skill Demonic Desire(23322,1) with target type TARGET used on Beto Risso [268497202] by Void [268481234]!
[WARN ] 2022-01-08 16:20:04 TargetType: Outdated Skill Shoulder Charge(494,37) with target type ONE used on Beto Risso [268497202] by Void [268481234]!
[WARN ] 2022-01-08 16:20:04 TargetType: Outdated Skill Demonic Desire(23322,1) with target type TARGET used on Beto Risso [268497202] by Void [268481234]!
[WARN ] 2022-01-08 16:20:10 TargetType: Outdated Skill Crushing Pain(497,16) with target type ONE used on Beto Risso [268497202] by Void [268481234]!
[WARN ] 2022-01-08 16:21:11 TargetType: Outdated Skill Contagion(498,12) with target type ONE used on Beto Risso [268497202] by Void [268481234]!
[WARN ] 2022-01-08 16:32:49 TargetType: Outdated Skill Expose Weak Point(5565,1) with target type ENEMY_ONLY used on Beto Risso [268497202] by Void [268481234]!
[WARN ] 2022-01-08 16:32:51 TargetType: Outdated Skill Expose Weak Point(5565,1) with target type TARGET used on Beto Risso [268497202] by Void [268481234]!
[WARN ] 2022-01-08 16:32:53 TargetType: Outdated Skill Expose Weak Point(5565,1) with target type TARGET used on Beto Risso [268497202] by Void [268481234]!
[WARN ] 2022-01-08 16:32:54 TargetType: Outdated Skill Expose Weak Point(5565,1) with target type TARGET used on Beto Risso [268497202] by Void [268481234]!
[WARN ] 2022-01-08 16:32:55 TargetType: Outdated Skill Expose Weak Point(5565,1) with target type TARGET used on Beto Risso [268497202] by Void [268481234]!
[WARN ] 2022-01-08 16:32:57 TargetType: Outdated Skill Expose Weak Point(5565,1) with target type TARGET used on Beto Risso [268497202] by Void [268481234]!
[WARN ] 2022-01-08 16:32:58 TargetType: Outdated Skill Expose Weak Point(5565,1) with target type TARGET used on Beto Risso [268497202] by Void [268481234]!
[WARN ] 2022-01-08 16:32:58 TargetType: Outdated Skill Expose Weak Point(5565,1) with target type TARGET used on Beto Risso [268497202] by Void [268481234]!
[WARN ] 2022-01-08 16:33:00 TargetType: Outdated Skill Expose Weak Point(5565,1) with target type TARGET used on Beto Risso [268497202] by Void [268481234]!
[WARN ] 2022-01-08 16:33:00 TargetType: Outdated Skill Expose Weak Point(5565,1) with target type TARGET used on Beto Risso [268497202] by Void [268481234]!
[WARN ] 2022-01-08 16:33:00 TargetType: Outdated Skill Expose Weak Point(5565,1) with target type TARGET used on Beto Risso [268497202] by Void [268481234]!
[WARN ] 2022-01-08 16:33:02 TargetType: Outdated Skill Expose Weak Point(5565,1) with target type TARGET used on Beto Risso [268497202] by Void [268481234]!
[WARN ] 2022-01-08 16:33:02 TargetType: Outdated Skill Expose Weak Point(5565,1) with target type TARGET used on Beto Risso [268497202] by Void [268481234]!
[WARN ] 2022-01-08 16:33:02 TargetType: Outdated Skill Expose Weak Point(5565,1) with target type TARGET used on Beto Risso [268497202] by Void [268481234]!
[WARN ] 2022-01-08 16:33:03 TargetType: Outdated Skill Expose Weak Point(5565,1) with target type TARGET used on Beto Risso [268497202] by Void [268481234]!
[WARN ] 2022-01-08 16:33:04 TargetType: Outdated Skill Expose Weak Point(5565,1) with target type TARGET used on Beto Risso [268497202] by Void [268481234]!
[WARN ] 2022-01-08 16:33:05 TargetType: Outdated Skill Expose Weak Point(5565,1) with target type TARGET used on Beto Risso [268497202] by Void [268481234]!
[WARN ] 2022-01-08 16:33:07 TargetType: Outdated Skill Expose Weak Point(5565,1) with target type TARGET used on Beto Risso [268497202] by Void [268481234]!
[WARN ] 2022-01-08 16:33:07 TargetType: Outdated Skill Expose Weak Point(5565,1) with target type TARGET used on Beto Risso [268497202] by Void [268481234]!
[WARN ] 2022-01-08 16:33:11 TargetType: Outdated Skill Expose Weak Point(5565,1) with target type TARGET used on Beto Risso [268497202] by Void [268481234]!
[WARN ] 2022-01-08 16:33:20 TargetType: Outdated Skill Expose Weak Point(5565,1) with target type TARGET used on Beto Risso [268497202] by Void [268481234]!
[WARN ] 2022-01-08 16:33:21 TargetType: Outdated Skill Expose Weak Point(5565,1) with target type TARGET used on Beto Risso [268497202] by Void [268481234]!
[WARN ] 2022-01-08 16:33:21 TargetType: Outdated Skill Expose Weak Point(5565,1) with target type TARGET used on Beto Risso [268497202] by Void [268481234]!
[WARN ] 2022-01-08 16:33:22 TargetType: Outdated Skill Expose Weak Point(5565,1) with target type TARGET used on Beto Risso [268497202] by Void [268481234]!
[WARN ] 2022-01-08 16:33:28 TargetType: Outdated Skill Expose Weak Point(5565,1) with target type TARGET used on Beto Risso [268497202] by Void [268481234]!
[WARN ] 2022-01-08 16:33:30 TargetType: Outdated Skill Expose Weak Point(5565,1) with target type TARGET used on Beto Risso [268497202] by Void [268481234]!
[WARN ] 2022-01-08 16:33:33 TargetType: Outdated Skill Expose Weak Point(5565,1) with target type TARGET used on Beto Risso [268497202] by Void [268481234]!
[WARN ] 2022-01-08 16:33:36 TargetType: Outdated Skill Expose Weak Point(5565,1) with target type TARGET used on Beto Risso [268497202] by Void [268481234]!
[WARN ] 2022-01-08 16:33:39 TargetType: Outdated Skill Expose Weak Point(5565,1) with target type TARGET used on Beto Risso [268497202] by Void [268481234]!
[WARN ] 2022-01-08 16:33:41 TargetType: Outdated Skill Expose Weak Point(5565,1) with target type TARGET used on Beto Risso [268497202] by Void [268481234]!
[WARN ] 2022-01-08 16:33:42 TargetType: Outdated Skill Expose Weak Point(5565,1) with target type TARGET used on Beto Risso [268497202] by Void [268481234]!
[WARN ] 2022-01-08 16:33:44 TargetType: Outdated Skill Expose Weak Point(5565,1) with target type TARGET used on Beto Risso [268497202] by Void [268481234]!
[WARN ] 2022-01-08 16:33:44 TargetType: Outdated Skill Expose Weak Point(5565,1) with target type TARGET used on Beto Risso [268497202] by Void [268481234]!
[WARN ] 2022-01-08 16:33:46 TargetType: Outdated Skill Expose Weak Point(5565,1) with target type TARGET used on Beto Risso [268497202] by Void [268481234]!
[WARN ] 2022-01-08 16:33:48 TargetType: Outdated Skill Expose Weak Point(5565,1) with target type TARGET used on Beto Risso [268497202] by Void [268481234]!
[WARN ] 2022-01-08 16:33:48 TargetType: Outdated Skill Expose Weak Point(5565,1) with target type TARGET used on Beto Risso [268497202] by Void [268481234]!
[WARN ] 2022-01-08 16:33:55 TargetType: Outdated Skill Expose Weak Point(5565,1) with target type TARGET used on Beto Risso [268497202] by Void [268481234]!
[WARN ] 2022-01-08 16:33:56 TargetType: Outdated Skill Expose Weak Point(5565,1) with target type TARGET used on Beto Risso [268497202] by Void [268481234]!
[WARN ] 2022-01-08 16:33:57 TargetType: Outdated Skill Expose Weak Point(5565,1) with target type TARGET used on Beto Risso [268497202] by Void [268481234]!
[WARN ] 2022-01-08 16:34:00 TargetType: Outdated Skill Expose Weak Point(5565,1) with target type TARGET used on Beto Risso [268497202] by Void [268481234]!
[WARN ] 2022-01-08 16:34:01 TargetType: Outdated Skill Expose Weak Point(5565,1) with target type TARGET used on Beto Risso [268497202] by Void [268481234]!
[WARN ] 2022-01-08 16:34:02 TargetType: Outdated Skill Expose Weak Point(5565,1) with target type TARGET used on Beto Risso [268497202] by Void [268481234]!
[WARN ] 2022-01-08 16:34:02 TargetType: Outdated Skill Expose Weak Point(5565,1) with target type TARGET used on Beto Risso [268497202] by Void [268481234]!
[WARN ] 2022-01-08 16:34:03 TargetType: Outdated Skill Expose Weak Point(5565,1) with target type TARGET used on Beto Risso [268497202] by Void [268481234]!
[WARN ] 2022-01-08 16:34:04 TargetType: Outdated Skill Expose Weak Point(5565,1) with target type TARGET used on Beto Risso [268497202] by Void [268481234]!
[WARN ] 2022-01-08 16:34:04 TargetType: Outdated Skill Expose Weak Point(5565,1) with target type TARGET used on Beto Risso [268497202] by Void [268481234]!
[WARN ] 2022-01-08 16:34:05 TargetType: Outdated Skill Expose Weak Point(5565,1) with target type TARGET used on Beto Risso [268497202] by Void [268481234]!
[WARN ] 2022-01-08 16:34:06 TargetType: Outdated Skill Expose Weak Point(5565,1) with target type TARGET used on Beto Risso [268497202] by Void [268481234]!
[WARN ] 2022-01-08 16:34:07 TargetType: Outdated Skill Expose Weak Point(5565,1) with target type TARGET used on Beto Risso [268497202] by Void [268481234]!
[WARN ] 2022-01-08 16:34:10 TargetType: Outdated Skill Expose Weak Point(5565,1) with target type TARGET used on Beto Risso [268497202] by Void [268481234]!
[WARN ] 2022-01-08 16:34:13 TargetType: Outdated Skill Expose Weak Point(5565,1) with target type TARGET used on Beto Risso [268497202] by Void [268481234]!
[WARN ] 2022-01-08 16:34:13 TargetType: Outdated Skill Expose Weak Point(5565,1) with target type TARGET used on Beto Risso [268497202] by Void [268481234]!
[WARN ] 2022-01-08 16:34:15 TargetType: Outdated Skill Expose Weak Point(5565,1) with target type TARGET used on Beto Risso [268497202] by Void [268481234]!
[WARN ] 2022-01-08 16:34:16 TargetType: Outdated Skill Expose Weak Point(5565,1) with target type TARGET used on Beto Risso [268497202] by Void [268481234]!
[WARN ] 2022-01-08 16:34:19 TargetType: Outdated Skill Expose Weak Point(5565,1) with target type TARGET used on Beto Risso [268497202] by Void [268481234]!
[WARN ] 2022-01-08 16:34:20 TargetType: Outdated Skill Expose Weak Point(5565,1) with target type TARGET used on Beto Risso [268497202] by Void [268481234]!
[WARN ] 2022-01-08 16:34:20 TargetType: Outdated Skill Expose Weak Point(5565,1) with target type TARGET used on Beto Risso [268497202] by Void [268481234]!
[WARN ] 2022-01-08 16:34:21 TargetType: Outdated Skill Expose Weak Point(5565,1) with target type TARGET used on Beto Risso [268497202] by Void [268481234]!
[WARN ] 2022-01-08 16:34:22 TargetType: Outdated Skill Expose Weak Point(5565,1) with target type TARGET used on Beto Risso [268497202] by Void [268481234]!
[WARN ] 2022-01-08 16:34:24 TargetType: Outdated Skill Expose Weak Point(5565,1) with target type TARGET used on Beto Risso [268497202] by Void [268481234]!
[WARN ] 2022-01-08 16:34:31 TargetType: Outdated Skill Expose Weak Point(5565,1) with target type TARGET used on Beto Risso [268497202] by Void [268481234]!
[WARN ] 2022-01-08 16:34:36 TargetType: Outdated Skill Expose Weak Point(5565,1) with target type TARGET used on Beto Risso [268497202] by Void [268481234]!
[WARN ] 2022-01-08 16:34:36 TargetType: Outdated Skill Expose Weak Point(5565,1) with target type TARGET used on Beto Risso [268497202] by Void [268481234]!
[WARN ] 2022-01-08 16:34:39 TargetType: Outdated Skill Expose Weak Point(5565,1) with target type TARGET used on Beto Risso [268497202] by Void [268481234]!
[WARN ] 2022-01-08 16:34:41 TargetType: Outdated Skill Expose Weak Point(5565,1) with target type TARGET used on Beto Risso [268497202] by Void [268481234]!
[WARN ] 2022-01-08 16:34:41 TargetType: Outdated Skill Expose Weak Point(5565,1) with target type TARGET used on Beto Risso [268497202] by Void [268481234]!
[WARN ] 2022-01-08 16:34:41 TargetType: Outdated Skill Expose Weak Point(5565,1) with target type TARGET used on Beto Risso [268497202] by Void [268481234]!
[WARN ] 2022-01-08 16:34:47 TargetType: Outdated Skill Expose Weak Point(5565,1) with target type TARGET used on Beto Risso [268497202] by Void [268481234]!
[WARN ] 2022-01-08 16:34:47 TargetType: Outdated Skill Expose Weak Point(5565,1) with target type TARGET used on Beto Risso [268497202] by Void [268481234]!
[WARN ] 2022-01-08 16:34:47 TargetType: Outdated Skill Expose Weak Point(5565,1) with target type TARGET used on Beto Risso [268497202] by Void [268481234]!
[WARN ] 2022-01-08 16:34:47 TargetType: Outdated Skill Expose Weak Point(5565,1) with target type TARGET used on Beto Risso [268497202] by Void [268481234]!
[WARN ] 2022-01-08 16:34:50 TargetType: Outdated Skill Expose Weak Point(5565,1) with target type TARGET used on Beto Risso [268497202] by Void [268481234]!
[WARN ] 2022-01-08 16:34:52 TargetType: Outdated Skill Expose Weak Point(5565,1) with target type TARGET used on Beto Risso [268497202] by Void [268481234]!
[WARN ] 2022-01-08 16:34:58 TargetType: Outdated Skill Expose Weak Point(5565,1) with target type TARGET used on Beto Risso [268497202] by Void [268481234]!
[WARN ] 2022-01-08 16:34:59 TargetType: Outdated Skill Expose Weak Point(5565,1) with target type TARGET used on Beto Risso [268497202] by Void [268481234]!
[WARN ] 2022-01-08 16:35:03 TargetType: Outdated Skill Expose Weak Point(5565,1) with target type TARGET used on Beto Risso [268497202] by Void [268481234]!
[WARN ] 2022-01-08 16:35:05 TargetType: Outdated Skill Expose Weak Point(5565,1) with target type TARGET used on Beto Risso [268497202] by Void [268481234]!
[WARN ] 2022-01-08 16:35:09 TargetType: Outdated Skill Expose Weak Point(5565,1) with target type TARGET used on Beto Risso [268497202] by Void [268481234]!
[WARN ] 2022-01-08 16:35:13 TargetType: Outdated Skill Expose Weak Point(5565,1) with target type TARGET used on Beto Risso [268497202] by Void [268481234]!
[WARN ] 2022-01-08 16:35:14 TargetType: Outdated Skill Expose Weak Point(5565,1) with target type TARGET used on Beto Risso [268497202] by Void [268481234]!
[WARN ] 2022-01-08 16:35:19 TargetType: Outdated Skill Expose Weak Point(5565,1) with target type TARGET used on Beto Risso [268497202] by Void [268481234]!
[WARN ] 2022-01-08 16:35:20 TargetType: Outdated Skill Expose Weak Point(5565,1) with target type TARGET used on Beto Risso [268497202] by Void [268481234]!
[WARN ] 2022-01-08 16:35:23 TargetType: Outdated Skill Expose Weak Point(5565,1) with target type TARGET used on Beto Risso [268497202] by Void [268481234]!
[WARN ] 2022-01-08 16:35:32 TargetType: Outdated Skill Expose Weak Point(5565,1) with target type TARGET used on Beto Risso [268497202] by Void [268481234]!
[WARN ] 2022-01-08 16:35:32 TargetType: Outdated Skill Expose Weak Point(5565,1) with target type TARGET used on Beto Risso [268497202] by Void [268481234]!
[WARN ] 2022-01-08 16:35:36 TargetType: Outdated Skill Expose Weak Point(5565,1) with target type TARGET used on Beto Risso [268497202] by Void [268481234]!
[WARN ] 2022-01-08 16:35:41 TargetType: Outdated Skill Expose Weak Point(5565,1) with target type TARGET used on Beto Risso [268497202] by Void [268481234]!
[WARN ] 2022-01-08 16:35:42 TargetType: Outdated Skill Expose Weak Point(5565,1) with target type TARGET used on Beto Risso [268497202] by Void [268481234]!
[WARN ] 2022-01-08 16:35:50 TargetType: Outdated Skill Expose Weak Point(5565,1) with target type TARGET used on Beto Risso [268497202] by Void [268481234]!
[WARN ] 2022-01-08 16:35:50 TargetType: Outdated Skill Expose Weak Point(5565,1) with target type TARGET used on Beto Risso [268497202] by Void [268481234]!
[WARN ] 2022-01-08 16:35:52 TargetType: Outdated Skill Expose Weak Point(5565,1) with target type TARGET used on Beto Risso [268497202] by Void [268481234]!
[WARN ] 2022-01-08 16:35:55 TargetType: Outdated Skill Expose Weak Point(5565,1) with target type TARGET used on Beto Risso [268497202] by Void [268481234]!
[WARN ] 2022-01-08 16:35:56 TargetType: Outdated Skill Expose Weak Point(5565,1) with target type TARGET used on Beto Risso [268497202] by Void [268481234]!
[WARN ] 2022-01-08 16:35:57 TargetType: Outdated Skill Expose Weak Point(5565,1) with target type TARGET used on Beto Risso [268497202] by Void [268481234]!
[WARN ] 2022-01-08 16:35:58 TargetType: Outdated Skill Expose Weak Point(5565,1) with target type TARGET used on Beto Risso [268497202] by Void [268481234]!
[WARN ] 2022-01-08 16:36:02 TargetType: Outdated Skill Expose Weak Point(5565,1) with target type TARGET used on Beto Risso [268497202] by Void [268481234]!
[WARN ] 2022-01-08 16:36:02 TargetType: Outdated Skill Expose Weak Point(5565,1) with target type TARGET used on Beto Risso [268497202] by Void [268481234]!
[WARN ] 2022-01-08 16:36:03 TargetType: Outdated Skill Expose Weak Point(5565,1) with target type TARGET used on Beto Risso [268497202] by Void [268481234]!
[WARN ] 2022-01-08 16:36:04 TargetType: Outdated Skill Expose Weak Point(5565,1) with target type TARGET used on Beto Risso [268497202] by Void [268481234]!
[WARN ] 2022-01-08 16:36:06 TargetType: Outdated Skill Expose Weak Point(5565,1) with target type TARGET used on Beto Risso [268497202] by Void [268481234]!
[WARN ] 2022-01-08 16:36:07 TargetType: Outdated Skill Expose Weak Point(5565,1) with target type TARGET used on Beto Risso [268497202] by Void [268481234]!
[WARN ] 2022-01-08 16:36:13 TargetType: Outdated Skill Expose Weak Point(5565,1) with target type TARGET used on Beto Risso [268497202] by Void [268481234]!
[WARN ] 2022-01-08 16:36:16 TargetType: Outdated Skill Expose Weak Point(5565,1) with target type TARGET used on Beto Risso [268497202] by Void [268481234]!
[WARN ] 2022-01-08 16:36:18 TargetType: Outdated Skill Expose Weak Point(5565,1) with target type TARGET used on Beto Risso [268497202] by Void [268481234]!
[WARN ] 2022-01-08 16:36:18 TargetType: Outdated Skill Expose Weak Point(5565,1) with target type TARGET used on Beto Risso [268497202] by Void [268481234]!
[WARN ] 2022-01-08 16:36:20 TargetType: Outdated Skill Expose Weak Point(5565,1) with target type TARGET used on Beto Risso [268497202] by Void [268481234]!
[WARN ] 2022-01-08 16:36:22 TargetType: Outdated Skill Expose Weak Point(5565,1) with target type TARGET used on Beto Risso [268497202] by Void [268481234]!
[WARN ] 2022-01-08 16:36:22 TargetType: Outdated Skill Expose Weak Point(5565,1) with target type TARGET used on Beto Risso [268497202] by Void [268481234]!
[WARN ] 2022-01-08 16:36:23 TargetType: Outdated Skill Expose Weak Point(5565,1) with target type TARGET used on Beto Risso [268497202] by Void [268481234]!
[WARN ] 2022-01-08 16:36:27 TargetType: Outdated Skill Expose Weak Point(5565,1) with target type TARGET used on Beto Risso [268497202] by Void [268481234]!
[WARN ] 2022-01-08 16:36:27 TargetType: Outdated Skill Expose Weak Point(5565,1) with target type TARGET used on Beto Risso [268497202] by Void [268481234]!
[WARN ] 2022-01-08 16:36:28 TargetType: Outdated Skill Expose Weak Point(5565,1) with target type TARGET used on Beto Risso [268497202] by Void [268481234]!
[WARN ] 2022-01-08 16:36:28 TargetType: Outdated Skill Expose Weak Point(5565,1) with target type TARGET used on Beto Risso [268497202] by Void [268481234]!
[WARN ] 2022-01-08 16:36:29 TargetType: Outdated Skill Expose Weak Point(5565,1) with target type TARGET used on Beto Risso [268497202] by Void [268481234]!
[WARN ] 2022-01-08 16:36:37 TargetType: Outdated Skill Expose Weak Point(5565,1) with target type TARGET used on Beto Risso [268497202] by Void [268481234]!
[WARN ] 2022-01-08 16:36:38 TargetType: Outdated Skill Expose Weak Point(5565,1) with target type TARGET used on Beto Risso [268497202] by Void [268481234]!
[WARN ] 2022-01-08 16:36:38 TargetType: Outdated Skill Expose Weak Point(5565,1) with target type TARGET used on Beto Risso [268497202] by Void [268481234]!
[WARN ] 2022-01-08 16:36:38 TargetType: Outdated Skill Expose Weak Point(5565,1) with target type TARGET used on Beto Risso [268497202] by Void [268481234]!
[WARN ] 2022-01-08 16:36:39 TargetType: Outdated Skill Expose Weak Point(5565,1) with target type TARGET used on Beto Risso [268497202] by Void [268481234]!
[WARN ] 2022-01-08 16:36:40 TargetType: Outdated Skill Expose Weak Point(5565,1) with target type TARGET used on Beto Risso [268497202] by Void [268481234]!
[WARN ] 2022-01-08 16:36:41 TargetType: Outdated Skill Expose Weak Point(5565,1) with target type TARGET used on Beto Risso [268497202] by Void [268481234]!
[WARN ] 2022-01-08 16:36:42 TargetType: Outdated Skill Expose Weak Point(5565,1) with target type TARGET used on Beto Risso [268497202] by Void [268481234]!
[WARN ] 2022-01-08 16:36:43 TargetType: Outdated Skill Expose Weak Point(5565,1) with target type TARGET used on Beto Risso [268497202] by Void [268481234]!
[WARN ] 2022-01-08 16:36:43 TargetType: Outdated Skill Expose Weak Point(5565,1) with target type TARGET used on Beto Risso [268497202] by Void [268481234]!
[WARN ] 2022-01-08 16:36:44 TargetType: Outdated Skill Expose Weak Point(5565,1) with target type TARGET used on Beto Risso [268497202] by Void [268481234]!
[WARN ] 2022-01-08 16:36:45 TargetType: Outdated Skill Expose Weak Point(5565,1) with target type TARGET used on Beto Risso [268497202] by Void [268481234]!
[WARN ] 2022-01-08 16:36:51 TargetType: Outdated Skill Expose Weak Point(5565,1) with target type TARGET used on Beto Risso [268497202] by Void [268481234]!
[WARN ] 2022-01-08 16:36:55 TargetType: Outdated Skill Expose Weak Point(5565,1) with target type TARGET used on Beto Risso [268497202] by Void [268481234]!
[WARN ] 2022-01-08 16:36:57 TargetType: Outdated Skill Expose Weak Point(5565,1) with target type TARGET used on Beto Risso [268497202] by Void [268481234]!
[WARN ] 2022-01-08 16:36:58 TargetType: Outdated Skill Expose Weak Point(5565,1) with target type TARGET used on Beto Risso [268497202] by Void [268481234]!
[WARN ] 2022-01-08 16:36:58 TargetType: Outdated Skill Expose Weak Point(5565,1) with target type TARGET used on Beto Risso [268497202] by Void [268481234]!
[WARN ] 2022-01-08 16:36:59 TargetType: Outdated Skill Expose Weak Point(5565,1) with target type TARGET used on Beto Risso [268497202] by Void [268481234]!
[WARN ] 2022-01-08 16:37:00 TargetType: Outdated Skill Expose Weak Point(5565,1) with target type TARGET used on Beto Risso [268497202] by Void [268481234]!
[WARN ] 2022-01-08 16:37:06 TargetType: Outdated Skill Expose Weak Point(5565,1) with target type TARGET used on Beto Risso [268497202] by Void [268481234]!
[WARN ] 2022-01-08 16:37:07 TargetType: Outdated Skill Expose Weak Point(5565,1) with target type TARGET used on Beto Risso [268497202] by Void [268481234]!
[WARN ] 2022-01-08 16:37:08 TargetType: Outdated Skill Expose Weak Point(5565,1) with target type TARGET used on Beto Risso [268497202] by Void [268481234]!
[WARN ] 2022-01-08 16:37:14 TargetType: Outdated Skill Expose Weak Point(5565,1) with target type TARGET used on Beto Risso [268497202] by Void [268481234]!
[WARN ] 2022-01-08 16:37:17 TargetType: Outdated Skill Expose Weak Point(5565,1) with target type TARGET used on Beto Risso [268497202] by Void [268481234]!
[WARN ] 2022-01-08 16:37:18 TargetType: Outdated Skill Expose Weak Point(5565,1) with target type TARGET used on Beto Risso [268497202] by Void [268481234]!
[WARN ] 2022-01-08 16:37:23 TargetType: Outdated Skill Expose Weak Point(5565,1) with target type TARGET used on Beto Risso [268497202] by Void [268481234]!
[WARN ] 2022-01-08 16:37:23 TargetType: Outdated Skill Expose Weak Point(5565,1) with target type TARGET used on Beto Risso [268497202] by Void [268481234]!
[WARN ] 2022-01-08 16:37:27 TargetType: Outdated Skill Expose Weak Point(5565,1) with target type TARGET used on Beto Risso [268497202] by Void [268481234]!
[WARN ] 2022-01-08 16:37:31 TargetType: Outdated Skill Expose Weak Point(5565,1) with target type TARGET used on Beto Risso [268497202] by Void [268481234]!
[WARN ] 2022-01-08 16:37:38 TargetType: Outdated Skill Expose Weak Point(5565,1) with target type TARGET used on Beto Risso [268497202] by Void [268481234]!
[WARN ] 2022-01-08 16:37:39 TargetType: Outdated Skill Expose Weak Point(5565,1) with target type TARGET used on Beto Risso [268497202] by Void [268481234]!
[WARN ] 2022-01-08 16:37:39 TargetType: Outdated Skill Expose Weak Point(5565,1) with target type TARGET used on Beto Risso [268497202] by Void [268481234]!
[WARN ] 2022-01-08 16:37:41 TargetType: Outdated Skill Expose Weak Point(5565,1) with target type TARGET used on Beto Risso [268497202] by Void [268481234]!
[WARN ] 2022-01-08 16:37:42 TargetType: Outdated Skill Expose Weak Point(5565,1) with target type TARGET used on Beto Risso [268497202] by Void [268481234]!
[WARN ] 2022-01-08 16:37:46 TargetType: Outdated Skill Expose Weak Point(5565,1) with target type TARGET used on Beto Risso [268497202] by Void [268481234]!
[WARN ] 2022-01-08 16:37:47 TargetType: Outdated Skill Expose Weak Point(5565,1) with target type TARGET used on Beto Risso [268497202] by Void [268481234]!
[WARN ] 2022-01-08 16:37:47 TargetType: Outdated Skill Expose Weak Point(5565,1) with target type TARGET used on Beto Risso [268497202] by Void [268481234]!
[WARN ] 2022-01-08 16:37:48 TargetType: Outdated Skill Expose Weak Point(5565,1) with target type TARGET used on Beto Risso [268497202] by Void [268481234]!
[WARN ] 2022-01-08 16:37:49 TargetType: Outdated Skill Expose Weak Point(5565,1) with target type TARGET used on Beto Risso [268497202] by Void [268481234]!
[WARN ] 2022-01-08 16:37:50 TargetType: Outdated Skill Expose Weak Point(5565,1) with target type TARGET used on Beto Risso [268497202] by Void [268481234]!
[WARN ] 2022-01-08 16:37:50 TargetType: Outdated Skill Expose Weak Point(5565,1) with target type TARGET used on Beto Risso [268497202] by Void [268481234]!
[WARN ] 2022-01-08 16:37:50 TargetType: Outdated Skill Expose Weak Point(5565,1) with target type TARGET used on Beto Risso [268497202] by Void [268481234]!
[WARN ] 2022-01-08 16:37:51 TargetType: Outdated Skill Expose Weak Point(5565,1) with target type TARGET used on Beto Risso [268497202] by Void [268481234]!
[WARN ] 2022-01-08 16:37:52 TargetType: Outdated Skill Expose Weak Point(5565,1) with target type TARGET used on Beto Risso [268497202] by Void [268481234]!
[WARN ] 2022-01-08 16:37:53 TargetType: Outdated Skill Expose Weak Point(5565,1) with target type TARGET used on Beto Risso [268497202] by Void [268481234]!
[WARN ] 2022-01-08 16:37:57 TargetType: Outdated Skill Expose Weak Point(5565,1) with target type TARGET used on Beto Risso [268497202] by Void [268481234]!
[WARN ] 2022-01-08 16:37:57 TargetType: Outdated Skill Expose Weak Point(5565,1) with target type TARGET used on Beto Risso [268497202] by Void [268481234]!
[WARN ] 2022-01-08 16:37:57 TargetType: Outdated Skill Expose Weak Point(5565,1) with target type TARGET used on Beto Risso [268497202] by Void [268481234]!
[WARN ] 2022-01-08 16:37:58 TargetType: Outdated Skill Expose Weak Point(5565,1) with target type TARGET used on Beto Risso [268497202] by Void [268481234]!
[WARN ] 2022-01-08 16:38:01 TargetType: Outdated Skill Expose Weak Point(5565,1) with target type TARGET used on Beto Risso [268497202] by Void [268481234]!
[WARN ] 2022-01-08 16:38:02 TargetType: Outdated Skill Expose Weak Point(5565,1) with target type TARGET used on Beto Risso [268497202] by Void [268481234]!
[WARN ] 2022-01-08 16:38:03 TargetType: Outdated Skill Expose Weak Point(5565,1) with target type TARGET used on Beto Risso [268497202] by Void [268481234]!
[WARN ] 2022-01-08 16:38:05 TargetType: Outdated Skill Expose Weak Point(5565,1) with target type TARGET used on Beto Risso [268497202] by Void [268481234]!
[WARN ] 2022-01-08 16:38:06 TargetType: Outdated Skill Expose Weak Point(5565,1) with target type TARGET used on Beto Risso [268497202] by Void [268481234]!
[WARN ] 2022-01-08 16:38:07 TargetType: Outdated Skill Expose Weak Point(5565,1) with target type TARGET used on Beto Risso [268497202] by Void [268481234]!
[WARN ] 2022-01-08 16:38:09 TargetType: Outdated Skill Expose Weak Point(5565,1) with target type TARGET used on Beto Risso [268497202] by Void [268481234]!
[WARN ] 2022-01-08 16:38:12 TargetType: Outdated Skill Expose Weak Point(5565,1) with target type TARGET used on Beto Risso [268497202] by Void [268481234]!
[WARN ] 2022-01-08 16:38:15 TargetType: Outdated Skill Expose Weak Point(5565,1) with target type TARGET used on Beto Risso [268497202] by Void [268481234]!
[WARN ] 2022-01-08 16:38:19 TargetType: Outdated Skill Expose Weak Point(5565,1) with target type TARGET used on Beto Risso [268497202] by Void [268481234]!
[WARN ] 2022-01-08 16:38:22 TargetType: Outdated Skill Expose Weak Point(5565,1) with target type TARGET used on Beto Risso [268497202] by Void [268481234]!
[WARN ] 2022-01-08 16:38:23 TargetType: Outdated Skill Expose Weak Point(5565,1) with target type TARGET used on Beto Risso [268497202] by Void [268481234]!
[WARN ] 2022-01-08 16:38:24 TargetType: Outdated Skill Expose Weak Point(5565,1) with target type TARGET used on Beto Risso [268497202] by Void [268481234]!
[WARN ] 2022-01-08 16:38:24 TargetType: Outdated Skill Expose Weak Point(5565,1) with target type TARGET used on Beto Risso [268497202] by Void [268481234]!
[WARN ] 2022-01-08 16:38:25 TargetType: Outdated Skill Expose Weak Point(5565,1) with target type TARGET used on Beto Risso [268497202] by Void [268481234]!
[WARN ] 2022-01-08 16:38:27 TargetType: Outdated Skill Expose Weak Point(5565,1) with target type TARGET used on Beto Risso [268497202] by Void [268481234]!
[WARN ] 2022-01-08 16:38:28 TargetType: Outdated Skill Expose Weak Point(5565,1) with target type TARGET used on Beto Risso [268497202] by Void [268481234]!
[WARN ] 2022-01-08 16:38:28 TargetType: Outdated Skill Expose Weak Point(5565,1) with target type TARGET used on Beto Risso [268497202] by Void [268481234]!
[WARN ] 2022-01-08 16:38:32 TargetType: Outdated Skill Expose Weak Point(5565,1) with target type TARGET used on Beto Risso [268497202] by Void [268481234]!
[WARN ] 2022-01-08 16:38:34 TargetType: Outdated Skill Expose Weak Point(5565,1) with target type TARGET used on Beto Risso [268497202] by Void [268481234]!
[WARN ] 2022-01-08 16:38:34 TargetType: Outdated Skill Expose Weak Point(5565,1) with target type TARGET used on Beto Risso [268497202] by Void [268481234]!
[WARN ] 2022-01-08 16:38:35 TargetType: Outdated Skill Expose Weak Point(5565,1) with target type TARGET used on Beto Risso [268497202] by Void [268481234]!
[WARN ] 2022-01-08 16:38:37 TargetType: Outdated Skill Expose Weak Point(5565,1) with target type TARGET used on Beto Risso [268497202] by Void [268481234]!
[WARN ] 2022-01-08 16:38:37 TargetType: Outdated Skill Expose Weak Point(5565,1) with target type TARGET used on Beto Risso [268497202] by Void [268481234]!
[WARN ] 2022-01-08 16:38:38 TargetType: Outdated Skill Expose Weak Point(5565,1) with target type TARGET used on Beto Risso [268497202] by Void [268481234]!
[WARN ] 2022-01-08 16:38:39 TargetType: Outdated Skill Expose Weak Point(5565,1) with target type TARGET used on Beto Risso [268497202] by Void [268481234]!
[WARN ] 2022-01-08 16:38:40 TargetType: Outdated Skill Expose Weak Point(5565,1) with target type TARGET used on Beto Risso [268497202] by Void [268481234]!
[WARN ] 2022-01-08 16:38:42 TargetType: Outdated Skill Expose Weak Point(5565,1) with target type TARGET used on Beto Risso [268497202] by Void [268481234]!
[WARN ] 2022-01-08 16:38:43 TargetType: Outdated Skill Expose Weak Point(5565,1) with target type TARGET used on Beto Risso [268497202] by Void [268481234]!
[WARN ] 2022-01-08 16:38:44 TargetType: Outdated Skill Expose Weak Point(5565,1) with target type TARGET used on Beto Risso [268497202] by Void [268481234]!
[WARN ] 2022-01-08 16:38:45 TargetType: Outdated Skill Expose Weak Point(5565,1) with target type TARGET used on Beto Risso [268497202] by Void [268481234]!
[WARN ] 2022-01-08 16:38:49 TargetType: Outdated Skill Expose Weak Point(5565,1) with target type TARGET used on Beto Risso [268497202] by Void [268481234]!
[WARN ] 2022-01-08 16:38:52 TargetType: Outdated Skill Expose Weak Point(5565,1) with target type TARGET used on Beto Risso [268497202] by Void [268481234]!
[WARN ] 2022-01-08 16:38:53 TargetType: Outdated Skill Expose Weak Point(5565,1) with target type TARGET used on Beto Risso [268497202] by Void [268481234]!
[WARN ] 2022-01-08 16:38:54 TargetType: Outdated Skill Expose Weak Point(5565,1) with target type TARGET used on Beto Risso [268497202] by Void [268481234]!
[WARN ] 2022-01-08 16:38:54 TargetType: Outdated Skill Expose Weak Point(5565,1) with target type TARGET used on Beto Risso [268497202] by Void [268481234]!
[WARN ] 2022-01-08 16:38:55 TargetType: Outdated Skill Expose Weak Point(5565,1) with target type TARGET used on Beto Risso [268497202] by Void [268481234]!
[WARN ] 2022-01-08 16:38:57 TargetType: Outdated Skill Expose Weak Point(5565,1) with target type TARGET used on Beto Risso [268497202] by Void [268481234]!
[WARN ] 2022-01-08 16:39:00 TargetType: Outdated Skill Expose Weak Point(5565,1) with target type TARGET used on Beto Risso [268497202] by Void [268481234]!
[WARN ] 2022-01-08 16:39:02 TargetType: Outdated Skill Expose Weak Point(5565,1) with target type TARGET used on Beto Risso [268497202] by Void [268481234]!
[WARN ] 2022-01-08 16:39:03 TargetType: Outdated Skill Expose Weak Point(5565,1) with target type TARGET used on Beto Risso [268497202] by Void [268481234]!
[WARN ] 2022-01-08 16:39:04 TargetType: Outdated Skill Expose Weak Point(5565,1) with target type TARGET used on Beto Risso [268497202] by Void [268481234]!
[WARN ] 2022-01-08 16:39:06 TargetType: Outdated Skill Expose Weak Point(5565,1) with target type TARGET used on Beto Risso [268497202] by Void [268481234]!
[WARN ] 2022-01-08 16:39:08 TargetType: Outdated Skill Expose Weak Point(5565,1) with target type TARGET used on Beto Risso [268497202] by Void [268481234]!
[WARN ] 2022-01-08 16:39:10 TargetType: Outdated Skill Expose Weak Point(5565,1) with target type TARGET used on Beto Risso [268497202] by Void [268481234]!
[WARN ] 2022-01-08 16:39:14 TargetType: Outdated Skill Expose Weak Point(5565,1) with target type TARGET used on Beto Risso [268497202] by Void [268481234]!
[WARN ] 2022-01-08 16:39:14 TargetType: Outdated Skill Expose Weak Point(5565,1) with target type TARGET used on Beto Risso [268497202] by Void [268481234]!
[WARN ] 2022-01-08 16:39:15 TargetType: Outdated Skill Expose Weak Point(5565,1) with target type TARGET used on Beto Risso [268497202] by Void [268481234]!
[WARN ] 2022-01-08 16:39:18 TargetType: Outdated Skill Expose Weak Point(5565,1) with target type TARGET used on Beto Risso [268497202] by Void [268481234]!
[WARN ] 2022-01-08 16:39:21 TargetType: Outdated Skill Expose Weak Point(5565,1) with target type TARGET used on Beto Risso [268497202] by Void [268481234]!
[WARN ] 2022-01-08 16:39:22 TargetType: Outdated Skill Expose Weak Point(5565,1) with target type TARGET used on Beto Risso [268497202] by Void [268481234]!
[WARN ] 2022-01-08 16:39:25 TargetType: Outdated Skill Expose Weak Point(5565,1) with target type TARGET used on Beto Risso [268497202] by Void [268481234]!
[INFO ] 2022-01-08 16:39:44 TaskSevenSignsUpdate: Data updated successfully.
[WARN ] 2022-01-08 16:47:39 L2GameClientPacket: No handler registered for admin command 'admin_SPAWN'
[INFO ] 2022-01-08 16:48:04 GlobalVariablesManager: Stored 7 variables.
[WARN ] 2022-01-08 16:50:24 L2GameClientPacket: No handler registered for admin command 'admin_SPAWN'
[WARN ] 2022-01-08 16:50:29 L2GameClientPacket: No handler registered for admin command 'admin_SPAWN'
[INFO ] 2022-01-08 17:00:00 DayNightSpawnManager: Removed 553 night creatures.
[INFO ] 2022-01-08 17:00:00 DayNightSpawnManager: Spawned 232 day creatures.
[INFO ] 2022-01-08 17:00:00 DayNightSpawnManager: Deleting Hellman raidboss.
[WARN ] 2022-01-08 17:07:55 TargetType: Outdated Skill Expose Weak Point(5565,1) with target type TARGET used on Beto Risso [268497202] by Void [268481234]!
[WARN ] 2022-01-08 17:08:18 TargetType: Outdated Skill Expose Weak Point(5565,1) with target type TARGET used on Beto Risso [268497202] by Void [268481234]!
[WARN ] 2022-01-08 17:08:18 TargetType: Outdated Skill Expose Weak Point(5565,1) with target type TARGET used on Beto Risso [268497202] by Void [268481234]!
[WARN ] 2022-01-08 17:08:26 TargetType: Outdated Skill Expose Weak Point(5565,1) with target type TARGET used on Beto Risso [268497202] by Void [268481234]!
[WARN ] 2022-01-08 17:08:27 TargetType: Outdated Skill Expose Weak Point(5565,1) with target type TARGET used on Beto Risso [268497202] by Void [268481234]!
[WARN ] 2022-01-08 17:08:28 TargetType: Outdated Skill Expose Weak Point(5565,1) with target type TARGET used on Beto Risso [268497202] by Void [268481234]!
[WARN ] 2022-01-08 17:08:28 TargetType: Outdated Skill Expose Weak Point(5565,1) with target type TARGET used on Beto Risso [268497202] by Void [268481234]!
[WARN ] 2022-01-08 17:08:29 TargetType: Outdated Skill Expose Weak Point(5565,1) with target type TARGET used on Beto Risso [268497202] by Void [268481234]!
[WARN ] 2022-01-08 17:08:31 TargetType: Outdated Skill Expose Weak Point(5565,1) with target type TARGET used on Beto Risso [268497202] by Void [268481234]!
[INFO ] 2022-01-08 17:09:44 TaskSevenSignsUpdate: Data updated successfully.
[WARN ] 2022-01-08 17:13:03 TargetType: Outdated Skill Demonic Desire(23322,1) with target type TARGET used on L2MonsterInstance:Varka Silenos Recruit(21350)[268466601] by Void [268481234]!
[WARN ] 2022-01-08 17:13:10 TargetType: Outdated Skill PvP Weapon - Decrease Range(5687,1) with target type TARGET used on L2MonsterInstance:Varka Silenos Footman(21351)[268466635] by Void [268481234]!
[WARN ] 2022-01-08 17:14:03 TargetType: Outdated Skill Demonic Desire(23322,1) with target type TARGET used on L2MonsterInstance:Grazing Antelope(21352)[268466681] by Void [268481234]!
[WARN ] 2022-01-08 17:14:43 TargetType: Outdated Skill Demonic Desire(23322,1) with target type TARGET used on L2MonsterInstance:Varka Silenos Hunter(21354)[268466738] by Void [268481234]!
[WARN ] 2022-01-08 17:16:40 Shutdown: GM: Void(268481234) issued shutdown command. restarting in 0 seconds!
[WARN ] 2022-01-08 17:16:40 Shutdown: GM shutdown countdown is over. restarting NOW!
[INFO ] 2022-01-08 17:16:40 Shutdown: UPnP Service: All ports mappings deleted (0ms).
