[INFO ] 2022-01-17 11:02:27 GameServer: ------------------------------------------------=[ Database ]
[INFO ] 2022-01-17 11:02:27 GameServer: -----------------------------------=[ Network Configuration ]
[INFO ] 2022-01-17 11:02:27 IPConfigData: Using automatic network configuration.
[INFO ] 2022-01-17 11:02:28 IPConfigData: Adding new subnet: 127.0.0.0/8 address: 127.0.0.1
[INFO ] 2022-01-17 11:02:28 IPConfigData: Adding new subnet: 192.168.45.0/24 address: 192.168.45.45
[INFO ] 2022-01-17 11:02:28 IPConfigData: Adding new subnet: 0.0.0.0/0 address: 168.205.94.22
[INFO ] 2022-01-17 11:02:28 HikariDataSource: HikariPool-1 - Starting...
[INFO ] 2022-01-17 11:02:28 HikariDataSource: HikariPool-1 - Start completed.
[INFO ] 2022-01-17 11:02:28 IdFactory: Updated characters online status.
[INFO ] 2022-01-17 11:02:28 IdFactory: Cleaned up invalid weddings.
[INFO ] 2022-01-17 11:02:28 IdFactory: Cleaned 0 elements from database in 0s.
[INFO ] 2022-01-17 11:02:28 IdFactory: Cleaned 0 expired timestamps from database.
[INFO ] 2022-01-17 11:02:28 BitSetIDFactory: 205824 Ids available.
[INFO ] 2022-01-17 11:02:28 GameServer: ---------------------------------------------------=[ World ]
[INFO ] 2022-01-17 11:02:28 InstanceManager: Multiverse Instance created.
[INFO ] 2022-01-17 11:02:28 InstanceManager: Universe Instance created.
[INFO ] 2022-01-17 11:02:28 InstanceManager: Loaded 160 instance names.
[INFO ] 2022-01-17 11:02:29 L2World: 128 by 136 world region grid set up.
[INFO ] 2022-01-17 11:02:29 MapRegionManager: Loaded 57 map regions.
[INFO ] 2022-01-17 11:02:29 GlobalVariablesManager: Loaded 7 variables.
[INFO ] 2022-01-17 11:02:29 GameServer: ----------------------------------------------------=[ Data ]
[INFO ] 2022-01-17 11:02:29 CategoryData: Loaded 124 Categories.
[INFO ] 2022-01-17 11:02:29 SecondaryAuthData: Loaded 328 forbidden passwords.
[INFO ] 2022-01-17 11:02:29 GameServer: -------------------------------------------------=[ Effects ]
[INFO ] 2022-01-17 11:02:32 EffectMasterHandler: Loaded 168 effect handlers.
[INFO ] 2022-01-17 11:02:32 GameServer: ------------------------------------=[ Enchant Skill Groups ]
[INFO ] 2022-01-17 11:02:32 EnchantSkillGroupsData: Loaded 4 groups and 90 routes.
[INFO ] 2022-01-17 11:02:32 GameServer: ---------------------------------------------=[ Skill Trees ]
[INFO ] 2022-01-17 11:02:32 SkillTreesData: Loaded 17176 Class Skills for 103 Class Skill Trees.
[INFO ] 2022-01-17 11:02:32 SkillTreesData: Loaded 76 Sub-Class Skills.
[INFO ] 2022-01-17 11:02:32 SkillTreesData: Loaded 77 Transfer Skills for 3 Transfer Skill Trees.
[INFO ] 2022-01-17 11:02:32 SkillTreesData: Loaded 117 Fishing Skills, 8 Dwarven only Fishing Skills.
[INFO ] 2022-01-17 11:02:32 SkillTreesData: Loaded 3 Collect Skills.
[INFO ] 2022-01-17 11:02:32 SkillTreesData: Loaded 74 Pledge Skills, 44 for Pledge and 30 Residential.
[INFO ] 2022-01-17 11:02:32 SkillTreesData: Loaded 18 Sub-Pledge Skills.
[INFO ] 2022-01-17 11:02:32 SkillTreesData: Loaded 32 Transform Skills.
[INFO ] 2022-01-17 11:02:32 SkillTreesData: Loaded 8 Noble Skills.
[INFO ] 2022-01-17 11:02:32 SkillTreesData: Loaded 5 Hero Skills.
[INFO ] 2022-01-17 11:02:32 SkillTreesData: Loaded 46 Game Master Skills.
[INFO ] 2022-01-17 11:02:32 SkillTreesData: Loaded 46 Game Master Aura Skills.
[INFO ] 2022-01-17 11:02:32 GameServer: --------------------------------------------------=[ Skills ]
[INFO ] 2022-01-17 11:02:44 DocumentEngine: Loaded 65976 skill templates from XML files.
[INFO ] 2022-01-17 11:02:44 SummonSkillsTable: Loaded 1891 summon skills.
[INFO ] 2022-01-17 11:02:44 GameServer: ---------------------------------------------------=[ Items ]
[INFO ] 2022-01-17 11:02:45 ItemTable: Highest item Id used 22567.
[INFO ] 2022-01-17 11:02:45 ItemTable: Loaded 11481 Etc items.
[INFO ] 2022-01-17 11:02:45 ItemTable: Loaded 3825 Armor items.
[INFO ] 2022-01-17 11:02:45 ItemTable: Loaded 3893 Weapon items.
[INFO ] 2022-01-17 11:02:45 ItemTable: Loaded 19199 items in total.
[INFO ] 2022-01-17 11:02:45 EnchantItemGroupsData: Loaded 4 item group templates.
[INFO ] 2022-01-17 11:02:45 EnchantItemGroupsData: Loaded 1 scroll group templates.
[WARN ] 2022-01-17 11:02:45 EnchantItemData: Wrong enchant scroll item type: 731 defined in enchant data!
[WARN ] 2022-01-17 11:02:45 EnchantItemData: Wrong enchant scroll item type: 949 defined in enchant data!
[WARN ] 2022-01-17 11:02:45 EnchantItemData: Wrong enchant scroll item type: 953 defined in enchant data!
[WARN ] 2022-01-17 11:02:45 EnchantItemData: Wrong enchant scroll item type: 957 defined in enchant data!
[WARN ] 2022-01-17 11:02:45 EnchantItemData: Wrong enchant scroll item type: 961 defined in enchant data!
[WARN ] 2022-01-17 11:02:45 EnchantItemData: Wrong enchant scroll item type: 732 defined in enchant data!
[WARN ] 2022-01-17 11:02:45 EnchantItemData: Wrong enchant scroll item type: 950 defined in enchant data!
[WARN ] 2022-01-17 11:02:45 EnchantItemData: Wrong enchant scroll item type: 954 defined in enchant data!
[WARN ] 2022-01-17 11:02:45 EnchantItemData: Wrong enchant scroll item type: 958 defined in enchant data!
[WARN ] 2022-01-17 11:02:45 EnchantItemData: Wrong enchant scroll item type: 962 defined in enchant data!
[INFO ] 2022-01-17 11:02:45 EnchantItemData: Loaded 63 enchant scrolls.
[INFO ] 2022-01-17 11:02:45 EnchantItemData: Loaded 20 support items.
[INFO ] 2022-01-17 11:02:45 EnchantItemOptionsData: Loaded 23 items and 1093 options.
[INFO ] 2022-01-17 11:02:46 OptionData: Loaded 24985 item options.
[INFO ] 2022-01-17 11:02:46 EnchantItemHPBonusData: Loaded 6 Enchant HP Bonuses.
[INFO ] 2022-01-17 11:02:46 MerchantPriceConfigTable: Loaded 28 merchant price configs.
[WARN ] 2022-01-17 11:02:46 IXmlReader: BuyListData: Folder C:\opt\l2j\server\game\data\buylists\custom doesn't exist!
[INFO ] 2022-01-17 11:02:46 BuyListData: Loaded 760 buy lists.
[INFO ] 2022-01-17 11:02:47 MultisellData: Loaded 308 multisell lists.
[INFO ] 2022-01-17 11:02:47 RecipeData: Loaded 1000 recipes.
[INFO ] 2022-01-17 11:02:47 ArmorSetsData: Loaded 204 armor sets.
[INFO ] 2022-01-17 11:02:47 FishData: Loaded 278 fish.
[INFO ] 2022-01-17 11:02:47 FishingMonstersData: Loaded 8 fishing monsters.
[INFO ] 2022-01-17 11:02:47 FishingRodsData: Loaded 6 fishing rods.
[INFO ] 2022-01-17 11:02:47 HennaData: Loaded 180 Henna data.
[INFO ] 2022-01-17 11:02:47 GameServer: ----------------------------------------------=[ Characters ]
[INFO ] 2022-01-17 11:02:47 ClassListData: Loaded 107 class data.
[INFO ] 2022-01-17 11:02:47 InitialEquipmentData: Loaded 11 initial equipment data.
[INFO ] 2022-01-17 11:02:47 InitialShortcutData: Loaded 5 initial dlobal shortcuts data.
[INFO ] 2022-01-17 11:02:47 InitialShortcutData: Loaded 4 initial shortcuts data.
[INFO ] 2022-01-17 11:02:47 InitialShortcutData: Loaded 0 macros presets.
[INFO ] 2022-01-17 11:02:47 KarmaData: Loaded 85 karma modifiers.
[INFO ] 2022-01-17 11:02:47 HitConditionBonusData: Loaded Hit Condition bonuses.
[INFO ] 2022-01-17 11:02:47 PlayerTemplateData: Loaded 103 character templates.
[INFO ] 2022-01-17 11:02:47 PlayerTemplateData: Loaded 52530 level up gain records.
[INFO ] 2022-01-17 11:02:47 PlayerCreationPointData: Loaded 62 character creation points.
[INFO ] 2022-01-17 11:02:47 CharNameTable: Loaded 5 char names.
[INFO ] 2022-01-17 11:02:47 AdminData: Loaded 10 access levels.
[INFO ] 2022-01-17 11:02:47 AdminData: Loaded 444 access commands.
[INFO ] 2022-01-17 11:02:47 RaidBossPointsManager: Loaded 0 characters raid points.
[INFO ] 2022-01-17 11:02:47 PetDataTable: Loaded 52 Pets.
[INFO ] 2022-01-17 11:02:47 GameServer: -----------------------------------------------------=[ BBS ]
[INFO ] 2022-01-17 11:02:47 ForumsBBSManager: Loaded 5 forums.
[INFO ] 2022-01-17 11:02:47 GameServer: ---------------------------------------------------=[ Clans ]
[INFO ] 2022-01-17 11:02:47 ClanTable: Restored 1 clans from the database.
[INFO ] 2022-01-17 11:02:47 AuctionManager: Loaded 38 auction(s).
[INFO ] 2022-01-17 11:02:47 ClanHallManager: Loaded 0 clan halls.
[INFO ] 2022-01-17 11:02:47 ClanHallManager: Loaded 38 free clan halls.
[INFO ] 2022-01-17 11:02:47 ClanHallSiegeManager: Loaded 6 conquerable clan halls.
[INFO ] 2022-01-17 11:02:47 GameServer: -------------------------------------------------=[ Geodata ]
[INFO ] 2022-01-17 11:02:47 GeoData: Loading 11_23.l2j...
[INFO ] 2022-01-17 11:02:47 GeoData: Loading 11_24.l2j...
[INFO ] 2022-01-17 11:02:47 GeoData: Loading 11_25.l2j...
[INFO ] 2022-01-17 11:02:47 GeoData: Loading 11_26.l2j...
[INFO ] 2022-01-17 11:02:47 GeoData: Loading 12_23.l2j...
[INFO ] 2022-01-17 11:02:47 GeoData: Loading 12_24.l2j...
[INFO ] 2022-01-17 11:02:47 GeoData: Loading 12_25.l2j...
[INFO ] 2022-01-17 11:02:47 GeoData: Loading 12_26.l2j...
[INFO ] 2022-01-17 11:02:47 GeoData: Loading 13_21.l2j...
[INFO ] 2022-01-17 11:02:47 GeoData: Loading 13_22.l2j...
[INFO ] 2022-01-17 11:02:47 GeoData: Loading 13_23.l2j...
[INFO ] 2022-01-17 11:02:47 GeoData: Loading 13_24.l2j...
[INFO ] 2022-01-17 11:02:47 GeoData: Loading 13_25.l2j...
[INFO ] 2022-01-17 11:02:47 GeoData: Loading 13_26.l2j...
[INFO ] 2022-01-17 11:02:47 GeoData: Loading 14_21.l2j...
[INFO ] 2022-01-17 11:02:47 GeoData: Loading 14_22.l2j...
[INFO ] 2022-01-17 11:02:47 GeoData: Loading 14_23.l2j...
[INFO ] 2022-01-17 11:02:47 GeoData: Loading 14_24.l2j...
[INFO ] 2022-01-17 11:02:47 GeoData: Loading 14_25.l2j...
[INFO ] 2022-01-17 11:02:47 GeoData: Loading 14_26.l2j...
[INFO ] 2022-01-17 11:02:47 GeoData: Loading 15_10.l2j...
[INFO ] 2022-01-17 11:02:47 GeoData: Loading 15_11.l2j...
[INFO ] 2022-01-17 11:02:47 GeoData: Loading 15_12.l2j...
[INFO ] 2022-01-17 11:02:47 GeoData: Loading 15_18.l2j...
[INFO ] 2022-01-17 11:02:47 GeoData: Loading 15_19.l2j...
[INFO ] 2022-01-17 11:02:47 GeoData: Loading 15_20.l2j...
[INFO ] 2022-01-17 11:02:47 GeoData: Loading 15_21.l2j...
[INFO ] 2022-01-17 11:02:47 GeoData: Loading 15_22.l2j...
[INFO ] 2022-01-17 11:02:47 GeoData: Loading 15_23.l2j...
[INFO ] 2022-01-17 11:02:48 GeoData: Loading 15_24.l2j...
[INFO ] 2022-01-17 11:02:48 GeoData: Loading 15_25.l2j...
[INFO ] 2022-01-17 11:02:48 GeoData: Loading 15_26.l2j...
[INFO ] 2022-01-17 11:02:48 GeoData: Loading 16_10.l2j...
[INFO ] 2022-01-17 11:02:48 GeoData: Loading 16_11.l2j...
[INFO ] 2022-01-17 11:02:48 GeoData: Loading 16_12.l2j...
[INFO ] 2022-01-17 11:02:48 GeoData: Loading 16_13.l2j...
[INFO ] 2022-01-17 11:02:48 GeoData: Loading 16_14.l2j...
[INFO ] 2022-01-17 11:02:48 GeoData: Loading 16_15.l2j...
[INFO ] 2022-01-17 11:02:48 GeoData: Loading 16_16.l2j...
[INFO ] 2022-01-17 11:02:48 GeoData: Loading 16_17.l2j...
[INFO ] 2022-01-17 11:02:48 GeoData: Loading 16_18.l2j...
[INFO ] 2022-01-17 11:02:48 GeoData: Loading 16_19.l2j...
[INFO ] 2022-01-17 11:02:48 GeoData: Loading 16_20.l2j...
[INFO ] 2022-01-17 11:02:48 GeoData: Loading 16_21.l2j...
[INFO ] 2022-01-17 11:02:48 GeoData: Loading 16_22.l2j...
[INFO ] 2022-01-17 11:02:48 GeoData: Loading 16_23.l2j...
[INFO ] 2022-01-17 11:02:48 GeoData: Loading 16_24.l2j...
[INFO ] 2022-01-17 11:02:48 GeoData: Loading 16_25.l2j...
[INFO ] 2022-01-17 11:02:48 GeoData: Loading 16_26.l2j...
[INFO ] 2022-01-17 11:02:48 GeoData: Loading 17_10.l2j...
[INFO ] 2022-01-17 11:02:48 GeoData: Loading 17_11.l2j...
[INFO ] 2022-01-17 11:02:48 GeoData: Loading 17_12.l2j...
[INFO ] 2022-01-17 11:02:48 GeoData: Loading 17_13.l2j...
[INFO ] 2022-01-17 11:02:48 GeoData: Loading 17_14.l2j...
[INFO ] 2022-01-17 11:02:48 GeoData: Loading 17_15.l2j...
[INFO ] 2022-01-17 11:02:48 GeoData: Loading 17_16.l2j...
[INFO ] 2022-01-17 11:02:48 GeoData: Loading 17_17.l2j...
[INFO ] 2022-01-17 11:02:48 GeoData: Loading 17_18.l2j...
[INFO ] 2022-01-17 11:02:48 GeoData: Loading 17_19.l2j...
[INFO ] 2022-01-17 11:02:48 GeoData: Loading 17_20.l2j...
[INFO ] 2022-01-17 11:02:48 GeoData: Loading 17_21.l2j...
[INFO ] 2022-01-17 11:02:48 GeoData: Loading 17_22.l2j...
[INFO ] 2022-01-17 11:02:48 GeoData: Loading 17_23.l2j...
[INFO ] 2022-01-17 11:02:48 GeoData: Loading 17_24.l2j...
[INFO ] 2022-01-17 11:02:48 GeoData: Loading 17_25.l2j...
[INFO ] 2022-01-17 11:02:48 GeoData: Loading 17_26.l2j...
[INFO ] 2022-01-17 11:02:48 GeoData: Loading 18_10.l2j...
[INFO ] 2022-01-17 11:02:48 GeoData: Loading 18_11.l2j...
[INFO ] 2022-01-17 11:02:48 GeoData: Loading 18_12.l2j...
[INFO ] 2022-01-17 11:02:48 GeoData: Loading 18_13.l2j...
[INFO ] 2022-01-17 11:02:48 GeoData: Loading 18_14.l2j...
[INFO ] 2022-01-17 11:02:48 GeoData: Loading 18_15.l2j...
[INFO ] 2022-01-17 11:02:48 GeoData: Loading 18_16.l2j...
[INFO ] 2022-01-17 11:02:48 GeoData: Loading 18_17.l2j...
[INFO ] 2022-01-17 11:02:48 GeoData: Loading 18_18.l2j...
[INFO ] 2022-01-17 11:02:48 GeoData: Loading 18_19.l2j...
[INFO ] 2022-01-17 11:02:48 GeoData: Loading 18_20.l2j...
[INFO ] 2022-01-17 11:02:48 GeoData: Loading 18_21.l2j...
[INFO ] 2022-01-17 11:02:48 GeoData: Loading 18_22.l2j...
[INFO ] 2022-01-17 11:02:48 GeoData: Loading 18_23.l2j...
[INFO ] 2022-01-17 11:02:48 GeoData: Loading 18_24.l2j...
[INFO ] 2022-01-17 11:02:48 GeoData: Loading 18_25.l2j...
[INFO ] 2022-01-17 11:02:48 GeoData: Loading 18_26.l2j...
[INFO ] 2022-01-17 11:02:48 GeoData: Loading 19_10.l2j...
[INFO ] 2022-01-17 11:02:48 GeoData: Loading 19_11.l2j...
[INFO ] 2022-01-17 11:02:48 GeoData: Loading 19_12.l2j...
[INFO ] 2022-01-17 11:02:48 GeoData: Loading 19_13.l2j...
[INFO ] 2022-01-17 11:02:48 GeoData: Loading 19_14.l2j...
[INFO ] 2022-01-17 11:02:48 GeoData: Loading 19_15.l2j...
[INFO ] 2022-01-17 11:02:48 GeoData: Loading 19_16.l2j...
[INFO ] 2022-01-17 11:02:48 GeoData: Loading 19_17.l2j...
[INFO ] 2022-01-17 11:02:48 GeoData: Loading 19_18.l2j...
[INFO ] 2022-01-17 11:02:48 GeoData: Loading 19_19.l2j...
[INFO ] 2022-01-17 11:02:48 GeoData: Loading 19_20.l2j...
[INFO ] 2022-01-17 11:02:48 GeoData: Loading 19_21.l2j...
[INFO ] 2022-01-17 11:02:48 GeoData: Loading 19_22.l2j...
[INFO ] 2022-01-17 11:02:48 GeoData: Loading 19_23.l2j...
[INFO ] 2022-01-17 11:02:48 GeoData: Loading 19_24.l2j...
[INFO ] 2022-01-17 11:02:48 GeoData: Loading 19_25.l2j...
[INFO ] 2022-01-17 11:02:48 GeoData: Loading 19_26.l2j...
[INFO ] 2022-01-17 11:02:48 GeoData: Loading 20_10.l2j...
[INFO ] 2022-01-17 11:02:48 GeoData: Loading 20_11.l2j...
[INFO ] 2022-01-17 11:02:48 GeoData: Loading 20_12.l2j...
[INFO ] 2022-01-17 11:02:48 GeoData: Loading 20_13.l2j...
[INFO ] 2022-01-17 11:02:48 GeoData: Loading 20_14.l2j...
[INFO ] 2022-01-17 11:02:48 GeoData: Loading 20_15.l2j...
[INFO ] 2022-01-17 11:02:48 GeoData: Loading 20_16.l2j...
[INFO ] 2022-01-17 11:02:48 GeoData: Loading 20_17.l2j...
[INFO ] 2022-01-17 11:02:48 GeoData: Loading 20_18.l2j...
[INFO ] 2022-01-17 11:02:48 GeoData: Loading 20_19.l2j...
[INFO ] 2022-01-17 11:02:48 GeoData: Loading 20_20.l2j...
[INFO ] 2022-01-17 11:02:48 GeoData: Loading 20_21.l2j...
[INFO ] 2022-01-17 11:02:48 GeoData: Loading 20_22.l2j...
[INFO ] 2022-01-17 11:02:48 GeoData: Loading 20_23.l2j...
[INFO ] 2022-01-17 11:02:48 GeoData: Loading 20_24.l2j...
[INFO ] 2022-01-17 11:02:48 GeoData: Loading 20_25.l2j...
[INFO ] 2022-01-17 11:02:48 GeoData: Loading 20_26.l2j...
[INFO ] 2022-01-17 11:02:48 GeoData: Loading 21_10.l2j...
[INFO ] 2022-01-17 11:02:48 GeoData: Loading 21_11.l2j...
[INFO ] 2022-01-17 11:02:48 GeoData: Loading 21_12.l2j...
[INFO ] 2022-01-17 11:02:48 GeoData: Loading 21_13.l2j...
[INFO ] 2022-01-17 11:02:48 GeoData: Loading 21_14.l2j...
[INFO ] 2022-01-17 11:02:48 GeoData: Loading 21_15.l2j...
[INFO ] 2022-01-17 11:02:48 GeoData: Loading 21_16.l2j...
[INFO ] 2022-01-17 11:02:48 GeoData: Loading 21_17.l2j...
[INFO ] 2022-01-17 11:02:48 GeoData: Loading 21_18.l2j...
[INFO ] 2022-01-17 11:02:48 GeoData: Loading 21_19.l2j...
[INFO ] 2022-01-17 11:02:48 GeoData: Loading 21_20.l2j...
[INFO ] 2022-01-17 11:02:48 GeoData: Loading 21_21.l2j...
[INFO ] 2022-01-17 11:02:48 GeoData: Loading 21_22.l2j...
[INFO ] 2022-01-17 11:02:48 GeoData: Loading 21_23.l2j...
[INFO ] 2022-01-17 11:02:48 GeoData: Loading 21_24.l2j...
[INFO ] 2022-01-17 11:02:48 GeoData: Loading 21_25.l2j...
[INFO ] 2022-01-17 11:02:48 GeoData: Loading 22_10.l2j...
[INFO ] 2022-01-17 11:02:48 GeoData: Loading 22_11.l2j...
[INFO ] 2022-01-17 11:02:48 GeoData: Loading 22_12.l2j...
[INFO ] 2022-01-17 11:02:48 GeoData: Loading 22_13.l2j...
[INFO ] 2022-01-17 11:02:48 GeoData: Loading 22_14.l2j...
[INFO ] 2022-01-17 11:02:49 GeoData: Loading 22_15.l2j...
[INFO ] 2022-01-17 11:02:49 GeoData: Loading 22_16.l2j...
[INFO ] 2022-01-17 11:02:49 GeoData: Loading 22_17.l2j...
[INFO ] 2022-01-17 11:02:49 GeoData: Loading 22_18.l2j...
[INFO ] 2022-01-17 11:02:49 GeoData: Loading 22_19.l2j...
[INFO ] 2022-01-17 11:02:49 GeoData: Loading 22_20.l2j...
[INFO ] 2022-01-17 11:02:49 GeoData: Loading 22_21.l2j...
[INFO ] 2022-01-17 11:02:49 GeoData: Loading 22_22.l2j...
[INFO ] 2022-01-17 11:02:49 GeoData: Loading 22_23.l2j...
[INFO ] 2022-01-17 11:02:49 GeoData: Loading 22_24.l2j...
[INFO ] 2022-01-17 11:02:49 GeoData: Loading 22_25.l2j...
[INFO ] 2022-01-17 11:02:49 GeoData: Loading 22_26.l2j...
[INFO ] 2022-01-17 11:02:49 GeoData: Loading 23_10.l2j...
[INFO ] 2022-01-17 11:02:49 GeoData: Loading 23_11.l2j...
[INFO ] 2022-01-17 11:02:49 GeoData: Loading 23_12.l2j...
[INFO ] 2022-01-17 11:02:49 GeoData: Loading 23_13.l2j...
[INFO ] 2022-01-17 11:02:49 GeoData: Loading 23_14.l2j...
[INFO ] 2022-01-17 11:02:49 GeoData: Loading 23_15.l2j...
[INFO ] 2022-01-17 11:02:49 GeoData: Loading 23_16.l2j...
[INFO ] 2022-01-17 11:02:49 GeoData: Loading 23_17.l2j...
[INFO ] 2022-01-17 11:02:49 GeoData: Loading 23_18.l2j...
[INFO ] 2022-01-17 11:02:49 GeoData: Loading 23_19.l2j...
[INFO ] 2022-01-17 11:02:49 GeoData: Loading 23_20.l2j...
[INFO ] 2022-01-17 11:02:49 GeoData: Loading 23_21.l2j...
[INFO ] 2022-01-17 11:02:49 GeoData: Loading 23_22.l2j...
[INFO ] 2022-01-17 11:02:49 GeoData: Loading 23_23.l2j...
[INFO ] 2022-01-17 11:02:49 GeoData: Loading 23_24.l2j...
[INFO ] 2022-01-17 11:02:49 GeoData: Loading 23_25.l2j...
[INFO ] 2022-01-17 11:02:49 GeoData: Loading 23_26.l2j...
[INFO ] 2022-01-17 11:02:49 GeoData: Loading 24_10.l2j...
[INFO ] 2022-01-17 11:02:49 GeoData: Loading 24_11.l2j...
[INFO ] 2022-01-17 11:02:49 GeoData: Loading 24_12.l2j...
[INFO ] 2022-01-17 11:02:49 GeoData: Loading 24_13.l2j...
[INFO ] 2022-01-17 11:02:49 GeoData: Loading 24_14.l2j...
[INFO ] 2022-01-17 11:02:49 GeoData: Loading 24_15.l2j...
[INFO ] 2022-01-17 11:02:49 GeoData: Loading 24_16.l2j...
[INFO ] 2022-01-17 11:02:49 GeoData: Loading 24_17.l2j...
[INFO ] 2022-01-17 11:02:49 GeoData: Loading 24_18.l2j...
[INFO ] 2022-01-17 11:02:49 GeoData: Loading 24_19.l2j...
[INFO ] 2022-01-17 11:02:49 GeoData: Loading 24_20.l2j...
[INFO ] 2022-01-17 11:02:49 GeoData: Loading 24_21.l2j...
[INFO ] 2022-01-17 11:02:49 GeoData: Loading 24_22.l2j...
[INFO ] 2022-01-17 11:02:49 GeoData: Loading 24_23.l2j...
[INFO ] 2022-01-17 11:02:49 GeoData: Loading 24_24.l2j...
[INFO ] 2022-01-17 11:02:49 GeoData: Loading 24_25.l2j...
[INFO ] 2022-01-17 11:02:49 GeoData: Loading 24_26.l2j...
[INFO ] 2022-01-17 11:02:49 GeoData: Loading 25_10.l2j...
[INFO ] 2022-01-17 11:02:49 GeoData: Loading 25_11.l2j...
[INFO ] 2022-01-17 11:02:49 GeoData: Loading 25_12.l2j...
[INFO ] 2022-01-17 11:02:49 GeoData: Loading 25_14.l2j...
[INFO ] 2022-01-17 11:02:49 GeoData: Loading 25_15.l2j...
[INFO ] 2022-01-17 11:02:49 GeoData: Loading 25_16.l2j...
[INFO ] 2022-01-17 11:02:49 GeoData: Loading 25_17.l2j...
[INFO ] 2022-01-17 11:02:49 GeoData: Loading 25_18.l2j...
[INFO ] 2022-01-17 11:02:49 GeoData: Loading 25_19.l2j...
[INFO ] 2022-01-17 11:02:49 GeoData: Loading 25_20.l2j...
[INFO ] 2022-01-17 11:02:49 GeoData: Loading 25_21.l2j...
[INFO ] 2022-01-17 11:02:49 GeoData: Loading 25_22.l2j...
[INFO ] 2022-01-17 11:02:49 GeoData: Loading 25_23.l2j...
[INFO ] 2022-01-17 11:02:49 GeoData: Loading 25_24.l2j...
[INFO ] 2022-01-17 11:02:49 GeoData: Loading 26_11.l2j...
[INFO ] 2022-01-17 11:02:49 GeoData: Loading 26_12.l2j...
[INFO ] 2022-01-17 11:02:49 GeoData: Loading 26_14.l2j...
[INFO ] 2022-01-17 11:02:49 GeoData: Loading 26_15.l2j...
[INFO ] 2022-01-17 11:02:49 GeoData: Loading 26_16.l2j...
[INFO ] 2022-01-17 11:02:49 GeoData: Loaded 203 regions.
[INFO ] 2022-01-17 11:02:49 GameServer: ----------------------------------------------------=[ NPCs ]
[INFO ] 2022-01-17 11:02:49 SkillLearnData: Loaded 256 skill learn data.
[INFO ] 2022-01-17 11:02:49 NpcData$MinionData: Loaded 128 minions data.
[INFO ] 2022-01-17 11:02:51 NpcData: Loaded 10461 NPCs.
[INFO ] 2022-01-17 11:02:51 NpcData: Loaded 14 custom NPCs.
[INFO ] 2022-01-17 11:02:51 WalkingManager: Loaded 127 walking routes.
[INFO ] 2022-01-17 11:02:52 StaticObjectData: Loaded 51 static object templates.
[INFO ] 2022-01-17 11:02:52 GrandBossManager: Queen Ant (29001) status is 0.
[INFO ] 2022-01-17 11:02:52 GrandBossManager: Core (29006) status is 0.
[INFO ] 2022-01-17 11:02:52 GrandBossManager: Orfen (29014) status is 0.
[INFO ] 2022-01-17 11:02:52 GrandBossManager: Baium (29020) status is 0.
[INFO ] 2022-01-17 11:02:52 GrandBossManager: Valakas (29028) status is 0.
[INFO ] 2022-01-17 11:02:52 GrandBossManager: Antharas (29068) status is 0.
[INFO ] 2022-01-17 11:02:52 GrandBossManager: Beleth (29118) status is 0.
[INFO ] 2022-01-17 11:02:52 GrandBossManager: Loaded 7 grand boss instances.
[INFO ] 2022-01-17 11:02:52 DoorData: Loaded 1301 door templates for 22 regions.
[INFO ] 2022-01-17 11:02:54 ZoneManager: Loaded 28 zone classes and 2794 zones.
[INFO ] 2022-01-17 11:02:54 ZoneManager: Loaded 0 NPC spawn territoriers.
[INFO ] 2022-01-17 11:02:54 CastleManager: Loaded 9 castles.
[INFO ] 2022-01-17 11:02:54 NpcBufferTable: Loaded 2 buffers and 64 skills.
[INFO ] 2022-01-17 11:02:54 GrandBossManager: Initialized 12 grand boss zones.
[INFO ] 2022-01-17 11:02:54 GameServer: -----------------------------------------=[ Auction Manager ]
[INFO ] 2022-01-17 11:02:54 ItemAuctionInstance: Loaded 82 item(s) and registered 3 auction(s) for NPC ID 32320.
[INFO ] 2022-01-17 11:02:54 ItemAuctionInstance: Schedule next auction ID 8 on 17:00:00 21.01.22 for NPC ID 32320.
[INFO ] 2022-01-17 11:02:54 ItemAuctionInstance: Loaded 82 item(s) and registered 2 auction(s) for NPC ID 32321.
[INFO ] 2022-01-17 11:02:54 ItemAuctionInstance: Schedule next auction ID 6 on 17:00:00 17.01.22 for NPC ID 32321.
[INFO ] 2022-01-17 11:02:54 ItemAuctionInstance: Loaded 82 item(s) and registered 3 auction(s) for NPC ID 32322.
[INFO ] 2022-01-17 11:02:54 ItemAuctionInstance: Schedule next auction ID 7 on 17:00:00 19.01.22 for NPC ID 32322.
[INFO ] 2022-01-17 11:02:54 ItemAuctionManager: Loaded 3 auction manager instance(s).
[INFO ] 2022-01-17 11:02:54 GameServer: ------------------------------------------------=[ Olympiad ]
[INFO ] 2022-01-17 11:02:54 Olympiad: Loading Olympiad System....
[INFO ] 2022-01-17 11:02:54 Olympiad: Currently in Olympiad Period
[INFO ] 2022-01-17 11:02:54 Olympiad: 21657 minutes until period ends
[INFO ] 2022-01-17 11:02:54 Olympiad: Next weekly change is in 1891 minutes
[INFO ] 2022-01-17 11:02:54 Olympiad: Loaded 0 Nobles
[INFO ] 2022-01-17 11:02:54 Olympiad: Competition Period Starts in 0 days, 6 hours and 58 mins.
[INFO ] 2022-01-17 11:02:54 Olympiad: Event starts/started : Mon Jan 17 18:00:54 ART 2022
[INFO ] 2022-01-17 11:02:54 Hero: Loaded 0 Heroes.
[INFO ] 2022-01-17 11:02:54 Hero: Loaded 0 all time Heroes.
[INFO ] 2022-01-17 11:02:54 GameServer: ---------------------------------------------=[ Seven Signs ]
[INFO ] 2022-01-17 11:02:54 SevenSigns: Currently in the Seal Validation period.
[INFO ] 2022-01-17 11:02:54 SevenSigns: The Seal of Avarice remains unclaimed.
[INFO ] 2022-01-17 11:02:54 SevenSigns: The Seal of Gnosis remains unclaimed.
[INFO ] 2022-01-17 11:02:54 SevenSigns: The Seal of Strife remains unclaimed.
[INFO ] 2022-01-17 11:02:54 SevenSigns: The competition ended with a tie last week.
[INFO ] 2022-01-17 11:02:54 SevenSigns: Next period change set to 2022-01-17T18:00:54.963-0300.
[INFO ] 2022-01-17 11:02:54 SevenSigns: Next period begins in 0 days, 6 hours and 57 mins.
[INFO ] 2022-01-17 11:02:54 GameServer: ---------------------------------------------------=[ Cache ]
[INFO ] 2022-01-17 11:02:54 HtmCache: Running lazy cache.
[INFO ] 2022-01-17 11:02:54 CrestTable: Loaded 1 crests.
[INFO ] 2022-01-17 11:02:54 TeleportLocationTable: Loaded 1220 teleport location templates.
[INFO ] 2022-01-17 11:02:54 UIData: Loaded 4 keys 5 categories.
[INFO ] 2022-01-17 11:02:55 AugmentationData: Loaded 33960 augmentations.
[INFO ] 2022-01-17 11:02:55 AugmentationData: Loaded 2754 accessory augmentations.
[INFO ] 2022-01-17 11:02:55 CursedWeaponsManager: Loaded 2 cursed weapon(s).
[INFO ] 2022-01-17 11:02:55 TransformData: Loaded 111 transform templates.
[INFO ] 2022-01-17 11:02:55 BotReportTable: Loaded 0 bot reports.
[INFO ] 2022-01-17 11:02:55 AirShipManager: Loaded 0 private airships.
[INFO ] 2022-01-17 11:02:55 GameServer: ------------------------------------------------=[ Handlers ]
[INFO ] 2022-01-17 11:02:57 MasterHandler: Loaded 8 Voiced Command Handler.
[INFO ] 2022-01-17 11:02:57 MasterHandler: Loaded 10 Action Handler.
[INFO ] 2022-01-17 11:02:57 MasterHandler: Loaded 6 Action Shift Handler.
[INFO ] 2022-01-17 11:02:57 MasterHandler: Loaded 447 Admin Command Handler.
[INFO ] 2022-01-17 11:02:57 MasterHandler: Loaded 48 Bypass Handler.
[INFO ] 2022-01-17 11:02:57 MasterHandler: Loaded 14 Chat Handler.
[INFO ] 2022-01-17 11:02:57 MasterHandler: Loaded 15 Community Board Handler.
[INFO ] 2022-01-17 11:02:57 MasterHandler: Loaded 31 Item Handler.
[INFO ] 2022-01-17 11:02:57 MasterHandler: Loaded 3 Punishment Handler.
[INFO ] 2022-01-17 11:02:57 MasterHandler: Loaded 17 User Command Handler.
[INFO ] 2022-01-17 11:02:57 MasterHandler: Loaded 20 Telnet Handler.
[INFO ] 2022-01-17 11:02:57 GameServer: ------------------------------------------------------=[ AI ]
[INFO ] 2022-01-17 11:02:59 NpcBuffersData: Loaded 33 buffers data.
[INFO ] 2022-01-17 11:02:59 HandysBlockCheckerEvent: Loaded Handy's Block Checker event.
[INFO ] 2022-01-17 11:03:00 AILoader: Loaded 179 AI scripts.
[INFO ] 2022-01-17 11:03:00 GameServer: -----------------------------------------------=[ Instances ]
[INFO ] 2022-01-17 11:03:01 InstanceLoader: Loaded 30 instnaces.
[INFO ] 2022-01-17 11:03:01 GameServer: --------------------------------------------------=[ Gracia ]
[INFO ] 2022-01-17 11:03:01 GraciaLoader: Loaded 28 Gracia scripts.
[INFO ] 2022-01-17 11:03:02 GameServer: -----------------------------------------------=[ Hellbound ]
[INFO ] 2022-01-17 11:03:02 HellboundPointData: Loaded 47 trust point reward data.
[INFO ] 2022-01-17 11:03:02 HellboundSpawns: Loaded 598 Hellbound spawns.
[INFO ] 2022-01-17 11:03:02 HellboundEngine: Level 0.
[INFO ] 2022-01-17 11:03:02 HellboundEngine: Trust 0.
[INFO ] 2022-01-17 11:03:02 HellboundEngine: Status locked.
[INFO ] 2022-01-17 11:03:02 RaidBossSpawnManager: Spawning raid bosses...
[INFO ] 2022-01-17 11:03:02 RaidBossSpawnManager: Loaded 187 bosses.
[INFO ] 2022-01-17 11:03:02 RaidBossSpawnManager: Scheduled 0 boss instances.
[INFO ] 2022-01-17 11:03:02 HellboundLoader: Loaded 34 Hellbound scripts.
[INFO ] 2022-01-17 11:03:02 GameServer: --------------------------------------------------=[ Quests ]
[INFO ] 2022-01-17 11:03:07 Q00350_EnhanceYourWeapon: Loaded 54 soul crystal data.
[INFO ] 2022-01-17 11:03:07 Q00350_EnhanceYourWeapon: Loaded 240 npc leveling data.
[INFO ] 2022-01-17 11:03:07 QuestLoader: Loaded 502 quests.
[INFO ] 2022-01-17 11:03:07 AbstractScript: TerritoryWarSuperClass: Siege date: Sun Jan 23 22:00:00 ART 2022
[INFO ] 2022-01-17 11:03:07 GameServer: -------------------------------------------------=[ Scripts ]
[INFO ] 2022-01-17 11:03:08 ClanHallSiegeEngine: Fortress of the Dead siege scheduled for 2022-01-18T12:00:00.617-0300.
[INFO ] 2022-01-17 11:03:08 DiscordBot: Discord Bot is Disabled.
[INFO ] 2022-01-17 11:03:08 ClanHallSiegeEngine: Beast Farm siege scheduled for 2022-01-18T12:00:00.616-0300.
[INFO ] 2022-01-17 11:03:08 ClanHallSiegeEngine: Rainbow Springs siege scheduled for 2022-01-18T12:00:00.615-0300.
[INFO ] 2022-01-17 11:03:08 TeleporterService: Disabled.
[INFO ] 2022-01-17 11:03:08 BufferService: Loading...
[INFO ] 2022-01-17 11:03:08 ClanHallSiegeEngine: Bandit Stronghold siege scheduled for 2022-01-18T12:00:00.613-0300.
[INFO ] 2022-01-17 11:03:08 ClanHallSiegeEngine: Devastated Castle siege scheduled for 2022-01-18T12:00:00.611-0300.
[INFO ] 2022-01-17 11:03:08 ClanHallSiegeEngine: Fortress of Resistance siege scheduled for 2022-01-18T12:00:00.431-0300.
[INFO ] 2022-01-17 11:03:17 SpawnTable: Loaded 3761 NPC spawns.
[WARN ] 2022-01-17 11:03:17 SpawnTable: Data missing in NPC table for ID 1000004!
[INFO ] 2022-01-17 11:03:17 SpawnTable: Loaded 8 custom NPC spawns.
[INFO ] 2022-01-17 11:03:17 SpawnTable: Loaded 1190 NPC spawns from XML.
[INFO ] 2022-01-17 11:03:17 DayNightSpawnManager: Removed 0 night creatures.
[INFO ] 2022-01-17 11:03:17 DayNightSpawnManager: Spawned 232 day creatures.
[INFO ] 2022-01-17 11:03:17 FourSepulchersManager: Loaded 20 Mysterious-Box spawns.
[INFO ] 2022-01-17 11:03:17 FourSepulchersManager: Loaded 716 Physical type monsters spawns.
[INFO ] 2022-01-17 11:03:18 FourSepulchersManager: Loaded 716 Magical monsters spawns.
[INFO ] 2022-01-17 11:03:18 FourSepulchersManager: Loaded 92 Church of duke monsters spawns.
[INFO ] 2022-01-17 11:03:18 FourSepulchersManager: Loaded 68 Emperor's Grave spawns.
[INFO ] 2022-01-17 11:03:18 FourSepulchersManager: Spawned Conquerors' Sepulcher Manager.
[INFO ] 2022-01-17 11:03:18 FourSepulchersManager: Spawned Emperors' Sepulcher Manager.
[INFO ] 2022-01-17 11:03:18 FourSepulchersManager: Spawned Great Sages' Sepulcher Manager.
[INFO ] 2022-01-17 11:03:18 FourSepulchersManager: Spawned Judges' Sepulcher Manager.
[INFO ] 2022-01-17 11:03:18 FourSepulchersManager: Beginning in attack time.
[INFO ] 2022-01-17 11:03:18 DimensionalRiftManager: Loaded 7 room types with 56 rooms.
[INFO ] 2022-01-17 11:03:18 DimensionalRiftManager: Loaded 462 Dimensional Rift spawns.
[INFO ] 2022-01-17 11:03:18 GameServer: ---------------------------------------------------=[ Siege ]
[INFO ] 2022-01-17 11:03:18 Siege: Siege of Gludio: 2022-01-23T16:00:00.576-0300.
[INFO ] 2022-01-17 11:03:18 Siege: Siege of Dion: 2022-01-23T16:00:00.642-0300.
[INFO ] 2022-01-17 11:03:18 Siege: Siege of Giran: 2022-01-23T16:00:00.653-0300.
[INFO ] 2022-01-17 11:03:18 Siege: Siege of Oren: 2022-01-23T16:00:00.657-0300.
[INFO ] 2022-01-17 11:03:18 Siege: Siege of Aden: 2022-01-23T16:00:00.691-0300.
[INFO ] 2022-01-17 11:03:18 Siege: Siege of Innadril: 2022-01-23T16:00:00.720-0300.
[INFO ] 2022-01-17 11:03:18 Siege: Siege of Goddard: 2022-01-23T16:00:00.719-0300.
[INFO ] 2022-01-17 11:03:18 Siege: Siege of Rune: 2022-01-23T16:00:00.720-0300.
[INFO ] 2022-01-17 11:03:18 Siege: Siege of Schuttgart: 2022-01-23T16:00:00.720-0300.
[INFO ] 2022-01-17 11:03:18 FortManager: Loaded 21 fortress.
[INFO ] 2022-01-17 11:03:18 SiegeScheduleData: Loaded 2 siege schedulers.
[INFO ] 2022-01-17 11:03:18 CastleManorManager: Loaded 258 seeds.
[INFO ] 2022-01-17 11:03:18 CastleManorManager: Manor data loaded.
[INFO ] 2022-01-17 11:03:18 MercTicketManager: Loaded 0 mercenary tickets.
[INFO ] 2022-01-17 11:03:18 AutoSpawnHandler: Loaded 129 handlers.
[INFO ] 2022-01-17 11:03:18 SevenSignsFestival: Initialization bypassed due to Seal Validation in effect.
[INFO ] 2022-01-17 11:03:18 FaenorEventParser: Event Id Valentines Event has passed... Ignored.
[INFO ] 2022-01-17 11:03:18 FaenorScriptEngine: Loaded Valentines.xml successfully.
[INFO ] 2022-01-17 11:03:18 CoupleManager: CoupleManager: Loaded: 0 couples(s)
[INFO ] 2022-01-17 11:03:18 TaskManager: Loaded 12 tasks.
[INFO ] 2022-01-17 11:03:18 MailManager: Successfully loaded 0 messages.
[INFO ] 2022-01-17 11:03:18 PunishmentManager: Loaded 1 active and 0 expired punishments.
[INFO ] 2022-01-17 11:03:18 GameServer: Free Object Ids remaining 1879002181.
[INFO ] 2022-01-17 11:03:18 TvTManager: Started.
[INFO ] 2022-01-17 11:03:19 GameServer: Started, free memory 365 Mb of 2048 Mb
[INFO ] 2022-01-17 11:03:19 LoginServerThread: Connecting to login server on 127.0.0.1:9014
[INFO ] 2022-01-17 11:03:19 LoginServerThread: Registered on login as Server 1: Bartz
[INFO ] 2022-01-17 11:03:19 GameServer: Now listening on *:7777
[INFO ] 2022-01-17 11:03:19 GameServer: ----------------------------------------------------=[ UPnP ]
[INFO ] 2022-01-17 11:03:19 UPnPService: Looking for UPnP Gateway Devices...
[INFO ] 2022-01-17 11:03:28 UPnPService: No UPnP gateways has been found.
[INFO ] 2022-01-17 11:03:28 GameServer: Telnet server is currently disabled.
[INFO ] 2022-01-17 11:03:28 GameServer: Maximum numbers of connected players 500.
[INFO ] 2022-01-17 11:03:28 GameServer: Server Bartz loaded in 60 seconds.
[INFO ] 2022-01-17 11:03:31 L2PcInstance: Master access level set for character Beto Risso [268497202].
[INFO ] 2022-01-17 11:11:38 GlobalVariablesManager: Stored 7 variables.
[INFO ] 2022-01-17 11:33:18 TaskSevenSignsUpdate: Data updated successfully.
[INFO ] 2022-01-17 11:41:38 GlobalVariablesManager: Stored 7 variables.
[INFO ] 2022-01-17 12:00:00 DayNightSpawnManager: Removed 232 day creatures.
[INFO ] 2022-01-17 12:00:00 DayNightSpawnManager: Spawned 553 night creatures.
[INFO ] 2022-01-17 12:03:18 TaskSevenSignsUpdate: Data updated successfully.
[INFO ] 2022-01-17 12:11:38 GlobalVariablesManager: Stored 7 variables.
[INFO ] 2022-01-17 12:33:18 TaskSevenSignsUpdate: Data updated successfully.
[INFO ] 2022-01-17 12:41:38 GlobalVariablesManager: Stored 7 variables.
[INFO ] 2022-01-17 13:00:00 DayNightSpawnManager: Removed 553 night creatures.
[INFO ] 2022-01-17 13:00:00 DayNightSpawnManager: Spawned 232 day creatures.
[INFO ] 2022-01-17 13:03:18 TaskSevenSignsUpdate: Data updated successfully.
[INFO ] 2022-01-17 13:11:38 GlobalVariablesManager: Stored 7 variables.
[INFO ] 2022-01-17 13:33:18 TaskSevenSignsUpdate: Data updated successfully.
[INFO ] 2022-01-17 13:41:38 GlobalVariablesManager: Stored 7 variables.
[INFO ] 2022-01-17 14:03:18 TaskSevenSignsUpdate: Data updated successfully.
[INFO ] 2022-01-17 14:11:38 GlobalVariablesManager: Stored 7 variables.
[INFO ] 2022-01-17 14:33:18 TaskSevenSignsUpdate: Data updated successfully.
[INFO ] 2022-01-17 14:41:38 GlobalVariablesManager: Stored 7 variables.
[INFO ] 2022-01-17 15:03:18 TaskSevenSignsUpdate: Data updated successfully.
[INFO ] 2022-01-17 15:03:18 TvTManager: Lack of registration, abort event.
[INFO ] 2022-01-17 15:11:38 GlobalVariablesManager: Stored 7 variables.
[INFO ] 2022-01-17 15:33:18 TaskSevenSignsUpdate: Data updated successfully.
[INFO ] 2022-01-17 15:41:38 GlobalVariablesManager: Stored 7 variables.
[INFO ] 2022-01-17 16:00:00 DayNightSpawnManager: Removed 232 day creatures.
[INFO ] 2022-01-17 16:00:00 DayNightSpawnManager: Spawned 553 night creatures.
[INFO ] 2022-01-17 16:03:18 TaskSevenSignsUpdate: Data updated successfully.
[INFO ] 2022-01-17 16:11:38 GlobalVariablesManager: Stored 7 variables.
[INFO ] 2022-01-17 16:33:18 TaskSevenSignsUpdate: Data updated successfully.
[INFO ] 2022-01-17 16:41:38 GlobalVariablesManager: Stored 7 variables.
[INFO ] 2022-01-17 16:59:59 ItemAuctionInstance$ScheduleAuctionTask: Auction ID 6 has started for NPC ID 32321.
[INFO ] 2022-01-17 16:59:59 ItemAuctionInstance: Schedule current auction ID 6 for NPC ID 32321.
[INFO ] 2022-01-17 17:00:00 DayNightSpawnManager: Removed 553 night creatures.
[INFO ] 2022-01-17 17:00:00 DayNightSpawnManager: Spawned 232 day creatures.
[INFO ] 2022-01-17 17:03:18 TaskSevenSignsUpdate: Data updated successfully.
[INFO ] 2022-01-17 17:11:38 GlobalVariablesManager: Stored 7 variables.
[INFO ] 2022-01-17 17:33:18 TaskSevenSignsUpdate: Data updated successfully.
[INFO ] 2022-01-17 17:41:38 GlobalVariablesManager: Stored 7 variables.
[INFO ] 2022-01-17 18:00:54 Olympiad: Olympiad Game Started
[INFO ] 2022-01-17 18:00:54 OlympiadGameManager: Loaded 160 stadiums.
[INFO ] 2022-01-17 18:00:54 SevenSignsFestival: Reinitialized engine for next competition period.
[INFO ] 2022-01-17 18:00:54 SevenSigns: The Quest Event Initialization period has begun!
[INFO ] 2022-01-17 18:00:54 SevenSigns: Next period change set to 2022-01-17T18:15:54.963-0300.
[INFO ] 2022-01-17 18:03:18 TaskSevenSignsUpdate: Data updated successfully.
[INFO ] 2022-01-17 18:11:38 GlobalVariablesManager: Stored 7 variables.
[INFO ] 2022-01-17 18:15:54 SevenSignsFestival: The first Festival of Darkness cycle begins in 2 minute(s).
[INFO ] 2022-01-17 18:15:54 SevenSigns: The Competition (Quest Event) period has begun!
[INFO ] 2022-01-17 18:15:54 SevenSigns: Next period change set to 2022-01-24T18:00:54.963-0300.
[INFO ] 2022-01-17 18:18:18 TaskOlympiadSave: Data updated.
[INFO ] 2022-01-17 18:33:18 TaskSevenSignsUpdate: Data updated successfully.
[INFO ] 2022-01-17 18:41:38 GlobalVariablesManager: Stored 7 variables.
[INFO ] 2022-01-17 18:48:18 TaskOlympiadSave: Data updated.
[INFO ] 2022-01-17 19:03:18 TaskSevenSignsUpdate: Data updated successfully.
[INFO ] 2022-01-17 19:11:38 GlobalVariablesManager: Stored 7 variables.
[INFO ] 2022-01-17 19:18:18 TaskOlympiadSave: Data updated.
[INFO ] 2022-01-17 19:33:18 TaskSevenSignsUpdate: Data updated successfully.
[INFO ] 2022-01-17 19:41:38 GlobalVariablesManager: Stored 7 variables.
[INFO ] 2022-01-17 19:48:18 TaskOlympiadSave: Data updated.
[INFO ] 2022-01-17 20:00:00 DayNightSpawnManager: Removed 232 day creatures.
[INFO ] 2022-01-17 20:00:00 DayNightSpawnManager: Spawned 553 night creatures.
[INFO ] 2022-01-17 20:03:18 TaskSevenSignsUpdate: Data updated successfully.
[INFO ] 2022-01-17 20:11:38 GlobalVariablesManager: Stored 7 variables.
[INFO ] 2022-01-17 20:18:18 TaskOlympiadSave: Data updated.
[INFO ] 2022-01-17 20:33:18 TaskSevenSignsUpdate: Data updated successfully.
[INFO ] 2022-01-17 20:41:38 GlobalVariablesManager: Stored 7 variables.
[INFO ] 2022-01-17 20:48:18 TaskOlympiadSave: Data updated.
[INFO ] 2022-01-17 21:00:00 DayNightSpawnManager: Removed 553 night creatures.
[INFO ] 2022-01-17 21:00:00 DayNightSpawnManager: Spawned 232 day creatures.
[INFO ] 2022-01-17 21:03:18 TaskSevenSignsUpdate: Data updated successfully.
[INFO ] 2022-01-17 21:03:18 TvTManager: Lack of registration, abort event.
[INFO ] 2022-01-17 21:11:38 GlobalVariablesManager: Stored 7 variables.
[INFO ] 2022-01-17 21:18:18 TaskOlympiadSave: Data updated.
[INFO ] 2022-01-17 21:20:07 L2PcInstance: Master access level set for character Beto Risso [268497202].
[INFO ] 2022-01-17 21:24:31 L2PcInstance: Master access level set for character Void [268481234].
[WARN ] 2022-01-17 21:29:08 Shutdown: GM: Void(268481234) issued shutdown command. restarting in 0 seconds!
[WARN ] 2022-01-17 21:29:08 Shutdown: GM shutdown countdown is over. restarting NOW!
[INFO ] 2022-01-17 21:29:08 Shutdown: UPnP Service: All ports mappings deleted (0ms).
