[INFO ] 2022-01-04 01:37:32 GameServer: ------------------------------------------------=[ Database ]
[INFO ] 2022-01-04 01:37:32 GameServer: -----------------------------------=[ Network Configuration ]
[INFO ] 2022-01-04 01:37:32 IPConfigData: Using automatic network configuration.
[INFO ] 2022-01-04 01:37:33 IPConfigData: Adding new subnet: 127.0.0.0/8 address: 127.0.0.1
[INFO ] 2022-01-04 01:37:33 IPConfigData: Adding new subnet: 192.168.45.0/24 address: 192.168.45.45
[INFO ] 2022-01-04 01:37:33 IPConfigData: Adding new subnet: 0.0.0.0/0 address: 168.205.94.22
[INFO ] 2022-01-04 01:37:33 HikariDataSource: HikariPool-1 - Starting...
[INFO ] 2022-01-04 01:37:33 HikariDataSource: HikariPool-1 - Start completed.
[INFO ] 2022-01-04 01:37:33 IdFactory: Updated characters online status.
[INFO ] 2022-01-04 01:37:33 IdFactory: Cleaned 0 elements from database in 0s.
[INFO ] 2022-01-04 01:37:33 IdFactory: Cleaned 0 expired timestamps from database.
[INFO ] 2022-01-04 01:37:33 BitSetIDFactory: 102912 Ids available.
[INFO ] 2022-01-04 01:37:33 GameServer: ---------------------------------------------------=[ World ]
[INFO ] 2022-01-04 01:37:33 InstanceManager: Multiverse Instance created.
[INFO ] 2022-01-04 01:37:33 InstanceManager: Universe Instance created.
[INFO ] 2022-01-04 01:37:33 InstanceManager: Loaded 160 instance names.
[INFO ] 2022-01-04 01:37:34 L2World: 128 by 136 world region grid set up.
[INFO ] 2022-01-04 01:37:34 MapRegionManager: Loaded 57 map regions.
[INFO ] 2022-01-04 01:37:34 GlobalVariablesManager: Loaded 7 variables.
[INFO ] 2022-01-04 01:37:34 GameServer: ----------------------------------------------------=[ Data ]
[INFO ] 2022-01-04 01:37:34 CategoryData: Loaded 124 Categories.
[INFO ] 2022-01-04 01:37:34 SecondaryAuthData: Loaded 328 forbidden passwords.
[INFO ] 2022-01-04 01:37:34 GameServer: -------------------------------------------------=[ Effects ]
[INFO ] 2022-01-04 01:37:37 EffectMasterHandler: Loaded 168 effect handlers.
[INFO ] 2022-01-04 01:37:37 GameServer: ------------------------------------=[ Enchant Skill Groups ]
[INFO ] 2022-01-04 01:37:37 EnchantSkillGroupsData: Loaded 4 groups and 90 routes.
[INFO ] 2022-01-04 01:37:37 GameServer: ---------------------------------------------=[ Skill Trees ]
[INFO ] 2022-01-04 01:37:38 SkillTreesData: Loaded 17176 Class Skills for 103 Class Skill Trees.
[INFO ] 2022-01-04 01:37:38 SkillTreesData: Loaded 76 Sub-Class Skills.
[INFO ] 2022-01-04 01:37:38 SkillTreesData: Loaded 77 Transfer Skills for 3 Transfer Skill Trees.
[INFO ] 2022-01-04 01:37:38 SkillTreesData: Loaded 117 Fishing Skills, 8 Dwarven only Fishing Skills.
[INFO ] 2022-01-04 01:37:38 SkillTreesData: Loaded 3 Collect Skills.
[INFO ] 2022-01-04 01:37:38 SkillTreesData: Loaded 74 Pledge Skills, 44 for Pledge and 30 Residential.
[INFO ] 2022-01-04 01:37:38 SkillTreesData: Loaded 18 Sub-Pledge Skills.
[INFO ] 2022-01-04 01:37:38 SkillTreesData: Loaded 32 Transform Skills.
[INFO ] 2022-01-04 01:37:38 SkillTreesData: Loaded 8 Noble Skills.
[INFO ] 2022-01-04 01:37:38 SkillTreesData: Loaded 5 Hero Skills.
[INFO ] 2022-01-04 01:37:38 SkillTreesData: Loaded 46 Game Master Skills.
[INFO ] 2022-01-04 01:37:38 SkillTreesData: Loaded 46 Game Master Aura Skills.
[INFO ] 2022-01-04 01:37:38 GameServer: --------------------------------------------------=[ Skills ]
[INFO ] 2022-01-04 01:37:49 DocumentEngine: Loaded 65973 skill templates from XML files.
[INFO ] 2022-01-04 01:37:49 SummonSkillsTable: Loaded 1891 summon skills.
[INFO ] 2022-01-04 01:37:49 GameServer: ---------------------------------------------------=[ Items ]
[INFO ] 2022-01-04 01:37:49 ItemTable: Highest item Id used 22567.
[INFO ] 2022-01-04 01:37:49 ItemTable: Loaded 11481 Etc items.
[INFO ] 2022-01-04 01:37:49 ItemTable: Loaded 3825 Armor items.
[INFO ] 2022-01-04 01:37:49 ItemTable: Loaded 3893 Weapon items.
[INFO ] 2022-01-04 01:37:49 ItemTable: Loaded 19199 items in total.
[INFO ] 2022-01-04 01:37:49 EnchantItemGroupsData: Loaded 4 item group templates.
[INFO ] 2022-01-04 01:37:49 EnchantItemGroupsData: Loaded 1 scroll group templates.
[INFO ] 2022-01-04 01:37:49 EnchantItemData: Loaded 63 enchant scrolls.
[INFO ] 2022-01-04 01:37:49 EnchantItemData: Loaded 20 support items.
[INFO ] 2022-01-04 01:37:49 EnchantItemOptionsData: Loaded 23 items and 1093 options.
[INFO ] 2022-01-04 01:37:50 OptionData: Loaded 24985 item options.
[INFO ] 2022-01-04 01:37:50 EnchantItemHPBonusData: Loaded 6 Enchant HP Bonuses.
[INFO ] 2022-01-04 01:37:50 MerchantPriceConfigTable: Loaded 28 merchant price configs.
[INFO ] 2022-01-04 01:37:51 BuyListData: Loaded 760 buy lists.
[INFO ] 2022-01-04 01:37:51 MultisellData: Loaded 192 multisell lists.
[INFO ] 2022-01-04 01:37:51 RecipeData: Loaded 1000 recipes.
[INFO ] 2022-01-04 01:37:52 ArmorSetsData: Loaded 204 armor sets.
[INFO ] 2022-01-04 01:37:52 FishData: Loaded 278 fish.
[INFO ] 2022-01-04 01:37:52 FishingMonstersData: Loaded 8 fishing monsters.
[INFO ] 2022-01-04 01:37:52 FishingRodsData: Loaded 6 fishing rods.
[INFO ] 2022-01-04 01:37:52 HennaData: Loaded 180 Henna data.
[INFO ] 2022-01-04 01:37:52 GameServer: ----------------------------------------------=[ Characters ]
[INFO ] 2022-01-04 01:37:52 ClassListData: Loaded 107 class data.
[INFO ] 2022-01-04 01:37:52 InitialEquipmentData: Loaded 11 initial equipment data.
[INFO ] 2022-01-04 01:37:52 InitialShortcutData: Loaded 5 initial dlobal shortcuts data.
[INFO ] 2022-01-04 01:37:52 InitialShortcutData: Loaded 4 initial shortcuts data.
[INFO ] 2022-01-04 01:37:52 InitialShortcutData: Loaded 0 macros presets.
[INFO ] 2022-01-04 01:37:52 KarmaData: Loaded 85 karma modifiers.
[INFO ] 2022-01-04 01:37:52 HitConditionBonusData: Loaded Hit Condition bonuses.
[INFO ] 2022-01-04 01:37:52 PlayerTemplateData: Loaded 103 character templates.
[INFO ] 2022-01-04 01:37:52 PlayerTemplateData: Loaded 52530 level up gain records.
[INFO ] 2022-01-04 01:37:52 PlayerCreationPointData: Loaded 62 character creation points.
[INFO ] 2022-01-04 01:37:52 CharNameTable: Loaded 1 char names.
[INFO ] 2022-01-04 01:37:52 AdminData: Loaded 10 access levels.
[INFO ] 2022-01-04 01:37:52 AdminData: Loaded 444 access commands.
[INFO ] 2022-01-04 01:37:52 RaidBossPointsManager: Loaded 0 characters raid points.
[INFO ] 2022-01-04 01:37:52 PetDataTable: Loaded 52 Pets.
[INFO ] 2022-01-04 01:37:52 GameServer: -----------------------------------------------------=[ BBS ]
[INFO ] 2022-01-04 01:37:52 ForumsBBSManager: Loaded 4 forums.
[INFO ] 2022-01-04 01:37:52 GameServer: ---------------------------------------------------=[ Clans ]
[INFO ] 2022-01-04 01:37:52 ClanTable: Restored 0 clans from the database.
[INFO ] 2022-01-04 01:37:52 AuctionManager: Loaded 38 auction(s).
[INFO ] 2022-01-04 01:37:52 ClanHallManager: Loaded 0 clan halls.
[INFO ] 2022-01-04 01:37:52 ClanHallManager: Loaded 38 free clan halls.
[INFO ] 2022-01-04 01:37:52 ClanHallSiegeManager: Loaded 6 conquerable clan halls.
[INFO ] 2022-01-04 01:37:52 GameServer: -------------------------------------------------=[ Geodata ]
[INFO ] 2022-01-04 01:37:52 GeoData: Loading 11_23.l2j...
[INFO ] 2022-01-04 01:37:52 GeoData: Loading 11_24.l2j...
[INFO ] 2022-01-04 01:37:52 GeoData: Loading 11_25.l2j...
[INFO ] 2022-01-04 01:37:52 GeoData: Loading 11_26.l2j...
[INFO ] 2022-01-04 01:37:52 GeoData: Loading 12_23.l2j...
[INFO ] 2022-01-04 01:37:52 GeoData: Loading 12_24.l2j...
[INFO ] 2022-01-04 01:37:52 GeoData: Loading 12_25.l2j...
[INFO ] 2022-01-04 01:37:52 GeoData: Loading 12_26.l2j...
[INFO ] 2022-01-04 01:37:52 GeoData: Loading 13_21.l2j...
[INFO ] 2022-01-04 01:37:52 GeoData: Loading 13_22.l2j...
[INFO ] 2022-01-04 01:37:52 GeoData: Loading 13_23.l2j...
[INFO ] 2022-01-04 01:37:52 GeoData: Loading 13_24.l2j...
[INFO ] 2022-01-04 01:37:52 GeoData: Loading 13_25.l2j...
[INFO ] 2022-01-04 01:37:52 GeoData: Loading 13_26.l2j...
[INFO ] 2022-01-04 01:37:52 GeoData: Loading 14_21.l2j...
[INFO ] 2022-01-04 01:37:52 GeoData: Loading 14_22.l2j...
[INFO ] 2022-01-04 01:37:52 GeoData: Loading 14_23.l2j...
[INFO ] 2022-01-04 01:37:52 GeoData: Loading 14_24.l2j...
[INFO ] 2022-01-04 01:37:52 GeoData: Loading 14_25.l2j...
[INFO ] 2022-01-04 01:37:53 GeoData: Loading 14_26.l2j...
[INFO ] 2022-01-04 01:37:53 GeoData: Loading 15_10.l2j...
[INFO ] 2022-01-04 01:37:53 GeoData: Loading 15_11.l2j...
[INFO ] 2022-01-04 01:37:53 GeoData: Loading 15_12.l2j...
[INFO ] 2022-01-04 01:37:53 GeoData: Loading 15_18.l2j...
[INFO ] 2022-01-04 01:37:53 GeoData: Loading 15_19.l2j...
[INFO ] 2022-01-04 01:37:53 GeoData: Loading 15_20.l2j...
[INFO ] 2022-01-04 01:37:53 GeoData: Loading 15_21.l2j...
[INFO ] 2022-01-04 01:37:53 GeoData: Loading 15_22.l2j...
[INFO ] 2022-01-04 01:37:53 GeoData: Loading 15_23.l2j...
[INFO ] 2022-01-04 01:37:53 GeoData: Loading 15_24.l2j...
[INFO ] 2022-01-04 01:37:53 GeoData: Loading 15_25.l2j...
[INFO ] 2022-01-04 01:37:53 GeoData: Loading 15_26.l2j...
[INFO ] 2022-01-04 01:37:53 GeoData: Loading 16_10.l2j...
[INFO ] 2022-01-04 01:37:53 GeoData: Loading 16_11.l2j...
[INFO ] 2022-01-04 01:37:53 GeoData: Loading 16_12.l2j...
[INFO ] 2022-01-04 01:37:53 GeoData: Loading 16_13.l2j...
[INFO ] 2022-01-04 01:37:53 GeoData: Loading 16_14.l2j...
[INFO ] 2022-01-04 01:37:53 GeoData: Loading 16_15.l2j...
[INFO ] 2022-01-04 01:37:53 GeoData: Loading 16_16.l2j...
[INFO ] 2022-01-04 01:37:53 GeoData: Loading 16_17.l2j...
[INFO ] 2022-01-04 01:37:53 GeoData: Loading 16_18.l2j...
[INFO ] 2022-01-04 01:37:53 GeoData: Loading 16_19.l2j...
[INFO ] 2022-01-04 01:37:53 GeoData: Loading 16_20.l2j...
[INFO ] 2022-01-04 01:37:53 GeoData: Loading 16_21.l2j...
[INFO ] 2022-01-04 01:37:53 GeoData: Loading 16_22.l2j...
[INFO ] 2022-01-04 01:37:53 GeoData: Loading 16_23.l2j...
[INFO ] 2022-01-04 01:37:53 GeoData: Loading 16_24.l2j...
[INFO ] 2022-01-04 01:37:53 GeoData: Loading 16_25.l2j...
[INFO ] 2022-01-04 01:37:53 GeoData: Loading 16_26.l2j...
[INFO ] 2022-01-04 01:37:53 GeoData: Loading 17_10.l2j...
[INFO ] 2022-01-04 01:37:53 GeoData: Loading 17_11.l2j...
[INFO ] 2022-01-04 01:37:53 GeoData: Loading 17_12.l2j...
[INFO ] 2022-01-04 01:37:53 GeoData: Loading 17_13.l2j...
[INFO ] 2022-01-04 01:37:53 GeoData: Loading 17_14.l2j...
[INFO ] 2022-01-04 01:37:53 GeoData: Loading 17_15.l2j...
[INFO ] 2022-01-04 01:37:53 GeoData: Loading 17_16.l2j...
[INFO ] 2022-01-04 01:37:53 GeoData: Loading 17_17.l2j...
[INFO ] 2022-01-04 01:37:53 GeoData: Loading 17_18.l2j...
[INFO ] 2022-01-04 01:37:53 GeoData: Loading 17_19.l2j...
[INFO ] 2022-01-04 01:37:53 GeoData: Loading 17_20.l2j...
[INFO ] 2022-01-04 01:37:53 GeoData: Loading 17_21.l2j...
[INFO ] 2022-01-04 01:37:53 GeoData: Loading 17_22.l2j...
[INFO ] 2022-01-04 01:37:53 GeoData: Loading 17_23.l2j...
[INFO ] 2022-01-04 01:37:53 GeoData: Loading 17_24.l2j...
[INFO ] 2022-01-04 01:37:53 GeoData: Loading 17_25.l2j...
[INFO ] 2022-01-04 01:37:53 GeoData: Loading 17_26.l2j...
[INFO ] 2022-01-04 01:37:53 GeoData: Loading 18_10.l2j...
[INFO ] 2022-01-04 01:37:53 GeoData: Loading 18_11.l2j...
[INFO ] 2022-01-04 01:37:53 GeoData: Loading 18_12.l2j...
[INFO ] 2022-01-04 01:37:53 GeoData: Loading 18_13.l2j...
[INFO ] 2022-01-04 01:37:53 GeoData: Loading 18_14.l2j...
[INFO ] 2022-01-04 01:37:53 GeoData: Loading 18_15.l2j...
[INFO ] 2022-01-04 01:37:53 GeoData: Loading 18_16.l2j...
[INFO ] 2022-01-04 01:37:53 GeoData: Loading 18_17.l2j...
[INFO ] 2022-01-04 01:37:53 GeoData: Loading 18_18.l2j...
[INFO ] 2022-01-04 01:37:53 GeoData: Loading 18_19.l2j...
[INFO ] 2022-01-04 01:37:53 GeoData: Loading 18_20.l2j...
[INFO ] 2022-01-04 01:37:53 GeoData: Loading 18_21.l2j...
[INFO ] 2022-01-04 01:37:53 GeoData: Loading 18_22.l2j...
[INFO ] 2022-01-04 01:37:53 GeoData: Loading 18_23.l2j...
[INFO ] 2022-01-04 01:37:53 GeoData: Loading 18_24.l2j...
[INFO ] 2022-01-04 01:37:53 GeoData: Loading 18_25.l2j...
[INFO ] 2022-01-04 01:37:53 GeoData: Loading 18_26.l2j...
[INFO ] 2022-01-04 01:37:53 GeoData: Loading 19_10.l2j...
[INFO ] 2022-01-04 01:37:53 GeoData: Loading 19_11.l2j...
[INFO ] 2022-01-04 01:37:53 GeoData: Loading 19_12.l2j...
[INFO ] 2022-01-04 01:37:53 GeoData: Loading 19_13.l2j...
[INFO ] 2022-01-04 01:37:53 GeoData: Loading 19_14.l2j...
[INFO ] 2022-01-04 01:37:53 GeoData: Loading 19_15.l2j...
[INFO ] 2022-01-04 01:37:53 GeoData: Loading 19_16.l2j...
[INFO ] 2022-01-04 01:37:53 GeoData: Loading 19_17.l2j...
[INFO ] 2022-01-04 01:37:53 GeoData: Loading 19_18.l2j...
[INFO ] 2022-01-04 01:37:53 GeoData: Loading 19_19.l2j...
[INFO ] 2022-01-04 01:37:53 GeoData: Loading 19_20.l2j...
[INFO ] 2022-01-04 01:37:53 GeoData: Loading 19_21.l2j...
[INFO ] 2022-01-04 01:37:53 GeoData: Loading 19_22.l2j...
[INFO ] 2022-01-04 01:37:53 GeoData: Loading 19_23.l2j...
[INFO ] 2022-01-04 01:37:53 GeoData: Loading 19_24.l2j...
[INFO ] 2022-01-04 01:37:53 GeoData: Loading 19_25.l2j...
[INFO ] 2022-01-04 01:37:53 GeoData: Loading 19_26.l2j...
[INFO ] 2022-01-04 01:37:53 GeoData: Loading 20_10.l2j...
[INFO ] 2022-01-04 01:37:53 GeoData: Loading 20_11.l2j...
[INFO ] 2022-01-04 01:37:53 GeoData: Loading 20_12.l2j...
[INFO ] 2022-01-04 01:37:53 GeoData: Loading 20_13.l2j...
[INFO ] 2022-01-04 01:37:53 GeoData: Loading 20_14.l2j...
[INFO ] 2022-01-04 01:37:53 GeoData: Loading 20_15.l2j...
[INFO ] 2022-01-04 01:37:53 GeoData: Loading 20_16.l2j...
[INFO ] 2022-01-04 01:37:53 GeoData: Loading 20_17.l2j...
[INFO ] 2022-01-04 01:37:53 GeoData: Loading 20_18.l2j...
[INFO ] 2022-01-04 01:37:53 GeoData: Loading 20_19.l2j...
[INFO ] 2022-01-04 01:37:53 GeoData: Loading 20_20.l2j...
[INFO ] 2022-01-04 01:37:53 GeoData: Loading 20_21.l2j...
[INFO ] 2022-01-04 01:37:53 GeoData: Loading 20_22.l2j...
[INFO ] 2022-01-04 01:37:53 GeoData: Loading 20_23.l2j...
[INFO ] 2022-01-04 01:37:53 GeoData: Loading 20_24.l2j...
[INFO ] 2022-01-04 01:37:53 GeoData: Loading 20_25.l2j...
[INFO ] 2022-01-04 01:37:54 GeoData: Loading 20_26.l2j...
[INFO ] 2022-01-04 01:37:54 GeoData: Loading 21_10.l2j...
[INFO ] 2022-01-04 01:37:54 GeoData: Loading 21_11.l2j...
[INFO ] 2022-01-04 01:37:54 GeoData: Loading 21_12.l2j...
[INFO ] 2022-01-04 01:37:54 GeoData: Loading 21_13.l2j...
[INFO ] 2022-01-04 01:37:54 GeoData: Loading 21_14.l2j...
[INFO ] 2022-01-04 01:37:54 GeoData: Loading 21_15.l2j...
[INFO ] 2022-01-04 01:37:54 GeoData: Loading 21_16.l2j...
[INFO ] 2022-01-04 01:37:54 GeoData: Loading 21_17.l2j...
[INFO ] 2022-01-04 01:37:54 GeoData: Loading 21_18.l2j...
[INFO ] 2022-01-04 01:37:54 GeoData: Loading 21_19.l2j...
[INFO ] 2022-01-04 01:37:54 GeoData: Loading 21_20.l2j...
[INFO ] 2022-01-04 01:37:54 GeoData: Loading 21_21.l2j...
[INFO ] 2022-01-04 01:37:54 GeoData: Loading 21_22.l2j...
[INFO ] 2022-01-04 01:37:54 GeoData: Loading 21_23.l2j...
[INFO ] 2022-01-04 01:37:54 GeoData: Loading 21_24.l2j...
[INFO ] 2022-01-04 01:37:54 GeoData: Loading 21_25.l2j...
[INFO ] 2022-01-04 01:37:54 GeoData: Loading 22_10.l2j...
[INFO ] 2022-01-04 01:37:54 GeoData: Loading 22_11.l2j...
[INFO ] 2022-01-04 01:37:54 GeoData: Loading 22_12.l2j...
[INFO ] 2022-01-04 01:37:54 GeoData: Loading 22_13.l2j...
[INFO ] 2022-01-04 01:37:54 GeoData: Loading 22_14.l2j...
[INFO ] 2022-01-04 01:37:54 GeoData: Loading 22_15.l2j...
[INFO ] 2022-01-04 01:37:54 GeoData: Loading 22_16.l2j...
[INFO ] 2022-01-04 01:37:54 GeoData: Loading 22_17.l2j...
[INFO ] 2022-01-04 01:37:54 GeoData: Loading 22_18.l2j...
[INFO ] 2022-01-04 01:37:54 GeoData: Loading 22_19.l2j...
[INFO ] 2022-01-04 01:37:54 GeoData: Loading 22_20.l2j...
[INFO ] 2022-01-04 01:37:54 GeoData: Loading 22_21.l2j...
[INFO ] 2022-01-04 01:37:54 GeoData: Loading 22_22.l2j...
[INFO ] 2022-01-04 01:37:54 GeoData: Loading 22_23.l2j...
[INFO ] 2022-01-04 01:37:54 GeoData: Loading 22_24.l2j...
[INFO ] 2022-01-04 01:37:54 GeoData: Loading 22_25.l2j...
[INFO ] 2022-01-04 01:37:54 GeoData: Loading 22_26.l2j...
[INFO ] 2022-01-04 01:37:54 GeoData: Loading 23_10.l2j...
[INFO ] 2022-01-04 01:37:54 GeoData: Loading 23_11.l2j...
[INFO ] 2022-01-04 01:37:54 GeoData: Loading 23_12.l2j...
[INFO ] 2022-01-04 01:37:54 GeoData: Loading 23_13.l2j...
[INFO ] 2022-01-04 01:37:54 GeoData: Loading 23_14.l2j...
[INFO ] 2022-01-04 01:37:54 GeoData: Loading 23_15.l2j...
[INFO ] 2022-01-04 01:37:54 GeoData: Loading 23_16.l2j...
[INFO ] 2022-01-04 01:37:54 GeoData: Loading 23_17.l2j...
[INFO ] 2022-01-04 01:37:54 GeoData: Loading 23_18.l2j...
[INFO ] 2022-01-04 01:37:54 GeoData: Loading 23_19.l2j...
[INFO ] 2022-01-04 01:37:54 GeoData: Loading 23_20.l2j...
[INFO ] 2022-01-04 01:37:54 GeoData: Loading 23_21.l2j...
[INFO ] 2022-01-04 01:37:54 GeoData: Loading 23_22.l2j...
[INFO ] 2022-01-04 01:37:54 GeoData: Loading 23_23.l2j...
[INFO ] 2022-01-04 01:37:54 GeoData: Loading 23_24.l2j...
[INFO ] 2022-01-04 01:37:54 GeoData: Loading 23_25.l2j...
[INFO ] 2022-01-04 01:37:54 GeoData: Loading 23_26.l2j...
[INFO ] 2022-01-04 01:37:54 GeoData: Loading 24_10.l2j...
[INFO ] 2022-01-04 01:37:54 GeoData: Loading 24_11.l2j...
[INFO ] 2022-01-04 01:37:54 GeoData: Loading 24_12.l2j...
[INFO ] 2022-01-04 01:37:54 GeoData: Loading 24_13.l2j...
[INFO ] 2022-01-04 01:37:54 GeoData: Loading 24_14.l2j...
[INFO ] 2022-01-04 01:37:54 GeoData: Loading 24_15.l2j...
[INFO ] 2022-01-04 01:37:54 GeoData: Loading 24_16.l2j...
[INFO ] 2022-01-04 01:37:54 GeoData: Loading 24_17.l2j...
[INFO ] 2022-01-04 01:37:55 GeoData: Loading 24_18.l2j...
[INFO ] 2022-01-04 01:37:55 GeoData: Loading 24_19.l2j...
[INFO ] 2022-01-04 01:37:55 GeoData: Loading 24_20.l2j...
[INFO ] 2022-01-04 01:37:55 GeoData: Loading 24_21.l2j...
[INFO ] 2022-01-04 01:37:55 GeoData: Loading 24_22.l2j...
[INFO ] 2022-01-04 01:37:55 GeoData: Loading 24_23.l2j...
[INFO ] 2022-01-04 01:37:55 GeoData: Loading 24_24.l2j...
[INFO ] 2022-01-04 01:37:55 GeoData: Loading 24_25.l2j...
[INFO ] 2022-01-04 01:37:55 GeoData: Loading 24_26.l2j...
[INFO ] 2022-01-04 01:37:55 GeoData: Loading 25_10.l2j...
[INFO ] 2022-01-04 01:37:55 GeoData: Loading 25_11.l2j...
[INFO ] 2022-01-04 01:37:55 GeoData: Loading 25_12.l2j...
[INFO ] 2022-01-04 01:37:55 GeoData: Loading 25_14.l2j...
[INFO ] 2022-01-04 01:37:55 GeoData: Loading 25_15.l2j...
[INFO ] 2022-01-04 01:37:55 GeoData: Loading 25_16.l2j...
[INFO ] 2022-01-04 01:37:55 GeoData: Loading 25_17.l2j...
[INFO ] 2022-01-04 01:37:55 GeoData: Loading 25_18.l2j...
[INFO ] 2022-01-04 01:37:55 GeoData: Loading 25_19.l2j...
[INFO ] 2022-01-04 01:37:55 GeoData: Loading 25_20.l2j...
[INFO ] 2022-01-04 01:37:55 GeoData: Loading 25_21.l2j...
[INFO ] 2022-01-04 01:37:55 GeoData: Loading 25_22.l2j...
[INFO ] 2022-01-04 01:37:55 GeoData: Loading 25_23.l2j...
[INFO ] 2022-01-04 01:37:55 GeoData: Loading 25_24.l2j...
[INFO ] 2022-01-04 01:37:55 GeoData: Loading 26_11.l2j...
[INFO ] 2022-01-04 01:37:55 GeoData: Loading 26_12.l2j...
[INFO ] 2022-01-04 01:37:55 GeoData: Loading 26_14.l2j...
[INFO ] 2022-01-04 01:37:55 GeoData: Loading 26_15.l2j...
[INFO ] 2022-01-04 01:37:55 GeoData: Loading 26_16.l2j...
[INFO ] 2022-01-04 01:37:55 GeoData: Loaded 203 regions.
[INFO ] 2022-01-04 01:37:55 GameServer: ----------------------------------------------------=[ NPCs ]
[INFO ] 2022-01-04 01:37:55 SkillLearnData: Loaded 256 skill learn data.
[INFO ] 2022-01-04 01:37:55 NpcData$MinionData: Loaded 128 minions data.
[INFO ] 2022-01-04 01:37:57 NpcData: Loaded 10461 NPCs.
[INFO ] 2022-01-04 01:37:58 WalkingManager: Loaded 127 walking routes.
[INFO ] 2022-01-04 01:37:58 StaticObjectData: Loaded 51 static object templates.
[INFO ] 2022-01-04 01:37:58 GrandBossManager: Queen Ant (29001) status is 0.
[INFO ] 2022-01-04 01:37:58 GrandBossManager: Core (29006) status is 0.
[INFO ] 2022-01-04 01:37:58 GrandBossManager: Orfen (29014) status is 0.
[INFO ] 2022-01-04 01:37:58 GrandBossManager: Baium (29020) status is 0.
[INFO ] 2022-01-04 01:37:58 GrandBossManager: Valakas (29028) status is 0.
[INFO ] 2022-01-04 01:37:58 GrandBossManager: Antharas (29068) status is 0.
[INFO ] 2022-01-04 01:37:58 GrandBossManager: Beleth (29118) status is 0.
[INFO ] 2022-01-04 01:37:58 GrandBossManager: Loaded 7 grand boss instances.
[INFO ] 2022-01-04 01:37:59 DoorData: Loaded 1301 door templates for 22 regions.
[INFO ] 2022-01-04 01:38:00 ZoneManager: Loaded 28 zone classes and 2794 zones.
[INFO ] 2022-01-04 01:38:01 ZoneManager: Loaded 0 NPC spawn territoriers.
[INFO ] 2022-01-04 01:38:01 CastleManager: Loaded 9 castles.
[INFO ] 2022-01-04 01:38:01 NpcBufferTable: Loaded 1 buffers and 10 skills.
[INFO ] 2022-01-04 01:38:01 GrandBossManager: Initialized 12 grand boss zones.
[INFO ] 2022-01-04 01:38:01 GameServer: -----------------------------------------=[ Auction Manager ]
[INFO ] 2022-01-04 01:38:01 ItemAuctionInstance: Loaded 82 item(s) and registered 1 auction(s) for NPC ID 32320.
[INFO ] 2022-01-04 01:38:01 ItemAuctionInstance: Schedule next auction ID 1 on 17:00:00 07.01.22 for NPC ID 32320.
[INFO ] 2022-01-04 01:38:01 ItemAuctionInstance: Loaded 82 item(s) and registered 1 auction(s) for NPC ID 32321.
[INFO ] 2022-01-04 01:38:01 ItemAuctionInstance: Schedule next auction ID 2 on 17:00:00 10.01.22 for NPC ID 32321.
[INFO ] 2022-01-04 01:38:01 ItemAuctionInstance: Loaded 82 item(s) and registered 1 auction(s) for NPC ID 32322.
[INFO ] 2022-01-04 01:38:01 ItemAuctionInstance: Schedule next auction ID 3 on 17:00:00 05.01.22 for NPC ID 32322.
[INFO ] 2022-01-04 01:38:01 ItemAuctionManager: Loaded 3 auction manager instance(s).
[INFO ] 2022-01-04 01:38:01 GameServer: ------------------------------------------------=[ Olympiad ]
[INFO ] 2022-01-04 01:38:01 Olympiad: Loading Olympiad System....
[INFO ] 2022-01-04 01:38:01 Olympiad: Currently in Olympiad Period
[INFO ] 2022-01-04 01:38:01 Olympiad: 40941 minutes until period ends
[INFO ] 2022-01-04 01:38:01 Olympiad: Next weekly change is in 10040 minutes
[INFO ] 2022-01-04 01:38:01 Olympiad: Loaded 0 Nobles
[INFO ] 2022-01-04 01:38:01 Olympiad: Competition Period Starts in 0 days, 16 hours and 21 mins.
[INFO ] 2022-01-04 01:38:01 Olympiad: Event starts/started : Tue Jan 04 18:00:01 ART 2022
[INFO ] 2022-01-04 01:38:01 Hero: Loaded 0 Heroes.
[INFO ] 2022-01-04 01:38:01 Hero: Loaded 0 all time Heroes.
[INFO ] 2022-01-04 01:38:01 GameServer: ---------------------------------------------=[ Seven Signs ]
[INFO ] 2022-01-04 01:38:01 SevenSigns: Currently in the Competition (Quest Event) period.
[INFO ] 2022-01-04 01:38:01 SevenSigns: The Seal of Avarice remains unclaimed.
[INFO ] 2022-01-04 01:38:01 SevenSigns: The Seal of Gnosis remains unclaimed.
[INFO ] 2022-01-04 01:38:01 SevenSigns: The Seal of Strife remains unclaimed.
[INFO ] 2022-01-04 01:38:01 SevenSigns: The competition, if the current trend continues, will end in a tie this week.
[INFO ] 2022-01-04 01:38:01 SevenSigns: Next period change set to 2022-01-10T18:00:01.196-0300.
[INFO ] 2022-01-04 01:38:01 SevenSigns: Next period begins in 6 days, 16 hours and 21 mins.
[INFO ] 2022-01-04 01:38:01 GameServer: ---------------------------------------------------=[ Cache ]
[INFO ] 2022-01-04 01:38:01 HtmCache: Running lazy cache.
[INFO ] 2022-01-04 01:38:01 CrestTable: Loaded 0 crests.
[INFO ] 2022-01-04 01:38:01 TeleportLocationTable: Loaded 957 teleport location templates.
[INFO ] 2022-01-04 01:38:01 UIData: Loaded 4 keys 5 categories.
[INFO ] 2022-01-04 01:38:01 AugmentationData: Loaded 33960 augmentations.
[INFO ] 2022-01-04 01:38:01 AugmentationData: Loaded 2754 accessory augmentations.
[INFO ] 2022-01-04 01:38:01 CursedWeaponsManager: Loaded 2 cursed weapon(s).
[INFO ] 2022-01-04 01:38:01 TransformData: Loaded 111 transform templates.
[INFO ] 2022-01-04 01:38:01 BotReportTable: Loaded 0 bot reports.
[INFO ] 2022-01-04 01:38:01 AirShipManager: Loaded 0 private airships.
[INFO ] 2022-01-04 01:38:01 GameServer: ------------------------------------------------=[ Handlers ]
[INFO ] 2022-01-04 01:38:03 MasterHandler: Loaded 5 Voiced Command Handler.
[INFO ] 2022-01-04 01:38:04 MasterHandler: Loaded 10 Action Handler.
[INFO ] 2022-01-04 01:38:04 MasterHandler: Loaded 6 Action Shift Handler.
[INFO ] 2022-01-04 01:38:04 MasterHandler: Loaded 447 Admin Command Handler.
[INFO ] 2022-01-04 01:38:04 MasterHandler: Loaded 48 Bypass Handler.
[INFO ] 2022-01-04 01:38:04 MasterHandler: Loaded 14 Chat Handler.
[INFO ] 2022-01-04 01:38:04 MasterHandler: Loaded 15 Community Board Handler.
[INFO ] 2022-01-04 01:38:04 MasterHandler: Loaded 31 Item Handler.
[INFO ] 2022-01-04 01:38:04 MasterHandler: Loaded 3 Punishment Handler.
[INFO ] 2022-01-04 01:38:04 MasterHandler: Loaded 17 User Command Handler.
[INFO ] 2022-01-04 01:38:04 MasterHandler: Loaded 20 Telnet Handler.
[INFO ] 2022-01-04 01:38:04 GameServer: ------------------------------------------------------=[ AI ]
[INFO ] 2022-01-04 01:38:07 NpcBuffersData: Loaded 33 buffers data.
[INFO ] 2022-01-04 01:38:07 HandysBlockCheckerEvent: Loaded Handy's Block Checker event.
[INFO ] 2022-01-04 01:38:07 AILoader: Loaded 179 AI scripts.
[INFO ] 2022-01-04 01:38:07 GameServer: -----------------------------------------------=[ Instances ]
[INFO ] 2022-01-04 01:38:08 InstanceLoader: Loaded 30 instnaces.
[INFO ] 2022-01-04 01:38:08 GameServer: --------------------------------------------------=[ Gracia ]
[INFO ] 2022-01-04 01:38:09 GraciaLoader: Loaded 28 Gracia scripts.
[INFO ] 2022-01-04 01:38:09 GameServer: -----------------------------------------------=[ Hellbound ]
[INFO ] 2022-01-04 01:38:09 HellboundPointData: Loaded 47 trust point reward data.
[INFO ] 2022-01-04 01:38:10 HellboundSpawns: Loaded 598 Hellbound spawns.
[INFO ] 2022-01-04 01:38:10 HellboundEngine: Level 0.
[INFO ] 2022-01-04 01:38:10 HellboundEngine: Trust 0.
[INFO ] 2022-01-04 01:38:10 HellboundEngine: Status locked.
[INFO ] 2022-01-04 01:38:10 RaidBossSpawnManager: Spawning raid bosses...
[INFO ] 2022-01-04 01:38:10 RaidBossSpawnManager: Loaded 187 bosses.
[INFO ] 2022-01-04 01:38:10 RaidBossSpawnManager: Scheduled 0 boss instances.
[INFO ] 2022-01-04 01:38:10 HellboundLoader: Loaded 34 Hellbound scripts.
[INFO ] 2022-01-04 01:38:10 GameServer: --------------------------------------------------=[ Quests ]
[INFO ] 2022-01-04 01:38:14 Q00350_EnhanceYourWeapon: Loaded 54 soul crystal data.
[INFO ] 2022-01-04 01:38:14 Q00350_EnhanceYourWeapon: Loaded 240 npc leveling data.
[INFO ] 2022-01-04 01:38:14 QuestLoader: Loaded 502 quests.
[INFO ] 2022-01-04 01:38:14 AbstractScript: TerritoryWarSuperClass: Siege date: Sun Jan 09 22:00:00 ART 2022
[INFO ] 2022-01-04 01:38:14 GameServer: -------------------------------------------------=[ Scripts ]
[INFO ] 2022-01-04 01:38:15 ClanHallSiegeEngine: Fortress of the Dead siege scheduled for 2022-01-18T12:00:00.617-0300.
[INFO ] 2022-01-04 01:38:15 DiscordBot: Discord Bot is Disabled.
[INFO ] 2022-01-04 01:38:15 ClanHallSiegeEngine: Beast Farm siege scheduled for 2022-01-18T12:00:00.616-0300.
[INFO ] 2022-01-04 01:38:15 ClanHallSiegeEngine: Rainbow Springs siege scheduled for 2022-01-18T12:00:00.615-0300.
[INFO ] 2022-01-04 01:38:15 TeleporterService: Disabled.
[INFO ] 2022-01-04 01:38:15 BufferService: Disabled.
[INFO ] 2022-01-04 01:38:15 ClanHallSiegeEngine: Bandit Stronghold siege scheduled for 2022-01-18T12:00:00.613-0300.
[INFO ] 2022-01-04 01:38:15 ClanHallSiegeEngine: Devastated Castle siege scheduled for 2022-01-18T12:00:00.611-0300.
[INFO ] 2022-01-04 01:38:15 ClanHallSiegeEngine: Fortress of Resistance siege scheduled for 2022-01-18T12:00:00.431-0300.
[INFO ] 2022-01-04 01:38:20 SpawnTable: Loaded 3763 NPC spawns.
[INFO ] 2022-01-04 01:38:20 SpawnTable: Loaded 1190 NPC spawns from XML.
[INFO ] 2022-01-04 01:38:20 DayNightSpawnManager: Removed 0 night creatures.
[INFO ] 2022-01-04 01:38:20 DayNightSpawnManager: Spawned 232 day creatures.
[INFO ] 2022-01-04 01:38:20 FourSepulchersManager: Loaded 20 Mysterious-Box spawns.
[INFO ] 2022-01-04 01:38:21 FourSepulchersManager: Loaded 716 Physical type monsters spawns.
[INFO ] 2022-01-04 01:38:21 FourSepulchersManager: Loaded 716 Magical monsters spawns.
[INFO ] 2022-01-04 01:38:21 FourSepulchersManager: Loaded 92 Church of duke monsters spawns.
[INFO ] 2022-01-04 01:38:21 FourSepulchersManager: Loaded 68 Emperor's Grave spawns.
[INFO ] 2022-01-04 01:38:21 FourSepulchersManager: Spawned Conquerors' Sepulcher Manager.
[INFO ] 2022-01-04 01:38:21 FourSepulchersManager: Spawned Emperors' Sepulcher Manager.
[INFO ] 2022-01-04 01:38:21 FourSepulchersManager: Spawned Great Sages' Sepulcher Manager.
[INFO ] 2022-01-04 01:38:21 FourSepulchersManager: Spawned Judges' Sepulcher Manager.
[INFO ] 2022-01-04 01:38:21 FourSepulchersManager: Beginning in attack time.
[INFO ] 2022-01-04 01:38:21 DimensionalRiftManager: Loaded 7 room types with 56 rooms.
[INFO ] 2022-01-04 01:38:21 DimensionalRiftManager: Loaded 462 Dimensional Rift spawns.
[INFO ] 2022-01-04 01:38:21 GameServer: ---------------------------------------------------=[ Siege ]
[INFO ] 2022-01-04 01:38:21 Siege: Siege of Gludio: 2022-01-09T16:00:00.698-0300.
[INFO ] 2022-01-04 01:38:21 Siege: Siege of Dion: 2022-01-09T16:00:00.707-0300.
[INFO ] 2022-01-04 01:38:21 Siege: Siege of Giran: 2022-01-09T16:00:00.710-0300.
[INFO ] 2022-01-04 01:38:21 Siege: Siege of Oren: 2022-01-09T16:00:00.710-0300.
[INFO ] 2022-01-04 01:38:21 Siege: Siege of Aden: 2022-01-09T16:00:00.710-0300.
[INFO ] 2022-01-04 01:38:21 Siege: Siege of Innadril: 2022-01-09T20:00:00.710-0300.
[INFO ] 2022-01-04 01:38:21 Siege: Siege of Goddard: 2022-01-09T20:00:00.710-0300.
[INFO ] 2022-01-04 01:38:21 Siege: Siege of Rune: 2022-01-09T20:00:00.710-0300.
[INFO ] 2022-01-04 01:38:21 Siege: Siege of Schuttgart: 2022-01-09T20:00:00.710-0300.
[INFO ] 2022-01-04 01:38:21 FortManager: Loaded 21 fortress.
[INFO ] 2022-01-04 01:38:21 SiegeScheduleData: Loaded 2 siege schedulers.
[INFO ] 2022-01-04 01:38:21 CastleManorManager: Loaded 258 seeds.
[INFO ] 2022-01-04 01:38:21 CastleManorManager: Manor data loaded.
[INFO ] 2022-01-04 01:38:21 MercTicketManager: Loaded 0 mercenary tickets.
[INFO ] 2022-01-04 01:38:21 AutoSpawnHandler: Loaded 129 handlers.
[INFO ] 2022-01-04 01:38:21 SevenSignsFestival: The first Festival of Darkness cycle begins in 2 minute(s).
[INFO ] 2022-01-04 01:38:21 FaenorEventParser: Event Id Valentines Event has passed... Ignored.
[INFO ] 2022-01-04 01:38:21 FaenorScriptEngine: Loaded Valentines.xml successfully.
[INFO ] 2022-01-04 01:38:21 TaskManager: Loaded 12 tasks.
[INFO ] 2022-01-04 01:38:21 MailManager: Successfully loaded 0 messages.
[INFO ] 2022-01-04 01:38:21 PunishmentManager: Loaded 0 active and 0 expired punishments.
[INFO ] 2022-01-04 01:38:21 GameServer: Free Object Ids remaining 1879002437.
[INFO ] 2022-01-04 01:38:21 TvTManager: Engine is disabled.
[INFO ] 2022-01-04 01:38:22 GameServer: Started, free memory 367 Mb of 2048 Mb
[INFO ] 2022-01-04 01:38:22 LoginServerThread: Connecting to login server on 127.0.0.1:9014
[INFO ] 2022-01-04 01:38:22 LoginServerThread: Registered on login as Server 1: Bartz
[INFO ] 2022-01-04 01:38:22 GameServer: Now listening on *:7777
[INFO ] 2022-01-04 01:38:22 GameServer: ----------------------------------------------------=[ UPnP ]
[INFO ] 2022-01-04 01:38:22 UPnPService: Looking for UPnP Gateway Devices...
[INFO ] 2022-01-04 01:38:31 UPnPService: No UPnP gateways has been found.
[INFO ] 2022-01-04 01:38:31 GameServer: Telnet server is currently disabled.
[INFO ] 2022-01-04 01:38:31 GameServer: Maximum numbers of connected players 500.
[INFO ] 2022-01-04 01:38:31 GameServer: Server Bartz loaded in 58 seconds.
[INFO ] 2022-01-04 01:38:46 L2PcInstance: Master access level set for character Void [268481234].
[INFO ] 2022-01-04 01:46:41 GlobalVariablesManager: Stored 7 variables.
[INFO ] 2022-01-04 02:08:21 TaskSevenSignsUpdate: Data updated successfully.
[INFO ] 2022-01-04 02:16:41 GlobalVariablesManager: Stored 7 variables.
[INFO ] 2022-01-04 02:38:21 TaskSevenSignsUpdate: Data updated successfully.
[INFO ] 2022-01-04 02:46:41 GlobalVariablesManager: Stored 7 variables.
[INFO ] 2022-01-04 03:08:21 TaskSevenSignsUpdate: Data updated successfully.
[INFO ] 2022-01-04 03:16:41 GlobalVariablesManager: Stored 7 variables.
[INFO ] 2022-01-04 03:38:21 TaskSevenSignsUpdate: Data updated successfully.
[INFO ] 2022-01-04 03:46:41 GlobalVariablesManager: Stored 7 variables.
[INFO ] 2022-01-04 04:00:00 DayNightSpawnManager: Removed 232 day creatures.
[INFO ] 2022-01-04 04:00:00 DayNightSpawnManager: Spawned 553 night creatures.
[INFO ] 2022-01-04 04:08:21 TaskSevenSignsUpdate: Data updated successfully.
[INFO ] 2022-01-04 04:16:41 GlobalVariablesManager: Stored 7 variables.
[INFO ] 2022-01-04 04:38:21 TaskSevenSignsUpdate: Data updated successfully.
[INFO ] 2022-01-04 04:46:41 GlobalVariablesManager: Stored 7 variables.
[INFO ] 2022-01-04 05:00:00 DayNightSpawnManager: Removed 553 night creatures.
[INFO ] 2022-01-04 05:00:00 DayNightSpawnManager: Spawned 232 day creatures.
[INFO ] 2022-01-04 05:08:21 TaskSevenSignsUpdate: Data updated successfully.
[INFO ] 2022-01-04 05:16:41 GlobalVariablesManager: Stored 7 variables.
[INFO ] 2022-01-04 05:38:21 TaskSevenSignsUpdate: Data updated successfully.
[INFO ] 2022-01-04 05:46:41 GlobalVariablesManager: Stored 7 variables.
[INFO ] 2022-01-04 06:08:21 TaskSevenSignsUpdate: Data updated successfully.
[INFO ] 2022-01-04 06:16:41 GlobalVariablesManager: Stored 7 variables.
[INFO ] 2022-01-04 06:30:00 TaskDailySkillReuseClean: Daily skill reuse cleaned.
[INFO ] 2022-01-04 06:30:00 TaskBirthday: 0 gifts sent.
[INFO ] 2022-01-04 06:30:00 TaskRecom: Recommendations system reset.
[INFO ] 2022-01-04 06:38:21 TaskSevenSignsUpdate: Data updated successfully.
[INFO ] 2022-01-04 06:46:41 GlobalVariablesManager: Stored 7 variables.
[INFO ] 2022-01-04 07:08:21 TaskSevenSignsUpdate: Data updated successfully.
[INFO ] 2022-01-04 07:16:41 GlobalVariablesManager: Stored 7 variables.
[INFO ] 2022-01-04 07:38:21 TaskSevenSignsUpdate: Data updated successfully.
[INFO ] 2022-01-04 07:46:41 GlobalVariablesManager: Stored 7 variables.
[INFO ] 2022-01-04 08:00:00 DayNightSpawnManager: Removed 232 day creatures.
[INFO ] 2022-01-04 08:00:00 DayNightSpawnManager: Spawned 553 night creatures.
[INFO ] 2022-01-04 08:08:21 TaskSevenSignsUpdate: Data updated successfully.
[INFO ] 2022-01-04 08:16:41 GlobalVariablesManager: Stored 7 variables.
[INFO ] 2022-01-04 08:38:21 TaskSevenSignsUpdate: Data updated successfully.
[INFO ] 2022-01-04 08:46:41 GlobalVariablesManager: Stored 7 variables.
[INFO ] 2022-01-04 09:00:00 DayNightSpawnManager: Removed 553 night creatures.
[INFO ] 2022-01-04 09:00:00 DayNightSpawnManager: Spawned 232 day creatures.
[INFO ] 2022-01-04 09:08:21 TaskSevenSignsUpdate: Data updated successfully.
[INFO ] 2022-01-04 09:16:41 GlobalVariablesManager: Stored 7 variables.
[INFO ] 2022-01-04 09:38:21 TaskSevenSignsUpdate: Data updated successfully.
[INFO ] 2022-01-04 09:46:41 GlobalVariablesManager: Stored 7 variables.
[INFO ] 2022-01-04 10:08:21 TaskSevenSignsUpdate: Data updated successfully.
[INFO ] 2022-01-04 10:16:41 GlobalVariablesManager: Stored 7 variables.
[INFO ] 2022-01-04 10:38:21 TaskSevenSignsUpdate: Data updated successfully.
[INFO ] 2022-01-04 10:46:41 GlobalVariablesManager: Stored 7 variables.
[INFO ] 2022-01-04 11:08:21 TaskSevenSignsUpdate: Data updated successfully.
[INFO ] 2022-01-04 11:16:41 GlobalVariablesManager: Stored 7 variables.
[INFO ] 2022-01-04 11:38:21 TaskSevenSignsUpdate: Data updated successfully.
[INFO ] 2022-01-04 11:46:41 GlobalVariablesManager: Stored 7 variables.
[INFO ] 2022-01-04 12:00:00 DayNightSpawnManager: Removed 232 day creatures.
[INFO ] 2022-01-04 12:00:00 DayNightSpawnManager: Spawned 553 night creatures.
[INFO ] 2022-01-04 12:08:21 TaskSevenSignsUpdate: Data updated successfully.
[INFO ] 2022-01-04 12:16:41 GlobalVariablesManager: Stored 7 variables.
[INFO ] 2022-01-04 12:38:21 TaskSevenSignsUpdate: Data updated successfully.
[INFO ] 2022-01-04 12:46:41 GlobalVariablesManager: Stored 7 variables.
[INFO ] 2022-01-04 13:00:00 DayNightSpawnManager: Removed 553 night creatures.
[INFO ] 2022-01-04 13:00:00 DayNightSpawnManager: Spawned 232 day creatures.
[INFO ] 2022-01-04 13:08:21 TaskSevenSignsUpdate: Data updated successfully.
[INFO ] 2022-01-04 13:16:41 GlobalVariablesManager: Stored 7 variables.
[INFO ] 2022-01-04 13:38:21 TaskSevenSignsUpdate: Data updated successfully.
[INFO ] 2022-01-04 13:46:41 GlobalVariablesManager: Stored 7 variables.
[INFO ] 2022-01-04 14:08:08 L2PcInstance: Support GM access level set for character FighterLethal [268497202].
[INFO ] 2022-01-04 14:08:21 TaskSevenSignsUpdate: Data updated successfully.
[INFO ] 2022-01-04 14:12:16 L2PcInstance: Support GM access level set for character FighterLethal [268497202].
[INFO ] 2022-01-04 14:16:41 GlobalVariablesManager: Stored 7 variables.
[INFO ] 2022-01-04 14:19:56 L2PcInstance: Support GM access level set for character FighterLethal [268497202].
[INFO ] 2022-01-04 14:20:26 L2PcInstance: Support GM access level set for character FighterLethal [268497202].
[INFO ] 2022-01-04 14:24:36 L2PcInstance: Master access level set for character Void [268481234].
[INFO ] 2022-01-04 14:25:07 L2PcInstance: Support GM access level set for character FighterLethal [268497202].
[INFO ] 2022-01-04 14:25:47 L2PcInstance: Support GM access level set for character FighterLethal [268497202].
[INFO ] 2022-01-04 14:26:21 L2PcInstance: Master access level set for character FighterLethal [268497202].
[WARN ] 2022-01-04 14:27:41 TargetType: Outdated Skill Dark Smash(477,37) with target type ONE used on FighterLethal [268497202] by Void [268481234]!
[INFO ] 2022-01-04 14:30:23 AdminGm: GM: Void(268481234) turned his GM status off
[INFO ] 2022-01-04 14:30:54 L2PcInstance: Master access level set for character Void [268481234].
[WARN ] 2022-01-04 14:31:26 TargetType: Outdated Skill PvP Weapon - Cancel(5682,1) with target type ENEMY used on FighterLethal [268497202] by Void [268481234]!
[WARN ] 2022-01-04 14:31:38 TargetType: Outdated Skill PvP Weapon - Ignore Shield Defense(5683,1) with target type ENEMY used on FighterLethal [268497202] by Void [268481234]!
[WARN ] 2022-01-04 14:37:22 TargetType: Outdated Skill PvP Weapon - Attack Chance(5684,1) with target type ENEMY used on FighterLethal [268497202] by Void [268481234]!
[WARN ] 2022-01-04 14:37:23 TargetType: Outdated Skill PvP Armor - Mirage(5694,1) with target type ENEMY used on FighterLethal [268497202] by Void [268481234]!
[INFO ] 2022-01-04 14:38:21 TaskSevenSignsUpdate: Data updated successfully.
[INFO ] 2022-01-04 14:43:31 AbstractScript: Rabbits: Event can't be started, because custom NPCs are disabled!
[INFO ] 2022-01-04 14:43:35 AbstractScript: Race: Event can't be started, because custom npc table is disabled!
[INFO ] 2022-01-04 14:43:36 AbstractScript: Elpies: Event can't be started because custom NPC table is disabled!
[INFO ] 2022-01-04 14:45:31 GrandBossManager: Updated Queen Ant (29001) status to 1.
[INFO ] 2022-01-04 14:46:41 GlobalVariablesManager: Stored 7 variables.
[INFO ] 2022-01-04 14:57:03 L2PcInstance: Master access level set for character FighterLethal [268497202].
[INFO ] 2022-01-04 14:57:58 PetitionManager: PetitionManager: Pending petition queue cleared. 0 petition(s) removed.
[INFO ] 2022-01-04 15:08:21 TaskSevenSignsUpdate: Data updated successfully.
[INFO ] 2022-01-04 15:16:41 GlobalVariablesManager: Stored 7 variables.
[WARN ] 2022-01-04 15:28:32 L2GameClientPacket: No handler registered for admin command 'admin_adminclass'
[WARN ] 2022-01-04 15:28:41 L2GameClientPacket: No handler registered for admin command 'admin_class'
[INFO ] 2022-01-04 15:37:01 GrandBossManager: Updated Baium (29020) status to 2.
[INFO ] 2022-01-04 15:38:21 TaskSevenSignsUpdate: Data updated successfully.
[WARN ] 2022-01-04 15:38:27 L2GameClientPacket: FighterLethal [268497202] requested not registered admin command 'admin_polymorph_menu'
[INFO ] 2022-01-04 15:41:15 L2PcInstance: Master access level set for character FighterLethal [268497202].
[WARN ] 2022-01-04 15:42:55 TargetType: Outdated Skill PvP Weapon - Cancel(5682,1) with target type TARGET used on L2NpcInstance:Gracian Survivor(32632)[268463566] by FighterLethal [268497202]!
[WARN ] 2022-01-04 15:42:56 TargetType: Outdated Skill PvP Weapon - Ignore Shield Defense(5683,1) with target type TARGET used on L2NpcInstance:Gracian Survivor(32632)[268463566] by FighterLethal [268497202]!
[INFO ] 2022-01-04 15:46:41 GlobalVariablesManager: Stored 7 variables.
[INFO ] 2022-01-04 15:46:49 L2PcInstance: Master access level set for character FighterLethal [268497202].
[INFO ] 2022-01-04 16:00:00 DayNightSpawnManager: Removed 232 day creatures.
[INFO ] 2022-01-04 16:00:00 DayNightSpawnManager: Spawned 553 night creatures.
[WARN ] 2022-01-04 16:00:45 TargetType: Outdated Skill PvP Weapon - Cancel(5682,1) with target type TARGET used on L2NpcInstance:Prophet(4310)[268463427] by FighterLethal [268497202]!
[WARN ] 2022-01-04 16:00:46 TargetType: Outdated Skill PvP Weapon - Cancel(5682,1) with target type TARGET used on L2NpcInstance:Prophet(4310)[268463427] by FighterLethal [268497202]!
[WARN ] 2022-01-04 16:00:46 TargetType: Outdated Skill PvP Weapon - Cancel(5682,1) with target type TARGET used on L2NpcInstance:Prophet(4310)[268463427] by FighterLethal [268497202]!
[INFO ] 2022-01-04 16:08:01 GrandBossManager: Updated Baium (29020) status to 0.
[INFO ] 2022-01-04 16:08:21 TaskSevenSignsUpdate: Data updated successfully.
[WARN ] 2022-01-04 16:11:24 SkillDAOMySQLImpl: Error could not store char skills!
java.sql.SQLIntegrityConstraintViolationException: (conn=10174) Duplicate entry '268497202-1327-0' for key 'character_skills.PRIMARY'
	at org.mariadb.jdbc.internal.util.exceptions.ExceptionFactory.createException(ExceptionFactory.java:70) ~[mariadb-java-client-2.7.3.jar:?]
	at org.mariadb.jdbc.internal.util.exceptions.ExceptionFactory.create(ExceptionFactory.java:155) ~[mariadb-java-client-2.7.3.jar:?]
	at org.mariadb.jdbc.MariaDbStatement.executeExceptionEpilogue(MariaDbStatement.java:274) ~[mariadb-java-client-2.7.3.jar:?]
	at org.mariadb.jdbc.ClientSidePreparedStatement.executeInternal(ClientSidePreparedStatement.java:229) ~[mariadb-java-client-2.7.3.jar:?]
	at org.mariadb.jdbc.ClientSidePreparedStatement.execute(ClientSidePreparedStatement.java:149) ~[mariadb-java-client-2.7.3.jar:?]
	at com.zaxxer.hikari.pool.ProxyPreparedStatement.execute(ProxyPreparedStatement.java:44) ~[HikariCP-4.0.3.jar:?]
	at com.zaxxer.hikari.pool.HikariProxyPreparedStatement.execute(HikariProxyPreparedStatement.java) ~[HikariCP-4.0.3.jar:?]
	at com.l2jserver.gameserver.dao.impl.mysql.SkillDAOMySQLImpl.insert(SkillDAOMySQLImpl.java:105) [l2jserver.jar:?]
	at com.l2jserver.gameserver.model.actor.instance.L2PcInstance.storeSkill(L2PcInstance.java:6007) [l2jserver.jar:?]
	at com.l2jserver.gameserver.model.actor.instance.L2PcInstance.addSkill(L2PcInstance.java:5949) [l2jserver.jar:?]
	at com.l2jserver.datapack.handlers.admincommandhandlers.AdminSkill.adminAddSkill(AdminSkill.java:389) [?:?]
	at com.l2jserver.datapack.handlers.admincommandhandlers.AdminSkill.useAdminCommand(AdminSkill.java:107) [?:?]
	at com.l2jserver.gameserver.network.clientpackets.RequestBypassToServer.runImpl(RequestBypassToServer.java:148) [l2jserver.jar:?]
	at com.l2jserver.gameserver.network.clientpackets.L2GameClientPacket.run(L2GameClientPacket.java:68) [l2jserver.jar:?]
	at com.l2jserver.gameserver.network.L2GameClient.run(L2GameClient.java:896) [l2jserver.jar:?]
	at java.util.concurrent.ThreadPoolExecutor.runWorker(ThreadPoolExecutor.java:1136) [?:?]
	at java.util.concurrent.ThreadPoolExecutor$Worker.run(ThreadPoolExecutor.java:635) [?:?]
	at java.lang.Thread.run(Thread.java:833) [?:?]
Caused by: org.mariadb.jdbc.internal.util.exceptions.MariaDbSqlException: Duplicate entry '268497202-1327-0' for key 'character_skills.PRIMARY'
	at org.mariadb.jdbc.internal.util.exceptions.MariaDbSqlException.of(MariaDbSqlException.java:34) ~[mariadb-java-client-2.7.3.jar:?]
	at org.mariadb.jdbc.internal.protocol.AbstractQueryProtocol.exceptionWithQuery(AbstractQueryProtocol.java:194) ~[mariadb-java-client-2.7.3.jar:?]
	at org.mariadb.jdbc.internal.protocol.AbstractQueryProtocol.exceptionWithQuery(AbstractQueryProtocol.java:177) ~[mariadb-java-client-2.7.3.jar:?]
	at org.mariadb.jdbc.internal.protocol.AbstractQueryProtocol.executeQuery(AbstractQueryProtocol.java:321) ~[mariadb-java-client-2.7.3.jar:?]
	at org.mariadb.jdbc.ClientSidePreparedStatement.executeInternal(ClientSidePreparedStatement.java:220) ~[mariadb-java-client-2.7.3.jar:?]
	... 14 more
Caused by: java.sql.SQLException: Duplicate entry '268497202-1327-0' for key 'character_skills.PRIMARY'
	at org.mariadb.jdbc.internal.protocol.AbstractQueryProtocol.readErrorPacket(AbstractQueryProtocol.java:1694) ~[mariadb-java-client-2.7.3.jar:?]
	at org.mariadb.jdbc.internal.protocol.AbstractQueryProtocol.readPacket(AbstractQueryProtocol.java:1556) ~[mariadb-java-client-2.7.3.jar:?]
	at org.mariadb.jdbc.internal.protocol.AbstractQueryProtocol.getResult(AbstractQueryProtocol.java:1519) ~[mariadb-java-client-2.7.3.jar:?]
	at org.mariadb.jdbc.internal.protocol.AbstractQueryProtocol.executeQuery(AbstractQueryProtocol.java:318) ~[mariadb-java-client-2.7.3.jar:?]
	at org.mariadb.jdbc.ClientSidePreparedStatement.executeInternal(ClientSidePreparedStatement.java:220) ~[mariadb-java-client-2.7.3.jar:?]
	... 14 more
[WARN ] 2022-01-04 16:11:31 SkillDAOMySQLImpl: Error could not store char skills!
java.sql.SQLIntegrityConstraintViolationException: (conn=10174) Duplicate entry '268497202-1326-0' for key 'character_skills.PRIMARY'
	at org.mariadb.jdbc.internal.util.exceptions.ExceptionFactory.createException(ExceptionFactory.java:70) ~[mariadb-java-client-2.7.3.jar:?]
	at org.mariadb.jdbc.internal.util.exceptions.ExceptionFactory.create(ExceptionFactory.java:155) ~[mariadb-java-client-2.7.3.jar:?]
	at org.mariadb.jdbc.MariaDbStatement.executeExceptionEpilogue(MariaDbStatement.java:274) ~[mariadb-java-client-2.7.3.jar:?]
	at org.mariadb.jdbc.ClientSidePreparedStatement.executeInternal(ClientSidePreparedStatement.java:229) ~[mariadb-java-client-2.7.3.jar:?]
	at org.mariadb.jdbc.ClientSidePreparedStatement.execute(ClientSidePreparedStatement.java:149) ~[mariadb-java-client-2.7.3.jar:?]
	at com.zaxxer.hikari.pool.ProxyPreparedStatement.execute(ProxyPreparedStatement.java:44) ~[HikariCP-4.0.3.jar:?]
	at com.zaxxer.hikari.pool.HikariProxyPreparedStatement.execute(HikariProxyPreparedStatement.java) ~[HikariCP-4.0.3.jar:?]
	at com.l2jserver.gameserver.dao.impl.mysql.SkillDAOMySQLImpl.insert(SkillDAOMySQLImpl.java:105) [l2jserver.jar:?]
	at com.l2jserver.gameserver.model.actor.instance.L2PcInstance.storeSkill(L2PcInstance.java:6007) [l2jserver.jar:?]
	at com.l2jserver.gameserver.model.actor.instance.L2PcInstance.addSkill(L2PcInstance.java:5949) [l2jserver.jar:?]
	at com.l2jserver.datapack.handlers.admincommandhandlers.AdminSkill.adminAddSkill(AdminSkill.java:389) [?:?]
	at com.l2jserver.datapack.handlers.admincommandhandlers.AdminSkill.useAdminCommand(AdminSkill.java:107) [?:?]
	at com.l2jserver.gameserver.network.clientpackets.RequestBypassToServer.runImpl(RequestBypassToServer.java:148) [l2jserver.jar:?]
	at com.l2jserver.gameserver.network.clientpackets.L2GameClientPacket.run(L2GameClientPacket.java:68) [l2jserver.jar:?]
	at com.l2jserver.gameserver.network.L2GameClient.run(L2GameClient.java:896) [l2jserver.jar:?]
	at java.util.concurrent.ThreadPoolExecutor.runWorker(ThreadPoolExecutor.java:1136) [?:?]
	at java.util.concurrent.ThreadPoolExecutor$Worker.run(ThreadPoolExecutor.java:635) [?:?]
	at java.lang.Thread.run(Thread.java:833) [?:?]
Caused by: org.mariadb.jdbc.internal.util.exceptions.MariaDbSqlException: Duplicate entry '268497202-1326-0' for key 'character_skills.PRIMARY'
	at org.mariadb.jdbc.internal.util.exceptions.MariaDbSqlException.of(MariaDbSqlException.java:34) ~[mariadb-java-client-2.7.3.jar:?]
	at org.mariadb.jdbc.internal.protocol.AbstractQueryProtocol.exceptionWithQuery(AbstractQueryProtocol.java:194) ~[mariadb-java-client-2.7.3.jar:?]
	at org.mariadb.jdbc.internal.protocol.AbstractQueryProtocol.exceptionWithQuery(AbstractQueryProtocol.java:177) ~[mariadb-java-client-2.7.3.jar:?]
	at org.mariadb.jdbc.internal.protocol.AbstractQueryProtocol.executeQuery(AbstractQueryProtocol.java:321) ~[mariadb-java-client-2.7.3.jar:?]
	at org.mariadb.jdbc.ClientSidePreparedStatement.executeInternal(ClientSidePreparedStatement.java:220) ~[mariadb-java-client-2.7.3.jar:?]
	... 14 more
Caused by: java.sql.SQLException: Duplicate entry '268497202-1326-0' for key 'character_skills.PRIMARY'
	at org.mariadb.jdbc.internal.protocol.AbstractQueryProtocol.readErrorPacket(AbstractQueryProtocol.java:1694) ~[mariadb-java-client-2.7.3.jar:?]
	at org.mariadb.jdbc.internal.protocol.AbstractQueryProtocol.readPacket(AbstractQueryProtocol.java:1556) ~[mariadb-java-client-2.7.3.jar:?]
	at org.mariadb.jdbc.internal.protocol.AbstractQueryProtocol.getResult(AbstractQueryProtocol.java:1519) ~[mariadb-java-client-2.7.3.jar:?]
	at org.mariadb.jdbc.internal.protocol.AbstractQueryProtocol.executeQuery(AbstractQueryProtocol.java:318) ~[mariadb-java-client-2.7.3.jar:?]
	at org.mariadb.jdbc.ClientSidePreparedStatement.executeInternal(ClientSidePreparedStatement.java:220) ~[mariadb-java-client-2.7.3.jar:?]
	... 14 more
[INFO ] 2022-01-04 16:16:41 GlobalVariablesManager: Stored 7 variables.
[INFO ] 2022-01-04 16:21:52 L2PcInstance: Master access level set for character FighterLethal [268497202].
[INFO ] 2022-01-04 16:25:20 RaidBossSpawnManager: Updated Darion respawn time to 2022-01-06T14:42:11.201-0300.
[WARN ] 2022-01-04 16:26:55 TargetType: Outdated Skill PvP Weapon - Cancel(5682,1) with target type TARGET used on L2MonsterInstance:Floating Ghost(25614)[268454820] by FighterLethal [268497202]!
[WARN ] 2022-01-04 16:31:32 L2GameClientPacket: Player FighterLethal [268497202] used action which he does not have! Id = 5016 transform: com.l2jserver.gameserver.model.actor.transform.Transform@6de7d0f2
[WARN ] 2022-01-04 16:34:25 L2GameClientPacket: Player FighterLethal [268497202] used action which he does not have! Id = 5016 transform: com.l2jserver.gameserver.model.actor.transform.Transform@6de7d0f2
[INFO ] 2022-01-04 16:38:21 TaskSevenSignsUpdate: Data updated successfully.
[INFO ] 2022-01-04 16:46:41 GlobalVariablesManager: Stored 7 variables.
[INFO ] 2022-01-04 17:00:00 DayNightSpawnManager: Removed 553 night creatures.
[INFO ] 2022-01-04 17:00:00 DayNightSpawnManager: Spawned 232 day creatures.
[INFO ] 2022-01-04 17:08:21 TaskSevenSignsUpdate: Data updated successfully.
[INFO ] 2022-01-04 17:16:41 GlobalVariablesManager: Stored 7 variables.
[INFO ] 2022-01-04 17:38:20 TaskSevenSignsUpdate: Data updated successfully.
[INFO ] 2022-01-04 17:46:41 GlobalVariablesManager: Stored 7 variables.
[INFO ] 2022-01-04 18:00:00 Olympiad: Olympiad Game Started
[INFO ] 2022-01-04 18:00:00 OlympiadGameManager: Loaded 160 stadiums.
[INFO ] 2022-01-04 18:08:20 TaskSevenSignsUpdate: Data updated successfully.
[INFO ] 2022-01-04 18:16:40 GlobalVariablesManager: Stored 7 variables.
[INFO ] 2022-01-04 18:22:59 L2PcInstance: Master access level set for character FighterLethal [268497202].
[INFO ] 2022-01-04 18:23:20 TaskOlympiadSave: Data updated.
[INFO ] 2022-01-04 18:38:20 TaskSevenSignsUpdate: Data updated successfully.
[INFO ] 2022-01-04 18:46:40 GlobalVariablesManager: Stored 7 variables.
[INFO ] 2022-01-04 18:53:20 TaskOlympiadSave: Data updated.
[INFO ] 2022-01-04 19:08:20 TaskSevenSignsUpdate: Data updated successfully.
[INFO ] 2022-01-04 19:16:40 GlobalVariablesManager: Stored 7 variables.
[INFO ] 2022-01-04 19:23:20 TaskOlympiadSave: Data updated.
[INFO ] 2022-01-04 19:38:20 TaskSevenSignsUpdate: Data updated successfully.
[INFO ] 2022-01-04 19:46:40 GlobalVariablesManager: Stored 7 variables.
[INFO ] 2022-01-04 19:53:20 TaskOlympiadSave: Data updated.
[INFO ] 2022-01-04 20:00:00 DayNightSpawnManager: Removed 232 day creatures.
[INFO ] 2022-01-04 20:00:00 DayNightSpawnManager: Spawned 553 night creatures.
[INFO ] 2022-01-04 20:01:05 L2PcInstance: Master access level set for character FighterLethal [268497202].
[INFO ] 2022-01-04 20:08:20 TaskSevenSignsUpdate: Data updated successfully.
[INFO ] 2022-01-04 20:16:40 GlobalVariablesManager: Stored 7 variables.
[WARN ] 2022-01-04 20:23:00 TargetType: Outdated Skill PvP Weapon - Ignore Shield Defense(5683,1) with target type TARGET used on L2MonsterInstance:Sentinel of Ember(25320)[268438391] by FighterLethal [268497202]!
[WARN ] 2022-01-04 20:23:11 TargetType: Outdated Skill PvP Weapon - Ignore Shield Defense(5683,1) with target type TARGET used on L2MonsterInstance:Sentinel of Ember(25320)[268438393] by FighterLethal [268497202]!
[INFO ] 2022-01-04 20:23:13 RaidBossSpawnManager: Updated Ember respawn time to 2022-01-06T19:03:17.226-0300.
[INFO ] 2022-01-04 20:23:20 TaskOlympiadSave: Data updated.
[INFO ] 2022-01-04 20:25:50 L2PcInstance: Master access level set for character Void [268481234].
[INFO ] 2022-01-04 20:27:00 L2PcInstance: Master access level set for character FighterLethal [268497202].
[WARN ] 2022-01-04 20:30:09 TargetType: Outdated Skill Crushing Pain(497,16) with target type ONE used on FighterLethal [268497202] by Void [268481234]!
[WARN ] 2022-01-04 20:31:09 TargetType: Outdated Skill PvP Weapon - Attack Chance(5684,1) with target type TARGET used on FighterLethal [268497202] by Void [268481234]!
[WARN ] 2022-01-04 20:32:39 TargetType: Outdated Skill PvP Weapon - Attack Chance(5684,1) with target type TARGET used on FighterLethal [268497202] by Void [268481234]!
[WARN ] 2022-01-04 20:32:59 TargetType: Outdated Skill PvP Weapon - Attack Chance(5684,1) with target type TARGET used on L2NpcInstance:Gracian Survivor(32632)[268463566] by Void [268481234]!
[INFO ] 2022-01-04 20:38:20 TaskSevenSignsUpdate: Data updated successfully.
[INFO ] 2022-01-04 20:44:03 L2PcInstance: Master access level set for character FighterLethal [268497202].
[INFO ] 2022-01-04 20:46:40 GlobalVariablesManager: Stored 7 variables.
[WARN ] 2022-01-04 20:47:03 Shutdown: GM: Void(268481234) issued shutdown command. restarting in 1 seconds!
[WARN ] 2022-01-04 20:47:04 Shutdown: GM shutdown countdown is over. restarting NOW!
[INFO ] 2022-01-04 20:47:04 Shutdown: UPnP Service: All ports mappings deleted (0ms).
