[INFO ] 2022-01-14 16:25:54 GameServer: ------------------------------------------------=[ Database ]
[INFO ] 2022-01-14 16:25:54 GameServer: -----------------------------------=[ Network Configuration ]
[INFO ] 2022-01-14 16:25:54 IPConfigData: Using automatic network configuration.
[INFO ] 2022-01-14 16:25:54 IPConfigData: Adding new subnet: 127.0.0.0/8 address: 127.0.0.1
[INFO ] 2022-01-14 16:25:54 IPConfigData: Adding new subnet: 192.168.45.0/24 address: 192.168.45.45
[INFO ] 2022-01-14 16:25:54 IPConfigData: Adding new subnet: 0.0.0.0/0 address: 168.205.94.22
[INFO ] 2022-01-14 16:25:54 HikariDataSource: HikariPool-1 - Starting...
[INFO ] 2022-01-14 16:25:54 HikariDataSource: HikariPool-1 - Start completed.
[INFO ] 2022-01-14 16:25:54 IdFactory: Updated characters online status.
[INFO ] 2022-01-14 16:25:54 IdFactory: Cleaned up invalid weddings.
[INFO ] 2022-01-14 16:25:54 IdFactory: Cleaned 0 elements from database in 0s.
[INFO ] 2022-01-14 16:25:54 IdFactory: Cleaned 0 expired timestamps from database.
[INFO ] 2022-01-14 16:25:54 BitSetIDFactory: 102912 Ids available.
[INFO ] 2022-01-14 16:25:54 GameServer: ---------------------------------------------------=[ World ]
[INFO ] 2022-01-14 16:25:54 InstanceManager: Multiverse Instance created.
[INFO ] 2022-01-14 16:25:54 InstanceManager: Universe Instance created.
[INFO ] 2022-01-14 16:25:54 InstanceManager: Loaded 160 instance names.
[INFO ] 2022-01-14 16:25:55 L2World: 128 by 136 world region grid set up.
[INFO ] 2022-01-14 16:25:55 MapRegionManager: Loaded 57 map regions.
[INFO ] 2022-01-14 16:25:55 GlobalVariablesManager: Loaded 7 variables.
[INFO ] 2022-01-14 16:25:55 GameServer: ----------------------------------------------------=[ Data ]
[INFO ] 2022-01-14 16:25:55 CategoryData: Loaded 124 Categories.
[INFO ] 2022-01-14 16:25:55 SecondaryAuthData: Loaded 328 forbidden passwords.
[INFO ] 2022-01-14 16:25:55 GameServer: -------------------------------------------------=[ Effects ]
[INFO ] 2022-01-14 16:25:58 EffectMasterHandler: Loaded 168 effect handlers.
[INFO ] 2022-01-14 16:25:58 GameServer: ------------------------------------=[ Enchant Skill Groups ]
[INFO ] 2022-01-14 16:25:58 EnchantSkillGroupsData: Loaded 4 groups and 90 routes.
[INFO ] 2022-01-14 16:25:58 GameServer: ---------------------------------------------=[ Skill Trees ]
[INFO ] 2022-01-14 16:25:58 SkillTreesData: Loaded 17176 Class Skills for 103 Class Skill Trees.
[INFO ] 2022-01-14 16:25:58 SkillTreesData: Loaded 76 Sub-Class Skills.
[INFO ] 2022-01-14 16:25:58 SkillTreesData: Loaded 77 Transfer Skills for 3 Transfer Skill Trees.
[INFO ] 2022-01-14 16:25:58 SkillTreesData: Loaded 117 Fishing Skills, 8 Dwarven only Fishing Skills.
[INFO ] 2022-01-14 16:25:58 SkillTreesData: Loaded 3 Collect Skills.
[INFO ] 2022-01-14 16:25:58 SkillTreesData: Loaded 74 Pledge Skills, 44 for Pledge and 30 Residential.
[INFO ] 2022-01-14 16:25:58 SkillTreesData: Loaded 18 Sub-Pledge Skills.
[INFO ] 2022-01-14 16:25:58 SkillTreesData: Loaded 32 Transform Skills.
[INFO ] 2022-01-14 16:25:58 SkillTreesData: Loaded 8 Noble Skills.
[INFO ] 2022-01-14 16:25:58 SkillTreesData: Loaded 5 Hero Skills.
[INFO ] 2022-01-14 16:25:58 SkillTreesData: Loaded 46 Game Master Skills.
[INFO ] 2022-01-14 16:25:58 SkillTreesData: Loaded 46 Game Master Aura Skills.
[INFO ] 2022-01-14 16:25:58 GameServer: --------------------------------------------------=[ Skills ]
[INFO ] 2022-01-14 16:26:10 DocumentEngine: Loaded 65976 skill templates from XML files.
[INFO ] 2022-01-14 16:26:10 SummonSkillsTable: Loaded 1891 summon skills.
[INFO ] 2022-01-14 16:26:10 GameServer: ---------------------------------------------------=[ Items ]
[INFO ] 2022-01-14 16:26:11 ItemTable: Highest item Id used 22567.
[INFO ] 2022-01-14 16:26:11 ItemTable: Loaded 11481 Etc items.
[INFO ] 2022-01-14 16:26:11 ItemTable: Loaded 3825 Armor items.
[INFO ] 2022-01-14 16:26:11 ItemTable: Loaded 3893 Weapon items.
[INFO ] 2022-01-14 16:26:11 ItemTable: Loaded 19199 items in total.
[INFO ] 2022-01-14 16:26:11 EnchantItemGroupsData: Loaded 4 item group templates.
[INFO ] 2022-01-14 16:26:11 EnchantItemGroupsData: Loaded 1 scroll group templates.
[WARN ] 2022-01-14 16:26:11 EnchantItemData: Wrong enchant scroll item type: 731 defined in enchant data!
[WARN ] 2022-01-14 16:26:11 EnchantItemData: Wrong enchant scroll item type: 949 defined in enchant data!
[WARN ] 2022-01-14 16:26:11 EnchantItemData: Wrong enchant scroll item type: 953 defined in enchant data!
[WARN ] 2022-01-14 16:26:11 EnchantItemData: Wrong enchant scroll item type: 957 defined in enchant data!
[WARN ] 2022-01-14 16:26:11 EnchantItemData: Wrong enchant scroll item type: 961 defined in enchant data!
[WARN ] 2022-01-14 16:26:11 EnchantItemData: Wrong enchant scroll item type: 732 defined in enchant data!
[WARN ] 2022-01-14 16:26:11 EnchantItemData: Wrong enchant scroll item type: 950 defined in enchant data!
[WARN ] 2022-01-14 16:26:11 EnchantItemData: Wrong enchant scroll item type: 954 defined in enchant data!
[WARN ] 2022-01-14 16:26:11 EnchantItemData: Wrong enchant scroll item type: 958 defined in enchant data!
[WARN ] 2022-01-14 16:26:11 EnchantItemData: Wrong enchant scroll item type: 962 defined in enchant data!
[INFO ] 2022-01-14 16:26:11 EnchantItemData: Loaded 63 enchant scrolls.
[INFO ] 2022-01-14 16:26:11 EnchantItemData: Loaded 20 support items.
[INFO ] 2022-01-14 16:26:11 EnchantItemOptionsData: Loaded 23 items and 1093 options.
[INFO ] 2022-01-14 16:26:12 OptionData: Loaded 24985 item options.
[INFO ] 2022-01-14 16:26:12 EnchantItemHPBonusData: Loaded 6 Enchant HP Bonuses.
[INFO ] 2022-01-14 16:26:12 MerchantPriceConfigTable: Loaded 28 merchant price configs.
[WARN ] 2022-01-14 16:26:13 IXmlReader: BuyListData: Folder C:\opt\l2j\server\game\data\buylists\custom doesn't exist!
[INFO ] 2022-01-14 16:26:13 BuyListData: Loaded 760 buy lists.
[INFO ] 2022-01-14 16:26:13 MultisellData: Loaded 308 multisell lists.
[INFO ] 2022-01-14 16:26:13 RecipeData: Loaded 1000 recipes.
[INFO ] 2022-01-14 16:26:13 ArmorSetsData: Loaded 204 armor sets.
[INFO ] 2022-01-14 16:26:13 FishData: Loaded 278 fish.
[INFO ] 2022-01-14 16:26:13 FishingMonstersData: Loaded 8 fishing monsters.
[INFO ] 2022-01-14 16:26:13 FishingRodsData: Loaded 6 fishing rods.
[INFO ] 2022-01-14 16:26:13 HennaData: Loaded 180 Henna data.
[INFO ] 2022-01-14 16:26:13 GameServer: ----------------------------------------------=[ Characters ]
[INFO ] 2022-01-14 16:26:13 ClassListData: Loaded 107 class data.
[INFO ] 2022-01-14 16:26:13 InitialEquipmentData: Loaded 11 initial equipment data.
[INFO ] 2022-01-14 16:26:13 InitialShortcutData: Loaded 5 initial dlobal shortcuts data.
[INFO ] 2022-01-14 16:26:13 InitialShortcutData: Loaded 4 initial shortcuts data.
[INFO ] 2022-01-14 16:26:13 InitialShortcutData: Loaded 0 macros presets.
[INFO ] 2022-01-14 16:26:13 KarmaData: Loaded 85 karma modifiers.
[INFO ] 2022-01-14 16:26:13 HitConditionBonusData: Loaded Hit Condition bonuses.
[INFO ] 2022-01-14 16:26:13 PlayerTemplateData: Loaded 103 character templates.
[INFO ] 2022-01-14 16:26:13 PlayerTemplateData: Loaded 52530 level up gain records.
[INFO ] 2022-01-14 16:26:13 PlayerCreationPointData: Loaded 62 character creation points.
[INFO ] 2022-01-14 16:26:13 CharNameTable: Loaded 4 char names.
[INFO ] 2022-01-14 16:26:13 AdminData: Loaded 10 access levels.
[INFO ] 2022-01-14 16:26:13 AdminData: Loaded 444 access commands.
[INFO ] 2022-01-14 16:26:13 RaidBossPointsManager: Loaded 1 characters raid points.
[INFO ] 2022-01-14 16:26:14 PetDataTable: Loaded 52 Pets.
[INFO ] 2022-01-14 16:26:14 GameServer: -----------------------------------------------------=[ BBS ]
[INFO ] 2022-01-14 16:26:14 ForumsBBSManager: Loaded 5 forums.
[INFO ] 2022-01-14 16:26:14 GameServer: ---------------------------------------------------=[ Clans ]
[INFO ] 2022-01-14 16:26:14 ClanTable: Restored 1 clans from the database.
[INFO ] 2022-01-14 16:26:14 AuctionManager: Loaded 38 auction(s).
[INFO ] 2022-01-14 16:26:14 ClanHallManager: Loaded 0 clan halls.
[INFO ] 2022-01-14 16:26:14 ClanHallManager: Loaded 38 free clan halls.
[INFO ] 2022-01-14 16:26:14 ClanHallSiegeManager: Loaded 6 conquerable clan halls.
[INFO ] 2022-01-14 16:26:14 GameServer: -------------------------------------------------=[ Geodata ]
[INFO ] 2022-01-14 16:26:14 GeoData: Loading 11_23.l2j...
[INFO ] 2022-01-14 16:26:14 GeoData: Loading 11_24.l2j...
[INFO ] 2022-01-14 16:26:14 GeoData: Loading 11_25.l2j...
[INFO ] 2022-01-14 16:26:14 GeoData: Loading 11_26.l2j...
[INFO ] 2022-01-14 16:26:14 GeoData: Loading 12_23.l2j...
[INFO ] 2022-01-14 16:26:14 GeoData: Loading 12_24.l2j...
[INFO ] 2022-01-14 16:26:14 GeoData: Loading 12_25.l2j...
[INFO ] 2022-01-14 16:26:14 GeoData: Loading 12_26.l2j...
[INFO ] 2022-01-14 16:26:14 GeoData: Loading 13_21.l2j...
[INFO ] 2022-01-14 16:26:14 GeoData: Loading 13_22.l2j...
[INFO ] 2022-01-14 16:26:14 GeoData: Loading 13_23.l2j...
[INFO ] 2022-01-14 16:26:14 GeoData: Loading 13_24.l2j...
[INFO ] 2022-01-14 16:26:14 GeoData: Loading 13_25.l2j...
[INFO ] 2022-01-14 16:26:14 GeoData: Loading 13_26.l2j...
[INFO ] 2022-01-14 16:26:14 GeoData: Loading 14_21.l2j...
[INFO ] 2022-01-14 16:26:14 GeoData: Loading 14_22.l2j...
[INFO ] 2022-01-14 16:26:14 GeoData: Loading 14_23.l2j...
[INFO ] 2022-01-14 16:26:14 GeoData: Loading 14_24.l2j...
[INFO ] 2022-01-14 16:26:14 GeoData: Loading 14_25.l2j...
[INFO ] 2022-01-14 16:26:14 GeoData: Loading 14_26.l2j...
[INFO ] 2022-01-14 16:26:14 GeoData: Loading 15_10.l2j...
[INFO ] 2022-01-14 16:26:14 GeoData: Loading 15_11.l2j...
[INFO ] 2022-01-14 16:26:14 GeoData: Loading 15_12.l2j...
[INFO ] 2022-01-14 16:26:14 GeoData: Loading 15_18.l2j...
[INFO ] 2022-01-14 16:26:14 GeoData: Loading 15_19.l2j...
[INFO ] 2022-01-14 16:26:14 GeoData: Loading 15_20.l2j...
[INFO ] 2022-01-14 16:26:14 GeoData: Loading 15_21.l2j...
[INFO ] 2022-01-14 16:26:14 GeoData: Loading 15_22.l2j...
[INFO ] 2022-01-14 16:26:14 GeoData: Loading 15_23.l2j...
[INFO ] 2022-01-14 16:26:14 GeoData: Loading 15_24.l2j...
[INFO ] 2022-01-14 16:26:14 GeoData: Loading 15_25.l2j...
[INFO ] 2022-01-14 16:26:14 GeoData: Loading 15_26.l2j...
[INFO ] 2022-01-14 16:26:14 GeoData: Loading 16_10.l2j...
[INFO ] 2022-01-14 16:26:14 GeoData: Loading 16_11.l2j...
[INFO ] 2022-01-14 16:26:14 GeoData: Loading 16_12.l2j...
[INFO ] 2022-01-14 16:26:14 GeoData: Loading 16_13.l2j...
[INFO ] 2022-01-14 16:26:14 GeoData: Loading 16_14.l2j...
[INFO ] 2022-01-14 16:26:14 GeoData: Loading 16_15.l2j...
[INFO ] 2022-01-14 16:26:14 GeoData: Loading 16_16.l2j...
[INFO ] 2022-01-14 16:26:14 GeoData: Loading 16_17.l2j...
[INFO ] 2022-01-14 16:26:14 GeoData: Loading 16_18.l2j...
[INFO ] 2022-01-14 16:26:14 GeoData: Loading 16_19.l2j...
[INFO ] 2022-01-14 16:26:14 GeoData: Loading 16_20.l2j...
[INFO ] 2022-01-14 16:26:14 GeoData: Loading 16_21.l2j...
[INFO ] 2022-01-14 16:26:14 GeoData: Loading 16_22.l2j...
[INFO ] 2022-01-14 16:26:14 GeoData: Loading 16_23.l2j...
[INFO ] 2022-01-14 16:26:14 GeoData: Loading 16_24.l2j...
[INFO ] 2022-01-14 16:26:14 GeoData: Loading 16_25.l2j...
[INFO ] 2022-01-14 16:26:14 GeoData: Loading 16_26.l2j...
[INFO ] 2022-01-14 16:26:14 GeoData: Loading 17_10.l2j...
[INFO ] 2022-01-14 16:26:14 GeoData: Loading 17_11.l2j...
[INFO ] 2022-01-14 16:26:14 GeoData: Loading 17_12.l2j...
[INFO ] 2022-01-14 16:26:14 GeoData: Loading 17_13.l2j...
[INFO ] 2022-01-14 16:26:14 GeoData: Loading 17_14.l2j...
[INFO ] 2022-01-14 16:26:14 GeoData: Loading 17_15.l2j...
[INFO ] 2022-01-14 16:26:14 GeoData: Loading 17_16.l2j...
[INFO ] 2022-01-14 16:26:14 GeoData: Loading 17_17.l2j...
[INFO ] 2022-01-14 16:26:14 GeoData: Loading 17_18.l2j...
[INFO ] 2022-01-14 16:26:14 GeoData: Loading 17_19.l2j...
[INFO ] 2022-01-14 16:26:14 GeoData: Loading 17_20.l2j...
[INFO ] 2022-01-14 16:26:14 GeoData: Loading 17_21.l2j...
[INFO ] 2022-01-14 16:26:14 GeoData: Loading 17_22.l2j...
[INFO ] 2022-01-14 16:26:14 GeoData: Loading 17_23.l2j...
[INFO ] 2022-01-14 16:26:14 GeoData: Loading 17_24.l2j...
[INFO ] 2022-01-14 16:26:14 GeoData: Loading 17_25.l2j...
[INFO ] 2022-01-14 16:26:14 GeoData: Loading 17_26.l2j...
[INFO ] 2022-01-14 16:26:14 GeoData: Loading 18_10.l2j...
[INFO ] 2022-01-14 16:26:14 GeoData: Loading 18_11.l2j...
[INFO ] 2022-01-14 16:26:14 GeoData: Loading 18_12.l2j...
[INFO ] 2022-01-14 16:26:14 GeoData: Loading 18_13.l2j...
[INFO ] 2022-01-14 16:26:14 GeoData: Loading 18_14.l2j...
[INFO ] 2022-01-14 16:26:14 GeoData: Loading 18_15.l2j...
[INFO ] 2022-01-14 16:26:14 GeoData: Loading 18_16.l2j...
[INFO ] 2022-01-14 16:26:14 GeoData: Loading 18_17.l2j...
[INFO ] 2022-01-14 16:26:14 GeoData: Loading 18_18.l2j...
[INFO ] 2022-01-14 16:26:14 GeoData: Loading 18_19.l2j...
[INFO ] 2022-01-14 16:26:14 GeoData: Loading 18_20.l2j...
[INFO ] 2022-01-14 16:26:15 GeoData: Loading 18_21.l2j...
[INFO ] 2022-01-14 16:26:15 GeoData: Loading 18_22.l2j...
[INFO ] 2022-01-14 16:26:15 GeoData: Loading 18_23.l2j...
[INFO ] 2022-01-14 16:26:15 GeoData: Loading 18_24.l2j...
[INFO ] 2022-01-14 16:26:15 GeoData: Loading 18_25.l2j...
[INFO ] 2022-01-14 16:26:15 GeoData: Loading 18_26.l2j...
[INFO ] 2022-01-14 16:26:15 GeoData: Loading 19_10.l2j...
[INFO ] 2022-01-14 16:26:15 GeoData: Loading 19_11.l2j...
[INFO ] 2022-01-14 16:26:15 GeoData: Loading 19_12.l2j...
[INFO ] 2022-01-14 16:26:15 GeoData: Loading 19_13.l2j...
[INFO ] 2022-01-14 16:26:15 GeoData: Loading 19_14.l2j...
[INFO ] 2022-01-14 16:26:15 GeoData: Loading 19_15.l2j...
[INFO ] 2022-01-14 16:26:15 GeoData: Loading 19_16.l2j...
[INFO ] 2022-01-14 16:26:15 GeoData: Loading 19_17.l2j...
[INFO ] 2022-01-14 16:26:15 GeoData: Loading 19_18.l2j...
[INFO ] 2022-01-14 16:26:15 GeoData: Loading 19_19.l2j...
[INFO ] 2022-01-14 16:26:15 GeoData: Loading 19_20.l2j...
[INFO ] 2022-01-14 16:26:15 GeoData: Loading 19_21.l2j...
[INFO ] 2022-01-14 16:26:15 GeoData: Loading 19_22.l2j...
[INFO ] 2022-01-14 16:26:15 GeoData: Loading 19_23.l2j...
[INFO ] 2022-01-14 16:26:15 GeoData: Loading 19_24.l2j...
[INFO ] 2022-01-14 16:26:15 GeoData: Loading 19_25.l2j...
[INFO ] 2022-01-14 16:26:15 GeoData: Loading 19_26.l2j...
[INFO ] 2022-01-14 16:26:15 GeoData: Loading 20_10.l2j...
[INFO ] 2022-01-14 16:26:15 GeoData: Loading 20_11.l2j...
[INFO ] 2022-01-14 16:26:15 GeoData: Loading 20_12.l2j...
[INFO ] 2022-01-14 16:26:15 GeoData: Loading 20_13.l2j...
[INFO ] 2022-01-14 16:26:15 GeoData: Loading 20_14.l2j...
[INFO ] 2022-01-14 16:26:15 GeoData: Loading 20_15.l2j...
[INFO ] 2022-01-14 16:26:15 GeoData: Loading 20_16.l2j...
[INFO ] 2022-01-14 16:26:15 GeoData: Loading 20_17.l2j...
[INFO ] 2022-01-14 16:26:15 GeoData: Loading 20_18.l2j...
[INFO ] 2022-01-14 16:26:15 GeoData: Loading 20_19.l2j...
[INFO ] 2022-01-14 16:26:15 GeoData: Loading 20_20.l2j...
[INFO ] 2022-01-14 16:26:15 GeoData: Loading 20_21.l2j...
[INFO ] 2022-01-14 16:26:15 GeoData: Loading 20_22.l2j...
[INFO ] 2022-01-14 16:26:15 GeoData: Loading 20_23.l2j...
[INFO ] 2022-01-14 16:26:15 GeoData: Loading 20_24.l2j...
[INFO ] 2022-01-14 16:26:15 GeoData: Loading 20_25.l2j...
[INFO ] 2022-01-14 16:26:15 GeoData: Loading 20_26.l2j...
[INFO ] 2022-01-14 16:26:15 GeoData: Loading 21_10.l2j...
[INFO ] 2022-01-14 16:26:15 GeoData: Loading 21_11.l2j...
[INFO ] 2022-01-14 16:26:15 GeoData: Loading 21_12.l2j...
[INFO ] 2022-01-14 16:26:15 GeoData: Loading 21_13.l2j...
[INFO ] 2022-01-14 16:26:15 GeoData: Loading 21_14.l2j...
[INFO ] 2022-01-14 16:26:15 GeoData: Loading 21_15.l2j...
[INFO ] 2022-01-14 16:26:15 GeoData: Loading 21_16.l2j...
[INFO ] 2022-01-14 16:26:15 GeoData: Loading 21_17.l2j...
[INFO ] 2022-01-14 16:26:15 GeoData: Loading 21_18.l2j...
[INFO ] 2022-01-14 16:26:15 GeoData: Loading 21_19.l2j...
[INFO ] 2022-01-14 16:26:15 GeoData: Loading 21_20.l2j...
[INFO ] 2022-01-14 16:26:15 GeoData: Loading 21_21.l2j...
[INFO ] 2022-01-14 16:26:15 GeoData: Loading 21_22.l2j...
[INFO ] 2022-01-14 16:26:15 GeoData: Loading 21_23.l2j...
[INFO ] 2022-01-14 16:26:15 GeoData: Loading 21_24.l2j...
[INFO ] 2022-01-14 16:26:15 GeoData: Loading 21_25.l2j...
[INFO ] 2022-01-14 16:26:15 GeoData: Loading 22_10.l2j...
[INFO ] 2022-01-14 16:26:15 GeoData: Loading 22_11.l2j...
[INFO ] 2022-01-14 16:26:15 GeoData: Loading 22_12.l2j...
[INFO ] 2022-01-14 16:26:15 GeoData: Loading 22_13.l2j...
[INFO ] 2022-01-14 16:26:15 GeoData: Loading 22_14.l2j...
[INFO ] 2022-01-14 16:26:15 GeoData: Loading 22_15.l2j...
[INFO ] 2022-01-14 16:26:15 GeoData: Loading 22_16.l2j...
[INFO ] 2022-01-14 16:26:15 GeoData: Loading 22_17.l2j...
[INFO ] 2022-01-14 16:26:15 GeoData: Loading 22_18.l2j...
[INFO ] 2022-01-14 16:26:15 GeoData: Loading 22_19.l2j...
[INFO ] 2022-01-14 16:26:15 GeoData: Loading 22_20.l2j...
[INFO ] 2022-01-14 16:26:15 GeoData: Loading 22_21.l2j...
[INFO ] 2022-01-14 16:26:15 GeoData: Loading 22_22.l2j...
[INFO ] 2022-01-14 16:26:15 GeoData: Loading 22_23.l2j...
[INFO ] 2022-01-14 16:26:15 GeoData: Loading 22_24.l2j...
[INFO ] 2022-01-14 16:26:15 GeoData: Loading 22_25.l2j...
[INFO ] 2022-01-14 16:26:15 GeoData: Loading 22_26.l2j...
[INFO ] 2022-01-14 16:26:15 GeoData: Loading 23_10.l2j...
[INFO ] 2022-01-14 16:26:15 GeoData: Loading 23_11.l2j...
[INFO ] 2022-01-14 16:26:16 GeoData: Loading 23_12.l2j...
[INFO ] 2022-01-14 16:26:16 GeoData: Loading 23_13.l2j...
[INFO ] 2022-01-14 16:26:16 GeoData: Loading 23_14.l2j...
[INFO ] 2022-01-14 16:26:16 GeoData: Loading 23_15.l2j...
[INFO ] 2022-01-14 16:26:16 GeoData: Loading 23_16.l2j...
[INFO ] 2022-01-14 16:26:16 GeoData: Loading 23_17.l2j...
[INFO ] 2022-01-14 16:26:16 GeoData: Loading 23_18.l2j...
[INFO ] 2022-01-14 16:26:16 GeoData: Loading 23_19.l2j...
[INFO ] 2022-01-14 16:26:16 GeoData: Loading 23_20.l2j...
[INFO ] 2022-01-14 16:26:16 GeoData: Loading 23_21.l2j...
[INFO ] 2022-01-14 16:26:16 GeoData: Loading 23_22.l2j...
[INFO ] 2022-01-14 16:26:16 GeoData: Loading 23_23.l2j...
[INFO ] 2022-01-14 16:26:16 GeoData: Loading 23_24.l2j...
[INFO ] 2022-01-14 16:26:16 GeoData: Loading 23_25.l2j...
[INFO ] 2022-01-14 16:26:16 GeoData: Loading 23_26.l2j...
[INFO ] 2022-01-14 16:26:16 GeoData: Loading 24_10.l2j...
[INFO ] 2022-01-14 16:26:16 GeoData: Loading 24_11.l2j...
[INFO ] 2022-01-14 16:26:16 GeoData: Loading 24_12.l2j...
[INFO ] 2022-01-14 16:26:16 GeoData: Loading 24_13.l2j...
[INFO ] 2022-01-14 16:26:16 GeoData: Loading 24_14.l2j...
[INFO ] 2022-01-14 16:26:16 GeoData: Loading 24_15.l2j...
[INFO ] 2022-01-14 16:26:16 GeoData: Loading 24_16.l2j...
[INFO ] 2022-01-14 16:26:16 GeoData: Loading 24_17.l2j...
[INFO ] 2022-01-14 16:26:16 GeoData: Loading 24_18.l2j...
[INFO ] 2022-01-14 16:26:16 GeoData: Loading 24_19.l2j...
[INFO ] 2022-01-14 16:26:16 GeoData: Loading 24_20.l2j...
[INFO ] 2022-01-14 16:26:16 GeoData: Loading 24_21.l2j...
[INFO ] 2022-01-14 16:26:16 GeoData: Loading 24_22.l2j...
[INFO ] 2022-01-14 16:26:16 GeoData: Loading 24_23.l2j...
[INFO ] 2022-01-14 16:26:16 GeoData: Loading 24_24.l2j...
[INFO ] 2022-01-14 16:26:16 GeoData: Loading 24_25.l2j...
[INFO ] 2022-01-14 16:26:16 GeoData: Loading 24_26.l2j...
[INFO ] 2022-01-14 16:26:16 GeoData: Loading 25_10.l2j...
[INFO ] 2022-01-14 16:26:16 GeoData: Loading 25_11.l2j...
[INFO ] 2022-01-14 16:26:16 GeoData: Loading 25_12.l2j...
[INFO ] 2022-01-14 16:26:16 GeoData: Loading 25_14.l2j...
[INFO ] 2022-01-14 16:26:16 GeoData: Loading 25_15.l2j...
[INFO ] 2022-01-14 16:26:16 GeoData: Loading 25_16.l2j...
[INFO ] 2022-01-14 16:26:16 GeoData: Loading 25_17.l2j...
[INFO ] 2022-01-14 16:26:16 GeoData: Loading 25_18.l2j...
[INFO ] 2022-01-14 16:26:16 GeoData: Loading 25_19.l2j...
[INFO ] 2022-01-14 16:26:16 GeoData: Loading 25_20.l2j...
[INFO ] 2022-01-14 16:26:16 GeoData: Loading 25_21.l2j...
[INFO ] 2022-01-14 16:26:16 GeoData: Loading 25_22.l2j...
[INFO ] 2022-01-14 16:26:16 GeoData: Loading 25_23.l2j...
[INFO ] 2022-01-14 16:26:16 GeoData: Loading 25_24.l2j...
[INFO ] 2022-01-14 16:26:16 GeoData: Loading 26_11.l2j...
[INFO ] 2022-01-14 16:26:16 GeoData: Loading 26_12.l2j...
[INFO ] 2022-01-14 16:26:16 GeoData: Loading 26_14.l2j...
[INFO ] 2022-01-14 16:26:16 GeoData: Loading 26_15.l2j...
[INFO ] 2022-01-14 16:26:16 GeoData: Loading 26_16.l2j...
[INFO ] 2022-01-14 16:26:16 GeoData: Loaded 203 regions.
[INFO ] 2022-01-14 16:26:16 GameServer: ----------------------------------------------------=[ NPCs ]
[INFO ] 2022-01-14 16:26:16 SkillLearnData: Loaded 256 skill learn data.
[INFO ] 2022-01-14 16:26:16 NpcData$MinionData: Loaded 128 minions data.
[INFO ] 2022-01-14 16:26:19 NpcData: Loaded 10461 NPCs.
[INFO ] 2022-01-14 16:26:19 NpcData: Loaded 14 custom NPCs.
[INFO ] 2022-01-14 16:26:19 WalkingManager: Loaded 127 walking routes.
[INFO ] 2022-01-14 16:26:19 StaticObjectData: Loaded 51 static object templates.
[INFO ] 2022-01-14 16:26:19 GrandBossManager: Queen Ant (29001) status is 0.
[INFO ] 2022-01-14 16:26:19 GrandBossManager: Core (29006) status is 0.
[INFO ] 2022-01-14 16:26:19 GrandBossManager: Orfen (29014) status is 0.
[INFO ] 2022-01-14 16:26:19 GrandBossManager: Baium (29020) status is 3.
[INFO ] 2022-01-14 16:26:19 GrandBossManager: Next spawn date of Baium is 2022-01-15T02:25:55.049-0300.
[INFO ] 2022-01-14 16:26:19 GrandBossManager: Valakas (29028) status is 0.
[INFO ] 2022-01-14 16:26:19 GrandBossManager: Antharas (29068) status is 0.
[INFO ] 2022-01-14 16:26:19 GrandBossManager: Beleth (29118) status is 0.
[INFO ] 2022-01-14 16:26:19 GrandBossManager: Loaded 7 grand boss instances.
[INFO ] 2022-01-14 16:26:20 DoorData: Loaded 1301 door templates for 22 regions.
[INFO ] 2022-01-14 16:26:22 ZoneManager: Loaded 28 zone classes and 2794 zones.
[INFO ] 2022-01-14 16:26:22 ZoneManager: Loaded 0 NPC spawn territoriers.
[INFO ] 2022-01-14 16:26:22 CastleManager: Loaded 9 castles.
[INFO ] 2022-01-14 16:26:22 NpcBufferTable: Loaded 2 buffers and 64 skills.
[INFO ] 2022-01-14 16:26:22 GrandBossManager: Initialized 12 grand boss zones.
[INFO ] 2022-01-14 16:26:22 GameServer: -----------------------------------------=[ Auction Manager ]
[INFO ] 2022-01-14 16:26:22 ItemAuctionInstance: Loaded 82 item(s) and registered 2 auction(s) for NPC ID 32320.
[INFO ] 2022-01-14 16:26:22 ItemAuctionInstance: Schedule next auction ID 5 on 17:00:00 14.01.22 for NPC ID 32320.
[INFO ] 2022-01-14 16:26:22 ItemAuctionInstance: Loaded 82 item(s) and registered 2 auction(s) for NPC ID 32321.
[INFO ] 2022-01-14 16:26:22 ItemAuctionInstance: Schedule next auction ID 6 on 17:00:00 17.01.22 for NPC ID 32321.
[INFO ] 2022-01-14 16:26:22 ItemAuctionInstance: Loaded 82 item(s) and registered 3 auction(s) for NPC ID 32322.
[INFO ] 2022-01-14 16:26:22 ItemAuctionInstance: Schedule next auction ID 7 on 17:00:00 19.01.22 for NPC ID 32322.
[INFO ] 2022-01-14 16:26:22 ItemAuctionManager: Loaded 3 auction manager instance(s).
[INFO ] 2022-01-14 16:26:22 GameServer: ------------------------------------------------=[ Olympiad ]
[INFO ] 2022-01-14 16:26:22 Olympiad: Loading Olympiad System....
[INFO ] 2022-01-14 16:26:22 Olympiad: Currently in Olympiad Period
[INFO ] 2022-01-14 16:26:22 Olympiad: 25653 minutes until period ends
[INFO ] 2022-01-14 16:26:22 Olympiad: Next weekly change is in 5888 minutes
[INFO ] 2022-01-14 16:26:22 Olympiad: Loaded 0 Nobles
[INFO ] 2022-01-14 16:26:22 Olympiad: Competition Period Starts in 0 days, 1 hours and 34 mins.
[INFO ] 2022-01-14 16:26:22 Olympiad: Event starts/started : Fri Jan 14 18:00:22 ART 2022
[INFO ] 2022-01-14 16:26:22 Hero: Loaded 0 Heroes.
[INFO ] 2022-01-14 16:26:22 Hero: Loaded 0 all time Heroes.
[INFO ] 2022-01-14 16:26:22 GameServer: ---------------------------------------------=[ Seven Signs ]
[INFO ] 2022-01-14 16:26:22 SevenSigns: Currently in the Seal Validation period.
[INFO ] 2022-01-14 16:26:22 SevenSigns: The Seal of Avarice remains unclaimed.
[INFO ] 2022-01-14 16:26:22 SevenSigns: The Seal of Gnosis remains unclaimed.
[INFO ] 2022-01-14 16:26:22 SevenSigns: The Seal of Strife remains unclaimed.
[INFO ] 2022-01-14 16:26:22 SevenSigns: The competition ended with a tie last week.
[INFO ] 2022-01-14 16:26:22 SevenSigns: Next period change set to 2022-01-17T18:00:22.675-0300.
[INFO ] 2022-01-14 16:26:22 SevenSigns: Next period begins in 3 days, 1 hours and 33 mins.
[INFO ] 2022-01-14 16:26:22 GameServer: ---------------------------------------------------=[ Cache ]
[INFO ] 2022-01-14 16:26:22 HtmCache: Running lazy cache.
[INFO ] 2022-01-14 16:26:22 CrestTable: Loaded 1 crests.
[INFO ] 2022-01-14 16:26:22 TeleportLocationTable: Loaded 1220 teleport location templates.
[INFO ] 2022-01-14 16:26:22 UIData: Loaded 4 keys 5 categories.
[INFO ] 2022-01-14 16:26:22 AugmentationData: Loaded 33960 augmentations.
[INFO ] 2022-01-14 16:26:22 AugmentationData: Loaded 2754 accessory augmentations.
[INFO ] 2022-01-14 16:26:22 CursedWeaponsManager: Loaded 2 cursed weapon(s).
[INFO ] 2022-01-14 16:26:23 TransformData: Loaded 111 transform templates.
[INFO ] 2022-01-14 16:26:23 BotReportTable: Loaded 0 bot reports.
[INFO ] 2022-01-14 16:26:23 AirShipManager: Loaded 0 private airships.
[INFO ] 2022-01-14 16:26:23 GameServer: ------------------------------------------------=[ Handlers ]
[INFO ] 2022-01-14 16:26:25 MasterHandler: Loaded 8 Voiced Command Handler.
[INFO ] 2022-01-14 16:26:25 MasterHandler: Loaded 10 Action Handler.
[INFO ] 2022-01-14 16:26:25 MasterHandler: Loaded 6 Action Shift Handler.
[INFO ] 2022-01-14 16:26:25 MasterHandler: Loaded 447 Admin Command Handler.
[INFO ] 2022-01-14 16:26:25 MasterHandler: Loaded 48 Bypass Handler.
[INFO ] 2022-01-14 16:26:25 MasterHandler: Loaded 14 Chat Handler.
[INFO ] 2022-01-14 16:26:25 MasterHandler: Loaded 15 Community Board Handler.
[INFO ] 2022-01-14 16:26:25 MasterHandler: Loaded 31 Item Handler.
[INFO ] 2022-01-14 16:26:25 MasterHandler: Loaded 3 Punishment Handler.
[INFO ] 2022-01-14 16:26:25 MasterHandler: Loaded 17 User Command Handler.
[INFO ] 2022-01-14 16:26:25 MasterHandler: Loaded 20 Telnet Handler.
[INFO ] 2022-01-14 16:26:25 GameServer: ------------------------------------------------------=[ AI ]
[INFO ] 2022-01-14 16:26:28 NpcBuffersData: Loaded 33 buffers data.
[INFO ] 2022-01-14 16:26:28 HandysBlockCheckerEvent: Loaded Handy's Block Checker event.
[INFO ] 2022-01-14 16:26:28 AILoader: Loaded 179 AI scripts.
[INFO ] 2022-01-14 16:26:28 GameServer: -----------------------------------------------=[ Instances ]
[INFO ] 2022-01-14 16:26:29 InstanceLoader: Loaded 30 instnaces.
[INFO ] 2022-01-14 16:26:29 GameServer: --------------------------------------------------=[ Gracia ]
[INFO ] 2022-01-14 16:26:30 GraciaLoader: Loaded 28 Gracia scripts.
[INFO ] 2022-01-14 16:26:30 GameServer: -----------------------------------------------=[ Hellbound ]
[INFO ] 2022-01-14 16:26:31 HellboundPointData: Loaded 47 trust point reward data.
[INFO ] 2022-01-14 16:26:31 HellboundSpawns: Loaded 598 Hellbound spawns.
[INFO ] 2022-01-14 16:26:31 HellboundEngine: Level 0.
[INFO ] 2022-01-14 16:26:31 HellboundEngine: Trust 0.
[INFO ] 2022-01-14 16:26:31 HellboundEngine: Status locked.
[INFO ] 2022-01-14 16:26:31 RaidBossSpawnManager: Spawning raid bosses...
[INFO ] 2022-01-14 16:26:31 RaidBossSpawnManager: Loaded 187 bosses.
[INFO ] 2022-01-14 16:26:31 RaidBossSpawnManager: Scheduled 1 boss instances.
[INFO ] 2022-01-14 16:26:31 HellboundLoader: Loaded 34 Hellbound scripts.
[INFO ] 2022-01-14 16:26:31 GameServer: --------------------------------------------------=[ Quests ]
[INFO ] 2022-01-14 16:26:36 Q00350_EnhanceYourWeapon: Loaded 54 soul crystal data.
[INFO ] 2022-01-14 16:26:36 Q00350_EnhanceYourWeapon: Loaded 240 npc leveling data.
[INFO ] 2022-01-14 16:26:36 QuestLoader: Loaded 502 quests.
[INFO ] 2022-01-14 16:26:36 AbstractScript: TerritoryWarSuperClass: Siege date: Sun Jan 16 22:00:00 ART 2022
[INFO ] 2022-01-14 16:26:36 GameServer: -------------------------------------------------=[ Scripts ]
[INFO ] 2022-01-14 16:26:38 ClanHallSiegeEngine: Fortress of the Dead siege scheduled for 2022-01-18T12:00:00.617-0300.
[INFO ] 2022-01-14 16:26:38 DiscordBot: Discord Bot is Disabled.
[INFO ] 2022-01-14 16:26:38 ClanHallSiegeEngine: Beast Farm siege scheduled for 2022-01-18T12:00:00.616-0300.
[INFO ] 2022-01-14 16:26:38 ClanHallSiegeEngine: Rainbow Springs siege scheduled for 2022-01-18T12:00:00.615-0300.
[INFO ] 2022-01-14 16:26:38 TeleporterService: Disabled.
[INFO ] 2022-01-14 16:26:38 BufferService: Loading...
[INFO ] 2022-01-14 16:26:38 ClanHallSiegeEngine: Bandit Stronghold siege scheduled for 2022-01-18T12:00:00.613-0300.
[INFO ] 2022-01-14 16:26:38 ClanHallSiegeEngine: Devastated Castle siege scheduled for 2022-01-18T12:00:00.611-0300.
[INFO ] 2022-01-14 16:26:38 ClanHallSiegeEngine: Fortress of Resistance siege scheduled for 2022-01-18T12:00:00.431-0300.
[INFO ] 2022-01-14 16:26:47 SpawnTable: Loaded 3761 NPC spawns.
[WARN ] 2022-01-14 16:26:47 SpawnTable: Data missing in NPC table for ID 1000004!
[INFO ] 2022-01-14 16:26:47 SpawnTable: Loaded 8 custom NPC spawns.
[INFO ] 2022-01-14 16:26:47 SpawnTable: Loaded 1190 NPC spawns from XML.
[INFO ] 2022-01-14 16:26:47 DayNightSpawnManager: Removed 0 day creatures.
[INFO ] 2022-01-14 16:26:47 DayNightSpawnManager: Spawned 553 night creatures.
[INFO ] 2022-01-14 16:26:47 DayNightSpawnManager: Spawning Hellman raidboss.
[INFO ] 2022-01-14 16:26:47 FourSepulchersManager: Loaded 20 Mysterious-Box spawns.
[INFO ] 2022-01-14 16:26:47 FourSepulchersManager: Loaded 716 Physical type monsters spawns.
[INFO ] 2022-01-14 16:26:47 FourSepulchersManager: Loaded 716 Magical monsters spawns.
[INFO ] 2022-01-14 16:26:47 FourSepulchersManager: Loaded 92 Church of duke monsters spawns.
[INFO ] 2022-01-14 16:26:47 FourSepulchersManager: Loaded 68 Emperor's Grave spawns.
[INFO ] 2022-01-14 16:26:47 FourSepulchersManager: Spawned Conquerors' Sepulcher Manager.
[INFO ] 2022-01-14 16:26:47 FourSepulchersManager: Spawned Emperors' Sepulcher Manager.
[INFO ] 2022-01-14 16:26:47 FourSepulchersManager: Spawned Great Sages' Sepulcher Manager.
[INFO ] 2022-01-14 16:26:47 FourSepulchersManager: Spawned Judges' Sepulcher Manager.
[INFO ] 2022-01-14 16:26:47 FourSepulchersManager: Beginning in attack time.
[INFO ] 2022-01-14 16:26:47 DimensionalRiftManager: Loaded 7 room types with 56 rooms.
[INFO ] 2022-01-14 16:26:47 DimensionalRiftManager: Loaded 462 Dimensional Rift spawns.
[INFO ] 2022-01-14 16:26:47 GameServer: ---------------------------------------------------=[ Siege ]
[INFO ] 2022-01-14 16:26:47 Siege: Siege of Gludio: 2022-01-23T16:00:00.576-0300.
[INFO ] 2022-01-14 16:26:47 Siege: Siege of Dion: 2022-01-23T16:00:00.642-0300.
[INFO ] 2022-01-14 16:26:47 Siege: Siege of Giran: 2022-01-23T16:00:00.653-0300.
[INFO ] 2022-01-14 16:26:47 Siege: Siege of Oren: 2022-01-23T16:00:00.657-0300.
[INFO ] 2022-01-14 16:26:47 Siege: Siege of Aden: 2022-01-23T16:00:00.691-0300.
[INFO ] 2022-01-14 16:26:47 Siege: Siege of Innadril: 2022-01-23T16:00:00.720-0300.
[INFO ] 2022-01-14 16:26:47 Siege: Siege of Goddard: 2022-01-23T16:00:00.719-0300.
[INFO ] 2022-01-14 16:26:47 Siege: Siege of Rune: 2022-01-23T16:00:00.720-0300.
[INFO ] 2022-01-14 16:26:47 Siege: Siege of Schuttgart: 2022-01-23T16:00:00.720-0300.
[INFO ] 2022-01-14 16:26:47 FortManager: Loaded 21 fortress.
[INFO ] 2022-01-14 16:26:48 SiegeScheduleData: Loaded 2 siege schedulers.
[INFO ] 2022-01-14 16:26:48 CastleManorManager: Loaded 258 seeds.
[INFO ] 2022-01-14 16:26:48 CastleManorManager: Manor data loaded.
[INFO ] 2022-01-14 16:26:48 MercTicketManager: Loaded 0 mercenary tickets.
[INFO ] 2022-01-14 16:26:48 AutoSpawnHandler: Loaded 129 handlers.
[INFO ] 2022-01-14 16:26:48 SevenSignsFestival: Initialization bypassed due to Seal Validation in effect.
[INFO ] 2022-01-14 16:26:48 FaenorEventParser: Event Id Valentines Event has passed... Ignored.
[INFO ] 2022-01-14 16:26:48 FaenorScriptEngine: Loaded Valentines.xml successfully.
[INFO ] 2022-01-14 16:26:48 CoupleManager: CoupleManager: Loaded: 0 couples(s)
[INFO ] 2022-01-14 16:26:48 TaskManager: Loaded 12 tasks.
[INFO ] 2022-01-14 16:26:48 MailManager: Successfully loaded 0 messages.
[INFO ] 2022-01-14 16:26:48 PunishmentManager: Loaded 1 active and 0 expired punishments.
[INFO ] 2022-01-14 16:26:48 GameServer: Free Object Ids remaining 1879001888.
[INFO ] 2022-01-14 16:26:48 TvTManager: Started.
[INFO ] 2022-01-14 16:26:48 GameServer: Started, free memory 363 Mb of 2048 Mb
[INFO ] 2022-01-14 16:26:48 LoginServerThread: Connecting to login server on 127.0.0.1:9014
[INFO ] 2022-01-14 16:26:48 GameServer: Now listening on *:7777
[INFO ] 2022-01-14 16:26:48 GameServer: ----------------------------------------------------=[ UPnP ]
[INFO ] 2022-01-14 16:26:48 UPnPService: Looking for UPnP Gateway Devices...
[INFO ] 2022-01-14 16:26:49 LoginServerThread: Registered on login as Server 1: Bartz
[INFO ] 2022-01-14 16:26:58 UPnPService: No UPnP gateways has been found.
[INFO ] 2022-01-14 16:26:58 GameServer: Telnet server is currently disabled.
[INFO ] 2022-01-14 16:26:58 GameServer: Maximum numbers of connected players 500.
[INFO ] 2022-01-14 16:26:58 GameServer: Server Bartz loaded in 63 seconds.
[INFO ] 2022-01-14 16:27:55 L2PcInstance: Master access level set for character Beto Risso [268497202].
[INFO ] 2022-01-14 16:29:05 L2PcInstance: Master access level set for character Beto Risso [268497202].
[INFO ] 2022-01-14 16:35:08 GlobalVariablesManager: Stored 7 variables.
[INFO ] 2022-01-14 16:56:48 TaskSevenSignsUpdate: Data updated successfully.
[INFO ] 2022-01-14 16:59:59 ItemAuctionInstance$ScheduleAuctionTask: Auction ID 5 has started for NPC ID 32320.
[INFO ] 2022-01-14 16:59:59 ItemAuctionInstance: Schedule current auction ID 5 for NPC ID 32320.
[INFO ] 2022-01-14 17:00:00 DayNightSpawnManager: Removed 553 night creatures.
[INFO ] 2022-01-14 17:00:00 DayNightSpawnManager: Spawned 232 day creatures.
[INFO ] 2022-01-14 17:00:00 DayNightSpawnManager: Deleting Hellman raidboss.
[INFO ] 2022-01-14 17:05:08 GlobalVariablesManager: Stored 7 variables.
[INFO ] 2022-01-14 17:06:38 L2PcInstance: Decreasing Skill Create Common Item(1320,9) to 1 for asdasd [268482248]
[INFO ] 2022-01-14 17:06:38 L2PcInstance: Removing Skill Expertise S84(239,5), from asdasd [268482248]
[INFO ] 2022-01-14 17:26:48 TaskSevenSignsUpdate: Data updated successfully.
[INFO ] 2022-01-14 17:35:08 GlobalVariablesManager: Stored 7 variables.
[INFO ] 2022-01-14 17:56:48 TaskSevenSignsUpdate: Data updated successfully.
[INFO ] 2022-01-14 18:00:22 Olympiad: Olympiad Game Started
[INFO ] 2022-01-14 18:00:22 OlympiadGameManager: Loaded 160 stadiums.
[INFO ] 2022-01-14 18:05:08 GlobalVariablesManager: Stored 7 variables.
[INFO ] 2022-01-14 18:11:48 TaskOlympiadSave: Data updated.
[INFO ] 2022-01-14 18:26:48 TaskSevenSignsUpdate: Data updated successfully.
[INFO ] 2022-01-14 18:35:08 GlobalVariablesManager: Stored 7 variables.
[INFO ] 2022-01-14 18:41:47 TaskOlympiadSave: Data updated.
[INFO ] 2022-01-14 18:56:47 TaskSevenSignsUpdate: Data updated successfully.
[INFO ] 2022-01-14 19:05:07 GlobalVariablesManager: Stored 7 variables.
[INFO ] 2022-01-14 19:11:47 TaskOlympiadSave: Data updated.
[INFO ] 2022-01-14 19:26:47 TaskSevenSignsUpdate: Data updated successfully.
[INFO ] 2022-01-14 19:35:07 GlobalVariablesManager: Stored 7 variables.
[INFO ] 2022-01-14 19:41:47 TaskOlympiadSave: Data updated.
[INFO ] 2022-01-14 19:56:47 TaskSevenSignsUpdate: Data updated successfully.
[INFO ] 2022-01-14 20:00:00 DayNightSpawnManager: Removed 232 day creatures.
[INFO ] 2022-01-14 20:00:00 DayNightSpawnManager: Spawned 553 night creatures.
[INFO ] 2022-01-14 20:00:00 DayNightSpawnManager: Spawning Hellman raidboss.
[INFO ] 2022-01-14 20:05:07 GlobalVariablesManager: Stored 7 variables.
[INFO ] 2022-01-14 20:11:47 TaskOlympiadSave: Data updated.
[INFO ] 2022-01-14 20:26:47 TaskSevenSignsUpdate: Data updated successfully.
[INFO ] 2022-01-14 20:35:07 GlobalVariablesManager: Stored 7 variables.
[INFO ] 2022-01-14 20:41:47 TaskOlympiadSave: Data updated.
[INFO ] 2022-01-14 20:56:47 TaskSevenSignsUpdate: Data updated successfully.
[INFO ] 2022-01-14 21:00:00 DayNightSpawnManager: Removed 553 night creatures.
[INFO ] 2022-01-14 21:00:00 DayNightSpawnManager: Spawned 232 day creatures.
[INFO ] 2022-01-14 21:00:00 DayNightSpawnManager: Deleting Hellman raidboss.
[INFO ] 2022-01-14 21:03:47 TvTManager: Lack of registration, abort event.
[INFO ] 2022-01-14 21:05:07 GlobalVariablesManager: Stored 7 variables.
[INFO ] 2022-01-14 21:11:47 TaskOlympiadSave: Data updated.
[INFO ] 2022-01-14 21:26:47 TaskSevenSignsUpdate: Data updated successfully.
[INFO ] 2022-01-14 21:35:07 GlobalVariablesManager: Stored 7 variables.
[INFO ] 2022-01-14 21:41:47 TaskOlympiadSave: Data updated.
[INFO ] 2022-01-14 21:56:47 TaskSevenSignsUpdate: Data updated successfully.
[INFO ] 2022-01-14 21:59:59 ItemAuctionInstance: Auction ID 5 has finished. There have not been any bid for instance ID 32320.
[INFO ] 2022-01-14 21:59:59 ItemAuctionInstance: Schedule next auction ID 8 on 17:00:00 21.01.22 for NPC ID 32320.
[INFO ] 2022-01-14 22:05:07 GlobalVariablesManager: Stored 7 variables.
[INFO ] 2022-01-14 22:11:47 TaskOlympiadSave: Data updated.
[INFO ] 2022-01-14 22:26:47 TaskSevenSignsUpdate: Data updated successfully.
[INFO ] 2022-01-14 22:35:07 GlobalVariablesManager: Stored 7 variables.
[INFO ] 2022-01-14 22:41:47 TaskOlympiadSave: Data updated.
[INFO ] 2022-01-14 22:56:47 TaskSevenSignsUpdate: Data updated successfully.
[INFO ] 2022-01-14 23:05:07 GlobalVariablesManager: Stored 7 variables.
[INFO ] 2022-01-14 23:11:47 TaskOlympiadSave: Data updated.
[INFO ] 2022-01-14 23:26:47 TaskSevenSignsUpdate: Data updated successfully.
[INFO ] 2022-01-14 23:35:07 GlobalVariablesManager: Stored 7 variables.
[INFO ] 2022-01-14 23:41:47 TaskOlympiadSave: Data updated.
[INFO ] 2022-01-14 23:56:47 TaskSevenSignsUpdate: Data updated successfully.
[INFO ] 2022-01-15 00:00:00 DayNightSpawnManager: Removed 232 day creatures.
[INFO ] 2022-01-15 00:00:00 DayNightSpawnManager: Spawned 553 night creatures.
[INFO ] 2022-01-15 00:00:00 DayNightSpawnManager: Spawning Hellman raidboss.
[INFO ] 2022-01-15 00:00:22 Olympiad: Olympiad Game Ended
[INFO ] 2022-01-15 00:00:22 Olympiad: Competition Period Starts in 0 days, 18 hours and 0 mins.
[INFO ] 2022-01-15 00:00:22 Olympiad: Event starts/started : Sat Jan 15 18:00:22 ART 2022
[INFO ] 2022-01-15 00:05:07 GlobalVariablesManager: Stored 7 variables.
[INFO ] 2022-01-15 00:26:47 TaskSevenSignsUpdate: Data updated successfully.
[INFO ] 2022-01-15 00:35:07 GlobalVariablesManager: Stored 7 variables.
[INFO ] 2022-01-15 00:56:47 TaskSevenSignsUpdate: Data updated successfully.
[INFO ] 2022-01-15 01:00:00 DayNightSpawnManager: Removed 553 night creatures.
[INFO ] 2022-01-15 01:00:00 DayNightSpawnManager: Spawned 232 day creatures.
[INFO ] 2022-01-15 01:00:00 DayNightSpawnManager: Deleting Hellman raidboss.
[INFO ] 2022-01-15 01:05:07 GlobalVariablesManager: Stored 7 variables.
[INFO ] 2022-01-15 01:26:47 TaskSevenSignsUpdate: Data updated successfully.
[INFO ] 2022-01-15 01:35:07 GlobalVariablesManager: Stored 7 variables.
[INFO ] 2022-01-15 01:56:47 TaskSevenSignsUpdate: Data updated successfully.
[INFO ] 2022-01-15 02:05:07 GlobalVariablesManager: Stored 7 variables.
[INFO ] 2022-01-15 02:25:54 GrandBossManager: Updated Baium (29020) status to 0.
[INFO ] 2022-01-15 02:26:47 TaskSevenSignsUpdate: Data updated successfully.
[INFO ] 2022-01-15 02:35:07 GlobalVariablesManager: Stored 7 variables.
[INFO ] 2022-01-15 02:56:47 TaskSevenSignsUpdate: Data updated successfully.
[INFO ] 2022-01-15 03:03:47 TvTManager: Lack of registration, abort event.
[INFO ] 2022-01-15 03:05:07 GlobalVariablesManager: Stored 7 variables.
[INFO ] 2022-01-15 03:26:47 TaskSevenSignsUpdate: Data updated successfully.
[INFO ] 2022-01-15 03:35:07 GlobalVariablesManager: Stored 7 variables.
[INFO ] 2022-01-15 03:56:47 TaskSevenSignsUpdate: Data updated successfully.
[INFO ] 2022-01-15 04:00:00 DayNightSpawnManager: Removed 232 day creatures.
[INFO ] 2022-01-15 04:00:00 DayNightSpawnManager: Spawned 553 night creatures.
[INFO ] 2022-01-15 04:00:00 DayNightSpawnManager: Spawning Hellman raidboss.
[INFO ] 2022-01-15 04:05:07 GlobalVariablesManager: Stored 7 variables.
[INFO ] 2022-01-15 04:26:47 TaskSevenSignsUpdate: Data updated successfully.
[INFO ] 2022-01-15 04:35:07 GlobalVariablesManager: Stored 7 variables.
[INFO ] 2022-01-15 04:56:47 TaskSevenSignsUpdate: Data updated successfully.
[INFO ] 2022-01-15 05:00:00 DayNightSpawnManager: Removed 553 night creatures.
[INFO ] 2022-01-15 05:00:00 DayNightSpawnManager: Spawned 232 day creatures.
[INFO ] 2022-01-15 05:00:00 DayNightSpawnManager: Deleting Hellman raidboss.
[INFO ] 2022-01-15 05:05:07 GlobalVariablesManager: Stored 7 variables.
[INFO ] 2022-01-15 05:26:47 TaskSevenSignsUpdate: Data updated successfully.
[INFO ] 2022-01-15 05:35:07 GlobalVariablesManager: Stored 7 variables.
[INFO ] 2022-01-15 05:56:47 TaskSevenSignsUpdate: Data updated successfully.
[INFO ] 2022-01-15 06:05:07 GlobalVariablesManager: Stored 7 variables.
[INFO ] 2022-01-15 06:26:47 TaskSevenSignsUpdate: Data updated successfully.
[INFO ] 2022-01-15 06:29:59 TaskBirthday: 0 gifts sent.
[INFO ] 2022-01-15 06:29:59 TaskDailySkillReuseClean: Daily skill reuse cleaned.
[INFO ] 2022-01-15 06:29:59 TaskRecom: Recommendations system reset.
[INFO ] 2022-01-15 06:35:07 GlobalVariablesManager: Stored 7 variables.
[INFO ] 2022-01-15 06:56:47 TaskSevenSignsUpdate: Data updated successfully.
[INFO ] 2022-01-15 07:05:07 GlobalVariablesManager: Stored 7 variables.
[INFO ] 2022-01-15 07:26:47 TaskSevenSignsUpdate: Data updated successfully.
[INFO ] 2022-01-15 07:35:07 GlobalVariablesManager: Stored 7 variables.
[INFO ] 2022-01-15 07:56:47 TaskSevenSignsUpdate: Data updated successfully.
[INFO ] 2022-01-15 08:00:00 DayNightSpawnManager: Removed 232 day creatures.
[INFO ] 2022-01-15 08:00:00 DayNightSpawnManager: Spawned 553 night creatures.
[INFO ] 2022-01-15 08:00:00 DayNightSpawnManager: Spawning Hellman raidboss.
[INFO ] 2022-01-15 08:05:07 GlobalVariablesManager: Stored 7 variables.
[INFO ] 2022-01-15 08:26:47 TaskSevenSignsUpdate: Data updated successfully.
[INFO ] 2022-01-15 08:35:07 GlobalVariablesManager: Stored 7 variables.
[INFO ] 2022-01-15 08:56:47 TaskSevenSignsUpdate: Data updated successfully.
[INFO ] 2022-01-15 09:00:00 DayNightSpawnManager: Removed 553 night creatures.
[INFO ] 2022-01-15 09:00:00 DayNightSpawnManager: Spawned 232 day creatures.
[INFO ] 2022-01-15 09:00:00 DayNightSpawnManager: Deleting Hellman raidboss.
[INFO ] 2022-01-15 09:03:47 TvTManager: Lack of registration, abort event.
[INFO ] 2022-01-15 09:05:07 GlobalVariablesManager: Stored 7 variables.
[INFO ] 2022-01-15 09:26:47 TaskSevenSignsUpdate: Data updated successfully.
[INFO ] 2022-01-15 09:35:07 GlobalVariablesManager: Stored 7 variables.
[INFO ] 2022-01-15 09:56:47 TaskSevenSignsUpdate: Data updated successfully.
[INFO ] 2022-01-15 10:05:07 GlobalVariablesManager: Stored 7 variables.
[INFO ] 2022-01-15 10:26:47 TaskSevenSignsUpdate: Data updated successfully.
[INFO ] 2022-01-15 10:35:07 GlobalVariablesManager: Stored 7 variables.
[INFO ] 2022-01-15 10:56:47 TaskSevenSignsUpdate: Data updated successfully.
[INFO ] 2022-01-15 11:05:07 GlobalVariablesManager: Stored 7 variables.
[INFO ] 2022-01-15 11:26:47 TaskSevenSignsUpdate: Data updated successfully.
[INFO ] 2022-01-15 11:35:07 GlobalVariablesManager: Stored 7 variables.
[INFO ] 2022-01-15 11:56:47 TaskSevenSignsUpdate: Data updated successfully.
[INFO ] 2022-01-15 12:00:00 DayNightSpawnManager: Removed 232 day creatures.
[INFO ] 2022-01-15 12:00:00 DayNightSpawnManager: Spawned 553 night creatures.
[INFO ] 2022-01-15 12:00:00 DayNightSpawnManager: Spawning Hellman raidboss.
[INFO ] 2022-01-15 12:05:07 GlobalVariablesManager: Stored 7 variables.
[INFO ] 2022-01-15 12:26:47 TaskSevenSignsUpdate: Data updated successfully.
[INFO ] 2022-01-15 12:35:07 GlobalVariablesManager: Stored 7 variables.
[INFO ] 2022-01-15 12:56:47 TaskSevenSignsUpdate: Data updated successfully.
[INFO ] 2022-01-15 13:00:00 DayNightSpawnManager: Removed 553 night creatures.
[INFO ] 2022-01-15 13:00:00 DayNightSpawnManager: Spawned 232 day creatures.
[INFO ] 2022-01-15 13:00:00 DayNightSpawnManager: Deleting Hellman raidboss.
[INFO ] 2022-01-15 13:05:07 GlobalVariablesManager: Stored 7 variables.
[INFO ] 2022-01-15 13:26:47 TaskSevenSignsUpdate: Data updated successfully.
[INFO ] 2022-01-15 13:35:07 GlobalVariablesManager: Stored 7 variables.
[INFO ] 2022-01-15 13:56:47 TaskSevenSignsUpdate: Data updated successfully.
[INFO ] 2022-01-15 14:05:07 GlobalVariablesManager: Stored 7 variables.
[INFO ] 2022-01-15 14:26:47 TaskSevenSignsUpdate: Data updated successfully.
[INFO ] 2022-01-15 14:35:07 GlobalVariablesManager: Stored 7 variables.
[INFO ] 2022-01-15 14:56:47 TaskSevenSignsUpdate: Data updated successfully.
[INFO ] 2022-01-15 15:03:47 TvTManager: Lack of registration, abort event.
[INFO ] 2022-01-15 15:05:07 GlobalVariablesManager: Stored 7 variables.
[INFO ] 2022-01-15 15:26:47 TaskSevenSignsUpdate: Data updated successfully.
[INFO ] 2022-01-15 15:35:07 GlobalVariablesManager: Stored 7 variables.
[INFO ] 2022-01-15 15:56:47 TaskSevenSignsUpdate: Data updated successfully.
[INFO ] 2022-01-15 16:00:00 DayNightSpawnManager: Removed 232 day creatures.
[INFO ] 2022-01-15 16:00:00 DayNightSpawnManager: Spawned 553 night creatures.
[INFO ] 2022-01-15 16:00:00 DayNightSpawnManager: Spawning Hellman raidboss.
[INFO ] 2022-01-15 16:05:07 GlobalVariablesManager: Stored 7 variables.
[INFO ] 2022-01-15 16:26:47 TaskSevenSignsUpdate: Data updated successfully.
[INFO ] 2022-01-15 16:35:07 GlobalVariablesManager: Stored 7 variables.
[INFO ] 2022-01-15 16:56:47 TaskSevenSignsUpdate: Data updated successfully.
[INFO ] 2022-01-15 17:00:00 DayNightSpawnManager: Removed 553 night creatures.
[INFO ] 2022-01-15 17:00:00 DayNightSpawnManager: Spawned 232 day creatures.
[INFO ] 2022-01-15 17:00:00 DayNightSpawnManager: Deleting Hellman raidboss.
[INFO ] 2022-01-15 17:05:07 GlobalVariablesManager: Stored 7 variables.
[INFO ] 2022-01-15 17:26:47 TaskSevenSignsUpdate: Data updated successfully.
[INFO ] 2022-01-15 17:35:07 GlobalVariablesManager: Stored 7 variables.
[INFO ] 2022-01-15 17:56:47 TaskSevenSignsUpdate: Data updated successfully.
[INFO ] 2022-01-15 18:00:21 Olympiad: Olympiad Game Started
[INFO ] 2022-01-15 18:05:07 GlobalVariablesManager: Stored 7 variables.
[INFO ] 2022-01-15 18:11:47 TaskOlympiadSave: Data updated.
[INFO ] 2022-01-15 18:26:47 TaskSevenSignsUpdate: Data updated successfully.
[INFO ] 2022-01-15 18:35:07 GlobalVariablesManager: Stored 7 variables.
[INFO ] 2022-01-15 18:41:47 TaskOlympiadSave: Data updated.
[INFO ] 2022-01-15 18:56:47 TaskSevenSignsUpdate: Data updated successfully.
[INFO ] 2022-01-15 19:05:07 GlobalVariablesManager: Stored 7 variables.
[INFO ] 2022-01-15 19:11:47 TaskOlympiadSave: Data updated.
[INFO ] 2022-01-15 19:26:47 TaskSevenSignsUpdate: Data updated successfully.
[INFO ] 2022-01-15 19:35:07 GlobalVariablesManager: Stored 7 variables.
[INFO ] 2022-01-15 19:41:47 TaskOlympiadSave: Data updated.
[INFO ] 2022-01-15 19:56:47 TaskSevenSignsUpdate: Data updated successfully.
[INFO ] 2022-01-15 20:00:00 DayNightSpawnManager: Removed 232 day creatures.
[INFO ] 2022-01-15 20:00:00 DayNightSpawnManager: Spawned 553 night creatures.
[INFO ] 2022-01-15 20:00:00 DayNightSpawnManager: Spawning Hellman raidboss.
[INFO ] 2022-01-15 20:05:07 GlobalVariablesManager: Stored 7 variables.
[INFO ] 2022-01-15 20:11:47 TaskOlympiadSave: Data updated.
[INFO ] 2022-01-15 20:26:47 TaskSevenSignsUpdate: Data updated successfully.
[INFO ] 2022-01-15 20:35:07 GlobalVariablesManager: Stored 7 variables.
[INFO ] 2022-01-15 20:41:47 TaskOlympiadSave: Data updated.
[INFO ] 2022-01-15 20:56:47 TaskSevenSignsUpdate: Data updated successfully.
[INFO ] 2022-01-15 21:00:00 DayNightSpawnManager: Removed 553 night creatures.
[INFO ] 2022-01-15 21:00:00 DayNightSpawnManager: Spawned 232 day creatures.
[INFO ] 2022-01-15 21:00:00 DayNightSpawnManager: Deleting Hellman raidboss.
[INFO ] 2022-01-15 21:03:47 TvTManager: Lack of registration, abort event.
[INFO ] 2022-01-15 21:05:07 GlobalVariablesManager: Stored 7 variables.
[INFO ] 2022-01-15 21:11:47 TaskOlympiadSave: Data updated.
[INFO ] 2022-01-15 21:12:13 L2PcInstance: Master access level set for character Beto Risso [268497202].
[INFO ] 2022-01-15 21:26:47 TaskSevenSignsUpdate: Data updated successfully.
[INFO ] 2022-01-15 21:35:07 GlobalVariablesManager: Stored 7 variables.
[INFO ] 2022-01-15 21:41:47 TaskOlympiadSave: Data updated.
[INFO ] 2022-01-15 21:56:47 TaskSevenSignsUpdate: Data updated successfully.
[INFO ] 2022-01-15 22:05:07 GlobalVariablesManager: Stored 7 variables.
[INFO ] 2022-01-15 22:11:47 TaskOlympiadSave: Data updated.
[INFO ] 2022-01-15 22:26:47 TaskSevenSignsUpdate: Data updated successfully.
[INFO ] 2022-01-15 22:35:07 GlobalVariablesManager: Stored 7 variables.
[INFO ] 2022-01-15 22:41:47 TaskOlympiadSave: Data updated.
[INFO ] 2022-01-15 22:56:47 TaskSevenSignsUpdate: Data updated successfully.
[INFO ] 2022-01-15 23:05:07 GlobalVariablesManager: Stored 7 variables.
[INFO ] 2022-01-15 23:11:47 TaskOlympiadSave: Data updated.
[INFO ] 2022-01-15 23:26:47 TaskSevenSignsUpdate: Data updated successfully.
[INFO ] 2022-01-15 23:35:07 GlobalVariablesManager: Stored 7 variables.
[INFO ] 2022-01-15 23:41:47 TaskOlympiadSave: Data updated.
[INFO ] 2022-01-15 23:56:47 TaskSevenSignsUpdate: Data updated successfully.
[INFO ] 2022-01-16 00:00:00 DayNightSpawnManager: Removed 232 day creatures.
[INFO ] 2022-01-16 00:00:00 DayNightSpawnManager: Spawned 553 night creatures.
[INFO ] 2022-01-16 00:00:00 DayNightSpawnManager: Spawning Hellman raidboss.
[INFO ] 2022-01-16 00:00:22 Olympiad: Olympiad Game Ended
[INFO ] 2022-01-16 00:00:22 Olympiad: Competition Period Starts in 0 days, 18 hours and 0 mins.
[INFO ] 2022-01-16 00:00:22 Olympiad: Event starts/started : Sun Jan 16 18:00:22 ART 2022
[INFO ] 2022-01-16 00:05:07 GlobalVariablesManager: Stored 7 variables.
[INFO ] 2022-01-16 00:26:47 TaskSevenSignsUpdate: Data updated successfully.
[INFO ] 2022-01-16 00:35:07 GlobalVariablesManager: Stored 7 variables.
[INFO ] 2022-01-16 00:56:47 TaskSevenSignsUpdate: Data updated successfully.
[INFO ] 2022-01-16 01:00:00 DayNightSpawnManager: Removed 553 night creatures.
[INFO ] 2022-01-16 01:00:00 DayNightSpawnManager: Spawned 232 day creatures.
[INFO ] 2022-01-16 01:00:00 DayNightSpawnManager: Deleting Hellman raidboss.
[INFO ] 2022-01-16 01:05:07 GlobalVariablesManager: Stored 7 variables.
[INFO ] 2022-01-16 01:26:47 TaskSevenSignsUpdate: Data updated successfully.
[INFO ] 2022-01-16 01:35:07 GlobalVariablesManager: Stored 7 variables.
[INFO ] 2022-01-16 01:56:47 TaskSevenSignsUpdate: Data updated successfully.
[INFO ] 2022-01-16 02:05:07 GlobalVariablesManager: Stored 7 variables.
[INFO ] 2022-01-16 02:26:47 TaskSevenSignsUpdate: Data updated successfully.
[INFO ] 2022-01-16 02:35:07 GlobalVariablesManager: Stored 7 variables.
[INFO ] 2022-01-16 02:56:47 TaskSevenSignsUpdate: Data updated successfully.
[INFO ] 2022-01-16 03:03:46 TvTManager: Lack of registration, abort event.
[INFO ] 2022-01-16 03:05:07 GlobalVariablesManager: Stored 7 variables.
[INFO ] 2022-01-16 03:26:47 TaskSevenSignsUpdate: Data updated successfully.
[INFO ] 2022-01-16 03:35:07 GlobalVariablesManager: Stored 7 variables.
[INFO ] 2022-01-16 03:56:47 TaskSevenSignsUpdate: Data updated successfully.
[INFO ] 2022-01-16 04:00:00 DayNightSpawnManager: Removed 232 day creatures.
[INFO ] 2022-01-16 04:00:00 DayNightSpawnManager: Spawned 553 night creatures.
[INFO ] 2022-01-16 04:00:00 DayNightSpawnManager: Spawning Hellman raidboss.
[INFO ] 2022-01-16 04:05:07 GlobalVariablesManager: Stored 7 variables.
[INFO ] 2022-01-16 04:26:47 TaskSevenSignsUpdate: Data updated successfully.
[INFO ] 2022-01-16 04:35:07 GlobalVariablesManager: Stored 7 variables.
[INFO ] 2022-01-16 04:56:46 TaskSevenSignsUpdate: Data updated successfully.
[INFO ] 2022-01-16 05:00:00 DayNightSpawnManager: Removed 553 night creatures.
[INFO ] 2022-01-16 05:00:00 DayNightSpawnManager: Spawned 232 day creatures.
[INFO ] 2022-01-16 05:00:00 DayNightSpawnManager: Deleting Hellman raidboss.
[INFO ] 2022-01-16 05:05:07 GlobalVariablesManager: Stored 7 variables.
[INFO ] 2022-01-16 05:26:46 TaskSevenSignsUpdate: Data updated successfully.
[INFO ] 2022-01-16 05:35:06 GlobalVariablesManager: Stored 7 variables.
[INFO ] 2022-01-16 05:56:46 TaskSevenSignsUpdate: Data updated successfully.
[INFO ] 2022-01-16 06:05:06 GlobalVariablesManager: Stored 7 variables.
[INFO ] 2022-01-16 06:26:46 TaskSevenSignsUpdate: Data updated successfully.
[INFO ] 2022-01-16 06:29:58 TaskBirthday: 0 gifts sent.
[INFO ] 2022-01-16 06:29:58 TaskDailySkillReuseClean: Daily skill reuse cleaned.
[INFO ] 2022-01-16 06:29:58 TaskRecom: Recommendations system reset.
[INFO ] 2022-01-16 06:35:06 GlobalVariablesManager: Stored 7 variables.
[INFO ] 2022-01-16 06:56:46 TaskSevenSignsUpdate: Data updated successfully.
[INFO ] 2022-01-16 07:05:06 GlobalVariablesManager: Stored 7 variables.
[INFO ] 2022-01-16 07:26:46 TaskSevenSignsUpdate: Data updated successfully.
[INFO ] 2022-01-16 07:35:06 GlobalVariablesManager: Stored 7 variables.
[INFO ] 2022-01-16 07:56:46 TaskSevenSignsUpdate: Data updated successfully.
[INFO ] 2022-01-16 08:00:00 DayNightSpawnManager: Removed 232 day creatures.
[INFO ] 2022-01-16 08:00:00 DayNightSpawnManager: Spawned 553 night creatures.
[INFO ] 2022-01-16 08:00:00 DayNightSpawnManager: Spawning Hellman raidboss.
[INFO ] 2022-01-16 08:05:06 GlobalVariablesManager: Stored 7 variables.
[INFO ] 2022-01-16 08:26:46 TaskSevenSignsUpdate: Data updated successfully.
[INFO ] 2022-01-16 08:35:06 GlobalVariablesManager: Stored 7 variables.
[INFO ] 2022-01-16 08:56:46 TaskSevenSignsUpdate: Data updated successfully.
[INFO ] 2022-01-16 09:00:00 DayNightSpawnManager: Removed 553 night creatures.
[INFO ] 2022-01-16 09:00:00 DayNightSpawnManager: Spawned 232 day creatures.
[INFO ] 2022-01-16 09:00:00 DayNightSpawnManager: Deleting Hellman raidboss.
[INFO ] 2022-01-16 09:03:46 TvTManager: Lack of registration, abort event.
[INFO ] 2022-01-16 09:05:06 GlobalVariablesManager: Stored 7 variables.
[INFO ] 2022-01-16 09:26:46 TaskSevenSignsUpdate: Data updated successfully.
[INFO ] 2022-01-16 09:35:06 GlobalVariablesManager: Stored 7 variables.
[INFO ] 2022-01-16 09:56:46 TaskSevenSignsUpdate: Data updated successfully.
[INFO ] 2022-01-16 10:05:06 GlobalVariablesManager: Stored 7 variables.
[INFO ] 2022-01-16 10:26:46 TaskSevenSignsUpdate: Data updated successfully.
[INFO ] 2022-01-16 10:35:06 GlobalVariablesManager: Stored 7 variables.
[INFO ] 2022-01-16 10:56:46 TaskSevenSignsUpdate: Data updated successfully.
[INFO ] 2022-01-16 11:05:06 GlobalVariablesManager: Stored 7 variables.
[INFO ] 2022-01-16 11:26:46 TaskSevenSignsUpdate: Data updated successfully.
[INFO ] 2022-01-16 11:35:06 GlobalVariablesManager: Stored 7 variables.
[INFO ] 2022-01-16 11:56:46 TaskSevenSignsUpdate: Data updated successfully.
[INFO ] 2022-01-16 12:00:00 DayNightSpawnManager: Removed 232 day creatures.
[INFO ] 2022-01-16 12:00:00 DayNightSpawnManager: Spawned 553 night creatures.
[INFO ] 2022-01-16 12:00:00 DayNightSpawnManager: Spawning Hellman raidboss.
[INFO ] 2022-01-16 12:05:06 GlobalVariablesManager: Stored 7 variables.
[INFO ] 2022-01-16 12:26:46 TaskSevenSignsUpdate: Data updated successfully.
[INFO ] 2022-01-16 12:35:06 GlobalVariablesManager: Stored 7 variables.
[INFO ] 2022-01-16 12:56:46 TaskSevenSignsUpdate: Data updated successfully.
[INFO ] 2022-01-16 13:00:00 DayNightSpawnManager: Removed 553 night creatures.
[INFO ] 2022-01-16 13:00:00 DayNightSpawnManager: Spawned 232 day creatures.
[INFO ] 2022-01-16 13:00:00 DayNightSpawnManager: Deleting Hellman raidboss.
[INFO ] 2022-01-16 13:05:06 GlobalVariablesManager: Stored 7 variables.
[INFO ] 2022-01-16 13:26:46 TaskSevenSignsUpdate: Data updated successfully.
[INFO ] 2022-01-16 13:35:06 GlobalVariablesManager: Stored 7 variables.
[INFO ] 2022-01-16 13:51:16 RaidBossSpawnManager$SpawnSchedule: Spawning Raid Boss Typhoon.
[INFO ] 2022-01-16 13:56:46 TaskSevenSignsUpdate: Data updated successfully.
[INFO ] 2022-01-16 14:05:06 GlobalVariablesManager: Stored 7 variables.
[INFO ] 2022-01-16 14:26:46 TaskSevenSignsUpdate: Data updated successfully.
[INFO ] 2022-01-16 14:35:06 GlobalVariablesManager: Stored 7 variables.
[INFO ] 2022-01-16 14:56:46 TaskSevenSignsUpdate: Data updated successfully.
[INFO ] 2022-01-16 15:03:46 TvTManager: Lack of registration, abort event.
[INFO ] 2022-01-16 15:05:06 GlobalVariablesManager: Stored 7 variables.
[INFO ] 2022-01-16 15:26:46 TaskSevenSignsUpdate: Data updated successfully.
[INFO ] 2022-01-16 15:35:06 GlobalVariablesManager: Stored 7 variables.
[INFO ] 2022-01-16 15:56:46 TaskSevenSignsUpdate: Data updated successfully.
[INFO ] 2022-01-16 16:00:00 DayNightSpawnManager: Removed 232 day creatures.
[INFO ] 2022-01-16 16:00:00 DayNightSpawnManager: Spawned 553 night creatures.
[INFO ] 2022-01-16 16:00:00 DayNightSpawnManager: Spawning Hellman raidboss.
[INFO ] 2022-01-16 16:05:06 GlobalVariablesManager: Stored 7 variables.
[INFO ] 2022-01-16 16:26:46 TaskSevenSignsUpdate: Data updated successfully.
[INFO ] 2022-01-16 16:35:06 GlobalVariablesManager: Stored 7 variables.
[INFO ] 2022-01-16 16:56:46 TaskSevenSignsUpdate: Data updated successfully.
[INFO ] 2022-01-16 17:00:00 DayNightSpawnManager: Removed 553 night creatures.
[INFO ] 2022-01-16 17:00:00 DayNightSpawnManager: Spawned 232 day creatures.
[INFO ] 2022-01-16 17:00:00 DayNightSpawnManager: Deleting Hellman raidboss.
[INFO ] 2022-01-16 17:05:06 GlobalVariablesManager: Stored 7 variables.
[INFO ] 2022-01-16 17:26:46 TaskSevenSignsUpdate: Data updated successfully.
[INFO ] 2022-01-16 17:35:07 GlobalVariablesManager: Stored 7 variables.
[INFO ] 2022-01-16 17:56:46 TaskSevenSignsUpdate: Data updated successfully.
[INFO ] 2022-01-16 18:00:21 Olympiad: Olympiad Game Started
[INFO ] 2022-01-16 18:05:06 GlobalVariablesManager: Stored 7 variables.
[INFO ] 2022-01-16 18:11:46 TaskOlympiadSave: Data updated.
[INFO ] 2022-01-16 18:26:46 TaskSevenSignsUpdate: Data updated successfully.
[INFO ] 2022-01-16 18:35:06 GlobalVariablesManager: Stored 7 variables.
[INFO ] 2022-01-16 18:41:46 TaskOlympiadSave: Data updated.
[INFO ] 2022-01-16 18:56:46 TaskSevenSignsUpdate: Data updated successfully.
[INFO ] 2022-01-16 19:05:06 GlobalVariablesManager: Stored 7 variables.
[INFO ] 2022-01-16 19:11:46 TaskOlympiadSave: Data updated.
[INFO ] 2022-01-16 19:26:46 TaskSevenSignsUpdate: Data updated successfully.
[INFO ] 2022-01-16 19:35:06 GlobalVariablesManager: Stored 7 variables.
[INFO ] 2022-01-16 19:41:46 TaskOlympiadSave: Data updated.
[INFO ] 2022-01-16 19:56:46 TaskSevenSignsUpdate: Data updated successfully.
[INFO ] 2022-01-16 20:00:00 DayNightSpawnManager: Removed 232 day creatures.
[INFO ] 2022-01-16 20:00:00 DayNightSpawnManager: Spawned 553 night creatures.
[INFO ] 2022-01-16 20:00:00 DayNightSpawnManager: Spawning Hellman raidboss.
[INFO ] 2022-01-16 20:05:07 GlobalVariablesManager: Stored 7 variables.
[INFO ] 2022-01-16 20:11:46 TaskOlympiadSave: Data updated.
[INFO ] 2022-01-16 20:26:46 TaskSevenSignsUpdate: Data updated successfully.
[INFO ] 2022-01-16 20:35:06 GlobalVariablesManager: Stored 7 variables.
[INFO ] 2022-01-16 20:41:46 TaskOlympiadSave: Data updated.
[INFO ] 2022-01-16 20:56:46 TaskSevenSignsUpdate: Data updated successfully.
[INFO ] 2022-01-16 21:00:00 DayNightSpawnManager: Removed 553 night creatures.
[INFO ] 2022-01-16 21:00:00 DayNightSpawnManager: Spawned 232 day creatures.
[INFO ] 2022-01-16 21:00:00 DayNightSpawnManager: Deleting Hellman raidboss.
[INFO ] 2022-01-16 21:03:46 TvTManager: Lack of registration, abort event.
[INFO ] 2022-01-16 21:05:06 GlobalVariablesManager: Stored 7 variables.
[INFO ] 2022-01-16 21:11:46 TaskOlympiadSave: Data updated.
[INFO ] 2022-01-16 21:26:46 TaskSevenSignsUpdate: Data updated successfully.
[INFO ] 2022-01-16 21:35:06 GlobalVariablesManager: Stored 7 variables.
[INFO ] 2022-01-16 21:41:46 TaskOlympiadSave: Data updated.
[INFO ] 2022-01-16 21:56:46 TaskSevenSignsUpdate: Data updated successfully.
[INFO ] 2022-01-16 22:05:06 GlobalVariablesManager: Stored 7 variables.
[INFO ] 2022-01-16 22:11:46 TaskOlympiadSave: Data updated.
[INFO ] 2022-01-16 22:26:46 TaskSevenSignsUpdate: Data updated successfully.
[INFO ] 2022-01-16 22:35:06 GlobalVariablesManager: Stored 7 variables.
[INFO ] 2022-01-16 22:41:46 TaskOlympiadSave: Data updated.
[INFO ] 2022-01-16 22:56:46 TaskSevenSignsUpdate: Data updated successfully.
[INFO ] 2022-01-16 23:05:06 GlobalVariablesManager: Stored 7 variables.
[INFO ] 2022-01-16 23:11:46 TaskOlympiadSave: Data updated.
[INFO ] 2022-01-16 23:26:46 TaskSevenSignsUpdate: Data updated successfully.
[INFO ] 2022-01-16 23:35:06 GlobalVariablesManager: Stored 7 variables.
[INFO ] 2022-01-16 23:41:46 TaskOlympiadSave: Data updated.
[INFO ] 2022-01-16 23:56:46 TaskSevenSignsUpdate: Data updated successfully.
[INFO ] 2022-01-17 00:00:01 DayNightSpawnManager: Removed 232 day creatures.
[INFO ] 2022-01-17 00:00:02 DayNightSpawnManager: Spawned 553 night creatures.
[INFO ] 2022-01-17 00:00:02 DayNightSpawnManager: Spawning Hellman raidboss.
[INFO ] 2022-01-17 00:00:22 Olympiad: Olympiad Game Ended
[INFO ] 2022-01-17 00:00:22 Olympiad: Competition Period Starts in 0 days, 18 hours and 0 mins.
[INFO ] 2022-01-17 00:00:22 Olympiad: Event starts/started : Mon Jan 17 18:00:22 ART 2022
[INFO ] 2022-01-17 00:05:06 GlobalVariablesManager: Stored 7 variables.
[INFO ] 2022-01-17 00:09:58 TaskRaidPointsReset: Raid points reset global task launched.
[INFO ] 2022-01-17 00:26:46 TaskSevenSignsUpdate: Data updated successfully.
[INFO ] 2022-01-17 00:35:06 GlobalVariablesManager: Stored 7 variables.
[INFO ] 2022-01-17 00:56:46 TaskSevenSignsUpdate: Data updated successfully.
[INFO ] 2022-01-17 01:00:00 DayNightSpawnManager: Removed 553 night creatures.
[INFO ] 2022-01-17 01:00:00 DayNightSpawnManager: Spawned 232 day creatures.
[INFO ] 2022-01-17 01:00:00 DayNightSpawnManager: Deleting Hellman raidboss.
[INFO ] 2022-01-17 01:05:06 GlobalVariablesManager: Stored 7 variables.
[INFO ] 2022-01-17 01:26:46 TaskSevenSignsUpdate: Data updated successfully.
[INFO ] 2022-01-17 01:35:06 GlobalVariablesManager: Stored 7 variables.
[INFO ] 2022-01-17 01:56:46 TaskSevenSignsUpdate: Data updated successfully.
[INFO ] 2022-01-17 02:05:06 GlobalVariablesManager: Stored 7 variables.
[INFO ] 2022-01-17 02:26:46 TaskSevenSignsUpdate: Data updated successfully.
[INFO ] 2022-01-17 02:35:06 GlobalVariablesManager: Stored 7 variables.
[INFO ] 2022-01-17 02:56:46 TaskSevenSignsUpdate: Data updated successfully.
[INFO ] 2022-01-17 03:03:47 TvTManager: Lack of registration, abort event.
[INFO ] 2022-01-17 03:05:06 GlobalVariablesManager: Stored 7 variables.
[INFO ] 2022-01-17 03:26:46 TaskSevenSignsUpdate: Data updated successfully.
[INFO ] 2022-01-17 03:35:06 GlobalVariablesManager: Stored 7 variables.
[INFO ] 2022-01-17 03:56:46 TaskSevenSignsUpdate: Data updated successfully.
[INFO ] 2022-01-17 04:00:00 DayNightSpawnManager: Removed 232 day creatures.
[INFO ] 2022-01-17 04:00:02 DayNightSpawnManager: Spawned 553 night creatures.
[INFO ] 2022-01-17 04:00:02 DayNightSpawnManager: Spawning Hellman raidboss.
[INFO ] 2022-01-17 04:05:06 GlobalVariablesManager: Stored 7 variables.
[INFO ] 2022-01-17 04:26:46 TaskSevenSignsUpdate: Data updated successfully.
[INFO ] 2022-01-17 04:35:06 GlobalVariablesManager: Stored 7 variables.
[INFO ] 2022-01-17 04:56:46 TaskSevenSignsUpdate: Data updated successfully.
[INFO ] 2022-01-17 05:00:00 DayNightSpawnManager: Removed 553 night creatures.
[INFO ] 2022-01-17 05:00:00 DayNightSpawnManager: Spawned 232 day creatures.
[INFO ] 2022-01-17 05:00:00 DayNightSpawnManager: Deleting Hellman raidboss.
[INFO ] 2022-01-17 05:05:06 GlobalVariablesManager: Stored 7 variables.
[INFO ] 2022-01-17 05:26:46 TaskSevenSignsUpdate: Data updated successfully.
[INFO ] 2022-01-17 05:35:06 GlobalVariablesManager: Stored 7 variables.
[INFO ] 2022-01-17 05:56:46 TaskSevenSignsUpdate: Data updated successfully.
[INFO ] 2022-01-17 06:05:06 GlobalVariablesManager: Stored 7 variables.
[INFO ] 2022-01-17 06:26:46 TaskSevenSignsUpdate: Data updated successfully.
[INFO ] 2022-01-17 06:29:58 TaskBirthday: 0 gifts sent.
[INFO ] 2022-01-17 06:29:58 TaskRecom: Recommendations system reset.
[INFO ] 2022-01-17 06:29:58 TaskDailySkillReuseClean: Daily skill reuse cleaned.
[INFO ] 2022-01-17 06:35:06 GlobalVariablesManager: Stored 7 variables.
[INFO ] 2022-01-17 06:56:46 TaskSevenSignsUpdate: Data updated successfully.
[INFO ] 2022-01-17 07:05:06 GlobalVariablesManager: Stored 7 variables.
[INFO ] 2022-01-17 07:26:46 TaskSevenSignsUpdate: Data updated successfully.
[INFO ] 2022-01-17 07:35:06 GlobalVariablesManager: Stored 7 variables.
[INFO ] 2022-01-17 07:56:46 TaskSevenSignsUpdate: Data updated successfully.
[INFO ] 2022-01-17 08:00:01 DayNightSpawnManager: Removed 232 day creatures.
[INFO ] 2022-01-17 08:00:01 DayNightSpawnManager: Spawned 553 night creatures.
[INFO ] 2022-01-17 08:00:01 DayNightSpawnManager: Spawning Hellman raidboss.
[INFO ] 2022-01-17 08:05:06 GlobalVariablesManager: Stored 7 variables.
[INFO ] 2022-01-17 08:26:46 TaskSevenSignsUpdate: Data updated successfully.
[INFO ] 2022-01-17 08:35:07 GlobalVariablesManager: Stored 7 variables.
[INFO ] 2022-01-17 08:56:46 TaskSevenSignsUpdate: Data updated successfully.
[INFO ] 2022-01-17 09:00:00 DayNightSpawnManager: Removed 553 night creatures.
[INFO ] 2022-01-17 09:00:00 DayNightSpawnManager: Spawned 232 day creatures.
[INFO ] 2022-01-17 09:00:00 DayNightSpawnManager: Deleting Hellman raidboss.
[INFO ] 2022-01-17 09:03:46 TvTManager: Lack of registration, abort event.
[INFO ] 2022-01-17 09:05:06 GlobalVariablesManager: Stored 7 variables.
[INFO ] 2022-01-17 09:26:46 TaskSevenSignsUpdate: Data updated successfully.
[INFO ] 2022-01-17 09:35:06 GlobalVariablesManager: Stored 7 variables.
[INFO ] 2022-01-17 09:56:46 TaskSevenSignsUpdate: Data updated successfully.
[INFO ] 2022-01-17 10:03:23 L2PcInstance: Master access level set for character Beto Risso [268497202].
[INFO ] 2022-01-17 10:05:06 GlobalVariablesManager: Stored 7 variables.
[INFO ] 2022-01-17 10:26:46 TaskSevenSignsUpdate: Data updated successfully.
[INFO ] 2022-01-17 10:35:07 GlobalVariablesManager: Stored 7 variables.
[WARN ] 2022-01-17 10:40:13 Shutdown: GM: Beto Risso(268497202) issued shutdown command. restarting in 1 seconds!
[WARN ] 2022-01-17 10:40:14 Shutdown: GM shutdown countdown is over. restarting NOW!
[INFO ] 2022-01-17 10:40:14 Shutdown: UPnP Service: All ports mappings deleted (0ms).
