[INFO ] 2022-01-04 01:08:20 GameServer: ------------------------------------------------=[ Database ]
[INFO ] 2022-01-04 01:08:20 GameServer: -----------------------------------=[ Network Configuration ]
[INFO ] 2022-01-04 01:08:20 IPConfigData: Using automatic network configuration.
[INFO ] 2022-01-04 01:08:21 IPConfigData: Adding new subnet: 127.0.0.0/8 address: 127.0.0.1
[INFO ] 2022-01-04 01:08:21 IPConfigData: Adding new subnet: 192.168.45.0/24 address: 192.168.45.45
[INFO ] 2022-01-04 01:08:21 IPConfigData: Adding new subnet: 0.0.0.0/0 address: 168.205.94.22
[INFO ] 2022-01-04 01:08:21 HikariDataSource: HikariPool-1 - Starting...
[INFO ] 2022-01-04 01:08:21 HikariDataSource: HikariPool-1 - Start completed.
[INFO ] 2022-01-04 01:08:21 IdFactory: Updated characters online status.
[INFO ] 2022-01-04 01:08:21 IdFactory: Cleaned 0 elements from database in 0s.
[INFO ] 2022-01-04 01:08:21 IdFactory: Cleaned 0 expired timestamps from database.
[INFO ] 2022-01-04 01:08:21 BitSetIDFactory: 102912 Ids available.
[INFO ] 2022-01-04 01:08:21 GameServer: ---------------------------------------------------=[ World ]
[INFO ] 2022-01-04 01:08:21 InstanceManager: Multiverse Instance created.
[INFO ] 2022-01-04 01:08:21 InstanceManager: Universe Instance created.
[INFO ] 2022-01-04 01:08:21 InstanceManager: Loaded 160 instance names.
[INFO ] 2022-01-04 01:08:22 L2World: 128 by 136 world region grid set up.
[INFO ] 2022-01-04 01:08:22 MapRegionManager: Loaded 57 map regions.
[INFO ] 2022-01-04 01:08:22 GlobalVariablesManager: Loaded 7 variables.
[INFO ] 2022-01-04 01:08:22 GameServer: ----------------------------------------------------=[ Data ]
[INFO ] 2022-01-04 01:08:22 CategoryData: Loaded 124 Categories.
[INFO ] 2022-01-04 01:08:22 SecondaryAuthData: Loaded 328 forbidden passwords.
[INFO ] 2022-01-04 01:08:22 GameServer: -------------------------------------------------=[ Effects ]
[INFO ] 2022-01-04 01:08:25 EffectMasterHandler: Loaded 168 effect handlers.
[INFO ] 2022-01-04 01:08:25 GameServer: ------------------------------------=[ Enchant Skill Groups ]
[INFO ] 2022-01-04 01:08:25 EnchantSkillGroupsData: Loaded 4 groups and 90 routes.
[INFO ] 2022-01-04 01:08:25 GameServer: ---------------------------------------------=[ Skill Trees ]
[INFO ] 2022-01-04 01:08:26 SkillTreesData: Loaded 17176 Class Skills for 103 Class Skill Trees.
[INFO ] 2022-01-04 01:08:26 SkillTreesData: Loaded 76 Sub-Class Skills.
[INFO ] 2022-01-04 01:08:26 SkillTreesData: Loaded 77 Transfer Skills for 3 Transfer Skill Trees.
[INFO ] 2022-01-04 01:08:26 SkillTreesData: Loaded 117 Fishing Skills, 8 Dwarven only Fishing Skills.
[INFO ] 2022-01-04 01:08:26 SkillTreesData: Loaded 3 Collect Skills.
[INFO ] 2022-01-04 01:08:26 SkillTreesData: Loaded 74 Pledge Skills, 44 for Pledge and 30 Residential.
[INFO ] 2022-01-04 01:08:26 SkillTreesData: Loaded 18 Sub-Pledge Skills.
[INFO ] 2022-01-04 01:08:26 SkillTreesData: Loaded 32 Transform Skills.
[INFO ] 2022-01-04 01:08:26 SkillTreesData: Loaded 8 Noble Skills.
[INFO ] 2022-01-04 01:08:26 SkillTreesData: Loaded 5 Hero Skills.
[INFO ] 2022-01-04 01:08:26 SkillTreesData: Loaded 46 Game Master Skills.
[INFO ] 2022-01-04 01:08:26 SkillTreesData: Loaded 46 Game Master Aura Skills.
[INFO ] 2022-01-04 01:08:26 GameServer: --------------------------------------------------=[ Skills ]
[INFO ] 2022-01-04 01:08:37 DocumentEngine: Loaded 65973 skill templates from XML files.
[INFO ] 2022-01-04 01:08:37 SummonSkillsTable: Loaded 1891 summon skills.
[INFO ] 2022-01-04 01:08:37 GameServer: ---------------------------------------------------=[ Items ]
[INFO ] 2022-01-04 01:08:37 ItemTable: Highest item Id used 22567.
[INFO ] 2022-01-04 01:08:37 ItemTable: Loaded 11481 Etc items.
[INFO ] 2022-01-04 01:08:37 ItemTable: Loaded 3825 Armor items.
[INFO ] 2022-01-04 01:08:37 ItemTable: Loaded 3893 Weapon items.
[INFO ] 2022-01-04 01:08:37 ItemTable: Loaded 19199 items in total.
[INFO ] 2022-01-04 01:08:37 EnchantItemGroupsData: Loaded 4 item group templates.
[INFO ] 2022-01-04 01:08:37 EnchantItemGroupsData: Loaded 1 scroll group templates.
[INFO ] 2022-01-04 01:08:37 EnchantItemData: Loaded 63 enchant scrolls.
[INFO ] 2022-01-04 01:08:37 EnchantItemData: Loaded 20 support items.
[INFO ] 2022-01-04 01:08:37 EnchantItemOptionsData: Loaded 23 items and 1093 options.
[INFO ] 2022-01-04 01:08:38 OptionData: Loaded 24985 item options.
[INFO ] 2022-01-04 01:08:38 EnchantItemHPBonusData: Loaded 6 Enchant HP Bonuses.
[INFO ] 2022-01-04 01:08:38 MerchantPriceConfigTable: Loaded 28 merchant price configs.
[INFO ] 2022-01-04 01:08:39 BuyListData: Loaded 760 buy lists.
[INFO ] 2022-01-04 01:08:39 MultisellData: Loaded 192 multisell lists.
[INFO ] 2022-01-04 01:08:39 RecipeData: Loaded 1000 recipes.
[INFO ] 2022-01-04 01:08:39 ArmorSetsData: Loaded 204 armor sets.
[INFO ] 2022-01-04 01:08:39 FishData: Loaded 278 fish.
[INFO ] 2022-01-04 01:08:39 FishingMonstersData: Loaded 8 fishing monsters.
[INFO ] 2022-01-04 01:08:39 FishingRodsData: Loaded 6 fishing rods.
[INFO ] 2022-01-04 01:08:39 HennaData: Loaded 180 Henna data.
[INFO ] 2022-01-04 01:08:39 GameServer: ----------------------------------------------=[ Characters ]
[INFO ] 2022-01-04 01:08:39 ClassListData: Loaded 107 class data.
[INFO ] 2022-01-04 01:08:39 InitialEquipmentData: Loaded 11 initial equipment data.
[INFO ] 2022-01-04 01:08:39 InitialShortcutData: Loaded 5 initial dlobal shortcuts data.
[INFO ] 2022-01-04 01:08:39 InitialShortcutData: Loaded 4 initial shortcuts data.
[INFO ] 2022-01-04 01:08:39 InitialShortcutData: Loaded 0 macros presets.
[INFO ] 2022-01-04 01:08:39 KarmaData: Loaded 85 karma modifiers.
[INFO ] 2022-01-04 01:08:39 HitConditionBonusData: Loaded Hit Condition bonuses.
[INFO ] 2022-01-04 01:08:40 PlayerTemplateData: Loaded 103 character templates.
[INFO ] 2022-01-04 01:08:40 PlayerTemplateData: Loaded 52530 level up gain records.
[INFO ] 2022-01-04 01:08:40 PlayerCreationPointData: Loaded 62 character creation points.
[INFO ] 2022-01-04 01:08:40 CharNameTable: Loaded 0 char names.
[INFO ] 2022-01-04 01:08:40 AdminData: Loaded 10 access levels.
[INFO ] 2022-01-04 01:08:40 AdminData: Loaded 444 access commands.
[INFO ] 2022-01-04 01:08:40 RaidBossPointsManager: Loaded 0 characters raid points.
[INFO ] 2022-01-04 01:08:40 PetDataTable: Loaded 52 Pets.
[INFO ] 2022-01-04 01:08:40 GameServer: -----------------------------------------------------=[ BBS ]
[INFO ] 2022-01-04 01:08:40 ForumsBBSManager: Loaded 4 forums.
[INFO ] 2022-01-04 01:08:40 GameServer: ---------------------------------------------------=[ Clans ]
[INFO ] 2022-01-04 01:08:40 ClanTable: Restored 0 clans from the database.
[INFO ] 2022-01-04 01:08:40 AuctionManager: Loaded 38 auction(s).
[INFO ] 2022-01-04 01:08:40 ClanHallManager: Loaded 0 clan halls.
[INFO ] 2022-01-04 01:08:40 ClanHallManager: Loaded 38 free clan halls.
[INFO ] 2022-01-04 01:08:40 ClanHallSiegeManager: Loaded 6 conquerable clan halls.
[INFO ] 2022-01-04 01:08:40 GameServer: -------------------------------------------------=[ Geodata ]
[INFO ] 2022-01-04 01:08:40 GeoData: Loaded 0 regions.
[INFO ] 2022-01-04 01:08:40 GameServer: ----------------------------------------------------=[ NPCs ]
[INFO ] 2022-01-04 01:08:40 SkillLearnData: Loaded 256 skill learn data.
[INFO ] 2022-01-04 01:08:40 NpcData$MinionData: Loaded 128 minions data.
[INFO ] 2022-01-04 01:08:42 NpcData: Loaded 10461 NPCs.
[INFO ] 2022-01-04 01:08:42 WalkingManager: Loaded 127 walking routes.
[INFO ] 2022-01-04 01:08:42 StaticObjectData: Loaded 51 static object templates.
[INFO ] 2022-01-04 01:08:42 GrandBossManager: Queen Ant (29001) status is 0.
[INFO ] 2022-01-04 01:08:42 GrandBossManager: Core (29006) status is 0.
[INFO ] 2022-01-04 01:08:42 GrandBossManager: Orfen (29014) status is 0.
[INFO ] 2022-01-04 01:08:42 GrandBossManager: Baium (29020) status is 0.
[INFO ] 2022-01-04 01:08:42 GrandBossManager: Valakas (29028) status is 0.
[INFO ] 2022-01-04 01:08:42 GrandBossManager: Antharas (29068) status is 0.
[INFO ] 2022-01-04 01:08:42 GrandBossManager: Beleth (29118) status is 0.
[INFO ] 2022-01-04 01:08:42 GrandBossManager: Loaded 7 grand boss instances.
[INFO ] 2022-01-04 01:08:43 DoorData: Loaded 1301 door templates for 22 regions.
[INFO ] 2022-01-04 01:08:44 ZoneManager: Loaded 28 zone classes and 2794 zones.
[INFO ] 2022-01-04 01:08:44 ZoneManager: Loaded 0 NPC spawn territoriers.
[INFO ] 2022-01-04 01:08:44 CastleManager: Loaded 9 castles.
[INFO ] 2022-01-04 01:08:44 NpcBufferTable: Loaded 1 buffers and 10 skills.
[INFO ] 2022-01-04 01:08:44 GrandBossManager: Initialized 12 grand boss zones.
[INFO ] 2022-01-04 01:08:44 GameServer: -----------------------------------------=[ Auction Manager ]
[INFO ] 2022-01-04 01:08:44 ItemAuctionInstance: Loaded 82 item(s) and registered 1 auction(s) for NPC ID 32320.
[INFO ] 2022-01-04 01:08:44 ItemAuctionInstance: Schedule next auction ID 1 on 17:00:00 07.01.22 for NPC ID 32320.
[INFO ] 2022-01-04 01:08:44 ItemAuctionInstance: Loaded 82 item(s) and registered 1 auction(s) for NPC ID 32321.
[INFO ] 2022-01-04 01:08:44 ItemAuctionInstance: Schedule next auction ID 2 on 17:00:00 10.01.22 for NPC ID 32321.
[INFO ] 2022-01-04 01:08:44 ItemAuctionInstance: Loaded 82 item(s) and registered 1 auction(s) for NPC ID 32322.
[INFO ] 2022-01-04 01:08:44 ItemAuctionInstance: Schedule next auction ID 3 on 17:00:00 05.01.22 for NPC ID 32322.
[INFO ] 2022-01-04 01:08:44 ItemAuctionManager: Loaded 3 auction manager instance(s).
[INFO ] 2022-01-04 01:08:44 GameServer: ------------------------------------------------=[ Olympiad ]
[INFO ] 2022-01-04 01:08:44 Olympiad: Loading Olympiad System....
[INFO ] 2022-01-04 01:08:44 Olympiad: Currently in Olympiad Period
[INFO ] 2022-01-04 01:08:44 Olympiad: 40971 minutes until period ends
[INFO ] 2022-01-04 01:08:44 Olympiad: Next weekly change is in 10069 minutes
[INFO ] 2022-01-04 01:08:44 Olympiad: Loaded 0 Nobles
[INFO ] 2022-01-04 01:08:44 Olympiad: Competition Period Starts in 0 days, 16 hours and 52 mins.
[INFO ] 2022-01-04 01:08:44 Olympiad: Event starts/started : Tue Jan 04 18:00:44 ART 2022
[INFO ] 2022-01-04 01:08:44 Hero: Loaded 0 Heroes.
[INFO ] 2022-01-04 01:08:44 Hero: Loaded 0 all time Heroes.
[INFO ] 2022-01-04 01:08:44 GameServer: ---------------------------------------------=[ Seven Signs ]
[INFO ] 2022-01-04 01:08:44 SevenSigns: Currently in the Competition (Quest Event) period.
[INFO ] 2022-01-04 01:08:44 SevenSigns: The Seal of Avarice remains unclaimed.
[INFO ] 2022-01-04 01:08:44 SevenSigns: The Seal of Gnosis remains unclaimed.
[INFO ] 2022-01-04 01:08:44 SevenSigns: The Seal of Strife remains unclaimed.
[INFO ] 2022-01-04 01:08:44 SevenSigns: The competition, if the current trend continues, will end in a tie this week.
[INFO ] 2022-01-04 01:08:44 SevenSigns: Next period change set to 2022-01-10T18:00:44.362-0300.
[INFO ] 2022-01-04 01:08:44 SevenSigns: Next period begins in 6 days, 16 hours and 51 mins.
[INFO ] 2022-01-04 01:08:44 GameServer: ---------------------------------------------------=[ Cache ]
[INFO ] 2022-01-04 01:08:44 HtmCache: Running lazy cache.
[INFO ] 2022-01-04 01:08:44 CrestTable: Loaded 0 crests.
[INFO ] 2022-01-04 01:08:44 TeleportLocationTable: Loaded 957 teleport location templates.
[INFO ] 2022-01-04 01:08:44 UIData: Loaded 4 keys 5 categories.
[INFO ] 2022-01-04 01:08:44 AugmentationData: Loaded 33960 augmentations.
[INFO ] 2022-01-04 01:08:44 AugmentationData: Loaded 2754 accessory augmentations.
[INFO ] 2022-01-04 01:08:44 CursedWeaponsManager: Loaded 2 cursed weapon(s).
[INFO ] 2022-01-04 01:08:44 TransformData: Loaded 111 transform templates.
[INFO ] 2022-01-04 01:08:44 BotReportTable: Loaded 0 bot reports.
[INFO ] 2022-01-04 01:08:44 AirShipManager: Loaded 0 private airships.
[INFO ] 2022-01-04 01:08:44 GameServer: ------------------------------------------------=[ Handlers ]
[INFO ] 2022-01-04 01:08:46 MasterHandler: Loaded 5 Voiced Command Handler.
[INFO ] 2022-01-04 01:08:46 MasterHandler: Loaded 10 Action Handler.
[INFO ] 2022-01-04 01:08:46 MasterHandler: Loaded 6 Action Shift Handler.
[INFO ] 2022-01-04 01:08:47 MasterHandler: Loaded 447 Admin Command Handler.
[INFO ] 2022-01-04 01:08:47 MasterHandler: Loaded 48 Bypass Handler.
[INFO ] 2022-01-04 01:08:47 MasterHandler: Loaded 14 Chat Handler.
[INFO ] 2022-01-04 01:08:47 MasterHandler: Loaded 15 Community Board Handler.
[INFO ] 2022-01-04 01:08:47 MasterHandler: Loaded 31 Item Handler.
[INFO ] 2022-01-04 01:08:47 MasterHandler: Loaded 3 Punishment Handler.
[INFO ] 2022-01-04 01:08:47 MasterHandler: Loaded 17 User Command Handler.
[INFO ] 2022-01-04 01:08:47 MasterHandler: Loaded 20 Telnet Handler.
[INFO ] 2022-01-04 01:08:47 GameServer: ------------------------------------------------------=[ AI ]
[INFO ] 2022-01-04 01:08:50 NpcBuffersData: Loaded 33 buffers data.
[INFO ] 2022-01-04 01:08:50 HandysBlockCheckerEvent: Loaded Handy's Block Checker event.
[INFO ] 2022-01-04 01:08:50 AILoader: Loaded 179 AI scripts.
[INFO ] 2022-01-04 01:08:50 GameServer: -----------------------------------------------=[ Instances ]
[INFO ] 2022-01-04 01:08:51 InstanceLoader: Loaded 30 instnaces.
[INFO ] 2022-01-04 01:08:51 GameServer: --------------------------------------------------=[ Gracia ]
[INFO ] 2022-01-04 01:08:52 GraciaLoader: Loaded 28 Gracia scripts.
[INFO ] 2022-01-04 01:08:52 GameServer: -----------------------------------------------=[ Hellbound ]
[INFO ] 2022-01-04 01:08:52 HellboundPointData: Loaded 47 trust point reward data.
[INFO ] 2022-01-04 01:08:52 HellboundSpawns: Loaded 598 Hellbound spawns.
[INFO ] 2022-01-04 01:08:52 HellboundEngine: Level 0.
[INFO ] 2022-01-04 01:08:52 HellboundEngine: Trust 0.
[INFO ] 2022-01-04 01:08:52 HellboundEngine: Status locked.
[INFO ] 2022-01-04 01:08:52 RaidBossSpawnManager: Spawning raid bosses...
[INFO ] 2022-01-04 01:08:52 RaidBossSpawnManager: Loaded 187 bosses.
[INFO ] 2022-01-04 01:08:52 RaidBossSpawnManager: Scheduled 0 boss instances.
[INFO ] 2022-01-04 01:08:52 HellboundLoader: Loaded 34 Hellbound scripts.
[INFO ] 2022-01-04 01:08:52 GameServer: --------------------------------------------------=[ Quests ]
[INFO ] 2022-01-04 01:08:58 Q00350_EnhanceYourWeapon: Loaded 54 soul crystal data.
[INFO ] 2022-01-04 01:08:58 Q00350_EnhanceYourWeapon: Loaded 240 npc leveling data.
[INFO ] 2022-01-04 01:08:58 QuestLoader: Loaded 502 quests.
[INFO ] 2022-01-04 01:08:58 AbstractScript: TerritoryWarSuperClass: Siege date: Sun Jan 09 22:00:00 ART 2022
[INFO ] 2022-01-04 01:08:58 GameServer: -------------------------------------------------=[ Scripts ]
[INFO ] 2022-01-04 01:08:59 ClanHallSiegeEngine: Fortress of the Dead siege scheduled for 2022-01-18T12:00:00.617-0300.
[INFO ] 2022-01-04 01:08:59 DiscordBot: Discord Bot is Disabled.
[INFO ] 2022-01-04 01:08:59 ClanHallSiegeEngine: Beast Farm siege scheduled for 2022-01-18T12:00:00.616-0300.
[INFO ] 2022-01-04 01:08:59 ClanHallSiegeEngine: Rainbow Springs siege scheduled for 2022-01-18T12:00:00.615-0300.
[INFO ] 2022-01-04 01:08:59 TeleporterService: Disabled.
[INFO ] 2022-01-04 01:08:59 BufferService: Disabled.
[INFO ] 2022-01-04 01:08:59 ClanHallSiegeEngine: Bandit Stronghold siege scheduled for 2022-01-18T12:00:00.613-0300.
[INFO ] 2022-01-04 01:08:59 ClanHallSiegeEngine: Devastated Castle siege scheduled for 2022-01-18T12:00:00.611-0300.
[INFO ] 2022-01-04 01:08:59 ClanHallSiegeEngine: Fortress of Resistance siege scheduled for 2022-01-18T12:00:00.431-0300.
[INFO ] 2022-01-04 01:09:04 SpawnTable: Loaded 3763 NPC spawns.
[INFO ] 2022-01-04 01:09:04 SpawnTable: Loaded 1190 NPC spawns from XML.
[INFO ] 2022-01-04 01:09:04 DayNightSpawnManager: Removed 0 night creatures.
[INFO ] 2022-01-04 01:09:04 DayNightSpawnManager: Spawned 232 day creatures.
[INFO ] 2022-01-04 01:09:04 FourSepulchersManager: Loaded 20 Mysterious-Box spawns.
[INFO ] 2022-01-04 01:09:04 FourSepulchersManager: Loaded 716 Physical type monsters spawns.
[INFO ] 2022-01-04 01:09:04 FourSepulchersManager: Loaded 716 Magical monsters spawns.
[INFO ] 2022-01-04 01:09:04 FourSepulchersManager: Loaded 92 Church of duke monsters spawns.
[INFO ] 2022-01-04 01:09:04 FourSepulchersManager: Loaded 68 Emperor's Grave spawns.
[INFO ] 2022-01-04 01:09:04 FourSepulchersManager: Spawned Conquerors' Sepulcher Manager.
[INFO ] 2022-01-04 01:09:04 FourSepulchersManager: Spawned Emperors' Sepulcher Manager.
[INFO ] 2022-01-04 01:09:04 FourSepulchersManager: Spawned Great Sages' Sepulcher Manager.
[INFO ] 2022-01-04 01:09:04 FourSepulchersManager: Spawned Judges' Sepulcher Manager.
[INFO ] 2022-01-04 01:09:04 FourSepulchersManager: Beginning in attack time.
[INFO ] 2022-01-04 01:09:04 DimensionalRiftManager: Loaded 7 room types with 56 rooms.
[INFO ] 2022-01-04 01:09:04 DimensionalRiftManager: Loaded 462 Dimensional Rift spawns.
[INFO ] 2022-01-04 01:09:04 GameServer: ---------------------------------------------------=[ Siege ]
[INFO ] 2022-01-04 01:09:04 Siege: Siege of Gludio: 2022-01-09T16:00:00.698-0300.
[INFO ] 2022-01-04 01:09:04 Siege: Siege of Dion: 2022-01-09T16:00:00.707-0300.
[INFO ] 2022-01-04 01:09:04 Siege: Siege of Giran: 2022-01-09T16:00:00.710-0300.
[INFO ] 2022-01-04 01:09:04 Siege: Siege of Oren: 2022-01-09T16:00:00.710-0300.
[INFO ] 2022-01-04 01:09:04 Siege: Siege of Aden: 2022-01-09T16:00:00.710-0300.
[INFO ] 2022-01-04 01:09:04 Siege: Siege of Innadril: 2022-01-09T20:00:00.710-0300.
[INFO ] 2022-01-04 01:09:04 Siege: Siege of Goddard: 2022-01-09T20:00:00.710-0300.
[INFO ] 2022-01-04 01:09:04 Siege: Siege of Rune: 2022-01-09T20:00:00.710-0300.
[INFO ] 2022-01-04 01:09:04 Siege: Siege of Schuttgart: 2022-01-09T20:00:00.710-0300.
[INFO ] 2022-01-04 01:09:04 FortManager: Loaded 21 fortress.
[INFO ] 2022-01-04 01:09:04 SiegeScheduleData: Loaded 2 siege schedulers.
[INFO ] 2022-01-04 01:09:04 CastleManorManager: Loaded 258 seeds.
[INFO ] 2022-01-04 01:09:04 CastleManorManager: Manor data loaded.
[INFO ] 2022-01-04 01:09:04 MercTicketManager: Loaded 0 mercenary tickets.
[INFO ] 2022-01-04 01:09:04 AutoSpawnHandler: Loaded 129 handlers.
[INFO ] 2022-01-04 01:09:04 SevenSignsFestival: The first Festival of Darkness cycle begins in 2 minute(s).
[INFO ] 2022-01-04 01:09:04 FaenorEventParser: Event Id Valentines Event has passed... Ignored.
[INFO ] 2022-01-04 01:09:04 FaenorScriptEngine: Loaded Valentines.xml successfully.
[INFO ] 2022-01-04 01:09:04 TaskManager: Loaded 12 tasks.
[INFO ] 2022-01-04 01:09:04 MailManager: Successfully loaded 0 messages.
[INFO ] 2022-01-04 01:09:04 PunishmentManager: Loaded 0 active and 0 expired punishments.
[INFO ] 2022-01-04 01:09:04 GameServer: Free Object Ids remaining 1879002445.
[INFO ] 2022-01-04 01:09:04 TvTManager: Engine is disabled.
[INFO ] 2022-01-04 01:09:05 GameServer: Started, free memory 1577 Mb of 2048 Mb
[INFO ] 2022-01-04 01:09:05 LoginServerThread: Connecting to login server on 127.0.0.1:9014
[INFO ] 2022-01-04 01:09:05 LoginServerThread: Registered on login as Server 1: Bartz
[INFO ] 2022-01-04 01:09:05 GameServer: Now listening on *:7777
[INFO ] 2022-01-04 01:09:05 GameServer: ----------------------------------------------------=[ UPnP ]
[INFO ] 2022-01-04 01:09:05 UPnPService: Looking for UPnP Gateway Devices...
[INFO ] 2022-01-04 01:09:14 UPnPService: No UPnP gateways has been found.
[INFO ] 2022-01-04 01:09:14 GameServer: Telnet server is currently disabled.
[INFO ] 2022-01-04 01:09:14 GameServer: Maximum numbers of connected players 500.
[INFO ] 2022-01-04 01:09:14 GameServer: Server Bartz loaded in 53 seconds.
[INFO ] 2022-01-04 01:10:43 Shutdown: UPnP Service: All ports mappings deleted (0ms).
[INFO ] 2022-01-04 01:10:43 Shutdown: All players disconnected and saved(2ms).
[INFO ] 2022-01-04 01:10:43 GameTimeController: Stopping GameTimeController
