[INFO ] 2022-01-09 20:49:28 GameServer: ------------------------------------------------=[ Database ]
[INFO ] 2022-01-09 20:49:28 GameServer: -----------------------------------=[ Network Configuration ]
[INFO ] 2022-01-09 20:49:28 IPConfigData: Using automatic network configuration.
[INFO ] 2022-01-09 20:49:28 IPConfigData: Adding new subnet: 127.0.0.0/8 address: 127.0.0.1
[INFO ] 2022-01-09 20:49:28 IPConfigData: Adding new subnet: 192.168.45.0/24 address: 192.168.45.45
[INFO ] 2022-01-09 20:49:28 IPConfigData: Adding new subnet: 0.0.0.0/0 address: 168.205.94.22
[INFO ] 2022-01-09 20:49:28 HikariDataSource: HikariPool-1 - Starting...
[INFO ] 2022-01-09 20:49:29 HikariDataSource: HikariPool-1 - Start completed.
[INFO ] 2022-01-09 20:49:29 IdFactory: Updated characters online status.
[INFO ] 2022-01-09 20:49:29 IdFactory: Cleaned up invalid weddings.
[INFO ] 2022-01-09 20:49:29 IdFactory: Cleaned 0 elements from database in 0s.
[INFO ] 2022-01-09 20:49:29 IdFactory: Cleaned 0 expired timestamps from database.
[INFO ] 2022-01-09 20:49:29 BitSetIDFactory: 102912 Ids available.
[INFO ] 2022-01-09 20:49:29 GameServer: ---------------------------------------------------=[ World ]
[INFO ] 2022-01-09 20:49:29 InstanceManager: Multiverse Instance created.
[INFO ] 2022-01-09 20:49:29 InstanceManager: Universe Instance created.
[INFO ] 2022-01-09 20:49:29 InstanceManager: Loaded 160 instance names.
[INFO ] 2022-01-09 20:49:29 L2World: 128 by 136 world region grid set up.
[INFO ] 2022-01-09 20:49:30 MapRegionManager: Loaded 57 map regions.
[INFO ] 2022-01-09 20:49:30 GlobalVariablesManager: Loaded 7 variables.
[INFO ] 2022-01-09 20:49:30 GameServer: ----------------------------------------------------=[ Data ]
[INFO ] 2022-01-09 20:49:30 CategoryData: Loaded 124 Categories.
[INFO ] 2022-01-09 20:49:30 SecondaryAuthData: Loaded 328 forbidden passwords.
[INFO ] 2022-01-09 20:49:30 GameServer: -------------------------------------------------=[ Effects ]
[INFO ] 2022-01-09 20:49:32 EffectMasterHandler: Loaded 168 effect handlers.
[INFO ] 2022-01-09 20:49:32 GameServer: ------------------------------------=[ Enchant Skill Groups ]
[INFO ] 2022-01-09 20:49:32 EnchantSkillGroupsData: Loaded 4 groups and 90 routes.
[INFO ] 2022-01-09 20:49:32 GameServer: ---------------------------------------------=[ Skill Trees ]
[INFO ] 2022-01-09 20:49:32 SkillTreesData: Loaded 17176 Class Skills for 103 Class Skill Trees.
[INFO ] 2022-01-09 20:49:32 SkillTreesData: Loaded 76 Sub-Class Skills.
[INFO ] 2022-01-09 20:49:32 SkillTreesData: Loaded 77 Transfer Skills for 3 Transfer Skill Trees.
[INFO ] 2022-01-09 20:49:32 SkillTreesData: Loaded 117 Fishing Skills, 8 Dwarven only Fishing Skills.
[INFO ] 2022-01-09 20:49:32 SkillTreesData: Loaded 3 Collect Skills.
[INFO ] 2022-01-09 20:49:32 SkillTreesData: Loaded 74 Pledge Skills, 44 for Pledge and 30 Residential.
[INFO ] 2022-01-09 20:49:32 SkillTreesData: Loaded 18 Sub-Pledge Skills.
[INFO ] 2022-01-09 20:49:32 SkillTreesData: Loaded 32 Transform Skills.
[INFO ] 2022-01-09 20:49:32 SkillTreesData: Loaded 8 Noble Skills.
[INFO ] 2022-01-09 20:49:32 SkillTreesData: Loaded 5 Hero Skills.
[INFO ] 2022-01-09 20:49:32 SkillTreesData: Loaded 46 Game Master Skills.
[INFO ] 2022-01-09 20:49:32 SkillTreesData: Loaded 46 Game Master Aura Skills.
[INFO ] 2022-01-09 20:49:32 GameServer: --------------------------------------------------=[ Skills ]
[INFO ] 2022-01-09 20:49:45 DocumentEngine: Loaded 65976 skill templates from XML files.
[INFO ] 2022-01-09 20:49:45 SummonSkillsTable: Loaded 1891 summon skills.
[INFO ] 2022-01-09 20:49:45 GameServer: ---------------------------------------------------=[ Items ]
[INFO ] 2022-01-09 20:49:45 ItemTable: Highest item Id used 22567.
[INFO ] 2022-01-09 20:49:45 ItemTable: Loaded 11481 Etc items.
[INFO ] 2022-01-09 20:49:45 ItemTable: Loaded 3825 Armor items.
[INFO ] 2022-01-09 20:49:45 ItemTable: Loaded 3893 Weapon items.
[INFO ] 2022-01-09 20:49:45 ItemTable: Loaded 19199 items in total.
[INFO ] 2022-01-09 20:49:45 EnchantItemGroupsData: Loaded 4 item group templates.
[INFO ] 2022-01-09 20:49:45 EnchantItemGroupsData: Loaded 1 scroll group templates.
[INFO ] 2022-01-09 20:49:45 EnchantItemData: Loaded 63 enchant scrolls.
[INFO ] 2022-01-09 20:49:45 EnchantItemData: Loaded 20 support items.
[INFO ] 2022-01-09 20:49:45 EnchantItemOptionsData: Loaded 23 items and 1093 options.
[INFO ] 2022-01-09 20:49:46 OptionData: Loaded 24985 item options.
[INFO ] 2022-01-09 20:49:46 EnchantItemHPBonusData: Loaded 6 Enchant HP Bonuses.
[INFO ] 2022-01-09 20:49:46 MerchantPriceConfigTable: Loaded 28 merchant price configs.
[WARN ] 2022-01-09 20:49:47 IXmlReader: BuyListData: Folder C:\opt\l2j\server\game\data\buylists\custom doesn't exist!
[INFO ] 2022-01-09 20:49:47 BuyListData: Loaded 760 buy lists.
[INFO ] 2022-01-09 20:49:48 MultisellData: Loaded 291 multisell lists.
[INFO ] 2022-01-09 20:49:48 RecipeData: Loaded 1000 recipes.
[INFO ] 2022-01-09 20:49:48 ArmorSetsData: Loaded 204 armor sets.
[INFO ] 2022-01-09 20:49:48 FishData: Loaded 278 fish.
[INFO ] 2022-01-09 20:49:48 FishingMonstersData: Loaded 8 fishing monsters.
[INFO ] 2022-01-09 20:49:48 FishingRodsData: Loaded 6 fishing rods.
[INFO ] 2022-01-09 20:49:48 HennaData: Loaded 180 Henna data.
[INFO ] 2022-01-09 20:49:48 GameServer: ----------------------------------------------=[ Characters ]
[INFO ] 2022-01-09 20:49:48 ClassListData: Loaded 107 class data.
[INFO ] 2022-01-09 20:49:48 InitialEquipmentData: Loaded 11 initial equipment data.
[INFO ] 2022-01-09 20:49:48 InitialShortcutData: Loaded 5 initial dlobal shortcuts data.
[INFO ] 2022-01-09 20:49:48 InitialShortcutData: Loaded 4 initial shortcuts data.
[INFO ] 2022-01-09 20:49:48 InitialShortcutData: Loaded 0 macros presets.
[INFO ] 2022-01-09 20:49:48 KarmaData: Loaded 85 karma modifiers.
[INFO ] 2022-01-09 20:49:48 HitConditionBonusData: Loaded Hit Condition bonuses.
[INFO ] 2022-01-09 20:49:48 PlayerTemplateData: Loaded 103 character templates.
[INFO ] 2022-01-09 20:49:48 PlayerTemplateData: Loaded 52530 level up gain records.
[INFO ] 2022-01-09 20:49:48 PlayerCreationPointData: Loaded 62 character creation points.
[INFO ] 2022-01-09 20:49:48 CharNameTable: Loaded 4 char names.
[INFO ] 2022-01-09 20:49:48 AdminData: Loaded 10 access levels.
[INFO ] 2022-01-09 20:49:49 AdminData: Loaded 444 access commands.
[INFO ] 2022-01-09 20:49:49 RaidBossPointsManager: Loaded 1 characters raid points.
[INFO ] 2022-01-09 20:49:49 PetDataTable: Loaded 52 Pets.
[INFO ] 2022-01-09 20:49:49 GameServer: -----------------------------------------------------=[ BBS ]
[INFO ] 2022-01-09 20:49:49 ForumsBBSManager: Loaded 5 forums.
[INFO ] 2022-01-09 20:49:49 GameServer: ---------------------------------------------------=[ Clans ]
[INFO ] 2022-01-09 20:49:49 ClanTable: Restored 1 clans from the database.
[INFO ] 2022-01-09 20:49:49 AuctionManager: Loaded 38 auction(s).
[INFO ] 2022-01-09 20:49:49 ClanHallManager: Loaded 0 clan halls.
[INFO ] 2022-01-09 20:49:49 ClanHallManager: Loaded 38 free clan halls.
[INFO ] 2022-01-09 20:49:49 ClanHallSiegeManager: Loaded 6 conquerable clan halls.
[INFO ] 2022-01-09 20:49:49 GameServer: -------------------------------------------------=[ Geodata ]
[INFO ] 2022-01-09 20:49:49 GeoData: Loading 11_23.l2j...
[INFO ] 2022-01-09 20:49:49 GeoData: Loading 11_24.l2j...
[INFO ] 2022-01-09 20:49:49 GeoData: Loading 11_25.l2j...
[INFO ] 2022-01-09 20:49:49 GeoData: Loading 11_26.l2j...
[INFO ] 2022-01-09 20:49:49 GeoData: Loading 12_23.l2j...
[INFO ] 2022-01-09 20:49:49 GeoData: Loading 12_24.l2j...
[INFO ] 2022-01-09 20:49:49 GeoData: Loading 12_25.l2j...
[INFO ] 2022-01-09 20:49:49 GeoData: Loading 12_26.l2j...
[INFO ] 2022-01-09 20:49:49 GeoData: Loading 13_21.l2j...
[INFO ] 2022-01-09 20:49:49 GeoData: Loading 13_22.l2j...
[INFO ] 2022-01-09 20:49:49 GeoData: Loading 13_23.l2j...
[INFO ] 2022-01-09 20:49:49 GeoData: Loading 13_24.l2j...
[INFO ] 2022-01-09 20:49:49 GeoData: Loading 13_25.l2j...
[INFO ] 2022-01-09 20:49:49 GeoData: Loading 13_26.l2j...
[INFO ] 2022-01-09 20:49:49 GeoData: Loading 14_21.l2j...
[INFO ] 2022-01-09 20:49:49 GeoData: Loading 14_22.l2j...
[INFO ] 2022-01-09 20:49:49 GeoData: Loading 14_23.l2j...
[INFO ] 2022-01-09 20:49:49 GeoData: Loading 14_24.l2j...
[INFO ] 2022-01-09 20:49:49 GeoData: Loading 14_25.l2j...
[INFO ] 2022-01-09 20:49:49 GeoData: Loading 14_26.l2j...
[INFO ] 2022-01-09 20:49:49 GeoData: Loading 15_10.l2j...
[INFO ] 2022-01-09 20:49:49 GeoData: Loading 15_11.l2j...
[INFO ] 2022-01-09 20:49:49 GeoData: Loading 15_12.l2j...
[INFO ] 2022-01-09 20:49:49 GeoData: Loading 15_18.l2j...
[INFO ] 2022-01-09 20:49:49 GeoData: Loading 15_19.l2j...
[INFO ] 2022-01-09 20:49:49 GeoData: Loading 15_20.l2j...
[INFO ] 2022-01-09 20:49:49 GeoData: Loading 15_21.l2j...
[INFO ] 2022-01-09 20:49:49 GeoData: Loading 15_22.l2j...
[INFO ] 2022-01-09 20:49:49 GeoData: Loading 15_23.l2j...
[INFO ] 2022-01-09 20:49:49 GeoData: Loading 15_24.l2j...
[INFO ] 2022-01-09 20:49:49 GeoData: Loading 15_25.l2j...
[INFO ] 2022-01-09 20:49:49 GeoData: Loading 15_26.l2j...
[INFO ] 2022-01-09 20:49:49 GeoData: Loading 16_10.l2j...
[INFO ] 2022-01-09 20:49:49 GeoData: Loading 16_11.l2j...
[INFO ] 2022-01-09 20:49:49 GeoData: Loading 16_12.l2j...
[INFO ] 2022-01-09 20:49:49 GeoData: Loading 16_13.l2j...
[INFO ] 2022-01-09 20:49:49 GeoData: Loading 16_14.l2j...
[INFO ] 2022-01-09 20:49:49 GeoData: Loading 16_15.l2j...
[INFO ] 2022-01-09 20:49:49 GeoData: Loading 16_16.l2j...
[INFO ] 2022-01-09 20:49:49 GeoData: Loading 16_17.l2j...
[INFO ] 2022-01-09 20:49:49 GeoData: Loading 16_18.l2j...
[INFO ] 2022-01-09 20:49:49 GeoData: Loading 16_19.l2j...
[INFO ] 2022-01-09 20:49:49 GeoData: Loading 16_20.l2j...
[INFO ] 2022-01-09 20:49:49 GeoData: Loading 16_21.l2j...
[INFO ] 2022-01-09 20:49:49 GeoData: Loading 16_22.l2j...
[INFO ] 2022-01-09 20:49:49 GeoData: Loading 16_23.l2j...
[INFO ] 2022-01-09 20:49:49 GeoData: Loading 16_24.l2j...
[INFO ] 2022-01-09 20:49:49 GeoData: Loading 16_25.l2j...
[INFO ] 2022-01-09 20:49:49 GeoData: Loading 16_26.l2j...
[INFO ] 2022-01-09 20:49:49 GeoData: Loading 17_10.l2j...
[INFO ] 2022-01-09 20:49:49 GeoData: Loading 17_11.l2j...
[INFO ] 2022-01-09 20:49:49 GeoData: Loading 17_12.l2j...
[INFO ] 2022-01-09 20:49:49 GeoData: Loading 17_13.l2j...
[INFO ] 2022-01-09 20:49:49 GeoData: Loading 17_14.l2j...
[INFO ] 2022-01-09 20:49:49 GeoData: Loading 17_15.l2j...
[INFO ] 2022-01-09 20:49:49 GeoData: Loading 17_16.l2j...
[INFO ] 2022-01-09 20:49:49 GeoData: Loading 17_17.l2j...
[INFO ] 2022-01-09 20:49:49 GeoData: Loading 17_18.l2j...
[INFO ] 2022-01-09 20:49:49 GeoData: Loading 17_19.l2j...
[INFO ] 2022-01-09 20:49:49 GeoData: Loading 17_20.l2j...
[INFO ] 2022-01-09 20:49:49 GeoData: Loading 17_21.l2j...
[INFO ] 2022-01-09 20:49:49 GeoData: Loading 17_22.l2j...
[INFO ] 2022-01-09 20:49:49 GeoData: Loading 17_23.l2j...
[INFO ] 2022-01-09 20:49:49 GeoData: Loading 17_24.l2j...
[INFO ] 2022-01-09 20:49:49 GeoData: Loading 17_25.l2j...
[INFO ] 2022-01-09 20:49:49 GeoData: Loading 17_26.l2j...
[INFO ] 2022-01-09 20:49:49 GeoData: Loading 18_10.l2j...
[INFO ] 2022-01-09 20:49:49 GeoData: Loading 18_11.l2j...
[INFO ] 2022-01-09 20:49:49 GeoData: Loading 18_12.l2j...
[INFO ] 2022-01-09 20:49:50 GeoData: Loading 18_13.l2j...
[INFO ] 2022-01-09 20:49:50 GeoData: Loading 18_14.l2j...
[INFO ] 2022-01-09 20:49:50 GeoData: Loading 18_15.l2j...
[INFO ] 2022-01-09 20:49:50 GeoData: Loading 18_16.l2j...
[INFO ] 2022-01-09 20:49:50 GeoData: Loading 18_17.l2j...
[INFO ] 2022-01-09 20:49:50 GeoData: Loading 18_18.l2j...
[INFO ] 2022-01-09 20:49:50 GeoData: Loading 18_19.l2j...
[INFO ] 2022-01-09 20:49:50 GeoData: Loading 18_20.l2j...
[INFO ] 2022-01-09 20:49:50 GeoData: Loading 18_21.l2j...
[INFO ] 2022-01-09 20:49:50 GeoData: Loading 18_22.l2j...
[INFO ] 2022-01-09 20:49:50 GeoData: Loading 18_23.l2j...
[INFO ] 2022-01-09 20:49:50 GeoData: Loading 18_24.l2j...
[INFO ] 2022-01-09 20:49:50 GeoData: Loading 18_25.l2j...
[INFO ] 2022-01-09 20:49:50 GeoData: Loading 18_26.l2j...
[INFO ] 2022-01-09 20:49:50 GeoData: Loading 19_10.l2j...
[INFO ] 2022-01-09 20:49:50 GeoData: Loading 19_11.l2j...
[INFO ] 2022-01-09 20:49:50 GeoData: Loading 19_12.l2j...
[INFO ] 2022-01-09 20:49:50 GeoData: Loading 19_13.l2j...
[INFO ] 2022-01-09 20:49:50 GeoData: Loading 19_14.l2j...
[INFO ] 2022-01-09 20:49:50 GeoData: Loading 19_15.l2j...
[INFO ] 2022-01-09 20:49:50 GeoData: Loading 19_16.l2j...
[INFO ] 2022-01-09 20:49:50 GeoData: Loading 19_17.l2j...
[INFO ] 2022-01-09 20:49:50 GeoData: Loading 19_18.l2j...
[INFO ] 2022-01-09 20:49:50 GeoData: Loading 19_19.l2j...
[INFO ] 2022-01-09 20:49:50 GeoData: Loading 19_20.l2j...
[INFO ] 2022-01-09 20:49:50 GeoData: Loading 19_21.l2j...
[INFO ] 2022-01-09 20:49:50 GeoData: Loading 19_22.l2j...
[INFO ] 2022-01-09 20:49:50 GeoData: Loading 19_23.l2j...
[INFO ] 2022-01-09 20:49:50 GeoData: Loading 19_24.l2j...
[INFO ] 2022-01-09 20:49:50 GeoData: Loading 19_25.l2j...
[INFO ] 2022-01-09 20:49:50 GeoData: Loading 19_26.l2j...
[INFO ] 2022-01-09 20:49:50 GeoData: Loading 20_10.l2j...
[INFO ] 2022-01-09 20:49:50 GeoData: Loading 20_11.l2j...
[INFO ] 2022-01-09 20:49:50 GeoData: Loading 20_12.l2j...
[INFO ] 2022-01-09 20:49:50 GeoData: Loading 20_13.l2j...
[INFO ] 2022-01-09 20:49:50 GeoData: Loading 20_14.l2j...
[INFO ] 2022-01-09 20:49:50 GeoData: Loading 20_15.l2j...
[INFO ] 2022-01-09 20:49:50 GeoData: Loading 20_16.l2j...
[INFO ] 2022-01-09 20:49:50 GeoData: Loading 20_17.l2j...
[INFO ] 2022-01-09 20:49:50 GeoData: Loading 20_18.l2j...
[INFO ] 2022-01-09 20:49:50 GeoData: Loading 20_19.l2j...
[INFO ] 2022-01-09 20:49:50 GeoData: Loading 20_20.l2j...
[INFO ] 2022-01-09 20:49:50 GeoData: Loading 20_21.l2j...
[INFO ] 2022-01-09 20:49:50 GeoData: Loading 20_22.l2j...
[INFO ] 2022-01-09 20:49:50 GeoData: Loading 20_23.l2j...
[INFO ] 2022-01-09 20:49:50 GeoData: Loading 20_24.l2j...
[INFO ] 2022-01-09 20:49:50 GeoData: Loading 20_25.l2j...
[INFO ] 2022-01-09 20:49:50 GeoData: Loading 20_26.l2j...
[INFO ] 2022-01-09 20:49:50 GeoData: Loading 21_10.l2j...
[INFO ] 2022-01-09 20:49:50 GeoData: Loading 21_11.l2j...
[INFO ] 2022-01-09 20:49:50 GeoData: Loading 21_12.l2j...
[INFO ] 2022-01-09 20:49:50 GeoData: Loading 21_13.l2j...
[INFO ] 2022-01-09 20:49:50 GeoData: Loading 21_14.l2j...
[INFO ] 2022-01-09 20:49:50 GeoData: Loading 21_15.l2j...
[INFO ] 2022-01-09 20:49:50 GeoData: Loading 21_16.l2j...
[INFO ] 2022-01-09 20:49:50 GeoData: Loading 21_17.l2j...
[INFO ] 2022-01-09 20:49:50 GeoData: Loading 21_18.l2j...
[INFO ] 2022-01-09 20:49:50 GeoData: Loading 21_19.l2j...
[INFO ] 2022-01-09 20:49:50 GeoData: Loading 21_20.l2j...
[INFO ] 2022-01-09 20:49:50 GeoData: Loading 21_21.l2j...
[INFO ] 2022-01-09 20:49:50 GeoData: Loading 21_22.l2j...
[INFO ] 2022-01-09 20:49:50 GeoData: Loading 21_23.l2j...
[INFO ] 2022-01-09 20:49:50 GeoData: Loading 21_24.l2j...
[INFO ] 2022-01-09 20:49:50 GeoData: Loading 21_25.l2j...
[INFO ] 2022-01-09 20:49:50 GeoData: Loading 22_10.l2j...
[INFO ] 2022-01-09 20:49:50 GeoData: Loading 22_11.l2j...
[INFO ] 2022-01-09 20:49:50 GeoData: Loading 22_12.l2j...
[INFO ] 2022-01-09 20:49:50 GeoData: Loading 22_13.l2j...
[INFO ] 2022-01-09 20:49:50 GeoData: Loading 22_14.l2j...
[INFO ] 2022-01-09 20:49:50 GeoData: Loading 22_15.l2j...
[INFO ] 2022-01-09 20:49:50 GeoData: Loading 22_16.l2j...
[INFO ] 2022-01-09 20:49:50 GeoData: Loading 22_17.l2j...
[INFO ] 2022-01-09 20:49:50 GeoData: Loading 22_18.l2j...
[INFO ] 2022-01-09 20:49:51 GeoData: Loading 22_19.l2j...
[INFO ] 2022-01-09 20:49:51 GeoData: Loading 22_20.l2j...
[INFO ] 2022-01-09 20:49:51 GeoData: Loading 22_21.l2j...
[INFO ] 2022-01-09 20:49:51 GeoData: Loading 22_22.l2j...
[INFO ] 2022-01-09 20:49:51 GeoData: Loading 22_23.l2j...
[INFO ] 2022-01-09 20:49:51 GeoData: Loading 22_24.l2j...
[INFO ] 2022-01-09 20:49:51 GeoData: Loading 22_25.l2j...
[INFO ] 2022-01-09 20:49:51 GeoData: Loading 22_26.l2j...
[INFO ] 2022-01-09 20:49:51 GeoData: Loading 23_10.l2j...
[INFO ] 2022-01-09 20:49:51 GeoData: Loading 23_11.l2j...
[INFO ] 2022-01-09 20:49:51 GeoData: Loading 23_12.l2j...
[INFO ] 2022-01-09 20:49:51 GeoData: Loading 23_13.l2j...
[INFO ] 2022-01-09 20:49:51 GeoData: Loading 23_14.l2j...
[INFO ] 2022-01-09 20:49:51 GeoData: Loading 23_15.l2j...
[INFO ] 2022-01-09 20:49:51 GeoData: Loading 23_16.l2j...
[INFO ] 2022-01-09 20:49:51 GeoData: Loading 23_17.l2j...
[INFO ] 2022-01-09 20:49:51 GeoData: Loading 23_18.l2j...
[INFO ] 2022-01-09 20:49:51 GeoData: Loading 23_19.l2j...
[INFO ] 2022-01-09 20:49:51 GeoData: Loading 23_20.l2j...
[INFO ] 2022-01-09 20:49:51 GeoData: Loading 23_21.l2j...
[INFO ] 2022-01-09 20:49:51 GeoData: Loading 23_22.l2j...
[INFO ] 2022-01-09 20:49:51 GeoData: Loading 23_23.l2j...
[INFO ] 2022-01-09 20:49:51 GeoData: Loading 23_24.l2j...
[INFO ] 2022-01-09 20:49:51 GeoData: Loading 23_25.l2j...
[INFO ] 2022-01-09 20:49:51 GeoData: Loading 23_26.l2j...
[INFO ] 2022-01-09 20:49:51 GeoData: Loading 24_10.l2j...
[INFO ] 2022-01-09 20:49:51 GeoData: Loading 24_11.l2j...
[INFO ] 2022-01-09 20:49:51 GeoData: Loading 24_12.l2j...
[INFO ] 2022-01-09 20:49:51 GeoData: Loading 24_13.l2j...
[INFO ] 2022-01-09 20:49:51 GeoData: Loading 24_14.l2j...
[INFO ] 2022-01-09 20:49:51 GeoData: Loading 24_15.l2j...
[INFO ] 2022-01-09 20:49:51 GeoData: Loading 24_16.l2j...
[INFO ] 2022-01-09 20:49:51 GeoData: Loading 24_17.l2j...
[INFO ] 2022-01-09 20:49:51 GeoData: Loading 24_18.l2j...
[INFO ] 2022-01-09 20:49:51 GeoData: Loading 24_19.l2j...
[INFO ] 2022-01-09 20:49:51 GeoData: Loading 24_20.l2j...
[INFO ] 2022-01-09 20:49:51 GeoData: Loading 24_21.l2j...
[INFO ] 2022-01-09 20:49:51 GeoData: Loading 24_22.l2j...
[INFO ] 2022-01-09 20:49:51 GeoData: Loading 24_23.l2j...
[INFO ] 2022-01-09 20:49:51 GeoData: Loading 24_24.l2j...
[INFO ] 2022-01-09 20:49:51 GeoData: Loading 24_25.l2j...
[INFO ] 2022-01-09 20:49:51 GeoData: Loading 24_26.l2j...
[INFO ] 2022-01-09 20:49:51 GeoData: Loading 25_10.l2j...
[INFO ] 2022-01-09 20:49:51 GeoData: Loading 25_11.l2j...
[INFO ] 2022-01-09 20:49:51 GeoData: Loading 25_12.l2j...
[INFO ] 2022-01-09 20:49:51 GeoData: Loading 25_14.l2j...
[INFO ] 2022-01-09 20:49:51 GeoData: Loading 25_15.l2j...
[INFO ] 2022-01-09 20:49:51 GeoData: Loading 25_16.l2j...
[INFO ] 2022-01-09 20:49:51 GeoData: Loading 25_17.l2j...
[INFO ] 2022-01-09 20:49:51 GeoData: Loading 25_18.l2j...
[INFO ] 2022-01-09 20:49:51 GeoData: Loading 25_19.l2j...
[INFO ] 2022-01-09 20:49:51 GeoData: Loading 25_20.l2j...
[INFO ] 2022-01-09 20:49:51 GeoData: Loading 25_21.l2j...
[INFO ] 2022-01-09 20:49:51 GeoData: Loading 25_22.l2j...
[INFO ] 2022-01-09 20:49:51 GeoData: Loading 25_23.l2j...
[INFO ] 2022-01-09 20:49:51 GeoData: Loading 25_24.l2j...
[INFO ] 2022-01-09 20:49:51 GeoData: Loading 26_11.l2j...
[INFO ] 2022-01-09 20:49:51 GeoData: Loading 26_12.l2j...
[INFO ] 2022-01-09 20:49:51 GeoData: Loading 26_14.l2j...
[INFO ] 2022-01-09 20:49:51 GeoData: Loading 26_15.l2j...
[INFO ] 2022-01-09 20:49:51 GeoData: Loading 26_16.l2j...
[INFO ] 2022-01-09 20:49:51 GeoData: Loaded 203 regions.
[INFO ] 2022-01-09 20:49:51 GameServer: ----------------------------------------------------=[ NPCs ]
[INFO ] 2022-01-09 20:49:51 SkillLearnData: Loaded 256 skill learn data.
[INFO ] 2022-01-09 20:49:51 NpcData$MinionData: Loaded 128 minions data.
[INFO ] 2022-01-09 20:49:56 NpcData: Loaded 10461 NPCs.
[INFO ] 2022-01-09 20:49:56 NpcData: Loaded 13 custom NPCs.
[INFO ] 2022-01-09 20:49:56 WalkingManager: Loaded 127 walking routes.
[INFO ] 2022-01-09 20:49:56 StaticObjectData: Loaded 51 static object templates.
[INFO ] 2022-01-09 20:49:56 GrandBossManager: Queen Ant (29001) status is 0.
[INFO ] 2022-01-09 20:49:56 GrandBossManager: Core (29006) status is 0.
[INFO ] 2022-01-09 20:49:56 GrandBossManager: Orfen (29014) status is 0.
[INFO ] 2022-01-09 20:49:56 GrandBossManager: Baium (29020) status is 3.
[INFO ] 2022-01-09 20:49:56 GrandBossManager: Next spawn date of Baium is 2022-01-15T02:25:55.049-0300.
[INFO ] 2022-01-09 20:49:56 GrandBossManager: Valakas (29028) status is 0.
[INFO ] 2022-01-09 20:49:56 GrandBossManager: Antharas (29068) status is 0.
[INFO ] 2022-01-09 20:49:56 GrandBossManager: Beleth (29118) status is 0.
[INFO ] 2022-01-09 20:49:56 GrandBossManager: Loaded 7 grand boss instances.
[INFO ] 2022-01-09 20:49:57 DoorData: Loaded 1301 door templates for 22 regions.
[INFO ] 2022-01-09 20:49:58 ZoneManager: Loaded 28 zone classes and 2794 zones.
[INFO ] 2022-01-09 20:49:58 ZoneManager: Loaded 0 NPC spawn territoriers.
[INFO ] 2022-01-09 20:49:58 CastleManager: Loaded 9 castles.
[INFO ] 2022-01-09 20:49:58 NpcBufferTable: Loaded 2 buffers and 64 skills.
[INFO ] 2022-01-09 20:49:58 GrandBossManager: Initialized 12 grand boss zones.
[INFO ] 2022-01-09 20:49:58 GameServer: -----------------------------------------=[ Auction Manager ]
[INFO ] 2022-01-09 20:49:58 ItemAuctionInstance: Loaded 82 item(s) and registered 2 auction(s) for NPC ID 32320.
[INFO ] 2022-01-09 20:49:58 ItemAuctionInstance: Schedule next auction ID 5 on 17:00:00 14.01.22 for NPC ID 32320.
[INFO ] 2022-01-09 20:49:58 ItemAuctionInstance: Loaded 82 item(s) and registered 1 auction(s) for NPC ID 32321.
[INFO ] 2022-01-09 20:49:58 ItemAuctionInstance: Schedule next auction ID 2 on 17:00:00 10.01.22 for NPC ID 32321.
[INFO ] 2022-01-09 20:49:58 ItemAuctionInstance: Loaded 82 item(s) and registered 2 auction(s) for NPC ID 32322.
[INFO ] 2022-01-09 20:49:58 ItemAuctionInstance: Schedule next auction ID 4 on 17:00:00 12.01.22 for NPC ID 32322.
[INFO ] 2022-01-09 20:49:58 ItemAuctionManager: Loaded 3 auction manager instance(s).
[INFO ] 2022-01-09 20:49:58 GameServer: ------------------------------------------------=[ Olympiad ]
[INFO ] 2022-01-09 20:49:58 Olympiad: Loading Olympiad System....
[INFO ] 2022-01-09 20:49:58 Olympiad: Currently in Olympiad Period
[INFO ] 2022-01-09 20:49:58 Olympiad: 32590 minutes until period ends
[INFO ] 2022-01-09 20:49:58 Olympiad: Next weekly change is in 1688 minutes
[INFO ] 2022-01-09 20:49:58 Olympiad: Loaded 0 Nobles
[INFO ] 2022-01-09 20:49:58 Olympiad: Competition Period Starts in 0 days, 0 hours and 0 mins.
[INFO ] 2022-01-09 20:49:58 Olympiad: Event starts/started : Sun Jan 09 18:00:58 ART 2022
[INFO ] 2022-01-09 20:49:58 Hero: Loaded 0 Heroes.
[INFO ] 2022-01-09 20:49:58 Hero: Loaded 0 all time Heroes.
[INFO ] 2022-01-09 20:49:58 GameServer: ---------------------------------------------=[ Seven Signs ]
[INFO ] 2022-01-09 20:49:58 SevenSigns: Currently in the Competition (Quest Event) period.
[INFO ] 2022-01-09 20:49:58 SevenSigns: The Seal of Avarice remains unclaimed.
[INFO ] 2022-01-09 20:49:58 SevenSigns: The Seal of Gnosis remains unclaimed.
[INFO ] 2022-01-09 20:49:58 SevenSigns: The Seal of Strife remains unclaimed.
[INFO ] 2022-01-09 20:49:58 SevenSigns: The competition, if the current trend continues, will end in a tie this week.
[INFO ] 2022-01-09 20:49:58 SevenSigns: Next period change set to 2022-01-10T18:00:58.274-0300.
[INFO ] 2022-01-09 20:49:58 SevenSigns: Next period begins in 0 days, 21 hours and 10 mins.
[INFO ] 2022-01-09 20:49:58 GameServer: ---------------------------------------------------=[ Cache ]
[INFO ] 2022-01-09 20:49:58 HtmCache: Running lazy cache.
[INFO ] 2022-01-09 20:49:58 Olympiad: Olympiad Game Started
[INFO ] 2022-01-09 20:49:58 OlympiadGameManager: Loaded 160 stadiums.
[INFO ] 2022-01-09 20:49:58 CrestTable: Loaded 1 crests.
[INFO ] 2022-01-09 20:49:58 TeleportLocationTable: Loaded 1220 teleport location templates.
[INFO ] 2022-01-09 20:49:58 UIData: Loaded 4 keys 5 categories.
[INFO ] 2022-01-09 20:49:58 AugmentationData: Loaded 33960 augmentations.
[INFO ] 2022-01-09 20:49:58 AugmentationData: Loaded 2754 accessory augmentations.
[INFO ] 2022-01-09 20:49:58 CursedWeaponsManager: Loaded 2 cursed weapon(s).
[INFO ] 2022-01-09 20:49:58 TransformData: Loaded 111 transform templates.
[INFO ] 2022-01-09 20:49:58 BotReportTable: Loaded 0 bot reports.
[INFO ] 2022-01-09 20:49:58 AirShipManager: Loaded 0 private airships.
[INFO ] 2022-01-09 20:49:58 GameServer: ------------------------------------------------=[ Handlers ]
[INFO ] 2022-01-09 20:50:01 MasterHandler: Loaded 8 Voiced Command Handler.
[INFO ] 2022-01-09 20:50:01 MasterHandler: Loaded 10 Action Handler.
[INFO ] 2022-01-09 20:50:01 MasterHandler: Loaded 6 Action Shift Handler.
[INFO ] 2022-01-09 20:50:01 MasterHandler: Loaded 447 Admin Command Handler.
[INFO ] 2022-01-09 20:50:01 MasterHandler: Loaded 48 Bypass Handler.
[INFO ] 2022-01-09 20:50:01 MasterHandler: Loaded 14 Chat Handler.
[INFO ] 2022-01-09 20:50:01 MasterHandler: Loaded 15 Community Board Handler.
[INFO ] 2022-01-09 20:50:01 MasterHandler: Loaded 31 Item Handler.
[INFO ] 2022-01-09 20:50:01 MasterHandler: Loaded 3 Punishment Handler.
[INFO ] 2022-01-09 20:50:01 MasterHandler: Loaded 17 User Command Handler.
[INFO ] 2022-01-09 20:50:01 MasterHandler: Loaded 20 Telnet Handler.
[INFO ] 2022-01-09 20:50:01 GameServer: ------------------------------------------------------=[ AI ]
[INFO ] 2022-01-09 20:50:05 NpcBuffersData: Loaded 33 buffers data.
[INFO ] 2022-01-09 20:50:05 HandysBlockCheckerEvent: Loaded Handy's Block Checker event.
[INFO ] 2022-01-09 20:50:05 AILoader: Loaded 179 AI scripts.
[INFO ] 2022-01-09 20:50:05 GameServer: -----------------------------------------------=[ Instances ]
[INFO ] 2022-01-09 20:50:06 InstanceLoader: Loaded 30 instnaces.
[INFO ] 2022-01-09 20:50:06 GameServer: --------------------------------------------------=[ Gracia ]
[INFO ] 2022-01-09 20:50:07 GraciaLoader: Loaded 28 Gracia scripts.
[INFO ] 2022-01-09 20:50:07 GameServer: -----------------------------------------------=[ Hellbound ]
[INFO ] 2022-01-09 20:50:08 HellboundPointData: Loaded 47 trust point reward data.
[INFO ] 2022-01-09 20:50:08 HellboundSpawns: Loaded 598 Hellbound spawns.
[INFO ] 2022-01-09 20:50:08 HellboundEngine: Level 0.
[INFO ] 2022-01-09 20:50:08 HellboundEngine: Trust 0.
[INFO ] 2022-01-09 20:50:08 HellboundEngine: Status locked.
[INFO ] 2022-01-09 20:50:08 RaidBossSpawnManager: Spawning raid bosses...
[INFO ] 2022-01-09 20:50:08 RaidBossSpawnManager: Loaded 187 bosses.
[INFO ] 2022-01-09 20:50:08 RaidBossSpawnManager: Scheduled 1 boss instances.
[INFO ] 2022-01-09 20:50:08 HellboundLoader: Loaded 34 Hellbound scripts.
[INFO ] 2022-01-09 20:50:08 GameServer: --------------------------------------------------=[ Quests ]
[INFO ] 2022-01-09 20:50:13 Q00350_EnhanceYourWeapon: Loaded 54 soul crystal data.
[INFO ] 2022-01-09 20:50:13 Q00350_EnhanceYourWeapon: Loaded 240 npc leveling data.
[INFO ] 2022-01-09 20:50:13 QuestLoader: Loaded 502 quests.
[INFO ] 2022-01-09 20:50:13 AbstractScript: TerritoryWarSuperClass: Siege date: Sun Jan 09 22:00:00 ART 2022
[INFO ] 2022-01-09 20:50:13 GameServer: -------------------------------------------------=[ Scripts ]
[INFO ] 2022-01-09 20:50:14 ClanHallSiegeEngine: Fortress of the Dead siege scheduled for 2022-01-18T12:00:00.617-0300.
[INFO ] 2022-01-09 20:50:14 DiscordBot: Discord Bot is Disabled.
[INFO ] 2022-01-09 20:50:14 ClanHallSiegeEngine: Beast Farm siege scheduled for 2022-01-18T12:00:00.616-0300.
[INFO ] 2022-01-09 20:50:14 ClanHallSiegeEngine: Rainbow Springs siege scheduled for 2022-01-18T12:00:00.615-0300.
[INFO ] 2022-01-09 20:50:14 TeleporterService: Disabled.
[INFO ] 2022-01-09 20:50:14 BufferService: Disabled.
[INFO ] 2022-01-09 20:50:14 ClanHallSiegeEngine: Bandit Stronghold siege scheduled for 2022-01-18T12:00:00.613-0300.
[INFO ] 2022-01-09 20:50:14 ClanHallSiegeEngine: Devastated Castle siege scheduled for 2022-01-18T12:00:00.611-0300.
[INFO ] 2022-01-09 20:50:14 ClanHallSiegeEngine: Fortress of Resistance siege scheduled for 2022-01-18T12:00:00.431-0300.
[INFO ] 2022-01-09 20:50:23 SpawnTable: Loaded 3761 NPC spawns.
[WARN ] 2022-01-09 20:50:23 SpawnTable: Data missing in NPC table for ID 1000004!
[WARN ] 2022-01-09 20:50:23 SpawnTable: Data missing in NPC table for ID 10004!
[INFO ] 2022-01-09 20:50:23 SpawnTable: Loaded 9 custom NPC spawns.
[INFO ] 2022-01-09 20:50:23 SpawnTable: Loaded 1190 NPC spawns from XML.
[INFO ] 2022-01-09 20:50:23 DayNightSpawnManager: Removed 0 day creatures.
[INFO ] 2022-01-09 20:50:24 DayNightSpawnManager: Spawned 553 night creatures.
[INFO ] 2022-01-09 20:50:24 DayNightSpawnManager: Spawning Hellman raidboss.
[INFO ] 2022-01-09 20:50:24 FourSepulchersManager: Loaded 20 Mysterious-Box spawns.
[INFO ] 2022-01-09 20:50:24 FourSepulchersManager: Loaded 716 Physical type monsters spawns.
[INFO ] 2022-01-09 20:50:24 FourSepulchersManager: Loaded 716 Magical monsters spawns.
[INFO ] 2022-01-09 20:50:24 FourSepulchersManager: Loaded 92 Church of duke monsters spawns.
[INFO ] 2022-01-09 20:50:24 FourSepulchersManager: Loaded 68 Emperor's Grave spawns.
[INFO ] 2022-01-09 20:50:24 FourSepulchersManager: Spawned Conquerors' Sepulcher Manager.
[INFO ] 2022-01-09 20:50:24 FourSepulchersManager: Spawned Emperors' Sepulcher Manager.
[INFO ] 2022-01-09 20:50:24 FourSepulchersManager: Spawned Great Sages' Sepulcher Manager.
[INFO ] 2022-01-09 20:50:24 FourSepulchersManager: Spawned Judges' Sepulcher Manager.
[INFO ] 2022-01-09 20:50:24 FourSepulchersManager: Beginning in cooldown time.
[INFO ] 2022-01-09 20:50:24 DimensionalRiftManager: Loaded 7 room types with 56 rooms.
[INFO ] 2022-01-09 20:50:24 DimensionalRiftManager: Loaded 462 Dimensional Rift spawns.
[INFO ] 2022-01-09 20:50:24 GameServer: ---------------------------------------------------=[ Siege ]
[INFO ] 2022-01-09 20:50:24 SiegeScheduleData: Loaded 2 siege schedulers.
[INFO ] 2022-01-09 20:50:24 Siege: Siege of Gludio: 2022-01-23T16:00:00.576-0300.
[INFO ] 2022-01-09 20:50:24 Siege: Siege of Dion: 2022-01-23T16:00:00.642-0300.
[INFO ] 2022-01-09 20:50:24 Siege: Siege of Giran: 2022-01-23T16:00:00.653-0300.
[INFO ] 2022-01-09 20:50:24 Siege: Siege of Oren: 2022-01-23T16:00:00.657-0300.
[INFO ] 2022-01-09 20:50:24 Siege: Siege of Aden: 2022-01-23T16:00:00.691-0300.
[INFO ] 2022-01-09 20:50:24 Siege: Siege of Innadril: 2022-01-23T16:00:00.720-0300.
[INFO ] 2022-01-09 20:50:24 Siege: Siege of Goddard: 2022-01-23T16:00:00.719-0300.
[INFO ] 2022-01-09 20:50:24 Siege: Siege of Rune: 2022-01-23T16:00:00.720-0300.
[INFO ] 2022-01-09 20:50:24 Siege: Siege of Schuttgart: 2022-01-23T16:00:00.720-0300.
[INFO ] 2022-01-09 20:50:24 FortManager: Loaded 21 fortress.
[INFO ] 2022-01-09 20:50:24 CastleManorManager: Loaded 258 seeds.
[INFO ] 2022-01-09 20:50:24 CastleManorManager: Manor data loaded.
[INFO ] 2022-01-09 20:50:24 MercTicketManager: Loaded 0 mercenary tickets.
[INFO ] 2022-01-09 20:50:24 AutoSpawnHandler: Loaded 129 handlers.
[INFO ] 2022-01-09 20:50:24 SevenSignsFestival: The first Festival of Darkness cycle begins in 2 minute(s).
[INFO ] 2022-01-09 20:50:24 FaenorEventParser: Event Id Valentines Event has passed... Ignored.
[INFO ] 2022-01-09 20:50:24 FaenorScriptEngine: Loaded Valentines.xml successfully.
[INFO ] 2022-01-09 20:50:24 CoupleManager: CoupleManager: Loaded: 0 couples(s)
[INFO ] 2022-01-09 20:50:24 TaskManager: Loaded 12 tasks.
[INFO ] 2022-01-09 20:50:24 MailManager: Successfully loaded 0 messages.
[INFO ] 2022-01-09 20:50:25 PunishmentManager: Loaded 1 active and 0 expired punishments.
[INFO ] 2022-01-09 20:50:25 GameServer: Free Object Ids remaining 1879001943.
[INFO ] 2022-01-09 20:50:25 TvTManager: Engine is disabled.
[INFO ] 2022-01-09 20:50:25 GameServer: Started, free memory 364 Mb of 2048 Mb
[INFO ] 2022-01-09 20:50:25 LoginServerThread: Connecting to login server on 127.0.0.1:9014
[INFO ] 2022-01-09 20:50:25 LoginServerThread: Registered on login as Server 1: Bartz
[INFO ] 2022-01-09 20:50:25 GameServer: Now listening on *:7777
[INFO ] 2022-01-09 20:50:25 GameServer: ----------------------------------------------------=[ UPnP ]
[INFO ] 2022-01-09 20:50:25 UPnPService: Looking for UPnP Gateway Devices...
[INFO ] 2022-01-09 20:50:34 UPnPService: No UPnP gateways has been found.
[INFO ] 2022-01-09 20:50:34 GameServer: Telnet server is currently disabled.
[INFO ] 2022-01-09 20:50:34 GameServer: Maximum numbers of connected players 500.
[INFO ] 2022-01-09 20:50:34 GameServer: Server Bartz loaded in 66 seconds.
[INFO ] 2022-01-09 20:51:02 L2PcInstance: Master access level set for character Beto Risso [268497202].
[WARN ] 2022-01-09 20:54:44 L2GameClientPacket: RequestExTryToPutEnchantTargetItem: Undefined scroll have been used id: 961
[INFO ] 2022-01-09 20:56:18 L2PcInstance: Master access level set for character Void [268481234].
[WARN ] 2022-01-09 20:56:18 L2GameClientPacket: RequestExTryToPutEnchantTargetItem: Undefined scroll have been used id: 961
[INFO ] 2022-01-09 20:58:45 GlobalVariablesManager: Stored 7 variables.
[INFO ] 2022-01-09 20:59:39 L2PcInstance: Master access level set for character Beto Risso [268497202].
[INFO ] 2022-01-09 21:00:00 DayNightSpawnManager: Removed 553 night creatures.
[INFO ] 2022-01-09 21:00:00 DayNightSpawnManager: Spawned 232 day creatures.
[INFO ] 2022-01-09 21:00:00 DayNightSpawnManager: Deleting Hellman raidboss.
[INFO ] 2022-01-09 21:03:35 L2PcInstance: Master access level set for character Void [268481234].
[INFO ] 2022-01-09 21:05:24 TaskOlympiadSave: Data updated.
[INFO ] 2022-01-09 21:06:04 L2PcInstance: Master access level set for character Beto Risso [268497202].
[INFO ] 2022-01-09 21:07:10 L2PcInstance: Master access level set for character Void [268481234].
[WARN ] 2022-01-09 21:09:37 TargetType: Outdated Skill Demonic Desire(23322,1) with target type ENEMY used on Beto Risso [268497202] by Void [268481234]!
[WARN ] 2022-01-09 21:09:57 TargetType: Outdated Skill Fury of Darkness(23323,1) with target type ENEMY used on Beto Risso [268497202] by Void [268481234]!
[INFO ] 2022-01-09 21:11:42 L2PcInstance: Master access level set for character Void [268481234].
[INFO ] 2022-01-09 21:12:49 L2PcInstance: Master access level set for character Void [268481234].
[INFO ] 2022-01-09 21:14:01 L2PcInstance: Master access level set for character Void [268481234].
[INFO ] 2022-01-09 21:17:45 L2PcInstance: Master access level set for character Beto Risso [268497202].
[INFO ] 2022-01-09 21:20:24 TaskSevenSignsUpdate: Data updated successfully.
[WARN ] 2022-01-09 21:23:36 TargetType: Outdated Skill PvP Armor - Mirage(5694,1) with target type ENEMY used on Beto Risso [268497202] by Void [268481234]!
[WARN ] 2022-01-09 21:23:43 TargetType: Outdated Skill PvP Armor - Mirage(5694,1) with target type TARGET used on Beto Risso [268497202] by Void [268481234]!
[WARN ] 2022-01-09 21:23:44 TargetType: Outdated Skill Expose Weak Point(5565,1) with target type ENEMY_ONLY used on Beto Risso [268497202] by Void [268481234]!
[WARN ] 2022-01-09 21:23:44 TargetType: Outdated Skill PvP Armor - Mirage(5694,1) with target type TARGET used on Beto Risso [268497202] by Void [268481234]!
[WARN ] 2022-01-09 21:23:45 TargetType: Outdated Skill PvP Armor - Mirage(5694,1) with target type TARGET used on Beto Risso [268497202] by Void [268481234]!
[WARN ] 2022-01-09 21:23:45 TargetType: Outdated Skill PvP Armor - Mirage(5694,1) with target type TARGET used on Beto Risso [268497202] by Void [268481234]!
[WARN ] 2022-01-09 21:23:46 TargetType: Outdated Skill PvP Armor - Mirage(5694,1) with target type TARGET used on Beto Risso [268497202] by Void [268481234]!
[WARN ] 2022-01-09 21:23:46 TargetType: Outdated Skill PvP Armor - Mirage(5694,1) with target type TARGET used on Beto Risso [268497202] by Void [268481234]!
[INFO ] 2022-01-09 21:27:29 L2PcInstance: G-Cerati [268504606] has karma and dropped id = 1539, count = 195
[INFO ] 2022-01-09 21:27:29 L2PcInstance: G-Cerati [268504606] has karma and dropped id = 22174, count = 1
[INFO ] 2022-01-09 21:27:29 L2PcInstance: G-Cerati [268504606] has karma and dropped id = 15600, count = 1
[INFO ] 2022-01-09 21:27:29 L2PcInstance: G-Cerati [268504606] has karma and dropped id = 6362, count = 185
[INFO ] 2022-01-09 21:27:29 L2PcInstance: G-Cerati [268504606] has karma and dropped id = 10582, count = 1
[INFO ] 2022-01-09 21:27:29 L2PcInstance: G-Cerati [268504606] has karma and dropped id = 1872, count = 2
[INFO ] 2022-01-09 21:27:29 L2PcInstance: G-Cerati [268504606] has karma and dropped id = 961, count = 1
[INFO ] 2022-01-09 21:27:29 L2PcInstance: G-Cerati [268504606] has karma and dropped id = 961, count = 1
[INFO ] 2022-01-09 21:27:29 L2PcInstance: G-Cerati [268504606] has karma and dropped id = 961, count = 1
[INFO ] 2022-01-09 21:27:29 L2PcInstance: G-Cerati [268504606] has karma and dropped id = 961, count = 1
[INFO ] 2022-01-09 21:28:44 GlobalVariablesManager: Stored 7 variables.
[INFO ] 2022-01-09 21:32:27 L2PcInstance: G-Cerati [268504606] has karma and dropped id = 9584, count = 1
[INFO ] 2022-01-09 21:32:27 L2PcInstance: G-Cerati [268504606] has karma and dropped id = 6383, count = 1
[INFO ] 2022-01-09 21:32:27 L2PcInstance: G-Cerati [268504606] has karma and dropped id = 5799, count = 1
[INFO ] 2022-01-09 21:32:27 L2PcInstance: G-Cerati [268504606] has karma and dropped id = 6361, count = 10956
[INFO ] 2022-01-09 21:32:27 L2PcInstance: G-Cerati [268504606] has karma and dropped id = 15594, count = 1
[INFO ] 2022-01-09 21:32:27 L2PcInstance: G-Cerati [268504606] has karma and dropped id = 736, count = 41
[INFO ] 2022-01-09 21:32:27 L2PcInstance: G-Cerati [268504606] has karma and dropped id = 9592, count = 1
[INFO ] 2022-01-09 21:32:27 L2PcInstance: G-Cerati [268504606] has karma and dropped id = 6385, count = 1
[INFO ] 2022-01-09 21:32:27 L2PcInstance: G-Cerati [268504606] has karma and dropped id = 2407, count = 1
[INFO ] 2022-01-09 21:32:27 L2PcInstance: G-Cerati [268504606] has karma and dropped id = 961, count = 1
[INFO ] 2022-01-09 21:32:40 L2PcInstance: G-Cerati [268504606] has karma and dropped id = 512, count = 1
[INFO ] 2022-01-09 21:32:40 L2PcInstance: G-Cerati [268504606] has karma and dropped id = 6657, count = 1
[INFO ] 2022-01-09 21:32:40 L2PcInstance: G-Cerati [268504606] has karma and dropped id = 6386, count = 1
[INFO ] 2022-01-09 21:32:40 L2PcInstance: G-Cerati [268504606] has karma and dropped id = 21712, count = 1
[INFO ] 2022-01-09 21:32:40 L2PcInstance: G-Cerati [268504606] has karma and dropped id = 15597, count = 1
[INFO ] 2022-01-09 21:32:40 L2PcInstance: G-Cerati [268504606] has karma and dropped id = 1867, count = 3
[INFO ] 2022-01-09 21:32:40 L2PcInstance: G-Cerati [268504606] has karma and dropped id = 6384, count = 1
[INFO ] 2022-01-09 21:32:40 L2PcInstance: G-Cerati [268504606] has karma and dropped id = 14961, count = 1
[INFO ] 2022-01-09 21:32:40 L2PcInstance: G-Cerati [268504606] has karma and dropped id = 5485, count = 1
[INFO ] 2022-01-09 21:32:40 L2PcInstance: G-Cerati [268504606] has karma and dropped id = 961, count = 1
[INFO ] 2022-01-09 21:32:47 L2PcInstance: G-Cerati [268504606] has karma and dropped id = 21892, count = 1
[INFO ] 2022-01-09 21:32:47 L2PcInstance: G-Cerati [268504606] has karma and dropped id = 858, count = 1
[INFO ] 2022-01-09 21:32:47 L2PcInstance: G-Cerati [268504606] has karma and dropped id = 6656, count = 1
[INFO ] 2022-01-09 21:32:47 L2PcInstance: G-Cerati [268504606] has karma and dropped id = 5767, count = 1
[INFO ] 2022-01-09 21:32:47 L2PcInstance: G-Cerati [268504606] has karma and dropped id = 5779, count = 1
[INFO ] 2022-01-09 21:32:47 L2PcInstance: G-Cerati [268504606] has karma and dropped id = 15603, count = 1
[INFO ] 2022-01-09 21:32:47 L2PcInstance: G-Cerati [268504606] has karma and dropped id = 22173, count = 1
[INFO ] 2022-01-09 21:32:47 L2PcInstance: G-Cerati [268504606] has karma and dropped id = 961, count = 1
[INFO ] 2022-01-09 21:32:47 L2PcInstance: G-Cerati [268504606] has karma and dropped id = 961, count = 1
[INFO ] 2022-01-09 21:32:47 L2PcInstance: G-Cerati [268504606] has karma and dropped id = 961, count = 1
[INFO ] 2022-01-09 21:32:51 L2PcInstance: G-Cerati [268504606] has karma and dropped id = 3952, count = 609
[INFO ] 2022-01-09 21:32:51 L2PcInstance: G-Cerati [268504606] has karma and dropped id = 1868, count = 1
[INFO ] 2022-01-09 21:32:51 L2PcInstance: G-Cerati [268504606] has karma and dropped id = 961, count = 1
[INFO ] 2022-01-09 21:32:51 L2PcInstance: G-Cerati [268504606] has karma and dropped id = 1872, count = 2
[INFO ] 2022-01-09 21:32:51 L2PcInstance: G-Cerati [268504606] has karma and dropped id = 1539, count = 195
[INFO ] 2022-01-09 21:32:51 L2PcInstance: G-Cerati [268504606] has karma and dropped id = 15600, count = 1
[INFO ] 2022-01-09 21:32:51 L2PcInstance: G-Cerati [268504606] has karma and dropped id = 10582, count = 1
[INFO ] 2022-01-09 21:32:51 L2PcInstance: G-Cerati [268504606] has karma and dropped id = 961, count = 1
[INFO ] 2022-01-09 21:32:51 L2PcInstance: G-Cerati [268504606] has karma and dropped id = 961, count = 1
[INFO ] 2022-01-09 21:32:51 L2PcInstance: G-Cerati [268504606] has karma and dropped id = 961, count = 1
[INFO ] 2022-01-09 21:35:24 TaskOlympiadSave: Data updated.
[INFO ] 2022-01-09 21:37:41 L2PcInstance: G-Cerati [268504606] has karma and dropped id = 15591, count = 1
[INFO ] 2022-01-09 21:37:41 L2PcInstance: G-Cerati [268504606] has karma and dropped id = 961, count = 1
[INFO ] 2022-01-09 21:37:41 L2PcInstance: G-Cerati [268504606] has karma and dropped id = 6362, count = 185
[INFO ] 2022-01-09 21:37:41 L2PcInstance: G-Cerati [268504606] has karma and dropped id = 961, count = 1
[INFO ] 2022-01-09 21:37:41 L2PcInstance: G-Cerati [268504606] has karma and dropped id = 961, count = 1
[INFO ] 2022-01-09 21:37:41 L2PcInstance: G-Cerati [268504606] has karma and dropped id = 21892, count = 1
[INFO ] 2022-01-09 21:37:41 L2PcInstance: G-Cerati [268504606] has karma and dropped id = 15600, count = 1
[INFO ] 2022-01-09 21:37:41 L2PcInstance: G-Cerati [268504606] has karma and dropped id = 961, count = 1
[INFO ] 2022-01-09 21:37:41 L2PcInstance: G-Cerati [268504606] has karma and dropped id = 961, count = 1
[INFO ] 2022-01-09 21:37:41 L2PcInstance: G-Cerati [268504606] has karma and dropped id = 3952, count = 609
[WARN ] 2022-01-09 21:38:13 TargetType: Outdated Skill PvP Weapon - Decrease Range(5687,1) with target type ENEMY used on G-Cerati [268504606] by Void [268481234]!
[INFO ] 2022-01-09 21:38:35 L2PcInstance: G-Cerati [268504606] has karma and dropped id = 6608, count = 1
[INFO ] 2022-01-09 21:38:35 L2PcInstance: G-Cerati [268504606] has karma and dropped id = 961, count = 1
[INFO ] 2022-01-09 21:38:35 L2PcInstance: G-Cerati [268504606] has karma and dropped id = 22174, count = 1
[INFO ] 2022-01-09 21:38:35 L2PcInstance: G-Cerati [268504606] has karma and dropped id = 961, count = 1
[INFO ] 2022-01-09 21:38:35 L2PcInstance: G-Cerati [268504606] has karma and dropped id = 6656, count = 1
[INFO ] 2022-01-09 21:38:35 L2PcInstance: G-Cerati [268504606] has karma and dropped id = 22173, count = 1
[INFO ] 2022-01-09 21:38:35 L2PcInstance: G-Cerati [268504606] has karma and dropped id = 5779, count = 1
[INFO ] 2022-01-09 21:38:35 L2PcInstance: G-Cerati [268504606] has karma and dropped id = 6383, count = 1
[INFO ] 2022-01-09 21:38:35 L2PcInstance: G-Cerati [268504606] has karma and dropped id = 10582, count = 1
[INFO ] 2022-01-09 21:38:35 L2PcInstance: G-Cerati [268504606] has karma and dropped id = 5767, count = 1
[WARN ] 2022-01-09 21:40:10 L2GameClientPacket: RequestExTryToPutEnchantTargetItem: Undefined scroll have been used id: 961
[WARN ] 2022-01-09 21:40:13 L2GameClientPacket: RequestExTryToPutEnchantTargetItem: Undefined scroll have been used id: 961
[WARN ] 2022-01-09 21:40:21 L2GameClientPacket: RequestExTryToPutEnchantTargetItem: Undefined scroll have been used id: 961
[WARN ] 2022-01-09 21:41:00 Shutdown: GM: Void(268481234) issued shutdown command. restarting in 0 seconds!
[WARN ] 2022-01-09 21:41:00 Shutdown: GM shutdown countdown is over. restarting NOW!
[INFO ] 2022-01-09 21:41:00 Shutdown: UPnP Service: All ports mappings deleted (0ms).
