[WARN ] 2022-01-11 22:06:32 EnchantItemData: Wrong enchant scroll item type: 731 defined in enchant data!
[WARN ] 2022-01-11 22:06:32 EnchantItemData: Wrong enchant scroll item type: 949 defined in enchant data!
[WARN ] 2022-01-11 22:06:32 EnchantItemData: Wrong enchant scroll item type: 953 defined in enchant data!
[WARN ] 2022-01-11 22:06:32 EnchantItemData: Wrong enchant scroll item type: 957 defined in enchant data!
[WARN ] 2022-01-11 22:06:32 EnchantItemData: Wrong enchant scroll item type: 961 defined in enchant data!
[WARN ] 2022-01-11 22:06:32 EnchantItemData: Wrong enchant scroll item type: 732 defined in enchant data!
[WARN ] 2022-01-11 22:06:32 EnchantItemData: Wrong enchant scroll item type: 950 defined in enchant data!
[WARN ] 2022-01-11 22:06:32 EnchantItemData: Wrong enchant scroll item type: 954 defined in enchant data!
[WARN ] 2022-01-11 22:06:32 EnchantItemData: Wrong enchant scroll item type: 958 defined in enchant data!
[WARN ] 2022-01-11 22:06:32 EnchantItemData: Wrong enchant scroll item type: 962 defined in enchant data!
[WARN ] 2022-01-11 22:06:34 IXmlReader: BuyListData: Folder C:\opt\l2j\server\game\data\buylists\custom doesn't exist!
[WARN ] 2022-01-11 22:07:05 SpawnTable: Data missing in NPC table for ID 1000004!
[WARN ] 2022-01-14 13:09:09 MultisellData: MultisellData: Player Beto Risso [268497202] attempted to open multisell 10010 from npc L2MerchantInstance:Alicia(10004)[268479312] which is not allowed!
[WARN ] 2022-01-14 13:09:24 MultisellData: MultisellData: Player Beto Risso [268497202] attempted to open multisell 10045 from npc L2MerchantInstance:Alicia(10004)[268479312] which is not allowed!
[WARN ] 2022-01-14 13:09:28 MultisellData: MultisellData: Player Beto Risso [268497202] attempted to open multisell 10001 from npc L2MerchantInstance:Alicia(10004)[268479312] which is not allowed!
[WARN ] 2022-01-14 13:09:34 MultisellData: MultisellData: Player Beto Risso [268497202] attempted to open multisell 10044 from npc L2MerchantInstance:Alicia(10004)[268479312] which is not allowed!
[WARN ] 2022-01-14 13:09:38 MultisellData: MultisellData: Player Beto Risso [268497202] attempted to open multisell 10061 from npc L2MerchantInstance:Alicia(10004)[268479312] which is not allowed!
[WARN ] 2022-01-14 13:16:51 MultisellData: MultisellData: Player Beto Risso [268497202] attempted to open multisell 10001 from npc L2MerchantInstance:Alicia(10004)[268479312] which is not allowed!
[WARN ] 2022-01-14 13:18:51 Shutdown: GM: Beto Risso(268497202) issued shutdown command. restarting in 1 seconds!
[WARN ] 2022-01-14 13:18:52 Shutdown: GM shutdown countdown is over. restarting NOW!
