[WARN ] 2022-01-04 14:27:41 TargetType: Outdated Skill Dark Smash(477,37) with target type ONE used on FighterLethal [268497202] by Void [268481234]!
[WARN ] 2022-01-04 14:31:26 TargetType: Outdated Skill PvP Weapon - Cancel(5682,1) with target type ENEMY used on FighterLethal [268497202] by Void [268481234]!
[WARN ] 2022-01-04 14:31:38 TargetType: Outdated Skill PvP Weapon - Ignore Shield Defense(5683,1) with target type ENEMY used on FighterLethal [268497202] by Void [268481234]!
[WARN ] 2022-01-04 14:37:22 TargetType: Outdated Skill PvP Weapon - Attack Chance(5684,1) with target type ENEMY used on FighterLethal [268497202] by Void [268481234]!
[WARN ] 2022-01-04 14:37:23 TargetType: Outdated Skill PvP Armor - Mirage(5694,1) with target type ENEMY used on FighterLethal [268497202] by Void [268481234]!
[WARN ] 2022-01-04 15:28:32 L2GameClientPacket: No handler registered for admin command 'admin_adminclass'
[WARN ] 2022-01-04 15:28:41 L2GameClientPacket: No handler registered for admin command 'admin_class'
[WARN ] 2022-01-04 15:38:27 L2GameClientPacket: FighterLethal [268497202] requested not registered admin command 'admin_polymorph_menu'
[WARN ] 2022-01-04 15:42:55 TargetType: Outdated Skill PvP Weapon - Cancel(5682,1) with target type TARGET used on L2NpcInstance:Gracian Survivor(32632)[268463566] by FighterLethal [268497202]!
[WARN ] 2022-01-04 15:42:56 TargetType: Outdated Skill PvP Weapon - Ignore Shield Defense(5683,1) with target type TARGET used on L2NpcInstance:Gracian Survivor(32632)[268463566] by FighterLethal [268497202]!
[WARN ] 2022-01-04 16:00:45 TargetType: Outdated Skill PvP Weapon - Cancel(5682,1) with target type TARGET used on L2NpcInstance:Prophet(4310)[268463427] by FighterLethal [268497202]!
[WARN ] 2022-01-04 16:00:46 TargetType: Outdated Skill PvP Weapon - Cancel(5682,1) with target type TARGET used on L2NpcInstance:Prophet(4310)[268463427] by FighterLethal [268497202]!
[WARN ] 2022-01-04 16:00:46 TargetType: Outdated Skill PvP Weapon - Cancel(5682,1) with target type TARGET used on L2NpcInstance:Prophet(4310)[268463427] by FighterLethal [268497202]!
[WARN ] 2022-01-04 16:11:24 SkillDAOMySQLImpl: Error could not store char skills!
java.sql.SQLIntegrityConstraintViolationException: (conn=10174) Duplicate entry '268497202-1327-0' for key 'character_skills.PRIMARY'
	at org.mariadb.jdbc.internal.util.exceptions.ExceptionFactory.createException(ExceptionFactory.java:70) ~[mariadb-java-client-2.7.3.jar:?]
	at org.mariadb.jdbc.internal.util.exceptions.ExceptionFactory.create(ExceptionFactory.java:155) ~[mariadb-java-client-2.7.3.jar:?]
	at org.mariadb.jdbc.MariaDbStatement.executeExceptionEpilogue(MariaDbStatement.java:274) ~[mariadb-java-client-2.7.3.jar:?]
	at org.mariadb.jdbc.ClientSidePreparedStatement.executeInternal(ClientSidePreparedStatement.java:229) ~[mariadb-java-client-2.7.3.jar:?]
	at org.mariadb.jdbc.ClientSidePreparedStatement.execute(ClientSidePreparedStatement.java:149) ~[mariadb-java-client-2.7.3.jar:?]
	at com.zaxxer.hikari.pool.ProxyPreparedStatement.execute(ProxyPreparedStatement.java:44) ~[HikariCP-4.0.3.jar:?]
	at com.zaxxer.hikari.pool.HikariProxyPreparedStatement.execute(HikariProxyPreparedStatement.java) ~[HikariCP-4.0.3.jar:?]
	at com.l2jserver.gameserver.dao.impl.mysql.SkillDAOMySQLImpl.insert(SkillDAOMySQLImpl.java:105) [l2jserver.jar:?]
	at com.l2jserver.gameserver.model.actor.instance.L2PcInstance.storeSkill(L2PcInstance.java:6007) [l2jserver.jar:?]
	at com.l2jserver.gameserver.model.actor.instance.L2PcInstance.addSkill(L2PcInstance.java:5949) [l2jserver.jar:?]
	at com.l2jserver.datapack.handlers.admincommandhandlers.AdminSkill.adminAddSkill(AdminSkill.java:389) [?:?]
	at com.l2jserver.datapack.handlers.admincommandhandlers.AdminSkill.useAdminCommand(AdminSkill.java:107) [?:?]
	at com.l2jserver.gameserver.network.clientpackets.RequestBypassToServer.runImpl(RequestBypassToServer.java:148) [l2jserver.jar:?]
	at com.l2jserver.gameserver.network.clientpackets.L2GameClientPacket.run(L2GameClientPacket.java:68) [l2jserver.jar:?]
	at com.l2jserver.gameserver.network.L2GameClient.run(L2GameClient.java:896) [l2jserver.jar:?]
	at java.util.concurrent.ThreadPoolExecutor.runWorker(ThreadPoolExecutor.java:1136) [?:?]
	at java.util.concurrent.ThreadPoolExecutor$Worker.run(ThreadPoolExecutor.java:635) [?:?]
	at java.lang.Thread.run(Thread.java:833) [?:?]
Caused by: org.mariadb.jdbc.internal.util.exceptions.MariaDbSqlException: Duplicate entry '268497202-1327-0' for key 'character_skills.PRIMARY'
	at org.mariadb.jdbc.internal.util.exceptions.MariaDbSqlException.of(MariaDbSqlException.java:34) ~[mariadb-java-client-2.7.3.jar:?]
	at org.mariadb.jdbc.internal.protocol.AbstractQueryProtocol.exceptionWithQuery(AbstractQueryProtocol.java:194) ~[mariadb-java-client-2.7.3.jar:?]
	at org.mariadb.jdbc.internal.protocol.AbstractQueryProtocol.exceptionWithQuery(AbstractQueryProtocol.java:177) ~[mariadb-java-client-2.7.3.jar:?]
	at org.mariadb.jdbc.internal.protocol.AbstractQueryProtocol.executeQuery(AbstractQueryProtocol.java:321) ~[mariadb-java-client-2.7.3.jar:?]
	at org.mariadb.jdbc.ClientSidePreparedStatement.executeInternal(ClientSidePreparedStatement.java:220) ~[mariadb-java-client-2.7.3.jar:?]
	... 14 more
Caused by: java.sql.SQLException: Duplicate entry '268497202-1327-0' for key 'character_skills.PRIMARY'
	at org.mariadb.jdbc.internal.protocol.AbstractQueryProtocol.readErrorPacket(AbstractQueryProtocol.java:1694) ~[mariadb-java-client-2.7.3.jar:?]
	at org.mariadb.jdbc.internal.protocol.AbstractQueryProtocol.readPacket(AbstractQueryProtocol.java:1556) ~[mariadb-java-client-2.7.3.jar:?]
	at org.mariadb.jdbc.internal.protocol.AbstractQueryProtocol.getResult(AbstractQueryProtocol.java:1519) ~[mariadb-java-client-2.7.3.jar:?]
	at org.mariadb.jdbc.internal.protocol.AbstractQueryProtocol.executeQuery(AbstractQueryProtocol.java:318) ~[mariadb-java-client-2.7.3.jar:?]
	at org.mariadb.jdbc.ClientSidePreparedStatement.executeInternal(ClientSidePreparedStatement.java:220) ~[mariadb-java-client-2.7.3.jar:?]
	... 14 more
[WARN ] 2022-01-04 16:11:31 SkillDAOMySQLImpl: Error could not store char skills!
java.sql.SQLIntegrityConstraintViolationException: (conn=10174) Duplicate entry '268497202-1326-0' for key 'character_skills.PRIMARY'
	at org.mariadb.jdbc.internal.util.exceptions.ExceptionFactory.createException(ExceptionFactory.java:70) ~[mariadb-java-client-2.7.3.jar:?]
	at org.mariadb.jdbc.internal.util.exceptions.ExceptionFactory.create(ExceptionFactory.java:155) ~[mariadb-java-client-2.7.3.jar:?]
	at org.mariadb.jdbc.MariaDbStatement.executeExceptionEpilogue(MariaDbStatement.java:274) ~[mariadb-java-client-2.7.3.jar:?]
	at org.mariadb.jdbc.ClientSidePreparedStatement.executeInternal(ClientSidePreparedStatement.java:229) ~[mariadb-java-client-2.7.3.jar:?]
	at org.mariadb.jdbc.ClientSidePreparedStatement.execute(ClientSidePreparedStatement.java:149) ~[mariadb-java-client-2.7.3.jar:?]
	at com.zaxxer.hikari.pool.ProxyPreparedStatement.execute(ProxyPreparedStatement.java:44) ~[HikariCP-4.0.3.jar:?]
	at com.zaxxer.hikari.pool.HikariProxyPreparedStatement.execute(HikariProxyPreparedStatement.java) ~[HikariCP-4.0.3.jar:?]
	at com.l2jserver.gameserver.dao.impl.mysql.SkillDAOMySQLImpl.insert(SkillDAOMySQLImpl.java:105) [l2jserver.jar:?]
	at com.l2jserver.gameserver.model.actor.instance.L2PcInstance.storeSkill(L2PcInstance.java:6007) [l2jserver.jar:?]
	at com.l2jserver.gameserver.model.actor.instance.L2PcInstance.addSkill(L2PcInstance.java:5949) [l2jserver.jar:?]
	at com.l2jserver.datapack.handlers.admincommandhandlers.AdminSkill.adminAddSkill(AdminSkill.java:389) [?:?]
	at com.l2jserver.datapack.handlers.admincommandhandlers.AdminSkill.useAdminCommand(AdminSkill.java:107) [?:?]
	at com.l2jserver.gameserver.network.clientpackets.RequestBypassToServer.runImpl(RequestBypassToServer.java:148) [l2jserver.jar:?]
	at com.l2jserver.gameserver.network.clientpackets.L2GameClientPacket.run(L2GameClientPacket.java:68) [l2jserver.jar:?]
	at com.l2jserver.gameserver.network.L2GameClient.run(L2GameClient.java:896) [l2jserver.jar:?]
	at java.util.concurrent.ThreadPoolExecutor.runWorker(ThreadPoolExecutor.java:1136) [?:?]
	at java.util.concurrent.ThreadPoolExecutor$Worker.run(ThreadPoolExecutor.java:635) [?:?]
	at java.lang.Thread.run(Thread.java:833) [?:?]
Caused by: org.mariadb.jdbc.internal.util.exceptions.MariaDbSqlException: Duplicate entry '268497202-1326-0' for key 'character_skills.PRIMARY'
	at org.mariadb.jdbc.internal.util.exceptions.MariaDbSqlException.of(MariaDbSqlException.java:34) ~[mariadb-java-client-2.7.3.jar:?]
	at org.mariadb.jdbc.internal.protocol.AbstractQueryProtocol.exceptionWithQuery(AbstractQueryProtocol.java:194) ~[mariadb-java-client-2.7.3.jar:?]
	at org.mariadb.jdbc.internal.protocol.AbstractQueryProtocol.exceptionWithQuery(AbstractQueryProtocol.java:177) ~[mariadb-java-client-2.7.3.jar:?]
	at org.mariadb.jdbc.internal.protocol.AbstractQueryProtocol.executeQuery(AbstractQueryProtocol.java:321) ~[mariadb-java-client-2.7.3.jar:?]
	at org.mariadb.jdbc.ClientSidePreparedStatement.executeInternal(ClientSidePreparedStatement.java:220) ~[mariadb-java-client-2.7.3.jar:?]
	... 14 more
Caused by: java.sql.SQLException: Duplicate entry '268497202-1326-0' for key 'character_skills.PRIMARY'
	at org.mariadb.jdbc.internal.protocol.AbstractQueryProtocol.readErrorPacket(AbstractQueryProtocol.java:1694) ~[mariadb-java-client-2.7.3.jar:?]
	at org.mariadb.jdbc.internal.protocol.AbstractQueryProtocol.readPacket(AbstractQueryProtocol.java:1556) ~[mariadb-java-client-2.7.3.jar:?]
	at org.mariadb.jdbc.internal.protocol.AbstractQueryProtocol.getResult(AbstractQueryProtocol.java:1519) ~[mariadb-java-client-2.7.3.jar:?]
	at org.mariadb.jdbc.internal.protocol.AbstractQueryProtocol.executeQuery(AbstractQueryProtocol.java:318) ~[mariadb-java-client-2.7.3.jar:?]
	at org.mariadb.jdbc.ClientSidePreparedStatement.executeInternal(ClientSidePreparedStatement.java:220) ~[mariadb-java-client-2.7.3.jar:?]
	... 14 more
[WARN ] 2022-01-04 16:26:55 TargetType: Outdated Skill PvP Weapon - Cancel(5682,1) with target type TARGET used on L2MonsterInstance:Floating Ghost(25614)[268454820] by FighterLethal [268497202]!
[WARN ] 2022-01-04 16:31:32 L2GameClientPacket: Player FighterLethal [268497202] used action which he does not have! Id = 5016 transform: com.l2jserver.gameserver.model.actor.transform.Transform@6de7d0f2
[WARN ] 2022-01-04 16:34:25 L2GameClientPacket: Player FighterLethal [268497202] used action which he does not have! Id = 5016 transform: com.l2jserver.gameserver.model.actor.transform.Transform@6de7d0f2
[WARN ] 2022-01-04 20:23:00 TargetType: Outdated Skill PvP Weapon - Ignore Shield Defense(5683,1) with target type TARGET used on L2MonsterInstance:Sentinel of Ember(25320)[268438391] by FighterLethal [268497202]!
[WARN ] 2022-01-04 20:23:11 TargetType: Outdated Skill PvP Weapon - Ignore Shield Defense(5683,1) with target type TARGET used on L2MonsterInstance:Sentinel of Ember(25320)[268438393] by FighterLethal [268497202]!
[WARN ] 2022-01-04 20:30:09 TargetType: Outdated Skill Crushing Pain(497,16) with target type ONE used on FighterLethal [268497202] by Void [268481234]!
[WARN ] 2022-01-04 20:31:09 TargetType: Outdated Skill PvP Weapon - Attack Chance(5684,1) with target type TARGET used on FighterLethal [268497202] by Void [268481234]!
[WARN ] 2022-01-04 20:32:39 TargetType: Outdated Skill PvP Weapon - Attack Chance(5684,1) with target type TARGET used on FighterLethal [268497202] by Void [268481234]!
[WARN ] 2022-01-04 20:32:59 TargetType: Outdated Skill PvP Weapon - Attack Chance(5684,1) with target type TARGET used on L2NpcInstance:Gracian Survivor(32632)[268463566] by Void [268481234]!
[WARN ] 2022-01-04 20:47:03 Shutdown: GM: Void(268481234) issued shutdown command. restarting in 1 seconds!
[WARN ] 2022-01-04 20:47:04 Shutdown: GM shutdown countdown is over. restarting NOW!
