[WARN ] 2022-01-08 17:21:01 IXmlReader: BuyListData: Folder C:\opt\l2j\server\game\data\buylists\custom doesn't exist!
[WARN ] 2022-01-08 17:21:39 SpawnTable: Data missing in NPC table for ID 1000004!
[WARN ] 2022-01-08 17:21:39 SpawnTable: Data missing in NPC table for ID 10004!
[WARN ] 2022-01-08 17:22:57 TargetType: Outdated Skill Shoulder Charge(494,37) with target type ONE used on L2MonsterInstance:Varka Silenos Scout(21353)[268466416] by Void [268481234]!
[WARN ] 2022-01-08 17:23:24 TargetType: Outdated Skill Crushing Pain(497,16) with target type ONE used on L2MonsterInstance:Varka Silenos Hunter(21354)[268466439] by Void [268481234]!
[WARN ] 2022-01-08 17:24:30 TargetType: Outdated Skill Dark Smash(477,37) with target type ONE used on L2MonsterInstance:Varka Silenos Shaman(21355)[268466460] by Void [268481234]!
[WARN ] 2022-01-08 17:27:12 TargetType: Outdated Skill PvP Weapon - Attack Chance(5684,1) with target type ENEMY used on L2MonsterInstance:Varka Silenos Hunter(21354)[268481365] by Void [268481234]!
[WARN ] 2022-01-08 17:27:40 TargetType: Outdated Skill Expose Weak Point(5565,1) with target type ENEMY_ONLY used on L2MonsterInstance:Varka Silenos Scout(21353)[268466414] by Void [268481234]!
[WARN ] 2022-01-08 17:27:44 TargetType: Outdated Skill PvP Weapon - Attack Chance(5684,1) with target type TARGET used on L2MonsterInstance:Varka Silenos Shaman(21355)[268481367] by Void [268481234]!
[WARN ] 2022-01-08 22:07:03 Shutdown: GM: Beto Risso(268497202) issued shutdown command. restarting in 1 seconds!
[WARN ] 2022-01-08 22:07:04 Shutdown: GM: Beto Risso(268497202) issued shutdown command. restarting in 1 seconds!
[WARN ] 2022-01-08 22:07:04 Shutdown: GM: Beto Risso(268497202) issued shutdown command. restarting in 1 seconds!
[WARN ] 2022-01-08 22:07:04 Shutdown: GM shutdown countdown is over. aborting NOW!
[WARN ] 2022-01-08 22:07:04 Shutdown: GM: Beto Risso(268497202) issued shutdown command. restarting in 1 seconds!
[WARN ] 2022-01-08 22:07:05 Shutdown: GM: Beto Risso(268497202) issued shutdown command. restarting in 1 seconds!
[WARN ] 2022-01-08 22:07:05 Shutdown: GM shutdown countdown is over. aborting NOW!
[WARN ] 2022-01-08 22:07:05 Shutdown: GM: Beto Risso(268497202) issued shutdown command. restarting in 1 seconds!
[WARN ] 2022-01-08 22:07:05 Shutdown: GM shutdown countdown is over. aborting NOW!
[WARN ] 2022-01-08 22:07:05 Shutdown: GM shutdown countdown is over. aborting NOW!
[WARN ] 2022-01-08 22:07:06 Shutdown: GM shutdown countdown is over. aborting NOW!
[WARN ] 2022-01-08 22:07:06 Shutdown: GM shutdown countdown is over. restarting NOW!
