[WARN ] 2022-01-06 22:06:31 IXmlReader: BuyListData: Folder C:\opt\l2j\server\game\data\buylists\custom doesn't exist!
[WARN ] 2022-01-06 22:07:06 SpawnTable: Data missing in NPC table for ID 1000004!
[WARN ] 2022-01-06 22:07:06 SpawnTable: Data missing in NPC table for ID 10004!
[WARN ] 2022-01-06 22:09:43 TargetType: Outdated Skill PvP Armor - Mirage(5694,1) with target type ENEMY used on FighterLethal [268497202] by Void [268481234]!
[WARN ] 2022-01-06 22:09:50 TargetType: Outdated Skill PvP Armor - Mirage(5694,1) with target type TARGET used on FighterLethal [268497202] by Void [268481234]!
[WARN ] 2022-01-06 22:10:06 TargetType: Outdated Skill PvP Armor - Mirage(5694,1) with target type TARGET used on FighterLethal [268497202] by Void [268481234]!
[WARN ] 2022-01-06 22:13:40 TargetType: Outdated Skill PvP Armor - Mirage(5694,1) with target type TARGET used on FighterLethal [268497202] by Void [268481234]!
[WARN ] 2022-01-06 22:14:13 TargetType: Outdated Skill Fury of Darkness(23323,1) with target type ENEMY used on FighterLethal [268497202] by Void [268481234]!
[WARN ] 2022-01-06 22:14:23 TargetType: Outdated Skill PvP Armor - Mirage(5694,1) with target type TARGET used on FighterLethal [268497202] by Void [268481234]!
[WARN ] 2022-01-06 22:14:24 TargetType: Outdated Skill Fury of Darkness(23323,1) with target type TARGET used on FighterLethal [268497202] by Void [268481234]!
[WARN ] 2022-01-06 22:14:27 TargetType: Outdated Skill PvP Weapon - Attack Chance(5684,1) with target type ENEMY used on FighterLethal [268497202] by Void [268481234]!
[WARN ] 2022-01-06 22:14:27 TargetType: Outdated Skill Fury of Darkness(23323,1) with target type TARGET used on FighterLethal [268497202] by Void [268481234]!
[WARN ] 2022-01-06 22:14:27 TargetType: Outdated Skill Expose Weak Point(5565,1) with target type ENEMY_ONLY used on FighterLethal [268497202] by Void [268481234]!
[WARN ] 2022-01-06 22:14:28 TargetType: Outdated Skill PvP Weapon - Attack Chance(5684,1) with target type TARGET used on FighterLethal [268497202] by Void [268481234]!
[WARN ] 2022-01-06 22:14:28 TargetType: Outdated Skill Fury of Darkness(23323,1) with target type TARGET used on FighterLethal [268497202] by Void [268481234]!
[WARN ] 2022-01-06 22:14:32 TargetType: Outdated Skill PvP Armor - Mirage(5694,1) with target type TARGET used on FighterLethal [268497202] by Void [268481234]!
[WARN ] 2022-01-06 22:14:33 TargetType: Outdated Skill PvP Armor - Mirage(5694,1) with target type TARGET used on FighterLethal [268497202] by Void [268481234]!
[WARN ] 2022-01-06 22:14:35 TargetType: Outdated Skill Expose Weak Point(5565,1) with target type TARGET used on FighterLethal [268497202] by Void [268481234]!
[WARN ] 2022-01-06 22:14:36 TargetType: Outdated Skill Expose Weak Point(5565,1) with target type TARGET used on FighterLethal [268497202] by Void [268481234]!
[WARN ] 2022-01-06 22:14:37 TargetType: Outdated Skill Expose Weak Point(5565,1) with target type TARGET used on FighterLethal [268497202] by Void [268481234]!
[WARN ] 2022-01-06 22:14:40 TargetType: Outdated Skill PvP Armor - Mirage(5694,1) with target type TARGET used on FighterLethal [268497202] by Void [268481234]!
[WARN ] 2022-01-06 22:14:41 TargetType: Outdated Skill PvP Armor - Mirage(5694,1) with target type TARGET used on FighterLethal [268497202] by Void [268481234]!
[WARN ] 2022-01-06 22:24:46 L2GameClientPacket: Character (FighterLethal) has dropped (118450686)adena at (-117061,46585,341)
[WARN ] 2022-01-06 22:29:14 TargetType: Outdated Skill Bleeding Shot(509,34) with target type ONE used on Test [268481456] by Test [268481456]!
[WARN ] 2022-01-06 22:29:53 TargetType: Outdated Skill Real Target(522,4) with target type ONE used on Test [268481456] by Test [268481456]!
[WARN ] 2022-01-06 22:39:42 Shutdown: GM: FighterLethal(268497202) issued shutdown command. restarting in 1 seconds!
[WARN ] 2022-01-06 22:39:43 Shutdown: GM shutdown countdown is over. restarting NOW!
