[WARN ] 2022-01-04 22:04:28 IXmlReader: BuyListData: Folder C:\opt\l2j\server\game\data\buylists\custom doesn't exist!
[WARN ] 2022-01-04 22:29:25 TargetType: Outdated Skill Fury of Darkness(23323,1) with target type ENEMY used on L2MerchantInstance:Nicole(10002)[268481193] by Void [268481234]!
[WARN ] 2022-01-04 22:29:32 TargetType: Outdated Skill Fury of Darkness(23323,1) with target type TARGET used on L2MerchantInstance:Nicole(10002)[268481193] by Void [268481234]!
[WARN ] 2022-01-04 23:31:08 TargetType: Outdated Skill PvP Weapon - Attack Chance(5684,1) with target type ENEMY used on FighterLethal [268497202] by Void [268481234]!
[WARN ] 2022-01-04 23:31:12 TargetType: Outdated Skill PvP Weapon - Attack Chance(5684,1) with target type TARGET used on FighterLethal [268497202] by Void [268481234]!
[WARN ] 2022-01-04 23:31:14 TargetType: Outdated Skill PvP Weapon - Attack Chance(5684,1) with target type TARGET used on FighterLethal [268497202] by Void [268481234]!
[WARN ] 2022-01-04 23:32:03 TargetType: Outdated Skill PvP Weapon - Ignore Shield Defense(5683,1) with target type ENEMY used on FighterLethal [268497202] by Void [268481234]!
[WARN ] 2022-01-04 23:32:04 TargetType: Outdated Skill PvP Weapon - Ignore Shield Defense(5683,1) with target type TARGET used on FighterLethal [268497202] by Void [268481234]!
[WARN ] 2022-01-04 23:32:04 TargetType: Outdated Skill PvP Weapon - Ignore Shield Defense(5683,1) with target type TARGET used on FighterLethal [268497202] by Void [268481234]!
[WARN ] 2022-01-04 23:33:35 TargetType: Outdated Skill PvP Weapon - Cancel(5682,1) with target type ENEMY used on FighterLethal [268497202] by Void [268481234]!
[WARN ] 2022-01-04 23:34:35 TargetType: Outdated Skill PvP Weapon - Ignore Shield Defense(5683,1) with target type TARGET used on FighterLethal [268497202] by Void [268481234]!
[WARN ] 2022-01-04 23:35:29 TargetType: Outdated Skill PvP Armor - Mirage(5694,1) with target type ENEMY used on FighterLethal [268497202] by Void [268481234]!
[WARN ] 2022-01-04 23:35:44 TargetType: Outdated Skill PvP Weapon - Attack Chance(5684,1) with target type TARGET used on FighterLethal [268497202] by Void [268481234]!
[WARN ] 2022-01-04 23:35:48 TargetType: Outdated Skill Expose Weak Point(5565,1) with target type ENEMY_ONLY used on FighterLethal [268497202] by Void [268481234]!
[WARN ] 2022-01-04 23:35:49 TargetType: Outdated Skill PvP Armor - Mirage(5694,1) with target type TARGET used on FighterLethal [268497202] by Void [268481234]!
[WARN ] 2022-01-04 23:35:50 TargetType: Outdated Skill PvP Armor - Mirage(5694,1) with target type TARGET used on FighterLethal [268497202] by Void [268481234]!
[WARN ] 2022-01-04 23:35:50 TargetType: Outdated Skill PvP Armor - Mirage(5694,1) with target type TARGET used on FighterLethal [268497202] by Void [268481234]!
[WARN ] 2022-01-04 23:35:50 TargetType: Outdated Skill PvP Armor - Mirage(5694,1) with target type TARGET used on FighterLethal [268497202] by Void [268481234]!
[WARN ] 2022-01-04 23:35:52 TargetType: Outdated Skill PvP Armor - Mirage(5694,1) with target type TARGET used on FighterLethal [268497202] by Void [268481234]!
[WARN ] 2022-01-04 23:35:52 TargetType: Outdated Skill Expose Weak Point(5565,1) with target type TARGET used on FighterLethal [268497202] by Void [268481234]!
[WARN ] 2022-01-04 23:35:52 TargetType: Outdated Skill PvP Armor - Mirage(5694,1) with target type TARGET used on FighterLethal [268497202] by Void [268481234]!
[WARN ] 2022-01-04 23:35:53 TargetType: Outdated Skill PvP Armor - Mirage(5694,1) with target type TARGET used on FighterLethal [268497202] by Void [268481234]!
[WARN ] 2022-01-04 23:35:53 TargetType: Outdated Skill PvP Armor - Mirage(5694,1) with target type TARGET used on FighterLethal [268497202] by Void [268481234]!
[WARN ] 2022-01-04 23:35:54 TargetType: Outdated Skill PvP Armor - Mirage(5694,1) with target type TARGET used on FighterLethal [268497202] by Void [268481234]!
[WARN ] 2022-01-04 23:37:37 TargetType: Outdated Skill PvP Armor - Mirage(5694,1) with target type TARGET used on FighterLethal [268497202] by Void [268481234]!
[WARN ] 2022-01-04 23:37:38 TargetType: Outdated Skill PvP Armor - Mirage(5694,1) with target type TARGET used on FighterLethal [268497202] by Void [268481234]!
[WARN ] 2022-01-04 23:37:38 TargetType: Outdated Skill PvP Armor - Mirage(5694,1) with target type TARGET used on FighterLethal [268497202] by Void [268481234]!
[WARN ] 2022-01-04 23:37:38 TargetType: Outdated Skill Critical Blow(409,10) with target type ONE used on Void [268481234] by FighterLethal [268497202]!
[WARN ] 2022-01-04 23:37:51 TargetType: Outdated Skill PvP Armor - Mirage(5694,1) with target type TARGET used on FighterLethal [268497202] by Void [268481234]!
[WARN ] 2022-01-04 23:37:52 TargetType: Outdated Skill PvP Armor - Mirage(5694,1) with target type TARGET used on FighterLethal [268497202] by Void [268481234]!
[WARN ] 2022-01-04 23:37:54 TargetType: Outdated Skill PvP Armor - Mirage(5694,1) with target type TARGET used on FighterLethal [268497202] by Void [268481234]!
[WARN ] 2022-01-04 23:37:56 TargetType: Outdated Skill PvP Armor - Mirage(5694,1) with target type TARGET used on FighterLethal [268497202] by Void [268481234]!
[WARN ] 2022-01-04 23:37:56 TargetType: Outdated Skill PvP Armor - Mirage(5694,1) with target type TARGET used on FighterLethal [268497202] by Void [268481234]!
[WARN ] 2022-01-04 23:37:57 TargetType: Outdated Skill Expose Weak Point(5565,1) with target type TARGET used on FighterLethal [268497202] by Void [268481234]!
[WARN ] 2022-01-04 23:37:58 TargetType: Outdated Skill Triple Thrust(504,37) with target type ONE used on FighterLethal [268497202] by Void [268481234]!
[WARN ] 2022-01-04 23:37:58 TargetType: Outdated Skill PvP Armor - Mirage(5694,1) with target type TARGET used on FighterLethal [268497202] by Void [268481234]!
[WARN ] 2022-01-04 23:37:58 TargetType: Outdated Skill PvP Armor - Mirage(5694,1) with target type TARGET used on FighterLethal [268497202] by Void [268481234]!
[WARN ] 2022-01-04 23:37:59 TargetType: Outdated Skill PvP Armor - Mirage(5694,1) with target type TARGET used on FighterLethal [268497202] by Void [268481234]!
[WARN ] 2022-01-04 23:38:00 TargetType: Outdated Skill PvP Armor - Mirage(5694,1) with target type TARGET used on FighterLethal [268497202] by Void [268481234]!
[WARN ] 2022-01-04 23:38:00 TargetType: Outdated Skill PvP Armor - Mirage(5694,1) with target type TARGET used on FighterLethal [268497202] by Void [268481234]!
[WARN ] 2022-01-04 23:38:03 TargetType: Outdated Skill Expose Weak Point(5565,1) with target type TARGET used on FighterLethal [268497202] by Void [268481234]!
[WARN ] 2022-01-04 23:38:03 TargetType: Outdated Skill PvP Armor - Mirage(5694,1) with target type TARGET used on FighterLethal [268497202] by Void [268481234]!
[WARN ] 2022-01-04 23:38:04 TargetType: Outdated Skill PvP Armor - Mirage(5694,1) with target type TARGET used on FighterLethal [268497202] by Void [268481234]!
[WARN ] 2022-01-04 23:38:05 TargetType: Outdated Skill PvP Armor - Mirage(5694,1) with target type TARGET used on FighterLethal [268497202] by Void [268481234]!
[WARN ] 2022-01-04 23:38:05 TargetType: Outdated Skill PvP Armor - Mirage(5694,1) with target type TARGET used on FighterLethal [268497202] by Void [268481234]!
[WARN ] 2022-01-04 23:38:05 TargetType: Outdated Skill PvP Armor - Mirage(5694,1) with target type TARGET used on FighterLethal [268497202] by Void [268481234]!
[WARN ] 2022-01-04 23:38:06 TargetType: Outdated Skill PvP Armor - Mirage(5694,1) with target type TARGET used on FighterLethal [268497202] by Void [268481234]!
[WARN ] 2022-01-04 23:38:06 TargetType: Outdated Skill Shining Edge(505,28) with target type ONE used on FighterLethal [268497202] by Void [268481234]!
[WARN ] 2022-01-04 23:38:06 TargetType: Outdated Skill PvP Armor - Mirage(5694,1) with target type TARGET used on FighterLethal [268497202] by Void [268481234]!
[WARN ] 2022-01-04 23:38:07 TargetType: Outdated Skill Checkmate(506,4) with target type ONE used on FighterLethal [268497202] by Void [268481234]!
[WARN ] 2022-01-04 23:38:07 TargetType: Outdated Skill PvP Armor - Mirage(5694,1) with target type TARGET used on FighterLethal [268497202] by Void [268481234]!
[WARN ] 2022-01-04 23:38:08 TargetType: Outdated Skill PvP Armor - Mirage(5694,1) with target type TARGET used on FighterLethal [268497202] by Void [268481234]!
[WARN ] 2022-01-04 23:38:08 TargetType: Outdated Skill Crushing Pain(497,16) with target type ONE used on FighterLethal [268497202] by Void [268481234]!
[WARN ] 2022-01-04 23:38:08 TargetType: Outdated Skill PvP Armor - Mirage(5694,1) with target type TARGET used on FighterLethal [268497202] by Void [268481234]!
[WARN ] 2022-01-04 23:38:10 TargetType: Outdated Skill Shoulder Charge(494,37) with target type ONE used on FighterLethal [268497202] by Void [268481234]!
[WARN ] 2022-01-04 23:38:10 TargetType: Outdated Skill PvP Armor - Mirage(5694,1) with target type TARGET used on FighterLethal [268497202] by Void [268481234]!
[WARN ] 2022-01-04 23:38:10 TargetType: Outdated Skill Expose Weak Point(5565,1) with target type TARGET used on FighterLethal [268497202] by Void [268481234]!
[WARN ] 2022-01-04 23:38:10 TargetType: Outdated Skill PvP Armor - Mirage(5694,1) with target type TARGET used on FighterLethal [268497202] by Void [268481234]!
[WARN ] 2022-01-04 23:38:11 TargetType: Outdated Skill PvP Armor - Mirage(5694,1) with target type TARGET used on FighterLethal [268497202] by Void [268481234]!
[WARN ] 2022-01-04 23:38:12 TargetType: Outdated Skill PvP Armor - Mirage(5694,1) with target type TARGET used on FighterLethal [268497202] by Void [268481234]!
[WARN ] 2022-01-04 23:38:24 TargetType: Outdated Skill PvP Weapon - Attack Chance(5684,1) with target type TARGET used on FighterLethal [268497202] by Void [268481234]!
[WARN ] 2022-01-04 23:42:51 TargetType: Outdated Skill Expose Weak Point(5565,1) with target type TARGET used on FighterLethal [268497202] by Void [268481234]!
[WARN ] 2022-01-04 23:42:58 TargetType: Outdated Skill Expose Weak Point(5565,1) with target type TARGET used on FighterLethal [268497202] by Void [268481234]!
[WARN ] 2022-01-04 23:43:03 TargetType: Outdated Skill Expose Weak Point(5565,1) with target type TARGET used on FighterLethal [268497202] by Void [268481234]!
[WARN ] 2022-01-04 23:43:05 TargetType: Outdated Skill PvP Weapon - Attack Chance(5684,1) with target type TARGET used on FighterLethal [268497202] by Void [268481234]!
[WARN ] 2022-01-04 23:43:05 TargetType: Outdated Skill Expose Weak Point(5565,1) with target type TARGET used on FighterLethal [268497202] by Void [268481234]!
[WARN ] 2022-01-04 23:43:09 TargetType: Outdated Skill PvP Weapon - Attack Chance(5684,1) with target type TARGET used on FighterLethal [268497202] by Void [268481234]!
[WARN ] 2022-01-04 23:43:09 TargetType: Outdated Skill Expose Weak Point(5565,1) with target type TARGET used on FighterLethal [268497202] by Void [268481234]!
[WARN ] 2022-01-04 23:43:58 TargetType: Outdated Skill Expose Weak Point(5565,1) with target type TARGET used on FighterLethal [268497202] by Void [268481234]!
[WARN ] 2022-01-04 23:45:27 TargetType: Outdated Skill PvP Weapon - Attack Chance(5684,1) with target type TARGET used on FighterLethal [268497202] by Void [268481234]!
[WARN ] 2022-01-04 23:45:34 TargetType: Outdated Skill PvP Armor - Mirage(5694,1) with target type TARGET used on FighterLethal [268497202] by Void [268481234]!
[WARN ] 2022-01-04 23:45:34 TargetType: Outdated Skill PvP Armor - Mirage(5694,1) with target type TARGET used on FighterLethal [268497202] by Void [268481234]!
[WARN ] 2022-01-04 23:45:45 TargetType: Outdated Skill PvP Weapon - Attack Chance(5684,1) with target type TARGET used on FighterLethal [268497202] by Void [268481234]!
[WARN ] 2022-01-04 23:45:56 TargetType: Outdated Skill Expose Weak Point(5565,1) with target type TARGET used on FighterLethal [268497202] by Void [268481234]!
[WARN ] 2022-01-04 23:46:04 TargetType: Outdated Skill PvP Armor - Mirage(5694,1) with target type TARGET used on FighterLethal [268497202] by Void [268481234]!
[WARN ] 2022-01-04 23:46:12 TargetType: Outdated Skill PvP Armor - Mirage(5694,1) with target type TARGET used on FighterLethal [268497202] by Void [268481234]!
[WARN ] 2022-01-04 23:46:34 TargetType: Outdated Skill Expose Weak Point(5565,1) with target type TARGET used on FighterLethal [268497202] by Void [268481234]!
[WARN ] 2022-01-04 23:46:34 TargetType: Outdated Skill PvP Armor - Mirage(5694,1) with target type TARGET used on FighterLethal [268497202] by Void [268481234]!
[WARN ] 2022-01-04 23:47:04 TargetType: Outdated Skill PvP Armor - Mirage(5694,1) with target type TARGET used on FighterLethal [268497202] by Void [268481234]!
[WARN ] 2022-01-04 23:47:04 TargetType: Outdated Skill PvP Armor - Mirage(5694,1) with target type TARGET used on FighterLethal [268497202] by Void [268481234]!
[WARN ] 2022-01-04 23:47:08 TargetType: Outdated Skill Expose Weak Point(5565,1) with target type TARGET used on FighterLethal [268497202] by Void [268481234]!
[WARN ] 2022-01-04 23:47:08 TargetType: Outdated Skill PvP Armor - Mirage(5694,1) with target type TARGET used on FighterLethal [268497202] by Void [268481234]!
[WARN ] 2022-01-04 23:47:15 TargetType: Outdated Skill PvP Armor - Mirage(5694,1) with target type TARGET used on FighterLethal [268497202] by Void [268481234]!
[WARN ] 2022-01-04 23:47:17 TargetType: Outdated Skill PvP Weapon - Attack Chance(5684,1) with target type TARGET used on FighterLethal [268497202] by Void [268481234]!
[WARN ] 2022-01-04 23:47:17 TargetType: Outdated Skill Expose Weak Point(5565,1) with target type TARGET used on FighterLethal [268497202] by Void [268481234]!
[WARN ] 2022-01-04 23:47:25 TargetType: Outdated Skill PvP Armor - Mirage(5694,1) with target type TARGET used on FighterLethal [268497202] by Void [268481234]!
[WARN ] 2022-01-04 23:47:26 TargetType: Outdated Skill Expose Weak Point(5565,1) with target type TARGET used on FighterLethal [268497202] by Void [268481234]!
[WARN ] 2022-01-04 23:47:42 TargetType: Outdated Skill PvP Weapon - Attack Chance(5684,1) with target type TARGET used on FighterLethal [268497202] by Void [268481234]!
[WARN ] 2022-01-04 23:47:56 TargetType: Outdated Skill PvP Weapon - Attack Chance(5684,1) with target type TARGET used on FighterLethal [268497202] by Void [268481234]!
[WARN ] 2022-01-04 23:48:11 TargetType: Outdated Skill PvP Weapon - Attack Chance(5684,1) with target type TARGET used on FighterLethal [268497202] by Void [268481234]!
[WARN ] 2022-01-04 23:48:13 TargetType: Outdated Skill PvP Armor - Mirage(5694,1) with target type TARGET used on FighterLethal [268497202] by Void [268481234]!
[WARN ] 2022-01-04 23:48:14 TargetType: Outdated Skill PvP Weapon - Attack Chance(5684,1) with target type TARGET used on FighterLethal [268497202] by Void [268481234]!
[WARN ] 2022-01-04 23:48:14 TargetType: Outdated Skill Greedy Throat(23320,1) with target type ENEMY used on Void [268481234] by FighterLethal [268497202]!
[WARN ] 2022-01-04 23:48:15 TargetType: Outdated Skill PvP Armor - Mirage(5694,1) with target type TARGET used on FighterLethal [268497202] by Void [268481234]!
[WARN ] 2022-01-04 23:48:17 TargetType: Outdated Skill PvP Armor - Mirage(5694,1) with target type TARGET used on FighterLethal [268497202] by Void [268481234]!
[WARN ] 2022-01-04 23:48:18 TargetType: Outdated Skill PvP Weapon - Attack Chance(5684,1) with target type TARGET used on FighterLethal [268497202] by Void [268481234]!
[WARN ] 2022-01-04 23:48:19 TargetType: Outdated Skill Greedy Throat(23320,1) with target type TARGET used on Void [268481234] by FighterLethal [268497202]!
[WARN ] 2022-01-04 23:48:19 TargetType: Outdated Skill PvP Armor - Mirage(5694,1) with target type TARGET used on FighterLethal [268497202] by Void [268481234]!
[WARN ] 2022-01-04 23:48:21 TargetType: Outdated Skill PvP Armor - Mirage(5694,1) with target type TARGET used on FighterLethal [268497202] by Void [268481234]!
[WARN ] 2022-01-04 23:48:22 TargetType: Outdated Skill Expose Weak Point(5565,1) with target type TARGET used on FighterLethal [268497202] by Void [268481234]!
[WARN ] 2022-01-04 23:48:22 TargetType: Outdated Skill PvP Armor - Mirage(5694,1) with target type TARGET used on FighterLethal [268497202] by Void [268481234]!
[WARN ] 2022-01-04 23:48:23 TargetType: Outdated Skill PvP Armor - Mirage(5694,1) with target type TARGET used on FighterLethal [268497202] by Void [268481234]!
[WARN ] 2022-01-04 23:48:23 TargetType: Outdated Skill PvP Armor - Mirage(5694,1) with target type TARGET used on FighterLethal [268497202] by Void [268481234]!
[WARN ] 2022-01-04 23:48:41 TargetType: Outdated Skill PvP Armor - Mirage(5694,1) with target type TARGET used on FighterLethal [268497202] by Void [268481234]!
[WARN ] 2022-01-04 23:48:41 TargetType: Outdated Skill PvP Armor - Mirage(5694,1) with target type TARGET used on FighterLethal [268497202] by Void [268481234]!
[WARN ] 2022-01-04 23:48:50 TargetType: Outdated Skill PvP Armor - Mirage(5694,1) with target type TARGET used on FighterLethal [268497202] by Void [268481234]!
