[WARN ] 2022-01-08 16:09:11 IXmlReader: BuyListData: Folder C:\opt\l2j\server\game\data\buylists\custom doesn't exist!
[WARN ] 2022-01-08 16:09:43 SpawnTable: Data missing in NPC table for ID 1000004!
[WARN ] 2022-01-08 16:09:43 SpawnTable: Data missing in NPC table for ID 10004!
[WARN ] 2022-01-08 16:19:02 TargetType: Outdated Skill Demonic Desire(23322,1) with target type ENEMY used on Beto Risso [268497202] by Void [268481234]!
[WARN ] 2022-01-08 16:19:07 TargetType: Outdated Skill PvP Weapon - Decrease Range(5687,1) with target type ENEMY used on Beto Risso [268497202] by Void [268481234]!
[WARN ] 2022-01-08 16:20:00 TargetType: Outdated Skill Demonic Desire(23322,1) with target type TARGET used on Beto Risso [268497202] by Void [268481234]!
[WARN ] 2022-01-08 16:20:00 TargetType: Outdated Skill Demonic Desire(23322,1) with target type TARGET used on Beto Risso [268497202] by Void [268481234]!
[WARN ] 2022-01-08 16:20:04 TargetType: Outdated Skill Shoulder Charge(494,37) with target type ONE used on Beto Risso [268497202] by Void [268481234]!
[WARN ] 2022-01-08 16:20:04 TargetType: Outdated Skill Demonic Desire(23322,1) with target type TARGET used on Beto Risso [268497202] by Void [268481234]!
[WARN ] 2022-01-08 16:20:10 TargetType: Outdated Skill Crushing Pain(497,16) with target type ONE used on Beto Risso [268497202] by Void [268481234]!
[WARN ] 2022-01-08 16:21:11 TargetType: Outdated Skill Contagion(498,12) with target type ONE used on Beto Risso [268497202] by Void [268481234]!
[WARN ] 2022-01-08 16:32:49 TargetType: Outdated Skill Expose Weak Point(5565,1) with target type ENEMY_ONLY used on Beto Risso [268497202] by Void [268481234]!
[WARN ] 2022-01-08 16:32:51 TargetType: Outdated Skill Expose Weak Point(5565,1) with target type TARGET used on Beto Risso [268497202] by Void [268481234]!
[WARN ] 2022-01-08 16:32:53 TargetType: Outdated Skill Expose Weak Point(5565,1) with target type TARGET used on Beto Risso [268497202] by Void [268481234]!
[WARN ] 2022-01-08 16:32:54 TargetType: Outdated Skill Expose Weak Point(5565,1) with target type TARGET used on Beto Risso [268497202] by Void [268481234]!
[WARN ] 2022-01-08 16:32:55 TargetType: Outdated Skill Expose Weak Point(5565,1) with target type TARGET used on Beto Risso [268497202] by Void [268481234]!
[WARN ] 2022-01-08 16:32:57 TargetType: Outdated Skill Expose Weak Point(5565,1) with target type TARGET used on Beto Risso [268497202] by Void [268481234]!
[WARN ] 2022-01-08 16:32:58 TargetType: Outdated Skill Expose Weak Point(5565,1) with target type TARGET used on Beto Risso [268497202] by Void [268481234]!
[WARN ] 2022-01-08 16:32:58 TargetType: Outdated Skill Expose Weak Point(5565,1) with target type TARGET used on Beto Risso [268497202] by Void [268481234]!
[WARN ] 2022-01-08 16:33:00 TargetType: Outdated Skill Expose Weak Point(5565,1) with target type TARGET used on Beto Risso [268497202] by Void [268481234]!
[WARN ] 2022-01-08 16:33:00 TargetType: Outdated Skill Expose Weak Point(5565,1) with target type TARGET used on Beto Risso [268497202] by Void [268481234]!
[WARN ] 2022-01-08 16:33:00 TargetType: Outdated Skill Expose Weak Point(5565,1) with target type TARGET used on Beto Risso [268497202] by Void [268481234]!
[WARN ] 2022-01-08 16:33:02 TargetType: Outdated Skill Expose Weak Point(5565,1) with target type TARGET used on Beto Risso [268497202] by Void [268481234]!
[WARN ] 2022-01-08 16:33:02 TargetType: Outdated Skill Expose Weak Point(5565,1) with target type TARGET used on Beto Risso [268497202] by Void [268481234]!
[WARN ] 2022-01-08 16:33:02 TargetType: Outdated Skill Expose Weak Point(5565,1) with target type TARGET used on Beto Risso [268497202] by Void [268481234]!
[WARN ] 2022-01-08 16:33:03 TargetType: Outdated Skill Expose Weak Point(5565,1) with target type TARGET used on Beto Risso [268497202] by Void [268481234]!
[WARN ] 2022-01-08 16:33:04 TargetType: Outdated Skill Expose Weak Point(5565,1) with target type TARGET used on Beto Risso [268497202] by Void [268481234]!
[WARN ] 2022-01-08 16:33:05 TargetType: Outdated Skill Expose Weak Point(5565,1) with target type TARGET used on Beto Risso [268497202] by Void [268481234]!
[WARN ] 2022-01-08 16:33:07 TargetType: Outdated Skill Expose Weak Point(5565,1) with target type TARGET used on Beto Risso [268497202] by Void [268481234]!
[WARN ] 2022-01-08 16:33:07 TargetType: Outdated Skill Expose Weak Point(5565,1) with target type TARGET used on Beto Risso [268497202] by Void [268481234]!
[WARN ] 2022-01-08 16:33:11 TargetType: Outdated Skill Expose Weak Point(5565,1) with target type TARGET used on Beto Risso [268497202] by Void [268481234]!
[WARN ] 2022-01-08 16:33:20 TargetType: Outdated Skill Expose Weak Point(5565,1) with target type TARGET used on Beto Risso [268497202] by Void [268481234]!
[WARN ] 2022-01-08 16:33:21 TargetType: Outdated Skill Expose Weak Point(5565,1) with target type TARGET used on Beto Risso [268497202] by Void [268481234]!
[WARN ] 2022-01-08 16:33:21 TargetType: Outdated Skill Expose Weak Point(5565,1) with target type TARGET used on Beto Risso [268497202] by Void [268481234]!
[WARN ] 2022-01-08 16:33:22 TargetType: Outdated Skill Expose Weak Point(5565,1) with target type TARGET used on Beto Risso [268497202] by Void [268481234]!
[WARN ] 2022-01-08 16:33:28 TargetType: Outdated Skill Expose Weak Point(5565,1) with target type TARGET used on Beto Risso [268497202] by Void [268481234]!
[WARN ] 2022-01-08 16:33:30 TargetType: Outdated Skill Expose Weak Point(5565,1) with target type TARGET used on Beto Risso [268497202] by Void [268481234]!
[WARN ] 2022-01-08 16:33:33 TargetType: Outdated Skill Expose Weak Point(5565,1) with target type TARGET used on Beto Risso [268497202] by Void [268481234]!
[WARN ] 2022-01-08 16:33:36 TargetType: Outdated Skill Expose Weak Point(5565,1) with target type TARGET used on Beto Risso [268497202] by Void [268481234]!
[WARN ] 2022-01-08 16:33:39 TargetType: Outdated Skill Expose Weak Point(5565,1) with target type TARGET used on Beto Risso [268497202] by Void [268481234]!
[WARN ] 2022-01-08 16:33:41 TargetType: Outdated Skill Expose Weak Point(5565,1) with target type TARGET used on Beto Risso [268497202] by Void [268481234]!
[WARN ] 2022-01-08 16:33:42 TargetType: Outdated Skill Expose Weak Point(5565,1) with target type TARGET used on Beto Risso [268497202] by Void [268481234]!
[WARN ] 2022-01-08 16:33:44 TargetType: Outdated Skill Expose Weak Point(5565,1) with target type TARGET used on Beto Risso [268497202] by Void [268481234]!
[WARN ] 2022-01-08 16:33:44 TargetType: Outdated Skill Expose Weak Point(5565,1) with target type TARGET used on Beto Risso [268497202] by Void [268481234]!
[WARN ] 2022-01-08 16:33:46 TargetType: Outdated Skill Expose Weak Point(5565,1) with target type TARGET used on Beto Risso [268497202] by Void [268481234]!
[WARN ] 2022-01-08 16:33:48 TargetType: Outdated Skill Expose Weak Point(5565,1) with target type TARGET used on Beto Risso [268497202] by Void [268481234]!
[WARN ] 2022-01-08 16:33:48 TargetType: Outdated Skill Expose Weak Point(5565,1) with target type TARGET used on Beto Risso [268497202] by Void [268481234]!
[WARN ] 2022-01-08 16:33:55 TargetType: Outdated Skill Expose Weak Point(5565,1) with target type TARGET used on Beto Risso [268497202] by Void [268481234]!
[WARN ] 2022-01-08 16:33:56 TargetType: Outdated Skill Expose Weak Point(5565,1) with target type TARGET used on Beto Risso [268497202] by Void [268481234]!
[WARN ] 2022-01-08 16:33:57 TargetType: Outdated Skill Expose Weak Point(5565,1) with target type TARGET used on Beto Risso [268497202] by Void [268481234]!
[WARN ] 2022-01-08 16:34:00 TargetType: Outdated Skill Expose Weak Point(5565,1) with target type TARGET used on Beto Risso [268497202] by Void [268481234]!
[WARN ] 2022-01-08 16:34:01 TargetType: Outdated Skill Expose Weak Point(5565,1) with target type TARGET used on Beto Risso [268497202] by Void [268481234]!
[WARN ] 2022-01-08 16:34:02 TargetType: Outdated Skill Expose Weak Point(5565,1) with target type TARGET used on Beto Risso [268497202] by Void [268481234]!
[WARN ] 2022-01-08 16:34:02 TargetType: Outdated Skill Expose Weak Point(5565,1) with target type TARGET used on Beto Risso [268497202] by Void [268481234]!
[WARN ] 2022-01-08 16:34:03 TargetType: Outdated Skill Expose Weak Point(5565,1) with target type TARGET used on Beto Risso [268497202] by Void [268481234]!
[WARN ] 2022-01-08 16:34:04 TargetType: Outdated Skill Expose Weak Point(5565,1) with target type TARGET used on Beto Risso [268497202] by Void [268481234]!
[WARN ] 2022-01-08 16:34:04 TargetType: Outdated Skill Expose Weak Point(5565,1) with target type TARGET used on Beto Risso [268497202] by Void [268481234]!
[WARN ] 2022-01-08 16:34:05 TargetType: Outdated Skill Expose Weak Point(5565,1) with target type TARGET used on Beto Risso [268497202] by Void [268481234]!
[WARN ] 2022-01-08 16:34:06 TargetType: Outdated Skill Expose Weak Point(5565,1) with target type TARGET used on Beto Risso [268497202] by Void [268481234]!
[WARN ] 2022-01-08 16:34:07 TargetType: Outdated Skill Expose Weak Point(5565,1) with target type TARGET used on Beto Risso [268497202] by Void [268481234]!
[WARN ] 2022-01-08 16:34:10 TargetType: Outdated Skill Expose Weak Point(5565,1) with target type TARGET used on Beto Risso [268497202] by Void [268481234]!
[WARN ] 2022-01-08 16:34:13 TargetType: Outdated Skill Expose Weak Point(5565,1) with target type TARGET used on Beto Risso [268497202] by Void [268481234]!
[WARN ] 2022-01-08 16:34:13 TargetType: Outdated Skill Expose Weak Point(5565,1) with target type TARGET used on Beto Risso [268497202] by Void [268481234]!
[WARN ] 2022-01-08 16:34:15 TargetType: Outdated Skill Expose Weak Point(5565,1) with target type TARGET used on Beto Risso [268497202] by Void [268481234]!
[WARN ] 2022-01-08 16:34:16 TargetType: Outdated Skill Expose Weak Point(5565,1) with target type TARGET used on Beto Risso [268497202] by Void [268481234]!
[WARN ] 2022-01-08 16:34:19 TargetType: Outdated Skill Expose Weak Point(5565,1) with target type TARGET used on Beto Risso [268497202] by Void [268481234]!
[WARN ] 2022-01-08 16:34:20 TargetType: Outdated Skill Expose Weak Point(5565,1) with target type TARGET used on Beto Risso [268497202] by Void [268481234]!
[WARN ] 2022-01-08 16:34:20 TargetType: Outdated Skill Expose Weak Point(5565,1) with target type TARGET used on Beto Risso [268497202] by Void [268481234]!
[WARN ] 2022-01-08 16:34:21 TargetType: Outdated Skill Expose Weak Point(5565,1) with target type TARGET used on Beto Risso [268497202] by Void [268481234]!
[WARN ] 2022-01-08 16:34:22 TargetType: Outdated Skill Expose Weak Point(5565,1) with target type TARGET used on Beto Risso [268497202] by Void [268481234]!
[WARN ] 2022-01-08 16:34:24 TargetType: Outdated Skill Expose Weak Point(5565,1) with target type TARGET used on Beto Risso [268497202] by Void [268481234]!
[WARN ] 2022-01-08 16:34:31 TargetType: Outdated Skill Expose Weak Point(5565,1) with target type TARGET used on Beto Risso [268497202] by Void [268481234]!
[WARN ] 2022-01-08 16:34:36 TargetType: Outdated Skill Expose Weak Point(5565,1) with target type TARGET used on Beto Risso [268497202] by Void [268481234]!
[WARN ] 2022-01-08 16:34:36 TargetType: Outdated Skill Expose Weak Point(5565,1) with target type TARGET used on Beto Risso [268497202] by Void [268481234]!
[WARN ] 2022-01-08 16:34:39 TargetType: Outdated Skill Expose Weak Point(5565,1) with target type TARGET used on Beto Risso [268497202] by Void [268481234]!
[WARN ] 2022-01-08 16:34:41 TargetType: Outdated Skill Expose Weak Point(5565,1) with target type TARGET used on Beto Risso [268497202] by Void [268481234]!
[WARN ] 2022-01-08 16:34:41 TargetType: Outdated Skill Expose Weak Point(5565,1) with target type TARGET used on Beto Risso [268497202] by Void [268481234]!
[WARN ] 2022-01-08 16:34:41 TargetType: Outdated Skill Expose Weak Point(5565,1) with target type TARGET used on Beto Risso [268497202] by Void [268481234]!
[WARN ] 2022-01-08 16:34:47 TargetType: Outdated Skill Expose Weak Point(5565,1) with target type TARGET used on Beto Risso [268497202] by Void [268481234]!
[WARN ] 2022-01-08 16:34:47 TargetType: Outdated Skill Expose Weak Point(5565,1) with target type TARGET used on Beto Risso [268497202] by Void [268481234]!
[WARN ] 2022-01-08 16:34:47 TargetType: Outdated Skill Expose Weak Point(5565,1) with target type TARGET used on Beto Risso [268497202] by Void [268481234]!
[WARN ] 2022-01-08 16:34:47 TargetType: Outdated Skill Expose Weak Point(5565,1) with target type TARGET used on Beto Risso [268497202] by Void [268481234]!
[WARN ] 2022-01-08 16:34:50 TargetType: Outdated Skill Expose Weak Point(5565,1) with target type TARGET used on Beto Risso [268497202] by Void [268481234]!
[WARN ] 2022-01-08 16:34:52 TargetType: Outdated Skill Expose Weak Point(5565,1) with target type TARGET used on Beto Risso [268497202] by Void [268481234]!
[WARN ] 2022-01-08 16:34:58 TargetType: Outdated Skill Expose Weak Point(5565,1) with target type TARGET used on Beto Risso [268497202] by Void [268481234]!
[WARN ] 2022-01-08 16:34:59 TargetType: Outdated Skill Expose Weak Point(5565,1) with target type TARGET used on Beto Risso [268497202] by Void [268481234]!
[WARN ] 2022-01-08 16:35:03 TargetType: Outdated Skill Expose Weak Point(5565,1) with target type TARGET used on Beto Risso [268497202] by Void [268481234]!
[WARN ] 2022-01-08 16:35:05 TargetType: Outdated Skill Expose Weak Point(5565,1) with target type TARGET used on Beto Risso [268497202] by Void [268481234]!
[WARN ] 2022-01-08 16:35:09 TargetType: Outdated Skill Expose Weak Point(5565,1) with target type TARGET used on Beto Risso [268497202] by Void [268481234]!
[WARN ] 2022-01-08 16:35:13 TargetType: Outdated Skill Expose Weak Point(5565,1) with target type TARGET used on Beto Risso [268497202] by Void [268481234]!
[WARN ] 2022-01-08 16:35:14 TargetType: Outdated Skill Expose Weak Point(5565,1) with target type TARGET used on Beto Risso [268497202] by Void [268481234]!
[WARN ] 2022-01-08 16:35:19 TargetType: Outdated Skill Expose Weak Point(5565,1) with target type TARGET used on Beto Risso [268497202] by Void [268481234]!
[WARN ] 2022-01-08 16:35:20 TargetType: Outdated Skill Expose Weak Point(5565,1) with target type TARGET used on Beto Risso [268497202] by Void [268481234]!
[WARN ] 2022-01-08 16:35:23 TargetType: Outdated Skill Expose Weak Point(5565,1) with target type TARGET used on Beto Risso [268497202] by Void [268481234]!
[WARN ] 2022-01-08 16:35:32 TargetType: Outdated Skill Expose Weak Point(5565,1) with target type TARGET used on Beto Risso [268497202] by Void [268481234]!
[WARN ] 2022-01-08 16:35:32 TargetType: Outdated Skill Expose Weak Point(5565,1) with target type TARGET used on Beto Risso [268497202] by Void [268481234]!
[WARN ] 2022-01-08 16:35:36 TargetType: Outdated Skill Expose Weak Point(5565,1) with target type TARGET used on Beto Risso [268497202] by Void [268481234]!
[WARN ] 2022-01-08 16:35:41 TargetType: Outdated Skill Expose Weak Point(5565,1) with target type TARGET used on Beto Risso [268497202] by Void [268481234]!
[WARN ] 2022-01-08 16:35:42 TargetType: Outdated Skill Expose Weak Point(5565,1) with target type TARGET used on Beto Risso [268497202] by Void [268481234]!
[WARN ] 2022-01-08 16:35:50 TargetType: Outdated Skill Expose Weak Point(5565,1) with target type TARGET used on Beto Risso [268497202] by Void [268481234]!
[WARN ] 2022-01-08 16:35:50 TargetType: Outdated Skill Expose Weak Point(5565,1) with target type TARGET used on Beto Risso [268497202] by Void [268481234]!
[WARN ] 2022-01-08 16:35:52 TargetType: Outdated Skill Expose Weak Point(5565,1) with target type TARGET used on Beto Risso [268497202] by Void [268481234]!
[WARN ] 2022-01-08 16:35:55 TargetType: Outdated Skill Expose Weak Point(5565,1) with target type TARGET used on Beto Risso [268497202] by Void [268481234]!
[WARN ] 2022-01-08 16:35:56 TargetType: Outdated Skill Expose Weak Point(5565,1) with target type TARGET used on Beto Risso [268497202] by Void [268481234]!
[WARN ] 2022-01-08 16:35:57 TargetType: Outdated Skill Expose Weak Point(5565,1) with target type TARGET used on Beto Risso [268497202] by Void [268481234]!
[WARN ] 2022-01-08 16:35:58 TargetType: Outdated Skill Expose Weak Point(5565,1) with target type TARGET used on Beto Risso [268497202] by Void [268481234]!
[WARN ] 2022-01-08 16:36:02 TargetType: Outdated Skill Expose Weak Point(5565,1) with target type TARGET used on Beto Risso [268497202] by Void [268481234]!
[WARN ] 2022-01-08 16:36:02 TargetType: Outdated Skill Expose Weak Point(5565,1) with target type TARGET used on Beto Risso [268497202] by Void [268481234]!
[WARN ] 2022-01-08 16:36:03 TargetType: Outdated Skill Expose Weak Point(5565,1) with target type TARGET used on Beto Risso [268497202] by Void [268481234]!
[WARN ] 2022-01-08 16:36:04 TargetType: Outdated Skill Expose Weak Point(5565,1) with target type TARGET used on Beto Risso [268497202] by Void [268481234]!
[WARN ] 2022-01-08 16:36:06 TargetType: Outdated Skill Expose Weak Point(5565,1) with target type TARGET used on Beto Risso [268497202] by Void [268481234]!
[WARN ] 2022-01-08 16:36:07 TargetType: Outdated Skill Expose Weak Point(5565,1) with target type TARGET used on Beto Risso [268497202] by Void [268481234]!
[WARN ] 2022-01-08 16:36:13 TargetType: Outdated Skill Expose Weak Point(5565,1) with target type TARGET used on Beto Risso [268497202] by Void [268481234]!
[WARN ] 2022-01-08 16:36:16 TargetType: Outdated Skill Expose Weak Point(5565,1) with target type TARGET used on Beto Risso [268497202] by Void [268481234]!
[WARN ] 2022-01-08 16:36:18 TargetType: Outdated Skill Expose Weak Point(5565,1) with target type TARGET used on Beto Risso [268497202] by Void [268481234]!
[WARN ] 2022-01-08 16:36:18 TargetType: Outdated Skill Expose Weak Point(5565,1) with target type TARGET used on Beto Risso [268497202] by Void [268481234]!
[WARN ] 2022-01-08 16:36:20 TargetType: Outdated Skill Expose Weak Point(5565,1) with target type TARGET used on Beto Risso [268497202] by Void [268481234]!
[WARN ] 2022-01-08 16:36:22 TargetType: Outdated Skill Expose Weak Point(5565,1) with target type TARGET used on Beto Risso [268497202] by Void [268481234]!
[WARN ] 2022-01-08 16:36:22 TargetType: Outdated Skill Expose Weak Point(5565,1) with target type TARGET used on Beto Risso [268497202] by Void [268481234]!
[WARN ] 2022-01-08 16:36:23 TargetType: Outdated Skill Expose Weak Point(5565,1) with target type TARGET used on Beto Risso [268497202] by Void [268481234]!
[WARN ] 2022-01-08 16:36:27 TargetType: Outdated Skill Expose Weak Point(5565,1) with target type TARGET used on Beto Risso [268497202] by Void [268481234]!
[WARN ] 2022-01-08 16:36:27 TargetType: Outdated Skill Expose Weak Point(5565,1) with target type TARGET used on Beto Risso [268497202] by Void [268481234]!
[WARN ] 2022-01-08 16:36:28 TargetType: Outdated Skill Expose Weak Point(5565,1) with target type TARGET used on Beto Risso [268497202] by Void [268481234]!
[WARN ] 2022-01-08 16:36:28 TargetType: Outdated Skill Expose Weak Point(5565,1) with target type TARGET used on Beto Risso [268497202] by Void [268481234]!
[WARN ] 2022-01-08 16:36:29 TargetType: Outdated Skill Expose Weak Point(5565,1) with target type TARGET used on Beto Risso [268497202] by Void [268481234]!
[WARN ] 2022-01-08 16:36:37 TargetType: Outdated Skill Expose Weak Point(5565,1) with target type TARGET used on Beto Risso [268497202] by Void [268481234]!
[WARN ] 2022-01-08 16:36:38 TargetType: Outdated Skill Expose Weak Point(5565,1) with target type TARGET used on Beto Risso [268497202] by Void [268481234]!
[WARN ] 2022-01-08 16:36:38 TargetType: Outdated Skill Expose Weak Point(5565,1) with target type TARGET used on Beto Risso [268497202] by Void [268481234]!
[WARN ] 2022-01-08 16:36:38 TargetType: Outdated Skill Expose Weak Point(5565,1) with target type TARGET used on Beto Risso [268497202] by Void [268481234]!
[WARN ] 2022-01-08 16:36:39 TargetType: Outdated Skill Expose Weak Point(5565,1) with target type TARGET used on Beto Risso [268497202] by Void [268481234]!
[WARN ] 2022-01-08 16:36:40 TargetType: Outdated Skill Expose Weak Point(5565,1) with target type TARGET used on Beto Risso [268497202] by Void [268481234]!
[WARN ] 2022-01-08 16:36:41 TargetType: Outdated Skill Expose Weak Point(5565,1) with target type TARGET used on Beto Risso [268497202] by Void [268481234]!
[WARN ] 2022-01-08 16:36:42 TargetType: Outdated Skill Expose Weak Point(5565,1) with target type TARGET used on Beto Risso [268497202] by Void [268481234]!
[WARN ] 2022-01-08 16:36:43 TargetType: Outdated Skill Expose Weak Point(5565,1) with target type TARGET used on Beto Risso [268497202] by Void [268481234]!
[WARN ] 2022-01-08 16:36:43 TargetType: Outdated Skill Expose Weak Point(5565,1) with target type TARGET used on Beto Risso [268497202] by Void [268481234]!
[WARN ] 2022-01-08 16:36:44 TargetType: Outdated Skill Expose Weak Point(5565,1) with target type TARGET used on Beto Risso [268497202] by Void [268481234]!
[WARN ] 2022-01-08 16:36:45 TargetType: Outdated Skill Expose Weak Point(5565,1) with target type TARGET used on Beto Risso [268497202] by Void [268481234]!
[WARN ] 2022-01-08 16:36:51 TargetType: Outdated Skill Expose Weak Point(5565,1) with target type TARGET used on Beto Risso [268497202] by Void [268481234]!
[WARN ] 2022-01-08 16:36:55 TargetType: Outdated Skill Expose Weak Point(5565,1) with target type TARGET used on Beto Risso [268497202] by Void [268481234]!
[WARN ] 2022-01-08 16:36:57 TargetType: Outdated Skill Expose Weak Point(5565,1) with target type TARGET used on Beto Risso [268497202] by Void [268481234]!
[WARN ] 2022-01-08 16:36:58 TargetType: Outdated Skill Expose Weak Point(5565,1) with target type TARGET used on Beto Risso [268497202] by Void [268481234]!
[WARN ] 2022-01-08 16:36:58 TargetType: Outdated Skill Expose Weak Point(5565,1) with target type TARGET used on Beto Risso [268497202] by Void [268481234]!
[WARN ] 2022-01-08 16:36:59 TargetType: Outdated Skill Expose Weak Point(5565,1) with target type TARGET used on Beto Risso [268497202] by Void [268481234]!
[WARN ] 2022-01-08 16:37:00 TargetType: Outdated Skill Expose Weak Point(5565,1) with target type TARGET used on Beto Risso [268497202] by Void [268481234]!
[WARN ] 2022-01-08 16:37:06 TargetType: Outdated Skill Expose Weak Point(5565,1) with target type TARGET used on Beto Risso [268497202] by Void [268481234]!
[WARN ] 2022-01-08 16:37:07 TargetType: Outdated Skill Expose Weak Point(5565,1) with target type TARGET used on Beto Risso [268497202] by Void [268481234]!
[WARN ] 2022-01-08 16:37:08 TargetType: Outdated Skill Expose Weak Point(5565,1) with target type TARGET used on Beto Risso [268497202] by Void [268481234]!
[WARN ] 2022-01-08 16:37:14 TargetType: Outdated Skill Expose Weak Point(5565,1) with target type TARGET used on Beto Risso [268497202] by Void [268481234]!
[WARN ] 2022-01-08 16:37:17 TargetType: Outdated Skill Expose Weak Point(5565,1) with target type TARGET used on Beto Risso [268497202] by Void [268481234]!
[WARN ] 2022-01-08 16:37:18 TargetType: Outdated Skill Expose Weak Point(5565,1) with target type TARGET used on Beto Risso [268497202] by Void [268481234]!
[WARN ] 2022-01-08 16:37:23 TargetType: Outdated Skill Expose Weak Point(5565,1) with target type TARGET used on Beto Risso [268497202] by Void [268481234]!
[WARN ] 2022-01-08 16:37:23 TargetType: Outdated Skill Expose Weak Point(5565,1) with target type TARGET used on Beto Risso [268497202] by Void [268481234]!
[WARN ] 2022-01-08 16:37:27 TargetType: Outdated Skill Expose Weak Point(5565,1) with target type TARGET used on Beto Risso [268497202] by Void [268481234]!
[WARN ] 2022-01-08 16:37:31 TargetType: Outdated Skill Expose Weak Point(5565,1) with target type TARGET used on Beto Risso [268497202] by Void [268481234]!
[WARN ] 2022-01-08 16:37:38 TargetType: Outdated Skill Expose Weak Point(5565,1) with target type TARGET used on Beto Risso [268497202] by Void [268481234]!
[WARN ] 2022-01-08 16:37:39 TargetType: Outdated Skill Expose Weak Point(5565,1) with target type TARGET used on Beto Risso [268497202] by Void [268481234]!
[WARN ] 2022-01-08 16:37:39 TargetType: Outdated Skill Expose Weak Point(5565,1) with target type TARGET used on Beto Risso [268497202] by Void [268481234]!
[WARN ] 2022-01-08 16:37:41 TargetType: Outdated Skill Expose Weak Point(5565,1) with target type TARGET used on Beto Risso [268497202] by Void [268481234]!
[WARN ] 2022-01-08 16:37:42 TargetType: Outdated Skill Expose Weak Point(5565,1) with target type TARGET used on Beto Risso [268497202] by Void [268481234]!
[WARN ] 2022-01-08 16:37:46 TargetType: Outdated Skill Expose Weak Point(5565,1) with target type TARGET used on Beto Risso [268497202] by Void [268481234]!
[WARN ] 2022-01-08 16:37:47 TargetType: Outdated Skill Expose Weak Point(5565,1) with target type TARGET used on Beto Risso [268497202] by Void [268481234]!
[WARN ] 2022-01-08 16:37:47 TargetType: Outdated Skill Expose Weak Point(5565,1) with target type TARGET used on Beto Risso [268497202] by Void [268481234]!
[WARN ] 2022-01-08 16:37:48 TargetType: Outdated Skill Expose Weak Point(5565,1) with target type TARGET used on Beto Risso [268497202] by Void [268481234]!
[WARN ] 2022-01-08 16:37:49 TargetType: Outdated Skill Expose Weak Point(5565,1) with target type TARGET used on Beto Risso [268497202] by Void [268481234]!
[WARN ] 2022-01-08 16:37:50 TargetType: Outdated Skill Expose Weak Point(5565,1) with target type TARGET used on Beto Risso [268497202] by Void [268481234]!
[WARN ] 2022-01-08 16:37:50 TargetType: Outdated Skill Expose Weak Point(5565,1) with target type TARGET used on Beto Risso [268497202] by Void [268481234]!
[WARN ] 2022-01-08 16:37:50 TargetType: Outdated Skill Expose Weak Point(5565,1) with target type TARGET used on Beto Risso [268497202] by Void [268481234]!
[WARN ] 2022-01-08 16:37:51 TargetType: Outdated Skill Expose Weak Point(5565,1) with target type TARGET used on Beto Risso [268497202] by Void [268481234]!
[WARN ] 2022-01-08 16:37:52 TargetType: Outdated Skill Expose Weak Point(5565,1) with target type TARGET used on Beto Risso [268497202] by Void [268481234]!
[WARN ] 2022-01-08 16:37:53 TargetType: Outdated Skill Expose Weak Point(5565,1) with target type TARGET used on Beto Risso [268497202] by Void [268481234]!
[WARN ] 2022-01-08 16:37:57 TargetType: Outdated Skill Expose Weak Point(5565,1) with target type TARGET used on Beto Risso [268497202] by Void [268481234]!
[WARN ] 2022-01-08 16:37:57 TargetType: Outdated Skill Expose Weak Point(5565,1) with target type TARGET used on Beto Risso [268497202] by Void [268481234]!
[WARN ] 2022-01-08 16:37:57 TargetType: Outdated Skill Expose Weak Point(5565,1) with target type TARGET used on Beto Risso [268497202] by Void [268481234]!
[WARN ] 2022-01-08 16:37:58 TargetType: Outdated Skill Expose Weak Point(5565,1) with target type TARGET used on Beto Risso [268497202] by Void [268481234]!
[WARN ] 2022-01-08 16:38:01 TargetType: Outdated Skill Expose Weak Point(5565,1) with target type TARGET used on Beto Risso [268497202] by Void [268481234]!
[WARN ] 2022-01-08 16:38:02 TargetType: Outdated Skill Expose Weak Point(5565,1) with target type TARGET used on Beto Risso [268497202] by Void [268481234]!
[WARN ] 2022-01-08 16:38:03 TargetType: Outdated Skill Expose Weak Point(5565,1) with target type TARGET used on Beto Risso [268497202] by Void [268481234]!
[WARN ] 2022-01-08 16:38:05 TargetType: Outdated Skill Expose Weak Point(5565,1) with target type TARGET used on Beto Risso [268497202] by Void [268481234]!
[WARN ] 2022-01-08 16:38:06 TargetType: Outdated Skill Expose Weak Point(5565,1) with target type TARGET used on Beto Risso [268497202] by Void [268481234]!
[WARN ] 2022-01-08 16:38:07 TargetType: Outdated Skill Expose Weak Point(5565,1) with target type TARGET used on Beto Risso [268497202] by Void [268481234]!
[WARN ] 2022-01-08 16:38:09 TargetType: Outdated Skill Expose Weak Point(5565,1) with target type TARGET used on Beto Risso [268497202] by Void [268481234]!
[WARN ] 2022-01-08 16:38:12 TargetType: Outdated Skill Expose Weak Point(5565,1) with target type TARGET used on Beto Risso [268497202] by Void [268481234]!
[WARN ] 2022-01-08 16:38:15 TargetType: Outdated Skill Expose Weak Point(5565,1) with target type TARGET used on Beto Risso [268497202] by Void [268481234]!
[WARN ] 2022-01-08 16:38:19 TargetType: Outdated Skill Expose Weak Point(5565,1) with target type TARGET used on Beto Risso [268497202] by Void [268481234]!
[WARN ] 2022-01-08 16:38:22 TargetType: Outdated Skill Expose Weak Point(5565,1) with target type TARGET used on Beto Risso [268497202] by Void [268481234]!
[WARN ] 2022-01-08 16:38:23 TargetType: Outdated Skill Expose Weak Point(5565,1) with target type TARGET used on Beto Risso [268497202] by Void [268481234]!
[WARN ] 2022-01-08 16:38:24 TargetType: Outdated Skill Expose Weak Point(5565,1) with target type TARGET used on Beto Risso [268497202] by Void [268481234]!
[WARN ] 2022-01-08 16:38:24 TargetType: Outdated Skill Expose Weak Point(5565,1) with target type TARGET used on Beto Risso [268497202] by Void [268481234]!
[WARN ] 2022-01-08 16:38:25 TargetType: Outdated Skill Expose Weak Point(5565,1) with target type TARGET used on Beto Risso [268497202] by Void [268481234]!
[WARN ] 2022-01-08 16:38:27 TargetType: Outdated Skill Expose Weak Point(5565,1) with target type TARGET used on Beto Risso [268497202] by Void [268481234]!
[WARN ] 2022-01-08 16:38:28 TargetType: Outdated Skill Expose Weak Point(5565,1) with target type TARGET used on Beto Risso [268497202] by Void [268481234]!
[WARN ] 2022-01-08 16:38:28 TargetType: Outdated Skill Expose Weak Point(5565,1) with target type TARGET used on Beto Risso [268497202] by Void [268481234]!
[WARN ] 2022-01-08 16:38:32 TargetType: Outdated Skill Expose Weak Point(5565,1) with target type TARGET used on Beto Risso [268497202] by Void [268481234]!
[WARN ] 2022-01-08 16:38:34 TargetType: Outdated Skill Expose Weak Point(5565,1) with target type TARGET used on Beto Risso [268497202] by Void [268481234]!
[WARN ] 2022-01-08 16:38:34 TargetType: Outdated Skill Expose Weak Point(5565,1) with target type TARGET used on Beto Risso [268497202] by Void [268481234]!
[WARN ] 2022-01-08 16:38:35 TargetType: Outdated Skill Expose Weak Point(5565,1) with target type TARGET used on Beto Risso [268497202] by Void [268481234]!
[WARN ] 2022-01-08 16:38:37 TargetType: Outdated Skill Expose Weak Point(5565,1) with target type TARGET used on Beto Risso [268497202] by Void [268481234]!
[WARN ] 2022-01-08 16:38:37 TargetType: Outdated Skill Expose Weak Point(5565,1) with target type TARGET used on Beto Risso [268497202] by Void [268481234]!
[WARN ] 2022-01-08 16:38:38 TargetType: Outdated Skill Expose Weak Point(5565,1) with target type TARGET used on Beto Risso [268497202] by Void [268481234]!
[WARN ] 2022-01-08 16:38:39 TargetType: Outdated Skill Expose Weak Point(5565,1) with target type TARGET used on Beto Risso [268497202] by Void [268481234]!
[WARN ] 2022-01-08 16:38:40 TargetType: Outdated Skill Expose Weak Point(5565,1) with target type TARGET used on Beto Risso [268497202] by Void [268481234]!
[WARN ] 2022-01-08 16:38:42 TargetType: Outdated Skill Expose Weak Point(5565,1) with target type TARGET used on Beto Risso [268497202] by Void [268481234]!
[WARN ] 2022-01-08 16:38:43 TargetType: Outdated Skill Expose Weak Point(5565,1) with target type TARGET used on Beto Risso [268497202] by Void [268481234]!
[WARN ] 2022-01-08 16:38:44 TargetType: Outdated Skill Expose Weak Point(5565,1) with target type TARGET used on Beto Risso [268497202] by Void [268481234]!
[WARN ] 2022-01-08 16:38:45 TargetType: Outdated Skill Expose Weak Point(5565,1) with target type TARGET used on Beto Risso [268497202] by Void [268481234]!
[WARN ] 2022-01-08 16:38:49 TargetType: Outdated Skill Expose Weak Point(5565,1) with target type TARGET used on Beto Risso [268497202] by Void [268481234]!
[WARN ] 2022-01-08 16:38:52 TargetType: Outdated Skill Expose Weak Point(5565,1) with target type TARGET used on Beto Risso [268497202] by Void [268481234]!
[WARN ] 2022-01-08 16:38:53 TargetType: Outdated Skill Expose Weak Point(5565,1) with target type TARGET used on Beto Risso [268497202] by Void [268481234]!
[WARN ] 2022-01-08 16:38:54 TargetType: Outdated Skill Expose Weak Point(5565,1) with target type TARGET used on Beto Risso [268497202] by Void [268481234]!
[WARN ] 2022-01-08 16:38:54 TargetType: Outdated Skill Expose Weak Point(5565,1) with target type TARGET used on Beto Risso [268497202] by Void [268481234]!
[WARN ] 2022-01-08 16:38:55 TargetType: Outdated Skill Expose Weak Point(5565,1) with target type TARGET used on Beto Risso [268497202] by Void [268481234]!
[WARN ] 2022-01-08 16:38:57 TargetType: Outdated Skill Expose Weak Point(5565,1) with target type TARGET used on Beto Risso [268497202] by Void [268481234]!
[WARN ] 2022-01-08 16:39:00 TargetType: Outdated Skill Expose Weak Point(5565,1) with target type TARGET used on Beto Risso [268497202] by Void [268481234]!
[WARN ] 2022-01-08 16:39:02 TargetType: Outdated Skill Expose Weak Point(5565,1) with target type TARGET used on Beto Risso [268497202] by Void [268481234]!
[WARN ] 2022-01-08 16:39:03 TargetType: Outdated Skill Expose Weak Point(5565,1) with target type TARGET used on Beto Risso [268497202] by Void [268481234]!
[WARN ] 2022-01-08 16:39:04 TargetType: Outdated Skill Expose Weak Point(5565,1) with target type TARGET used on Beto Risso [268497202] by Void [268481234]!
[WARN ] 2022-01-08 16:39:06 TargetType: Outdated Skill Expose Weak Point(5565,1) with target type TARGET used on Beto Risso [268497202] by Void [268481234]!
[WARN ] 2022-01-08 16:39:08 TargetType: Outdated Skill Expose Weak Point(5565,1) with target type TARGET used on Beto Risso [268497202] by Void [268481234]!
[WARN ] 2022-01-08 16:39:10 TargetType: Outdated Skill Expose Weak Point(5565,1) with target type TARGET used on Beto Risso [268497202] by Void [268481234]!
[WARN ] 2022-01-08 16:39:14 TargetType: Outdated Skill Expose Weak Point(5565,1) with target type TARGET used on Beto Risso [268497202] by Void [268481234]!
[WARN ] 2022-01-08 16:39:14 TargetType: Outdated Skill Expose Weak Point(5565,1) with target type TARGET used on Beto Risso [268497202] by Void [268481234]!
[WARN ] 2022-01-08 16:39:15 TargetType: Outdated Skill Expose Weak Point(5565,1) with target type TARGET used on Beto Risso [268497202] by Void [268481234]!
[WARN ] 2022-01-08 16:39:18 TargetType: Outdated Skill Expose Weak Point(5565,1) with target type TARGET used on Beto Risso [268497202] by Void [268481234]!
[WARN ] 2022-01-08 16:39:21 TargetType: Outdated Skill Expose Weak Point(5565,1) with target type TARGET used on Beto Risso [268497202] by Void [268481234]!
[WARN ] 2022-01-08 16:39:22 TargetType: Outdated Skill Expose Weak Point(5565,1) with target type TARGET used on Beto Risso [268497202] by Void [268481234]!
[WARN ] 2022-01-08 16:39:25 TargetType: Outdated Skill Expose Weak Point(5565,1) with target type TARGET used on Beto Risso [268497202] by Void [268481234]!
[WARN ] 2022-01-08 16:47:39 L2GameClientPacket: No handler registered for admin command 'admin_SPAWN'
[WARN ] 2022-01-08 16:50:24 L2GameClientPacket: No handler registered for admin command 'admin_SPAWN'
[WARN ] 2022-01-08 16:50:29 L2GameClientPacket: No handler registered for admin command 'admin_SPAWN'
[WARN ] 2022-01-08 17:07:55 TargetType: Outdated Skill Expose Weak Point(5565,1) with target type TARGET used on Beto Risso [268497202] by Void [268481234]!
[WARN ] 2022-01-08 17:08:18 TargetType: Outdated Skill Expose Weak Point(5565,1) with target type TARGET used on Beto Risso [268497202] by Void [268481234]!
[WARN ] 2022-01-08 17:08:18 TargetType: Outdated Skill Expose Weak Point(5565,1) with target type TARGET used on Beto Risso [268497202] by Void [268481234]!
[WARN ] 2022-01-08 17:08:26 TargetType: Outdated Skill Expose Weak Point(5565,1) with target type TARGET used on Beto Risso [268497202] by Void [268481234]!
[WARN ] 2022-01-08 17:08:27 TargetType: Outdated Skill Expose Weak Point(5565,1) with target type TARGET used on Beto Risso [268497202] by Void [268481234]!
[WARN ] 2022-01-08 17:08:28 TargetType: Outdated Skill Expose Weak Point(5565,1) with target type TARGET used on Beto Risso [268497202] by Void [268481234]!
[WARN ] 2022-01-08 17:08:28 TargetType: Outdated Skill Expose Weak Point(5565,1) with target type TARGET used on Beto Risso [268497202] by Void [268481234]!
[WARN ] 2022-01-08 17:08:29 TargetType: Outdated Skill Expose Weak Point(5565,1) with target type TARGET used on Beto Risso [268497202] by Void [268481234]!
[WARN ] 2022-01-08 17:08:31 TargetType: Outdated Skill Expose Weak Point(5565,1) with target type TARGET used on Beto Risso [268497202] by Void [268481234]!
[WARN ] 2022-01-08 17:13:03 TargetType: Outdated Skill Demonic Desire(23322,1) with target type TARGET used on L2MonsterInstance:Varka Silenos Recruit(21350)[268466601] by Void [268481234]!
[WARN ] 2022-01-08 17:13:10 TargetType: Outdated Skill PvP Weapon - Decrease Range(5687,1) with target type TARGET used on L2MonsterInstance:Varka Silenos Footman(21351)[268466635] by Void [268481234]!
[WARN ] 2022-01-08 17:14:03 TargetType: Outdated Skill Demonic Desire(23322,1) with target type TARGET used on L2MonsterInstance:Grazing Antelope(21352)[268466681] by Void [268481234]!
[WARN ] 2022-01-08 17:14:43 TargetType: Outdated Skill Demonic Desire(23322,1) with target type TARGET used on L2MonsterInstance:Varka Silenos Hunter(21354)[268466738] by Void [268481234]!
[WARN ] 2022-01-08 17:16:40 Shutdown: GM: Void(268481234) issued shutdown command. restarting in 0 seconds!
[WARN ] 2022-01-08 17:16:40 Shutdown: GM shutdown countdown is over. restarting NOW!
