[WARN ] 2022-01-06 18:38:59 IXmlReader: BuyListData: Folder C:\opt\l2j\server\game\data\buylists\custom doesn't exist!
[WARN ] 2022-01-06 18:39:38 SpawnTable: Data missing in NPC table for ID 1000004!
[WARN ] 2022-01-06 18:39:38 SpawnTable: Data missing in NPC table for ID 10004!
[WARN ] 2022-01-06 18:41:22 TargetType: Outdated Skill PvP Weapon - Cancel(5682,1) with target type ENEMY used on L2MerchantInstance:Hernan(10002)[268479258] by FighterLethal [268497202]!
[WARN ] 2022-01-06 18:41:22 TargetType: Outdated Skill PvP Weapon - Ignore Shield Defense(5683,1) with target type ENEMY used on L2MerchantInstance:Hernan(10002)[268479258] by FighterLethal [268497202]!
[WARN ] 2022-01-06 18:41:22 TargetType: Outdated Skill PvP Weapon - Ignore Shield Defense(5683,1) with target type TARGET used on L2MerchantInstance:Hernan(10002)[268479258] by FighterLethal [268497202]!
[WARN ] 2022-01-06 18:41:22 TargetType: Outdated Skill PvP Weapon - Ignore Shield Defense(5683,1) with target type TARGET used on L2MerchantInstance:Hernan(10002)[268479258] by FighterLethal [268497202]!
[WARN ] 2022-01-06 18:41:23 TargetType: Outdated Skill Greedy Throat(23320,1) with target type ENEMY used on L2MerchantInstance:Hernan(10002)[268479258] by FighterLethal [268497202]!
[WARN ] 2022-01-06 18:41:23 TargetType: Outdated Skill PvP Weapon - Cancel(5682,1) with target type TARGET used on L2MerchantInstance:Hernan(10002)[268479258] by FighterLethal [268497202]!
[WARN ] 2022-01-06 18:41:32 TargetType: Outdated Skill PvP Weapon - Ignore Shield Defense(5683,1) with target type TARGET used on L2MerchantInstance:Hernan(10002)[268479258] by FighterLethal [268497202]!
[WARN ] 2022-01-06 18:41:32 TargetType: Outdated Skill PvP Weapon - Ignore Shield Defense(5683,1) with target type TARGET used on L2MerchantInstance:Hernan(10002)[268479258] by FighterLethal [268497202]!
[WARN ] 2022-01-06 18:41:33 TargetType: Outdated Skill PvP Weapon - Ignore Shield Defense(5683,1) with target type TARGET used on L2MerchantInstance:Hernan(10002)[268479258] by FighterLethal [268497202]!
[WARN ] 2022-01-06 18:41:37 TargetType: Outdated Skill PvP Weapon - Ignore Shield Defense(5683,1) with target type TARGET used on L2MerchantInstance:Hernan(10002)[268479258] by FighterLethal [268497202]!
[WARN ] 2022-01-06 18:41:37 TargetType: Outdated Skill Greedy Throat(23320,1) with target type TARGET used on L2MerchantInstance:Hernan(10002)[268479258] by FighterLethal [268497202]!
[WARN ] 2022-01-06 18:41:37 TargetType: Outdated Skill PvP Weapon - Cancel(5682,1) with target type TARGET used on L2MerchantInstance:Hernan(10002)[268479258] by FighterLethal [268497202]!
[WARN ] 2022-01-06 18:41:37 TargetType: Outdated Skill PvP Weapon - Ignore Shield Defense(5683,1) with target type TARGET used on L2MerchantInstance:Hernan(10002)[268479258] by FighterLethal [268497202]!
[WARN ] 2022-01-06 18:41:51 TargetType: Outdated Skill Greedy Throat(23320,1) with target type TARGET used on L2MerchantInstance:Hernan(10002)[268479258] by FighterLethal [268497202]!
[WARN ] 2022-01-06 18:41:51 TargetType: Outdated Skill PvP Weapon - Ignore Shield Defense(5683,1) with target type TARGET used on L2MerchantInstance:Hernan(10002)[268479258] by FighterLethal [268497202]!
[WARN ] 2022-01-06 18:41:51 TargetType: Outdated Skill Greedy Throat(23320,1) with target type TARGET used on L2MerchantInstance:Hernan(10002)[268479258] by FighterLethal [268497202]!
[WARN ] 2022-01-06 18:41:52 TargetType: Outdated Skill PvP Weapon - Ignore Shield Defense(5683,1) with target type TARGET used on L2MerchantInstance:Hernan(10002)[268479258] by FighterLethal [268497202]!
[WARN ] 2022-01-06 18:41:52 TargetType: Outdated Skill Greedy Throat(23320,1) with target type TARGET used on L2MerchantInstance:Hernan(10002)[268479258] by FighterLethal [268497202]!
[WARN ] 2022-01-06 18:41:52 TargetType: Outdated Skill PvP Weapon - Ignore Shield Defense(5683,1) with target type TARGET used on L2MerchantInstance:Hernan(10002)[268479258] by FighterLethal [268497202]!
[WARN ] 2022-01-06 18:41:53 TargetType: Outdated Skill Greedy Throat(23320,1) with target type TARGET used on L2MerchantInstance:Hernan(10002)[268479258] by FighterLethal [268497202]!
[WARN ] 2022-01-06 18:41:53 TargetType: Outdated Skill PvP Weapon - Ignore Shield Defense(5683,1) with target type TARGET used on L2MerchantInstance:Hernan(10002)[268479258] by FighterLethal [268497202]!
[WARN ] 2022-01-06 18:41:55 TargetType: Outdated Skill PvP Weapon - Ignore Shield Defense(5683,1) with target type TARGET used on L2MerchantInstance:Hernan(10002)[268479258] by FighterLethal [268497202]!
[WARN ] 2022-01-06 18:41:55 TargetType: Outdated Skill PvP Weapon - Ignore Shield Defense(5683,1) with target type TARGET used on L2MerchantInstance:Hernan(10002)[268479258] by FighterLethal [268497202]!
[WARN ] 2022-01-06 18:41:55 TargetType: Outdated Skill PvP Weapon - Ignore Shield Defense(5683,1) with target type TARGET used on L2MerchantInstance:Hernan(10002)[268479258] by FighterLethal [268497202]!
[WARN ] 2022-01-06 18:41:56 TargetType: Outdated Skill Greedy Throat(23320,1) with target type TARGET used on L2MerchantInstance:Hernan(10002)[268479258] by FighterLethal [268497202]!
[WARN ] 2022-01-06 18:41:56 TargetType: Outdated Skill PvP Weapon - Ignore Shield Defense(5683,1) with target type TARGET used on L2MerchantInstance:Hernan(10002)[268479258] by FighterLethal [268497202]!
[WARN ] 2022-01-06 18:55:06 Shutdown: GM: FighterLethal(268497202) issued shutdown command. restarting in 1 seconds!
[WARN ] 2022-01-06 18:55:07 Shutdown: GM shutdown countdown is over. restarting NOW!
