[WARN ] 2022-01-09 21:41:31 EnchantItemData: Wrong enchant scroll item type: 731 defined in enchant data!
[WARN ] 2022-01-09 21:41:31 EnchantItemData: Wrong enchant scroll item type: 949 defined in enchant data!
[WARN ] 2022-01-09 21:41:31 EnchantItemData: Wrong enchant scroll item type: 953 defined in enchant data!
[WARN ] 2022-01-09 21:41:31 EnchantItemData: Wrong enchant scroll item type: 957 defined in enchant data!
[WARN ] 2022-01-09 21:41:31 EnchantItemData: Wrong enchant scroll item type: 961 defined in enchant data!
[WARN ] 2022-01-09 21:41:31 EnchantItemData: Wrong enchant scroll item type: 732 defined in enchant data!
[WARN ] 2022-01-09 21:41:31 EnchantItemData: Wrong enchant scroll item type: 950 defined in enchant data!
[WARN ] 2022-01-09 21:41:31 EnchantItemData: Wrong enchant scroll item type: 954 defined in enchant data!
[WARN ] 2022-01-09 21:41:31 EnchantItemData: Wrong enchant scroll item type: 958 defined in enchant data!
[WARN ] 2022-01-09 21:41:31 EnchantItemData: Wrong enchant scroll item type: 962 defined in enchant data!
[WARN ] 2022-01-09 21:41:32 IXmlReader: BuyListData: Folder C:\opt\l2j\server\game\data\buylists\custom doesn't exist!
[WARN ] 2022-01-09 21:42:04 SpawnTable: Data missing in NPC table for ID 1000004!
[WARN ] 2022-01-09 21:42:04 SpawnTable: Data missing in NPC table for ID 10004!
[WARN ] 2022-01-09 21:42:23 L2GameClientPacket: RequestExTryToPutEnchantTargetItem: Undefined scroll have been used id: 961
[WARN ] 2022-01-09 21:42:39 L2GameClientPacket: RequestExTryToPutEnchantTargetItem: Undefined scroll have been used id: 961
[WARN ] 2022-01-09 21:42:50 L2GameClientPacket: RequestExTryToPutEnchantTargetItem: Undefined scroll have been used id: 961
[WARN ] 2022-01-09 21:43:33 L2GameClientPacket: RequestExTryToPutEnchantTargetItem: Undefined scroll have been used id: 961
[WARN ] 2022-01-09 21:43:48 L2GameClientPacket: RequestExTryToPutEnchantTargetItem: Undefined scroll have been used id: 961
[WARN ] 2022-01-09 21:44:39 L2GameClientPacket: RequestExTryToPutEnchantTargetItem: Undefined scroll have been used id: 961
[WARN ] 2022-01-10 18:47:32 TargetType: Outdated Skill Steal Essence(1245,14) with target type ONE used on null by G-Cerati [268504606]!
[WARN ] 2022-01-10 19:58:52 TargetType: Outdated Skill Judgment(401,10) with target type ONE used on L2MonsterInstance:Parasitic Leech(22828)[268468859] by Beto Risso [268497202]!
