[WARN ] 2022-01-07 00:37:53 IXmlReader: BuyListData: Folder C:\opt\l2j\server\game\data\buylists\custom doesn't exist!
[WARN ] 2022-01-07 00:38:27 SpawnTable: Data missing in NPC table for ID 1000004!
[WARN ] 2022-01-07 00:38:27 SpawnTable: Data missing in NPC table for ID 10004!
[WARN ] 2022-01-07 07:35:07 AbstractScript: TullyWorkshop
java.lang.NullPointerException: Cannot invoke "com.l2jserver.gameserver.model.actor.L2Npc.setIsInvul(boolean)" because the return value of "com.l2jserver.gameserver.model.L2Spawn.getLastSpawn()" is null
	at com.l2jserver.datapack.hellbound.ai.zones.TullyWorkshop.TullyWorkshop.onKill(TullyWorkshop.java:1141) ~[?:?]
	at com.l2jserver.gameserver.model.quest.Quest.notifyKill(Quest.java:522) ~[l2jserver.jar:?]
	at com.l2jserver.gameserver.model.quest.Quest.lambda$addKillId$11(Quest.java:1588) ~[l2jserver.jar:?]
	at com.l2jserver.gameserver.model.events.listeners.ConsumerEventListener.executeEvent(ConsumerEventListener.java:43) ~[l2jserver.jar:?]
	at com.l2jserver.gameserver.model.events.EventDispatcher.notifyToListeners(EventDispatcher.java:183) ~[l2jserver.jar:?]
	at com.l2jserver.gameserver.model.events.EventDispatcher.notifyEventImpl(EventDispatcher.java:161) ~[l2jserver.jar:?]
	at com.l2jserver.gameserver.model.events.EventDispatcher.notifyEvent(EventDispatcher.java:54) ~[l2jserver.jar:?]
	at com.l2jserver.gameserver.model.events.EventDispatcher.lambda$notifyEventAsyncDelayed$1(EventDispatcher.java:94) ~[l2jserver.jar:?]
	at com.l2jserver.gameserver.ThreadPoolManager$RunnableWrapper.run(ThreadPoolManager.java:86) [l2jserver.jar:?]
	at java.util.concurrent.Executors$RunnableAdapter.call(Executors.java:539) [?:?]
	at java.util.concurrent.FutureTask.run(FutureTask.java:264) [?:?]
	at java.util.concurrent.ScheduledThreadPoolExecutor$ScheduledFutureTask.run(ScheduledThreadPoolExecutor.java:304) [?:?]
	at java.util.concurrent.ThreadPoolExecutor.runWorker(ThreadPoolExecutor.java:1136) [?:?]
	at java.util.concurrent.ThreadPoolExecutor$Worker.run(ThreadPoolExecutor.java:635) [?:?]
	at java.lang.Thread.run(Thread.java:833) [?:?]
[WARN ] 2022-01-07 07:43:31 L2GameClientPacket: No handler registered for admin command 'admin_spae'
[WARN ] 2022-01-07 21:31:18 Shutdown: GM: Beto Risso(268497202) issued shutdown command. restarting in 1 seconds!
[WARN ] 2022-01-07 21:31:19 Shutdown: GM shutdown countdown is over. restarting NOW!
